#
# There is insufficient memory for the Java Runtime Environment to continue.
# Native memory allocation (malloc) failed to allocate 1024816 bytes for Chunk::new
# Possible reasons:
#   The system is out of physical RAM or swap space
#   The process is running with CompressedOops enabled, and the Java Heap may be blocking the growth of the native heap
# Possible solutions:
#   Reduce memory load on the system
#   Increase physical memory or swap space
#   Check if swap backing store is full
#   Decrease Java heap size (-Xmx/-Xms)
#   Decrease number of Java threads
#   Decrease Java thread stack sizes (-Xss)
#   Set larger code cache with -XX:ReservedCodeCacheSize=
#   JVM is running with Zero Based Compressed Oops mode in which the Java heap is
#     placed in the first 32GB address space. The Java Heap base address is the
#     maximum limit for the native heap growth. Please use -XX:HeapBaseMinAddress
#     to set the Java Heap base and to place the Java Heap above 32GB virtual address.
# This output file may be truncated or incomplete.
#
#  Out of Memory Error (arena.cpp:189), pid=15668, tid=2180
#
# JRE version: OpenJDK Runtime Environment (17.0.6) (build 17.0.6+0-b2043.56-10027231)
# Java VM: OpenJDK 64-Bit Server VM (17.0.6+0-b2043.56-10027231, mixed mode, tiered, compressed oops, compressed class ptrs, g1 gc, windows-amd64)
# No core dump will be written. Minidumps are not enabled by default on client versions of Windows
#

---------------  S U M M A R Y ------------

Command Line: --add-opens=java.base/java.util=ALL-UNNAMED --add-opens=java.base/java.lang=ALL-UNNAMED --add-opens=java.base/java.lang.invoke=ALL-UNNAMED --add-opens=java.base/java.util=ALL-UNNAMED --add-opens=java.prefs/java.util.prefs=ALL-UNNAMED --add-opens=java.prefs/java.util.prefs=ALL-UNNAMED --add-opens=java.base/java.nio.charset=ALL-UNNAMED --add-opens=java.base/java.net=ALL-UNNAMED --add-opens=java.base/java.util.concurrent.atomic=ALL-UNNAMED -Xmx4608m -Dfile.encoding=UTF-8 -Duser.country=TR -Duser.language=tr -Duser.variant org.gradle.launcher.daemon.bootstrap.GradleDaemon 7.3.3

Host: Intel(R) Core(TM) i5-9300H CPU @ 2.40GHz, 8 cores, 7G,  Windows 11 , 64 bit Build 22621 (10.0.22621.1928)
Time: Thu Jul 27 13:50:22 2023 Türkiye Standart Saati elapsed time: 3.164312 seconds (0d 0h 0m 3s)

---------------  T H R E A D  ---------------

Current thread (0x000001b956426350):  JavaThread "C2 CompilerThread0" daemon [_thread_in_native, id=2180, stack(0x0000003de8000000,0x0000003de8100000)]


Current CompileTask:
C2:   3164 2729       4       jdk.internal.loader.URLClassPath::getResource (74 bytes)

Stack: [0x0000003de8000000,0x0000003de8100000]
Native frames: (J=compiled Java code, j=interpreted, Vv=VM code, C=native code)
V  [jvm.dll+0x683c9a]
V  [jvm.dll+0x8427a4]
V  [jvm.dll+0x843f9e]
V  [jvm.dll+0x844603]
V  [jvm.dll+0x249b75]
V  [jvm.dll+0xabcac]
V  [jvm.dll+0xac27c]
V  [jvm.dll+0x2b0eef]
V  [jvm.dll+0x58a267]
V  [jvm.dll+0x2243b2]
V  [jvm.dll+0x22478f]
V  [jvm.dll+0x21e055]
V  [jvm.dll+0x21b51b]
V  [jvm.dll+0x1a4fdd]
V  [jvm.dll+0x22b098]
V  [jvm.dll+0x229159]
V  [jvm.dll+0x7f81ec]
V  [jvm.dll+0x7f274a]
V  [jvm.dll+0x682ad5]
C  [ucrtbase.dll+0x29363]
C  [KERNEL32.DLL+0x126ad]
C  [ntdll.dll+0x5aa68]


---------------  P R O C E S S  ---------------

Threads class SMR info:
_java_thread_list=0x000001b959da0e20, length=35, elements={
0x000001b933dac5f0, 0x000001b955a4b300, 0x000001b955a4beb0, 0x000001b95642ca10,
0x000001b95642d3d0, 0x000001b956421460, 0x000001b956422540, 0x000001b956426350,
0x000001b956427860, 0x000001b95643e0e0, 0x000001b9565a8ce0, 0x000001b9565c2c80,
0x000001b956656c30, 0x000001b957fcea20, 0x000001b9572f0220, 0x000001b957d81c40,
0x000001b958d09a30, 0x000001b95959bc50, 0x000001b9576fc900, 0x000001b957ad68d0,
0x000001b9592b9520, 0x000001b9592bad30, 0x000001b9592bc070, 0x000001b9592bb200,
0x000001b9592bb6d0, 0x000001b9592b99f0, 0x000001b9592bbba0, 0x000001b9592bc540,
0x000001b9592bca10, 0x000001b9592b9050, 0x000001b9592b9ec0, 0x000001b9592ba860,
0x000001b959e91950, 0x000001b959e93160, 0x000001b959e91e20
}

Java Threads: ( => current thread )
  0x000001b933dac5f0 JavaThread "main" [_thread_blocked, id=6636, stack(0x0000003de7300000,0x0000003de7400000)]
  0x000001b955a4b300 JavaThread "Reference Handler" daemon [_thread_blocked, id=9656, stack(0x0000003de7a00000,0x0000003de7b00000)]
  0x000001b955a4beb0 JavaThread "Finalizer" daemon [_thread_blocked, id=7392, stack(0x0000003de7b00000,0x0000003de7c00000)]
  0x000001b95642ca10 JavaThread "Signal Dispatcher" daemon [_thread_blocked, id=15772, stack(0x0000003de7c00000,0x0000003de7d00000)]
  0x000001b95642d3d0 JavaThread "Attach Listener" daemon [_thread_blocked, id=4320, stack(0x0000003de7d00000,0x0000003de7e00000)]
  0x000001b956421460 JavaThread "Service Thread" daemon [_thread_blocked, id=9440, stack(0x0000003de7e00000,0x0000003de7f00000)]
  0x000001b956422540 JavaThread "Monitor Deflation Thread" daemon [_thread_blocked, id=10124, stack(0x0000003de7f00000,0x0000003de8000000)]
=>0x000001b956426350 JavaThread "C2 CompilerThread0" daemon [_thread_in_native, id=2180, stack(0x0000003de8000000,0x0000003de8100000)]
  0x000001b956427860 JavaThread "C1 CompilerThread0" daemon [_thread_blocked, id=14640, stack(0x0000003de8100000,0x0000003de8200000)]
  0x000001b95643e0e0 JavaThread "Sweeper thread" daemon [_thread_blocked, id=5760, stack(0x0000003de8200000,0x0000003de8300000)]
  0x000001b9565a8ce0 JavaThread "Common-Cleaner" daemon [_thread_blocked, id=14584, stack(0x0000003de8300000,0x0000003de8400000)]
  0x000001b9565c2c80 JavaThread "Notification Thread" daemon [_thread_blocked, id=4092, stack(0x0000003de8400000,0x0000003de8500000)]
  0x000001b956656c30 JavaThread "C2 CompilerThread1" daemon [_thread_in_native, id=6768, stack(0x0000003de8600000,0x0000003de8700000)]
  0x000001b957fcea20 JavaThread "Daemon health stats" [_thread_blocked, id=15392, stack(0x0000003de8b00000,0x0000003de8c00000)]
  0x000001b9572f0220 JavaThread "Incoming local TCP Connector on port 57736" [_thread_in_native, id=17156, stack(0x0000003de8c00000,0x0000003de8d00000)]
  0x000001b957d81c40 JavaThread "Daemon periodic checks" [_thread_blocked, id=7824, stack(0x0000003de8d00000,0x0000003de8e00000)]
  0x000001b958d09a30 JavaThread "Daemon" [_thread_blocked, id=4724, stack(0x0000003de8e00000,0x0000003de8f00000)]
  0x000001b95959bc50 JavaThread "Handler for socket connection from /127.0.0.1:57736 to /127.0.0.1:57737" [_thread_in_native, id=12220, stack(0x0000003de8f00000,0x0000003de9000000)]
  0x000001b9576fc900 JavaThread "Cancel handler" [_thread_blocked, id=12208, stack(0x0000003de9000000,0x0000003de9100000)]
  0x000001b957ad68d0 JavaThread "Daemon worker" [_thread_in_Java, id=11120, stack(0x0000003de9100000,0x0000003de9200000)]
  0x000001b9592b9520 JavaThread "Asynchronous log dispatcher for DefaultDaemonConnection: socket connection from /127.0.0.1:57736 to /127.0.0.1:57737" [_thread_blocked, id=14072, stack(0x0000003de9200000,0x0000003de9300000)]
  0x000001b9592bad30 JavaThread "Stdin handler" [_thread_blocked, id=17072, stack(0x0000003de9300000,0x0000003de9400000)]
  0x000001b9592bc070 JavaThread "Daemon client event forwarder" [_thread_blocked, id=11848, stack(0x0000003de9400000,0x0000003de9500000)]
  0x000001b9592bb200 JavaThread "Cache worker for journal cache (C:\Users\Mehmet emin\.gradle\caches\journal-1)" [_thread_blocked, id=12432, stack(0x0000003de9800000,0x0000003de9900000)]
  0x000001b9592bb6d0 JavaThread "File lock request listener" [_thread_in_native, id=4552, stack(0x0000003de9900000,0x0000003de9a00000)]
  0x000001b9592b99f0 JavaThread "Cache worker for file hash cache (C:\Users\Mehmet emin\.gradle\caches\7.3.3\fileHashes)" [_thread_blocked, id=13080, stack(0x0000003de9b00000,0x0000003de9c00000)]
  0x000001b9592bbba0 JavaThread "Cache worker for file hash cache (C:\Users\Mehmet emin\StudioProjects\UrunTakipOtomasyonQR\.gradle\7.3.3\fileHashes)" [_thread_blocked, id=16548, stack(0x0000003de9c00000,0x0000003de9d00000)]
  0x000001b9592bc540 JavaThread "File watcher server" daemon [_thread_in_native, id=13636, stack(0x0000003de9d00000,0x0000003de9e00000)]
  0x000001b9592bca10 JavaThread "File watcher consumer" daemon [_thread_blocked, id=3060, stack(0x0000003de9e00000,0x0000003de9f00000)]
  0x000001b9592b9050 JavaThread "Cache worker for checksums cache (C:\Users\Mehmet emin\StudioProjects\UrunTakipOtomasyonQR\.gradle\7.3.3\checksums)" [_thread_blocked, id=11196, stack(0x0000003de9f00000,0x0000003dea000000)]
  0x000001b9592b9ec0 JavaThread "Cache worker for cache directory md-supplier (C:\Users\Mehmet emin\.gradle\caches\7.3.3\md-supplier)" [_thread_blocked, id=16136, stack(0x0000003dea000000,0x0000003dea100000)]
  0x000001b9592ba860 JavaThread "Cache worker for cache directory md-rule (C:\Users\Mehmet emin\.gradle\caches\7.3.3\md-rule)" [_thread_blocked, id=11748, stack(0x0000003dea100000,0x0000003dea200000)]
  0x000001b959e91950 JavaThread "Cache worker for execution history cache (C:\Users\Mehmet emin\.gradle\caches\7.3.3\executionHistory)" [_thread_blocked, id=17360, stack(0x0000003dea200000,0x0000003dea300000)]
  0x000001b959e93160 JavaThread "jar transforms" [_thread_blocked, id=13408, stack(0x0000003dea300000,0x0000003dea400000)]
  0x000001b959e91e20 JavaThread "jar transforms Thread 2" [_thread_blocked, id=644, stack(0x0000003dea400000,0x0000003dea500000)]

Other Threads:
  0x000001b955a477d0 VMThread "VM Thread" [stack: 0x0000003de7900000,0x0000003de7a00000] [id=2748]
  0x000001b933e4b950 WatcherThread [stack: 0x0000003de8500000,0x0000003de8600000] [id=4044]
  0x000001b933e1cb50 GCTaskThread "GC Thread#0" [stack: 0x0000003de7400000,0x0000003de7500000] [id=6932]
  0x000001b956ff7d00 GCTaskThread "GC Thread#1" [stack: 0x0000003de8700000,0x0000003de8800000] [id=2056]
  0x000001b95732f4f0 GCTaskThread "GC Thread#2" [stack: 0x0000003de8800000,0x0000003de8900000] [id=6584]
  0x000001b956ff7620 GCTaskThread "GC Thread#3" [stack: 0x0000003de8900000,0x0000003de8a00000] [id=13808]
  0x000001b956ff78d0 GCTaskThread "GC Thread#4" [stack: 0x0000003de8a00000,0x0000003de8b00000] [id=1332]
  0x000001b957252070 GCTaskThread "GC Thread#5" [stack: 0x0000003de9500000,0x0000003de9600000] [id=5632]
  0x000001b9592bf030 GCTaskThread "GC Thread#6" [stack: 0x0000003de9600000,0x0000003de9700000] [id=5684]
  0x000001b9592bf2e0 GCTaskThread "GC Thread#7" [stack: 0x0000003de9700000,0x0000003de9800000] [id=9324]
  0x000001b933e26930 ConcurrentGCThread "G1 Main Marker" [stack: 0x0000003de7500000,0x0000003de7600000] [id=9744]
  0x000001b933e27980 ConcurrentGCThread "G1 Conc#0" [stack: 0x0000003de7600000,0x0000003de7700000] [id=8172]
  0x000001b958885580 ConcurrentGCThread "G1 Conc#1" [stack: 0x0000003de9a00000,0x0000003de9b00000] [id=12148]
  0x000001b933e64c00 ConcurrentGCThread "G1 Refine#0" [stack: 0x0000003de7700000,0x0000003de7800000] [id=5424]
  0x000001b933e654c0 ConcurrentGCThread "G1 Service" [stack: 0x0000003de7800000,0x0000003de7900000] [id=12860]

Threads with active compile tasks:
C2 CompilerThread0     3183 2729       4       jdk.internal.loader.URLClassPath::getResource (74 bytes)
C2 CompilerThread1     3183 2727  s!   4       jdk.internal.loader.URLClassPath::getLoader (194 bytes)

VM state: not at safepoint (normal execution)

VM Mutex/Monitor currently owned by a thread: None

Heap address: 0x00000006e0000000, size: 4608 MB, Compressed Oops mode: Zero based, Oop shift amount: 3

CDS archive(s) not mapped
Compressed class space mapped at: 0x0000000800000000-0x0000000840000000, reserved size: 1073741824
Narrow klass base: 0x0000000800000000, Narrow klass shift: 0, Narrow klass range: 0x40000000

GC Precious Log:
 CPUs: 8 total, 8 available
 Memory: 7992M
 Large Page Support: Disabled
 NUMA Support: Disabled
 Compressed Oops: Enabled (Zero based)
 Heap Region Size: 4M
 Heap Min Capacity: 8M
 Heap Initial Capacity: 128M
 Heap Max Capacity: 4608M
 Pre-touch: Disabled
 Parallel Workers: 8
 Concurrent Workers: 2
 Concurrent Refinement Workers: 8
 Periodic GC: Disabled

Heap:
 garbage-first heap   total 98304K, used 41985K [0x00000006e0000000, 0x0000000800000000)
  region size 4096K, 7 young (28672K), 1 survivors (4096K)
 Metaspace       used 34936K, committed 35264K, reserved 1081344K
  class space    used 4737K, committed 4864K, reserved 1048576K

Heap Regions: E=young(eden), S=young(survivor), O=old, HS=humongous(starts), HC=humongous(continues), CS=collection set, F=free, OA=open archive, CA=closed archive, TAMS=top-at-mark-start (previous, next)
|   0|0x00000006e0000000, 0x00000006e0400000, 0x00000006e0400000|100%| O|  |TAMS 0x00000006e0181600, 0x00000006e0000000| Untracked 
|   1|0x00000006e0400000, 0x00000006e0800000, 0x00000006e0800000|100%|HS|  |TAMS 0x00000006e0800000, 0x00000006e0400000| Complete 
|   2|0x00000006e0800000, 0x00000006e0c00000, 0x00000006e0c00000|100%| O|  |TAMS 0x00000006e0c00000, 0x00000006e0800000| Untracked 
|   3|0x00000006e0c00000, 0x00000006e1000000, 0x00000006e1000000|100%| O|  |TAMS 0x00000006e0c00000, 0x00000006e0c00000| Untracked 
|   4|0x00000006e1000000, 0x00000006e1000000, 0x00000006e1400000|  0%| F|  |TAMS 0x00000006e1000000, 0x00000006e1000000| Untracked 
|   5|0x00000006e1400000, 0x00000006e1800000, 0x00000006e1800000|100%| O|  |TAMS 0x00000006e1400000, 0x00000006e1400000| Untracked 
|   6|0x00000006e1800000, 0x00000006e1879c00, 0x00000006e1c00000| 11%| O|  |TAMS 0x00000006e1800000, 0x00000006e1800000| Untracked 
|   7|0x00000006e1c00000, 0x00000006e1c00000, 0x00000006e2000000|  0%| F|  |TAMS 0x00000006e1c00000, 0x00000006e1c00000| Untracked 
|   8|0x00000006e2000000, 0x00000006e2000000, 0x00000006e2400000|  0%| F|  |TAMS 0x00000006e2000000, 0x00000006e2000000| Untracked 
|   9|0x00000006e2400000, 0x00000006e2400000, 0x00000006e2800000|  0%| F|  |TAMS 0x00000006e2400000, 0x00000006e2400000| Untracked 
|  10|0x00000006e2800000, 0x00000006e2800000, 0x00000006e2c00000|  0%| F|  |TAMS 0x00000006e2800000, 0x00000006e2800000| Untracked 
|  11|0x00000006e2c00000, 0x00000006e2c00000, 0x00000006e3000000|  0%| F|  |TAMS 0x00000006e2c00000, 0x00000006e2c00000| Untracked 
|  12|0x00000006e3000000, 0x00000006e3000000, 0x00000006e3400000|  0%| F|  |TAMS 0x00000006e3000000, 0x00000006e3000000| Untracked 
|  13|0x00000006e3400000, 0x00000006e3400000, 0x00000006e3800000|  0%| F|  |TAMS 0x00000006e3400000, 0x00000006e3400000| Untracked 
|  14|0x00000006e3800000, 0x00000006e3800000, 0x00000006e3c00000|  0%| F|  |TAMS 0x00000006e3800000, 0x00000006e3800000| Untracked 
|  15|0x00000006e3c00000, 0x00000006e3c00000, 0x00000006e4000000|  0%| F|  |TAMS 0x00000006e3c00000, 0x00000006e3c00000| Untracked 
|  16|0x00000006e4000000, 0x00000006e4000000, 0x00000006e4400000|  0%| F|  |TAMS 0x00000006e4000000, 0x00000006e4000000| Untracked 
|  17|0x00000006e4400000, 0x00000006e47892e8, 0x00000006e4800000| 88%| E|  |TAMS 0x00000006e4400000, 0x00000006e4400000| Complete 
|  18|0x00000006e4800000, 0x00000006e4c00000, 0x00000006e4c00000|100%| E|CS|TAMS 0x00000006e4800000, 0x00000006e4800000| Complete 
|  19|0x00000006e4c00000, 0x00000006e5000000, 0x00000006e5000000|100%| E|CS|TAMS 0x00000006e4c00000, 0x00000006e4c00000| Complete 
|  20|0x00000006e5000000, 0x00000006e5400000, 0x00000006e5400000|100%| E|CS|TAMS 0x00000006e5000000, 0x00000006e5000000| Complete 
|  21|0x00000006e5400000, 0x00000006e5800000, 0x00000006e5800000|100%| E|CS|TAMS 0x00000006e5400000, 0x00000006e5400000| Complete 
|  28|0x00000006e7000000, 0x00000006e7086900, 0x00000006e7400000| 13%| S|CS|TAMS 0x00000006e7000000, 0x00000006e7000000| Complete 
|  31|0x00000006e7c00000, 0x00000006e8000000, 0x00000006e8000000|100%| E|CS|TAMS 0x00000006e7c00000, 0x00000006e7c00000| Complete 

Card table byte_map: [0x000001b948dc0000,0x000001b9496c0000] _byte_map_base: 0x000001b9456c0000

Marking Bits (Prev, Next): (CMBitMap*) 0x000001b933e1d040, (CMBitMap*) 0x000001b933e1d000
 Prev Bits: [0x000001b94e7c0000, 0x000001b952fc0000)
 Next Bits: [0x000001b949fc0000, 0x000001b94e7c0000)

Polling page: 0x000001b933e70000

Metaspace:

Usage:
  Non-class:     29.49 MB used.
      Class:      4.63 MB used.
       Both:     34.12 MB used.

Virtual space:
  Non-class space:       32.00 MB reserved,      29.69 MB ( 93%) committed,  4 nodes.
      Class space:        1.00 GB reserved,       4.75 MB ( <1%) committed,  1 nodes.
             Both:        1.03 GB reserved,      34.44 MB (  3%) committed. 

Chunk freelists:
   Non-Class:  1.66 MB
       Class:  3.14 MB
        Both:  4.80 MB

MaxMetaspaceSize: unlimited
CompressedClassSpaceSize: 1.00 GB
Initial GC threshold: 21.00 MB
Current GC threshold: 35.25 MB
CDS: off
MetaspaceReclaimPolicy: balanced
 - commit_granule_bytes: 65536.
 - commit_granule_words: 8192.
 - virtual_space_node_default_size: 1048576.
 - enlarge_chunks_in_place: 1.
 - new_chunks_are_fully_committed: 0.
 - uncommit_free_chunks: 1.
 - use_allocation_guard: 0.
 - handle_deallocations: 1.


Internal statistics:

num_allocs_failed_limit: 3.
num_arena_births: 262.
num_arena_deaths: 0.
num_vsnodes_births: 5.
num_vsnodes_deaths: 0.
num_space_committed: 551.
num_space_uncommitted: 0.
num_chunks_returned_to_freelist: 3.
num_chunks_taken_from_freelist: 1217.
num_chunk_merges: 0.
num_chunk_splits: 819.
num_chunks_enlarged: 592.
num_purges: 0.
num_inconsistent_stats: 0.

CodeHeap 'non-profiled nmethods': size=120000Kb used=1525Kb max_used=1525Kb free=118474Kb
 bounds [0x000001b940520000, 0x000001b940790000, 0x000001b947a50000]
CodeHeap 'profiled nmethods': size=120000Kb used=5809Kb max_used=5809Kb free=114190Kb
 bounds [0x000001b938a50000, 0x000001b939000000, 0x000001b93ff80000]
CodeHeap 'non-nmethods': size=5760Kb used=1232Kb max_used=1309Kb free=4527Kb
 bounds [0x000001b93ff80000, 0x000001b9401f0000, 0x000001b940520000]
 total_blobs=3388 nmethods=2847 adapters=453
 compilation: enabled
              stopped_count=0, restarted_count=0
 full_count=0

Compilation events (20 events):
Event: 3.138 Thread 0x000001b956427860 2838       3       org.codehaus.groovy.util.ManagedReference::<init> (14 bytes)
Event: 3.138 Thread 0x000001b956427860 nmethod 2838 0x000001b938ff1b10 code [0x000001b938ff1cc0, 0x000001b938ff1e68]
Event: 3.139 Thread 0x000001b956427860 2839       3       java.util.stream.Sink$ChainedReference::end (10 bytes)
Event: 3.139 Thread 0x000001b956427860 nmethod 2839 0x000001b938ff1f90 code [0x000001b938ff2140, 0x000001b938ff2328]
Event: 3.139 Thread 0x000001b956427860 2840       3       org.codehaus.groovy.util.LockableObject::lock (25 bytes)
Event: 3.139 Thread 0x000001b956427860 nmethod 2840 0x000001b938ff2410 code [0x000001b938ff25c0, 0x000001b938ff2838]
Event: 3.139 Thread 0x000001b956427860 2841       3       org.codehaus.groovy.util.LockableObject::unlock (7 bytes)
Event: 3.139 Thread 0x000001b956427860 nmethod 2841 0x000001b938ff2910 code [0x000001b938ff2ac0, 0x000001b938ff2d98]
Event: 3.139 Thread 0x000001b956427860 2842       3       java.util.concurrent.atomic.AtomicInteger::<init> (5 bytes)
Event: 3.139 Thread 0x000001b956427860 nmethod 2842 0x000001b938ff2e90 code [0x000001b938ff3040, 0x000001b938ff31f8]
Event: 3.141 Thread 0x000001b956427860 2843       3       java.lang.ClassValue$Entry::version (8 bytes)
Event: 3.141 Thread 0x000001b956427860 nmethod 2843 0x000001b938ff3310 code [0x000001b938ff34a0, 0x000001b938ff3778]
Event: 3.141 Thread 0x000001b956427860 2844       3       org.codehaus.groovy.reflection.CachedClass::getInterfaces (11 bytes)
Event: 3.141 Thread 0x000001b956427860 nmethod 2844 0x000001b938ff3810 code [0x000001b938ff39c0, 0x000001b938ff3ca8]
Event: 3.141 Thread 0x000001b956427860 2845       3       java.lang.Class::getMethod (59 bytes)
Event: 3.141 Thread 0x000001b956427860 nmethod 2845 0x000001b938ff3d90 code [0x000001b938ff4040, 0x000001b938ff4c68]
Event: 3.141 Thread 0x000001b956427860 2847       3       java.util.WeakHashMap::get (75 bytes)
Event: 3.142 Thread 0x000001b956427860 nmethod 2847 0x000001b938ff5110 code [0x000001b938ff5340, 0x000001b938ff5c18]
Event: 3.142 Thread 0x000001b956427860 2846       3       java.lang.Class::getMethod0 (31 bytes)
Event: 3.142 Thread 0x000001b956427860 nmethod 2846 0x000001b938ff5f90 code [0x000001b938ff6140, 0x000001b938ff6378]

GC Heap History (12 events):
Event: 0.542 GC heap before
{Heap before GC invocations=0 (full 0):
 garbage-first heap   total 131072K, used 28672K [0x00000006e0000000, 0x0000000800000000)
  region size 4096K, 5 young (20480K), 0 survivors (0K)
 Metaspace       used 9903K, committed 10112K, reserved 1064960K
  class space    used 1002K, committed 1088K, reserved 1048576K
}
Event: 0.546 GC heap after
{Heap after GC invocations=1 (full 0):
 garbage-first heap   total 131072K, used 10010K [0x00000006e0000000, 0x0000000800000000)
  region size 4096K, 1 young (4096K), 1 survivors (4096K)
 Metaspace       used 9903K, committed 10112K, reserved 1064960K
  class space    used 1002K, committed 1088K, reserved 1048576K
}
Event: 0.776 GC heap before
{Heap before GC invocations=1 (full 0):
 garbage-first heap   total 131072K, used 22298K [0x00000006e0000000, 0x0000000800000000)
  region size 4096K, 5 young (20480K), 1 survivors (4096K)
 Metaspace       used 11132K, committed 11328K, reserved 1064960K
  class space    used 1163K, committed 1280K, reserved 1048576K
}
Event: 0.780 GC heap after
{Heap after GC invocations=2 (full 0):
 garbage-first heap   total 131072K, used 10326K [0x00000006e0000000, 0x0000000800000000)
  region size 4096K, 1 young (4096K), 1 survivors (4096K)
 Metaspace       used 11132K, committed 11328K, reserved 1064960K
  class space    used 1163K, committed 1280K, reserved 1048576K
}
Event: 1.715 GC heap before
{Heap before GC invocations=2 (full 0):
 garbage-first heap   total 131072K, used 55382K [0x00000006e0000000, 0x0000000800000000)
  region size 4096K, 13 young (53248K), 1 survivors (4096K)
 Metaspace       used 19830K, committed 20096K, reserved 1073152K
  class space    used 2394K, committed 2496K, reserved 1048576K
}
Event: 1.722 GC heap after
{Heap after GC invocations=3 (full 0):
 garbage-first heap   total 131072K, used 17751K [0x00000006e0000000, 0x0000000800000000)
  region size 4096K, 2 young (8192K), 2 survivors (8192K)
 Metaspace       used 19830K, committed 20096K, reserved 1073152K
  class space    used 2394K, committed 2496K, reserved 1048576K
}
Event: 1.855 GC heap before
{Heap before GC invocations=3 (full 0):
 garbage-first heap   total 131072K, used 25943K [0x00000006e0000000, 0x0000000800000000)
  region size 4096K, 5 young (20480K), 2 survivors (8192K)
 Metaspace       used 21333K, committed 21504K, reserved 1073152K
  class space    used 2662K, committed 2752K, reserved 1048576K
}
Event: 1.861 GC heap after
{Heap after GC invocations=4 (full 0):
 garbage-first heap   total 131072K, used 18566K [0x00000006e0000000, 0x0000000800000000)
  region size 4096K, 1 young (4096K), 1 survivors (4096K)
 Metaspace       used 21333K, committed 21504K, reserved 1073152K
  class space    used 2662K, committed 2752K, reserved 1048576K
}
Event: 2.718 GC heap before
{Heap before GC invocations=5 (full 0):
 garbage-first heap   total 98304K, used 71814K [0x00000006e0000000, 0x0000000800000000)
  region size 4096K, 14 young (57344K), 1 survivors (4096K)
 Metaspace       used 29868K, committed 30144K, reserved 1081344K
  class space    used 4026K, committed 4160K, reserved 1048576K
}
Event: 2.723 GC heap after
{Heap after GC invocations=6 (full 0):
 garbage-first heap   total 98304K, used 21129K [0x00000006e0000000, 0x0000000800000000)
  region size 4096K, 1 young (4096K), 1 survivors (4096K)
 Metaspace       used 29868K, committed 30144K, reserved 1081344K
  class space    used 4026K, committed 4160K, reserved 1048576K
}
Event: 2.789 GC heap before
{Heap before GC invocations=6 (full 0):
 garbage-first heap   total 98304K, used 25225K [0x00000006e0000000, 0x0000000800000000)
  region size 4096K, 2 young (8192K), 1 survivors (4096K)
 Metaspace       used 30384K, committed 30656K, reserved 1081344K
  class space    used 4111K, committed 4224K, reserved 1048576K
}
Event: 2.793 GC heap after
{Heap after GC invocations=7 (full 0):
 garbage-first heap   total 98304K, used 21505K [0x00000006e0000000, 0x0000000800000000)
  region size 4096K, 1 young (4096K), 1 survivors (4096K)
 Metaspace       used 30384K, committed 30656K, reserved 1081344K
  class space    used 4111K, committed 4224K, reserved 1048576K
}

Dll operation events (2 events):
Event: 0.006 Loaded shared library C:\Program Files\Android\Android Studio\jbr\bin\java.dll
Event: 0.321 Loaded shared library C:\Program Files\Android\Android Studio\jbr\bin\verify.dll

Deoptimization events (20 events):
Event: 3.019 Thread 0x000001b957ad68d0 Uncommon trap: trap_request=0xffffff45 fr.pc=0x000001b9406622b0 relative=0x0000000000006f90
Event: 3.019 Thread 0x000001b957ad68d0 Uncommon trap: reason=unstable_if action=reinterpret pc=0x000001b9406622b0 method=jdk.internal.org.objectweb.asm.SymbolTable.addType(Ljava/lang/String;)I @ 33 c2
Event: 3.019 Thread 0x000001b957ad68d0 DEOPT PACKING pc=0x000001b9406622b0 sp=0x0000003de91f9990
Event: 3.019 Thread 0x000001b957ad68d0 DEOPT UNPACKING pc=0x000001b93ffd69a3 sp=0x0000003de91f98b8 mode 2
Event: 3.052 Thread 0x000001b957ad68d0 Uncommon trap: trap_request=0xffffffc6 fr.pc=0x000001b94068c6ec relative=0x00000000000008cc
Event: 3.052 Thread 0x000001b957ad68d0 Uncommon trap: reason=bimorphic_or_optimized_type_check action=maybe_recompile pc=0x000001b94068c6ec method=java.io.BufferedInputStream.read([BII)I @ 101 c2
Event: 3.052 Thread 0x000001b957ad68d0 DEOPT PACKING pc=0x000001b94068c6ec sp=0x0000003de91f8440
Event: 3.052 Thread 0x000001b957ad68d0 DEOPT UNPACKING pc=0x000001b93ffd69a3 sp=0x0000003de91f83f8 mode 2
Event: 3.052 Thread 0x000001b957ad68d0 Uncommon trap: trap_request=0xffffffc6 fr.pc=0x000001b94068c6ec relative=0x00000000000008cc
Event: 3.052 Thread 0x000001b957ad68d0 Uncommon trap: reason=bimorphic_or_optimized_type_check action=maybe_recompile pc=0x000001b94068c6ec method=java.io.BufferedInputStream.read([BII)I @ 101 c2
Event: 3.052 Thread 0x000001b957ad68d0 DEOPT PACKING pc=0x000001b94068c6ec sp=0x0000003de91f8440
Event: 3.052 Thread 0x000001b957ad68d0 DEOPT UNPACKING pc=0x000001b93ffd69a3 sp=0x0000003de91f83f8 mode 2
Event: 3.052 Thread 0x000001b957ad68d0 Uncommon trap: trap_request=0xffffffc6 fr.pc=0x000001b94068c6ec relative=0x00000000000008cc
Event: 3.052 Thread 0x000001b957ad68d0 Uncommon trap: reason=bimorphic_or_optimized_type_check action=maybe_recompile pc=0x000001b94068c6ec method=java.io.BufferedInputStream.read([BII)I @ 101 c2
Event: 3.052 Thread 0x000001b957ad68d0 DEOPT PACKING pc=0x000001b94068c6ec sp=0x0000003de91f8440
Event: 3.052 Thread 0x000001b957ad68d0 DEOPT UNPACKING pc=0x000001b93ffd69a3 sp=0x0000003de91f83f8 mode 2
Event: 3.052 Thread 0x000001b957ad68d0 Uncommon trap: trap_request=0xffffffc6 fr.pc=0x000001b94068c6ec relative=0x00000000000008cc
Event: 3.052 Thread 0x000001b957ad68d0 Uncommon trap: reason=bimorphic_or_optimized_type_check action=maybe_recompile pc=0x000001b94068c6ec method=java.io.BufferedInputStream.read([BII)I @ 101 c2
Event: 3.052 Thread 0x000001b957ad68d0 DEOPT PACKING pc=0x000001b94068c6ec sp=0x0000003de91f8440
Event: 3.052 Thread 0x000001b957ad68d0 DEOPT UNPACKING pc=0x000001b93ffd69a3 sp=0x0000003de91f83f8 mode 2

Classes unloaded (0 events):
No events

Classes redefined (0 events):
No events

Internal exceptions (20 events):
Event: 2.591 Thread 0x000001b957ad68d0 Exception <a 'java/lang/NoSuchMethodError'{0x00000006e339bc70}: 'java.lang.Object java.lang.invoke.DirectMethodHandle$Holder.invokeSpecial(java.lang.Object, java.lang.Object, java.lang.Object, java.lang.Object, java.lang.Object, java.lang.Object, java.lang.Object, java.lang.Object, java.lang.Object, java.lang.Object, java.lang.Object, java.lang.Object)'> (0x00000006e339bc70) 
thrown [s\src\hotspot\share\interpreter\linkResolver.cpp, line 771]
Event: 2.591 Thread 0x000001b957ad68d0 Exception <a 'java/lang/NoSuchMethodError'{0x00000006e33a1060}: 'java.lang.Object java.lang.invoke.Invokers$Holder.linkToTargetMethod(java.lang.Object, java.lang.Object, java.lang.Object, java.lang.Object, java.lang.Object, java.lang.Object, java.lang.Object, java.lang.Object, java.lang.Object, java.lang.Object, java.lang.Object)'> (0x00000006e33a1060) 
thrown [s\src\hotspot\share\interpreter\linkResolver.cpp, line 771]
Event: 2.600 Thread 0x000001b957ad68d0 Exception <a 'java/lang/NoSuchMethodError'{0x00000006e2c3f288}: 'java.lang.Object java.lang.invoke.DirectMethodHandle$Holder.invokeSpecial(java.lang.Object, java.lang.Object, java.lang.Object, java.lang.Object, java.lang.Object, java.lang.Object, java.lang.Object, java.lang.Object, java.lang.Object, java.lang.Object, java.lang.Object, java.lang.Object, java.lang.Object, java.lang.Object)'> (0x00000006e2c3f288) 
thrown [s\src\hotspot\share\interpreter\linkResolver.cpp, line 771]
Event: 2.601 Thread 0x000001b957ad68d0 Exception <a 'java/lang/NoSuchMethodError'{0x00000006e2c51658}: 'java.lang.Object java.lang.invoke.DirectMethodHandle$Holder.newInvokeSpecial(java.lang.Object, java.lang.Object, java.lang.Object, java.lang.Object, java.lang.Object, java.lang.Object, java.lang.Object, java.lang.Object, java.lang.Object, java.lang.Object, java.lang.Object, java.lang.Object)'> (0x00000006e2c51658) 
thrown [s\src\hotspot\share\interpreter\linkResolver.cpp, line 771]
Event: 2.601 Thread 0x000001b957ad68d0 Exception <a 'java/lang/NoSuchMethodError'{0x00000006e2c56d48}: 'java.lang.Object java.lang.invoke.Invokers$Holder.linkToTargetMethod(java.lang.Object, java.lang.Object, java.lang.Object, java.lang.Object, java.lang.Object, java.lang.Object, java.lang.Object, java.lang.Object, java.lang.Object, java.lang.Object, java.lang.Object, java.lang.Object)'> (0x00000006e2c56d48) 
thrown [s\src\hotspot\share\interpreter\linkResolver.cpp, line 771]
Event: 2.610 Thread 0x000001b957ad68d0 Exception <a 'java/lang/NoSuchMethodError'{0x00000006e2ceb508}: 'java.lang.Object java.lang.invoke.DirectMethodHandle$Holder.invokeStaticInit(java.lang.Object, java.lang.Object, java.lang.Object, java.lang.Object)'> (0x00000006e2ceb508) 
thrown [s\src\hotspot\share\interpreter\linkResolver.cpp, line 771]
Event: 2.677 Thread 0x000001b957ad68d0 Implicit null exception at 0x000001b94056bd8f to 0x000001b94056c208
Event: 2.797 Thread 0x000001b957ad68d0 Exception <a 'java/lang/NoSuchMethodError'{0x00000006e7c34ef8}: 'java.lang.Object java.lang.invoke.DirectMethodHandle$Holder.newInvokeSpecial(java.lang.Object, java.lang.Object, java.lang.Object, java.lang.Object, java.lang.Object, java.lang.Object, java.lang.Object, java.lang.Object)'> (0x00000006e7c34ef8) 
thrown [s\src\hotspot\share\interpreter\linkResolver.cpp, line 771]
Event: 2.797 Thread 0x000001b957ad68d0 Exception <a 'java/lang/NoSuchMethodError'{0x00000006e7c3acd8}: 'java.lang.Object java.lang.invoke.Invokers$Holder.linkToTargetMethod(java.lang.Object, java.lang.Object, java.lang.Object, java.lang.Object, java.lang.Object, java.lang.Object, java.lang.Object, java.lang.Object)'> (0x00000006e7c3acd8) 
thrown [s\src\hotspot\share\interpreter\linkResolver.cpp, line 771]
Event: 2.799 Thread 0x000001b957ad68d0 Exception <a 'java/lang/NoSuchMethodError'{0x00000006e7c695a0}: 'java.lang.Object java.lang.invoke.DirectMethodHandle$Holder.newInvokeSpecial(java.lang.Object, java.lang.Object, java.lang.Object, java.lang.Object, java.lang.Object, java.lang.Object, java.lang.Object)'> (0x00000006e7c695a0) 
thrown [s\src\hotspot\share\interpreter\linkResolver.cpp, line 771]
Event: 2.799 Thread 0x000001b957ad68d0 Exception <a 'java/lang/NoSuchMethodError'{0x00000006e7c6e7c0}: 'java.lang.Object java.lang.invoke.Invokers$Holder.linkToTargetMethod(java.lang.Object, java.lang.Object, java.lang.Object, java.lang.Object, java.lang.Object, java.lang.Object, java.lang.Object)'> (0x00000006e7c6e7c0) 
thrown [s\src\hotspot\share\interpreter\linkResolver.cpp, line 771]
Event: 2.803 Thread 0x000001b957ad68d0 Exception <a 'java/lang/IncompatibleClassChangeError'{0x00000006e7cc1798}: Found class java.lang.Object, but interface was expected> (0x00000006e7cc1798) 
thrown [s\src\hotspot\share\interpreter\linkResolver.cpp, line 838]
Event: 2.955 Thread 0x000001b957ad68d0 Exception <a 'java/lang/NoSuchMethodError'{0x00000006e53c6cd0}: 'void java.lang.invoke.DirectMethodHandle$Holder.invokeSpecial(java.lang.Object, java.lang.Object, java.lang.Object, java.lang.Object, java.lang.Object)'> (0x00000006e53c6cd0) 
thrown [s\src\hotspot\share\interpreter\linkResolver.cpp, line 771]
Event: 2.960 Thread 0x000001b957ad68d0 Exception <a 'java/lang/NoSuchMethodError'{0x00000006e4c06798}: 'java.lang.Object java.lang.invoke.DirectMethodHandle$Holder.invokeStatic(java.lang.Object, java.lang.Object, int, java.lang.Object)'> (0x00000006e4c06798) 
thrown [s\src\hotspot\share\interpreter\linkResolver.cpp, line 771]
Event: 2.960 Thread 0x000001b957ad68d0 Exception <a 'java/lang/NoSuchMethodError'{0x00000006e4c0e448}: 'java.lang.Object java.lang.invoke.DirectMethodHandle$Holder.newInvokeSpecial(java.lang.Object, java.lang.Object, int, java.lang.Object)'> (0x00000006e4c0e448) 
thrown [s\src\hotspot\share\interpreter\linkResolver.cpp, line 771]
Event: 2.961 Thread 0x000001b957ad68d0 Exception <a 'java/lang/NoSuchMethodError'{0x00000006e4c12d30}: 'java.lang.Object java.lang.invoke.DirectMethodHandle$Holder.invokeSpecial(java.lang.Object, java.lang.Object, java.lang.Object, int, java.lang.Object)'> (0x00000006e4c12d30) 
thrown [s\src\hotspot\share\interpreter\linkResolver.cpp, line 771]
Event: 3.026 Thread 0x000001b957ad68d0 Exception <a 'java/lang/NoSuchMethodError'{0x00000006e4f3a0c0}: 'void java.lang.invoke.DirectMethodHandle$Holder.invokeStaticInit(java.lang.Object, java.lang.Object, java.lang.Object, java.lang.Object)'> (0x00000006e4f3a0c0) 
thrown [s\src\hotspot\share\interpreter\linkResolver.cpp, line 771]
Event: 3.108 Thread 0x000001b957ad68d0 Exception <a 'java/lang/NoSuchMethodError'{0x00000006e4b55698}: 'void java.lang.invoke.DirectMethodHandle$Holder.invokeStaticInit(java.lang.Object, java.lang.Object, java.lang.Object)'> (0x00000006e4b55698) 
thrown [s\src\hotspot\share\interpreter\linkResolver.cpp, line 771]
Event: 3.111 Thread 0x000001b957ad68d0 Exception <a 'java/lang/NoSuchMethodError'{0x00000006e4b7a8b8}: 'void java.lang.invoke.DirectMethodHandle$Holder.invokeStaticInit(java.lang.Object, java.lang.Object, java.lang.Object, java.lang.Object, java.lang.Object)'> (0x00000006e4b7a8b8) 
thrown [s\src\hotspot\share\interpreter\linkResolver.cpp, line 771]
Event: 3.123 Thread 0x000001b957ad68d0 Exception <a 'java/lang/NoSuchMethodError'{0x00000006e4bebe90}: 'int java.lang.invoke.DirectMethodHandle$Holder.invokeStaticInit(java.lang.Object, java.lang.Object, java.lang.Object, java.lang.Object)'> (0x00000006e4bebe90) 
thrown [s\src\hotspot\share\interpreter\linkResolver.cpp, line 771]

VM Operations (20 events):
Event: 1.854 Executing VM operation: CollectForMetadataAllocation
Event: 1.861 Executing VM operation: CollectForMetadataAllocation done
Event: 1.867 Executing VM operation: G1Concurrent
Event: 1.869 Executing VM operation: G1Concurrent done
Event: 1.872 Executing VM operation: G1Concurrent
Event: 1.873 Executing VM operation: G1Concurrent done
Event: 2.679 Executing VM operation: HandshakeAllThreads
Event: 2.679 Executing VM operation: HandshakeAllThreads done
Event: 2.718 Executing VM operation: G1CollectForAllocation
Event: 2.723 Executing VM operation: G1CollectForAllocation done
Event: 2.789 Executing VM operation: G1CollectForAllocation
Event: 2.793 Executing VM operation: G1CollectForAllocation done
Event: 2.858 Executing VM operation: HandshakeAllThreads
Event: 2.858 Executing VM operation: HandshakeAllThreads done
Event: 2.979 Executing VM operation: HandshakeAllThreads
Event: 2.979 Executing VM operation: HandshakeAllThreads done
Event: 3.019 Executing VM operation: HandshakeAllThreads
Event: 3.020 Executing VM operation: HandshakeAllThreads done
Event: 3.075 Executing VM operation: HandshakeAllThreads
Event: 3.076 Executing VM operation: HandshakeAllThreads done

Events (20 events):
Event: 3.102 loading class java/lang/IllegalCallerException
Event: 3.102 loading class java/lang/IllegalCallerException done
Event: 3.104 loading class jdk/internal/module/SystemModules$all
Event: 3.105 loading class jdk/internal/module/SystemModules$all done
Event: 3.107 loading class java/util/Spliterators$IteratorSpliterator
Event: 3.107 loading class java/util/Spliterators$IteratorSpliterator done
Event: 3.125 loading class java/util/HashMap$KeySpliterator
Event: 3.125 loading class java/util/HashMap$KeySpliterator done
Event: 3.134 loading class java/lang/ClassFormatError
Event: 3.134 loading class java/lang/ClassFormatError done
Event: 3.139 loading class java/lang/ProcessHandle$Info
Event: 3.139 loading class java/lang/ProcessHandle$Info done
Event: 3.139 loading class java/lang/ProcessHandle
Event: 3.139 loading class java/lang/ProcessHandle done
Event: 3.139 loading class java/util/concurrent/CompletableFuture
Event: 3.140 loading class java/util/concurrent/CompletionStage
Event: 3.140 loading class java/util/concurrent/CompletionStage done
Event: 3.140 loading class java/util/concurrent/CompletableFuture done
Event: 3.142 loading class java/io/UnsupportedEncodingException
Event: 3.142 loading class java/io/UnsupportedEncodingException done


Dynamic libraries:
0x00007ff602d20000 - 0x00007ff602d2a000 	C:\Program Files\Android\Android Studio\jbr\bin\java.exe
0x00007ff9f2cb0000 - 0x00007ff9f2ec4000 	C:\WINDOWS\SYSTEM32\ntdll.dll
0x00007ff9f1900000 - 0x00007ff9f19c2000 	C:\WINDOWS\System32\KERNEL32.DLL
0x00007ff9f0500000 - 0x00007ff9f08a3000 	C:\WINDOWS\System32\KERNELBASE.dll
0x00007ff9f02d0000 - 0x00007ff9f03e1000 	C:\WINDOWS\System32\ucrtbase.dll
0x00007ff9bed80000 - 0x00007ff9bed97000 	C:\Program Files\Android\Android Studio\jbr\bin\jli.dll
0x00007ff9e9f10000 - 0x00007ff9e9f2b000 	C:\Program Files\Android\Android Studio\jbr\bin\VCRUNTIME140.dll
0x00007ff9f16b0000 - 0x00007ff9f185a000 	C:\WINDOWS\System32\USER32.dll
0x00007ff9f00b0000 - 0x00007ff9f00d6000 	C:\WINDOWS\System32\win32u.dll
0x00007ff9d5e40000 - 0x00007ff9d60ce000 	C:\WINDOWS\WinSxS\amd64_microsoft.windows.common-controls_6595b64144ccf1df_6.0.22621.1635_none_270f70857386168e\COMCTL32.dll
0x00007ff9f1520000 - 0x00007ff9f15c7000 	C:\WINDOWS\System32\msvcrt.dll
0x00007ff9f1f40000 - 0x00007ff9f1f69000 	C:\WINDOWS\System32\GDI32.dll
0x00007ff9f0970000 - 0x00007ff9f0a89000 	C:\WINDOWS\System32\gdi32full.dll
0x00007ff9f03f0000 - 0x00007ff9f048a000 	C:\WINDOWS\System32\msvcp_win.dll
0x00007ff9f1f00000 - 0x00007ff9f1f31000 	C:\WINDOWS\System32\IMM32.DLL
0x00007ff9ec190000 - 0x00007ff9ec19c000 	C:\Program Files\Android\Android Studio\jbr\bin\vcruntime140_1.dll
0x00007ff9ddee0000 - 0x00007ff9ddf6d000 	C:\Program Files\Android\Android Studio\jbr\bin\msvcp140.dll
0x00007ff960b40000 - 0x00007ff9617ae000 	C:\Program Files\Android\Android Studio\jbr\bin\server\jvm.dll
0x00007ff9f1090000 - 0x00007ff9f113e000 	C:\WINDOWS\System32\ADVAPI32.dll
0x00007ff9f0fd0000 - 0x00007ff9f1074000 	C:\WINDOWS\System32\sechost.dll
0x00007ff9f1dd0000 - 0x00007ff9f1ee7000 	C:\WINDOWS\System32\RPCRT4.dll
0x00007ff9d3600000 - 0x00007ff9d3609000 	C:\WINDOWS\SYSTEM32\WSOCK32.dll
0x00007ff9e91b0000 - 0x00007ff9e91e4000 	C:\WINDOWS\SYSTEM32\WINMM.dll
0x00007ff9f15d0000 - 0x00007ff9f1641000 	C:\WINDOWS\System32\WS2_32.dll
0x00007ff9e3840000 - 0x00007ff9e384a000 	C:\WINDOWS\SYSTEM32\VERSION.dll
0x00007ff9ef150000 - 0x00007ff9ef168000 	C:\WINDOWS\SYSTEM32\kernel.appcore.dll
0x00007ff9ddbb0000 - 0x00007ff9ddbba000 	C:\Program Files\Android\Android Studio\jbr\bin\jimage.dll
0x00007ff9dbc50000 - 0x00007ff9dbe7e000 	C:\WINDOWS\SYSTEM32\DBGHELP.DLL
0x00007ff9f1f70000 - 0x00007ff9f22f9000 	C:\WINDOWS\System32\combase.dll
0x00007ff9f2b00000 - 0x00007ff9f2bd7000 	C:\WINDOWS\System32\OLEAUT32.dll
0x00007ff9de6c0000 - 0x00007ff9de6f2000 	C:\WINDOWS\SYSTEM32\dbgcore.DLL
0x00007ff9f0250000 - 0x00007ff9f02ca000 	C:\WINDOWS\System32\bcryptPrimitives.dll
0x00007ff9beda0000 - 0x00007ff9bedc5000 	C:\Program Files\Android\Android Studio\jbr\bin\java.dll
0x00007ff9ddb90000 - 0x00007ff9ddba8000 	C:\Program Files\Android\Android Studio\jbr\bin\zip.dll
0x00007ff9f2300000 - 0x00007ff9f2af9000 	C:\WINDOWS\System32\SHELL32.dll
0x00007ff9ee060000 - 0x00007ff9ee92e000 	C:\WINDOWS\SYSTEM32\windows.storage.dll
0x00007ff9edf20000 - 0x00007ff9ee05e000 	C:\WINDOWS\SYSTEM32\wintypes.dll
0x00007ff9f1c70000 - 0x00007ff9f1d61000 	C:\WINDOWS\System32\SHCORE.dll
0x00007ff9f1650000 - 0x00007ff9f16ae000 	C:\WINDOWS\System32\shlwapi.dll
0x00007ff9effe0000 - 0x00007ff9f0006000 	C:\WINDOWS\SYSTEM32\profapi.dll
0x00007ff9ddb40000 - 0x00007ff9ddb59000 	C:\Program Files\Android\Android Studio\jbr\bin\net.dll
0x00007ff9e8d40000 - 0x00007ff9e8e77000 	C:\WINDOWS\SYSTEM32\WINHTTP.dll
0x00007ff9ef610000 - 0x00007ff9ef679000 	C:\WINDOWS\system32\mswsock.dll
0x00007ff9da730000 - 0x00007ff9da746000 	C:\Program Files\Android\Android Studio\jbr\bin\nio.dll
0x00007ff9d32f0000 - 0x00007ff9d3300000 	C:\Program Files\Android\Android Studio\jbr\bin\verify.dll
0x00007ff9ec230000 - 0x00007ff9ec257000 	C:\Users\Mehmet emin\.gradle\native\e1d6ef7f7dcc3fd88c89a11ec53ec762bb8ba0a96d01ffa2cd45eb1d1d8dd5c5\windows-amd64\native-platform.dll
0x00007ff9cd600000 - 0x00007ff9cd744000 	C:\Users\Mehmet emin\.gradle\native\5664cfc778a61ccfe75a443a1ab52a65af34e5dc3c78e0209fed803814484fcb\windows-amd64\native-platform-file-events.dll
0x00007ff9c5ae0000 - 0x00007ff9c5ae9000 	C:\Program Files\Android\Android Studio\jbr\bin\management.dll
0x00007ff9c5590000 - 0x00007ff9c559b000 	C:\Program Files\Android\Android Studio\jbr\bin\management_ext.dll
0x00007ff9f1370000 - 0x00007ff9f1378000 	C:\WINDOWS\System32\PSAPI.DLL
0x00007ff9ef930000 - 0x00007ff9ef94b000 	C:\WINDOWS\SYSTEM32\CRYPTSP.dll
0x00007ff9ef110000 - 0x00007ff9ef145000 	C:\WINDOWS\system32\rsaenh.dll
0x00007ff9ef6b0000 - 0x00007ff9ef6dc000 	C:\WINDOWS\SYSTEM32\USERENV.dll
0x00007ff9efa60000 - 0x00007ff9efa88000 	C:\WINDOWS\SYSTEM32\bcrypt.dll
0x00007ff9ef910000 - 0x00007ff9ef91c000 	C:\WINDOWS\SYSTEM32\CRYPTBASE.dll
0x00007ff9eec00000 - 0x00007ff9eec2d000 	C:\WINDOWS\SYSTEM32\IPHLPAPI.DLL
0x00007ff9f1ef0000 - 0x00007ff9f1ef9000 	C:\WINDOWS\System32\NSI.dll
0x00007ff9e84b0000 - 0x00007ff9e84c9000 	C:\WINDOWS\SYSTEM32\dhcpcsvc6.DLL
0x00007ff9e8c40000 - 0x00007ff9e8c5f000 	C:\WINDOWS\SYSTEM32\dhcpcsvc.DLL
0x00007ff9eec70000 - 0x00007ff9eed63000 	C:\WINDOWS\SYSTEM32\DNSAPI.dll
0x00007ff9a9a10000 - 0x00007ff9a9a18000 	C:\WINDOWS\system32\wshunix.dll

dbghelp: loaded successfully - version: 4.0.5 - missing functions: none
symbol engine: initialized successfully - sym options: 0x614 - pdb path: .;C:\Program Files\Android\Android Studio\jbr\bin;C:\WINDOWS\SYSTEM32;C:\WINDOWS\WinSxS\amd64_microsoft.windows.common-controls_6595b64144ccf1df_6.0.22621.1635_none_270f70857386168e;C:\Program Files\Android\Android Studio\jbr\bin\server;C:\Users\Mehmet emin\.gradle\native\e1d6ef7f7dcc3fd88c89a11ec53ec762bb8ba0a96d01ffa2cd45eb1d1d8dd5c5\windows-amd64;C:\Users\Mehmet emin\.gradle\native\5664cfc778a61ccfe75a443a1ab52a65af34e5dc3c78e0209fed803814484fcb\windows-amd64

VM Arguments:
jvm_args: --add-opens=java.base/java.util=ALL-UNNAMED --add-opens=java.base/java.lang=ALL-UNNAMED --add-opens=java.base/java.lang.invoke=ALL-UNNAMED --add-opens=java.base/java.util=ALL-UNNAMED --add-opens=java.prefs/java.util.prefs=ALL-UNNAMED --add-opens=java.prefs/java.util.prefs=ALL-UNNAMED --add-opens=java.base/java.nio.charset=ALL-UNNAMED --add-opens=java.base/java.net=ALL-UNNAMED --add-opens=java.base/java.util.concurrent.atomic=ALL-UNNAMED -Xmx4608m -Dfile.encoding=UTF-8 -Duser.country=TR -Duser.language=tr -Duser.variant 
java_command: org.gradle.launcher.daemon.bootstrap.GradleDaemon 7.3.3
java_class_path (initial): C:\Users\Mehmet emin\.gradle\wrapper\dists\gradle-7.3.3-bin\6a41zxkdtcxs8rphpq6y0069z\gradle-7.3.3\lib\gradle-launcher-7.3.3.jar
Launcher Type: SUN_STANDARD

[Global flags]
     intx CICompilerCount                          = 4                                         {product} {ergonomic}
     uint ConcGCThreads                            = 2                                         {product} {ergonomic}
     uint G1ConcRefinementThreads                  = 8                                         {product} {ergonomic}
   size_t G1HeapRegionSize                         = 4194304                                   {product} {ergonomic}
    uintx GCDrainStackTargetSize                   = 64                                        {product} {ergonomic}
   size_t InitialHeapSize                          = 134217728                                 {product} {ergonomic}
   size_t MarkStackSize                            = 4194304                                   {product} {ergonomic}
   size_t MaxHeapSize                              = 4831838208                                {product} {command line}
   size_t MaxNewSize                               = 2898264064                                {product} {ergonomic}
   size_t MinHeapDeltaBytes                        = 4194304                                   {product} {ergonomic}
   size_t MinHeapSize                              = 8388608                                   {product} {ergonomic}
    uintx NonNMethodCodeHeapSize                   = 5839372                                {pd product} {ergonomic}
    uintx NonProfiledCodeHeapSize                  = 122909434                              {pd product} {ergonomic}
    uintx ProfiledCodeHeapSize                     = 122909434                              {pd product} {ergonomic}
    uintx ReservedCodeCacheSize                    = 251658240                              {pd product} {ergonomic}
     bool SegmentedCodeCache                       = true                                      {product} {ergonomic}
   size_t SoftMaxHeapSize                          = 4831838208                             {manageable} {ergonomic}
     bool UseCompressedClassPointers               = true                           {product lp64_product} {ergonomic}
     bool UseCompressedOops                        = true                           {product lp64_product} {ergonomic}
     bool UseG1GC                                  = true                                      {product} {ergonomic}
     bool UseLargePagesIndividualAllocation        = false                                  {pd product} {ergonomic}

Logging:
Log output configuration:
 #0: stdout all=warning uptime,level,tags
 #1: stderr all=off uptime,level,tags

Environment Variables:
JAVA_HOME=C:\Program Files\Java\jdk1.8.0_202
PATH=C:\Program Files (x86)\Common Files\Oracle\Java\javapath;C:\Program Files\Common Files\Oracle\Java\javapath;C:\ProgramData\Oracle\Java\javapath;C:\texlive\2000\bin\win32;C:\Windows\system32;C:\Windows;C:\Windows\System32\Wbem;C:\Windows\System32\WindowsPowerShell\v1.0\;C:\Windows\System32\OpenSSH\;C:\Program Files\NVIDIA Corporation\NVIDIA NvDLISR;C:\Program Files (x86)\NVIDIA Corporation\PhysX\Common;C:\Program Files\dotnet\;C:\Program Files\Microsoft SQL Server\130\Tools\Binn\;C:\Program Files\Microsoft SQL Server\Client SDK\ODBC\170\Tools\Binn\;C:\Program Files\Git\cmd;C:\WINDOWS\system32;C:\WINDOWS;C:\WINDOWS\System32\Wbem;C:\WINDOWS\System32\WindowsPowerShell\v1.0\;C:\WINDOWS\System32\OpenSSH\;C:\Program Files\Cloudflare\Cloudflare WARP;C:\Program Files\Java\jdk1.8.0_202\bin;C:\Users\Mehmet emin\AppData\Local\Programs\Python\Python310\Scripts\;C:\Users\Mehmet emin\AppData\Local\Programs\Python\Python310\;C:\Program Files\MySQL\MySQL Shell 8.0\bin\;C:\Users\Mehmet emin\AppData\Local\Microsoft\WindowsApps;C:\Users\Mehmet emin\.dotnet\tools;C:\Users\Mehmet emin\AppData\Local\Programs\Microsoft VS Code\bin;C:\Users\Mehmet emin\AppData\Local\GitHubDesktop\bin;C:\src\flutter\bin;C:\Program Files\Java\jdk1.8.0_202\bin;
USERNAME=Mehmet emin
OS=Windows_NT
PROCESSOR_IDENTIFIER=Intel64 Family 6 Model 158 Stepping 10, GenuineIntel
TMP=C:\Users\MEHMET~1\AppData\Local\Temp
TEMP=C:\Users\MEHMET~1\AppData\Local\Temp


JNI global refs:
JNI global refs: 24, weak refs: 2

JNI global refs memory usage: 843, weak refs: 841


---------------  S Y S T E M  ---------------

OS:
 Windows 11 , 64 bit Build 22621 (10.0.22621.1928)
OS uptime: 0 days 23:41 hours
Hyper-V role detected

CPU: total 8 (initial active 8) (4 cores per cpu, 2 threads per core) family 6 model 158 stepping 10 microcode 0xde, cx8, cmov, fxsr, ht, mmx, 3dnowpref, sse, sse2, sse3, ssse3, sse4.1, sse4.2, popcnt, lzcnt, tsc, tscinvbit, avx, avx2, aes, erms, clmul, bmi1, bmi2, adx, fma, vzeroupper, clflush, clflushopt, hv

Memory: 4k page, system-wide physical 7992M (417M free)
TotalPageFile size 12088M (AvailPageFile size 5M)
current process WorkingSet (physical memory assigned to process): 219M, peak: 219M
current process commit charge ("private bytes"): 270M, peak: 271M

vm_info: OpenJDK 64-Bit Server VM (17.0.6+0-b2043.56-10027231) for windows-amd64 JRE (17.0.6+0-b2043.56-10027231), built on Apr 28 2023 00:43:19 by "androidbuild" with MS VC++ 16.10 / 16.11 (VS2019)

END.
