#
# There is insufficient memory for the Java Runtime Environment to continue.
# Native memory allocation (malloc) failed to allocate 1049776 bytes for Chunk::new
# Possible reasons:
#   The system is out of physical RAM or swap space
#   The process is running with CompressedOops enabled, and the Java Heap may be blocking the growth of the native heap
# Possible solutions:
#   Reduce memory load on the system
#   Increase physical memory or swap space
#   Check if swap backing store is full
#   Decrease Java heap size (-Xmx/-Xms)
#   Decrease number of Java threads
#   Decrease Java thread stack sizes (-Xss)
#   Set larger code cache with -XX:ReservedCodeCacheSize=
#   JVM is running with Zero Based Compressed Oops mode in which the Java heap is
#     placed in the first 32GB address space. The Java Heap base address is the
#     maximum limit for the native heap growth. Please use -XX:HeapBaseMinAddress
#     to set the Java Heap base and to place the Java Heap above 32GB virtual address.
# This output file may be truncated or incomplete.
#
#  Out of Memory Error (arena.cpp:189), pid=6656, tid=12452
#
# JRE version: OpenJDK Runtime Environment (17.0.6) (build 17.0.6+0-b2043.56-10027231)
# Java VM: OpenJDK 64-Bit Server VM (17.0.6+0-b2043.56-10027231, mixed mode, tiered, compressed oops, compressed class ptrs, g1 gc, windows-amd64)
# No core dump will be written. Minidumps are not enabled by default on client versions of Windows
#

---------------  S U M M A R Y ------------

Command Line: --add-opens=java.base/java.util=ALL-UNNAMED --add-opens=java.base/java.lang=ALL-UNNAMED --add-opens=java.base/java.lang.invoke=ALL-UNNAMED --add-opens=java.base/java.util=ALL-UNNAMED --add-opens=java.prefs/java.util.prefs=ALL-UNNAMED --add-opens=java.prefs/java.util.prefs=ALL-UNNAMED --add-opens=java.base/java.nio.charset=ALL-UNNAMED --add-opens=java.base/java.net=ALL-UNNAMED --add-opens=java.base/java.util.concurrent.atomic=ALL-UNNAMED -Xmx4608m -Dfile.encoding=UTF-8 -Duser.country=TR -Duser.language=tr -Duser.variant org.gradle.launcher.daemon.bootstrap.GradleDaemon 7.5

Host: Intel(R) Core(TM) i5-9300H CPU @ 2.40GHz, 8 cores, 7G,  Windows 11 , 64 bit Build 22621 (10.0.22621.1928)
Time: Thu Jul 27 14:58:18 2023 Türkiye Standart Saati elapsed time: 7.381538 seconds (0d 0h 0m 7s)

---------------  T H R E A D  ---------------

Current thread (0x00000234b7c247e0):  JavaThread "C2 CompilerThread0" daemon [_thread_in_native, id=12452, stack(0x000000e979f00000,0x000000e97a000000)]


Current CompileTask:
C2:   7381 3930       4       org.objectweb.asm.Frame::execute (2318 bytes)

Stack: [0x000000e979f00000,0x000000e97a000000]
Native frames: (J=compiled Java code, j=interpreted, Vv=VM code, C=native code)
V  [jvm.dll+0x683c9a]
V  [jvm.dll+0x8427a4]
V  [jvm.dll+0x843f9e]
V  [jvm.dll+0x844603]
V  [jvm.dll+0x249b75]
V  [jvm.dll+0xabcac]
V  [jvm.dll+0xac27c]
V  [jvm.dll+0x2b0eef]
V  [jvm.dll+0x58a267]
V  [jvm.dll+0x2243b2]
V  [jvm.dll+0x22478f]
V  [jvm.dll+0x21e055]
V  [jvm.dll+0x21b51b]
V  [jvm.dll+0x1a4fdd]
V  [jvm.dll+0x22b098]
V  [jvm.dll+0x229159]
V  [jvm.dll+0x7f81ec]
V  [jvm.dll+0x7f274a]
V  [jvm.dll+0x682ad5]
C  [ucrtbase.dll+0x29363]
C  [KERNEL32.DLL+0x126ad]
C  [ntdll.dll+0x5aa68]


---------------  P R O C E S S  ---------------

Threads class SMR info:
_java_thread_list=0x00000234bae0de90, length=43, elements={
0x00000234974bcaa0, 0x00000234b723b410, 0x00000234b723bfc0, 0x00000234b7c09510,
0x00000234b7c09fd0, 0x00000234b7c0aa80, 0x00000234b7c0c440, 0x00000234b7c247e0,
0x00000234b7c254e0, 0x00000234b7c27df0, 0x00000234b7db72b0, 0x00000234b7db4290,
0x00000234b7db7780, 0x00000234b7db4760, 0x00000234b7db7c50, 0x00000234b7db5f70,
0x00000234b7db55d0, 0x00000234b7db5aa0, 0x00000234b7db5100, 0x00000234b7db6440,
0x00000234b7db6910, 0x00000234b7db6de0, 0x00000234ba23eee0, 0x00000234ba23ea10,
0x00000234ba240220, 0x00000234ba16d860, 0x00000234bcf26860, 0x00000234ba23fd50,
0x00000234ba2406f0, 0x00000234ba240bc0, 0x00000234ba241560, 0x00000234ba241090,
0x00000234ba23e540, 0x00000234ba23f3b0, 0x00000234ba241a30, 0x00000234ba23f880,
0x00000234bcc89520, 0x00000234bcc83e80, 0x00000234bcc851c0, 0x00000234bcc899f0,
0x00000234bcc86ea0, 0x00000234bcc87840, 0x00000234bcc881e0
}

Java Threads: ( => current thread )
  0x00000234974bcaa0 JavaThread "main" [_thread_blocked, id=2468, stack(0x000000e979200000,0x000000e979300000)]
  0x00000234b723b410 JavaThread "Reference Handler" daemon [_thread_blocked, id=4320, stack(0x000000e979900000,0x000000e979a00000)]
  0x00000234b723bfc0 JavaThread "Finalizer" daemon [_thread_blocked, id=12512, stack(0x000000e979a00000,0x000000e979b00000)]
  0x00000234b7c09510 JavaThread "Signal Dispatcher" daemon [_thread_blocked, id=12536, stack(0x000000e979b00000,0x000000e979c00000)]
  0x00000234b7c09fd0 JavaThread "Attach Listener" daemon [_thread_blocked, id=15920, stack(0x000000e979c00000,0x000000e979d00000)]
  0x00000234b7c0aa80 JavaThread "Service Thread" daemon [_thread_blocked, id=9104, stack(0x000000e979d00000,0x000000e979e00000)]
  0x00000234b7c0c440 JavaThread "Monitor Deflation Thread" daemon [_thread_blocked, id=11228, stack(0x000000e979e00000,0x000000e979f00000)]
=>0x00000234b7c247e0 JavaThread "C2 CompilerThread0" daemon [_thread_in_native, id=12452, stack(0x000000e979f00000,0x000000e97a000000)]
  0x00000234b7c254e0 JavaThread "C1 CompilerThread0" daemon [_thread_in_native, id=14872, stack(0x000000e97a000000,0x000000e97a100000)]
  0x00000234b7c27df0 JavaThread "Sweeper thread" daemon [_thread_blocked, id=16992, stack(0x000000e97a100000,0x000000e97a200000)]
  0x00000234b7db72b0 JavaThread "Common-Cleaner" daemon [_thread_blocked, id=10012, stack(0x000000e97a200000,0x000000e97a300000)]
  0x00000234b7db4290 JavaThread "Notification Thread" daemon [_thread_blocked, id=7176, stack(0x000000e97a300000,0x000000e97a400000)]
  0x00000234b7db7780 JavaThread "Daemon health stats" [_thread_blocked, id=17132, stack(0x000000e97aa00000,0x000000e97ab00000)]
  0x00000234b7db4760 JavaThread "Incoming local TCP Connector on port 63438" [_thread_in_native, id=5620, stack(0x000000e97ab00000,0x000000e97ac00000)]
  0x00000234b7db7c50 JavaThread "Daemon periodic checks" [_thread_blocked, id=3596, stack(0x000000e97ac00000,0x000000e97ad00000)]
  0x00000234b7db5f70 JavaThread "Daemon" [_thread_blocked, id=4128, stack(0x000000e97ad00000,0x000000e97ae00000)]
  0x00000234b7db55d0 JavaThread "Handler for socket connection from /127.0.0.1:63438 to /127.0.0.1:63439" [_thread_in_native, id=17016, stack(0x000000e97ae00000,0x000000e97af00000)]
  0x00000234b7db5aa0 JavaThread "Cancel handler" [_thread_blocked, id=12808, stack(0x000000e97af00000,0x000000e97b000000)]
  0x00000234b7db5100 JavaThread "Daemon worker" [_thread_in_vm, id=9980, stack(0x000000e97b000000,0x000000e97b100000)]
  0x00000234b7db6440 JavaThread "Asynchronous log dispatcher for DefaultDaemonConnection: socket connection from /127.0.0.1:63438 to /127.0.0.1:63439" [_thread_blocked, id=8728, stack(0x000000e97b100000,0x000000e97b200000)]
  0x00000234b7db6910 JavaThread "Stdin handler" [_thread_blocked, id=12676, stack(0x000000e97b200000,0x000000e97b300000)]
  0x00000234b7db6de0 JavaThread "Daemon client event forwarder" [_thread_blocked, id=4012, stack(0x000000e97b300000,0x000000e97b400000)]
  0x00000234ba23eee0 JavaThread "Cache worker for journal cache (C:\Users\Mehmet emin\.gradle\caches\journal-1)" [_thread_blocked, id=1516, stack(0x000000e97b700000,0x000000e97b800000)]
  0x00000234ba23ea10 JavaThread "File lock request listener" [_thread_in_native, id=11384, stack(0x000000e97b800000,0x000000e97b900000)]
  0x00000234ba240220 JavaThread "Cache worker for file hash cache (C:\Users\Mehmet emin\.gradle\caches\7.5\fileHashes)" [_thread_blocked, id=4276, stack(0x000000e97b900000,0x000000e97ba00000)]
  0x00000234ba16d860 JavaThread "C2 CompilerThread1" daemon [_thread_in_native, id=2972, stack(0x000000e97ba00000,0x000000e97bb00000)]
  0x00000234bcf26860 JavaThread "C2 CompilerThread2" daemon [_thread_in_native, id=15500, stack(0x000000e97bb00000,0x000000e97bc00000)]
  0x00000234ba23fd50 JavaThread "File watcher server" daemon [_thread_in_native, id=13668, stack(0x000000e97bc00000,0x000000e97bd00000)]
  0x00000234ba2406f0 JavaThread "File watcher consumer" daemon [_thread_blocked, id=4288, stack(0x000000e97bd00000,0x000000e97be00000)]
  0x00000234ba240bc0 JavaThread "jar transforms" [_thread_blocked, id=16240, stack(0x000000e97be00000,0x000000e97bf00000)]
  0x00000234ba241560 JavaThread "jar transforms Thread 2" [_thread_blocked, id=11204, stack(0x000000e97bf00000,0x000000e97c000000)]
  0x00000234ba241090 JavaThread "jar transforms Thread 3" [_thread_blocked, id=3780, stack(0x000000e97c000000,0x000000e97c100000)]
  0x00000234ba23e540 JavaThread "jar transforms Thread 4" [_thread_blocked, id=6428, stack(0x000000e97c100000,0x000000e97c200000)]
  0x00000234ba23f3b0 JavaThread "jar transforms Thread 5" [_thread_blocked, id=12664, stack(0x000000e97c200000,0x000000e97c300000)]
  0x00000234ba241a30 JavaThread "jar transforms Thread 6" [_thread_blocked, id=12384, stack(0x000000e97c300000,0x000000e97c400000)]
  0x00000234ba23f880 JavaThread "jar transforms Thread 7" [_thread_blocked, id=4932, stack(0x000000e97c400000,0x000000e97c500000)]
  0x00000234bcc89520 JavaThread "jar transforms Thread 8" [_thread_blocked, id=17280, stack(0x000000e97c500000,0x000000e97c600000)]
  0x00000234bcc83e80 JavaThread "Cache worker for checksums cache (C:\Users\Mehmet emin\StudioProjects\UrunTakipOtomasyonQR\.gradle\7.5\checksums)" [_thread_blocked, id=10168, stack(0x000000e97c600000,0x000000e97c700000)]
  0x00000234bcc851c0 JavaThread "Cache worker for cache directory md-rule (C:\Users\Mehmet emin\.gradle\caches\7.5\md-rule)" [_thread_blocked, id=3164, stack(0x000000e97c700000,0x000000e97c800000)]
  0x00000234bcc899f0 JavaThread "Cache worker for file content cache (C:\Users\Mehmet emin\.gradle\caches\7.5\fileContent)" [_thread_blocked, id=12240, stack(0x000000e97c800000,0x000000e97c900000)]
  0x00000234bcc86ea0 JavaThread "Cache worker for file hash cache (C:\Users\Mehmet emin\StudioProjects\UrunTakipOtomasyonQR\.gradle\7.5\fileHashes)" [_thread_blocked, id=9220, stack(0x000000e97c900000,0x000000e97ca00000)]
  0x00000234bcc87840 JavaThread "Cache worker for cache directory md-supplier (C:\Users\Mehmet emin\.gradle\caches\7.5\md-supplier)" [_thread_blocked, id=15952, stack(0x000000e97ca00000,0x000000e97cb00000)]
  0x00000234bcc881e0 JavaThread "Cache worker for execution history cache (C:\Users\Mehmet emin\.gradle\caches\7.5\executionHistory)" [_thread_blocked, id=12068, stack(0x000000e97cb00000,0x000000e97cc00000)]

Other Threads:
  0x00000234b71bf700 VMThread "VM Thread" [stack: 0x000000e979800000,0x000000e979900000] [id=13788]
  0x00000234b7d2ca70 WatcherThread [stack: 0x000000e97a400000,0x000000e97a500000] [id=15504]
  0x000002349752ce30 GCTaskThread "GC Thread#0" [stack: 0x000000e979300000,0x000000e979400000] [id=7684]
  0x00000234b8d56a90 GCTaskThread "GC Thread#1" [stack: 0x000000e97a700000,0x000000e97a800000] [id=5956]
  0x00000234b8d56d40 GCTaskThread "GC Thread#2" [stack: 0x000000e97a800000,0x000000e97a900000] [id=2184]
  0x00000234b8971a50 GCTaskThread "GC Thread#3" [stack: 0x000000e97a900000,0x000000e97aa00000] [id=11548]
  0x00000234b80ffc40 GCTaskThread "GC Thread#4" [stack: 0x000000e97a600000,0x000000e97a700000] [id=9020]
  0x00000234babdeb40 GCTaskThread "GC Thread#5" [stack: 0x000000e97b400000,0x000000e97b500000] [id=3320]
  0x00000234ba0fa330 GCTaskThread "GC Thread#6" [stack: 0x000000e97b500000,0x000000e97b600000] [id=17308]
  0x00000234ba665ae0 GCTaskThread "GC Thread#7" [stack: 0x000000e97b600000,0x000000e97b700000] [id=3904]
  0x0000023497536c10 ConcurrentGCThread "G1 Main Marker" [stack: 0x000000e979400000,0x000000e979500000] [id=14416]
  0x0000023497537c60 ConcurrentGCThread "G1 Conc#0" [stack: 0x000000e979500000,0x000000e979600000] [id=2800]
  0x00000234ba56c8b0 ConcurrentGCThread "G1 Conc#1" [stack: 0x000000e97a500000,0x000000e97a600000] [id=2436]
  0x0000023497571070 ConcurrentGCThread "G1 Refine#0" [stack: 0x000000e979600000,0x000000e979700000] [id=13304]
  0x0000023497571930 ConcurrentGCThread "G1 Service" [stack: 0x000000e979700000,0x000000e979800000] [id=9096]

Threads with active compile tasks:
C2 CompilerThread0     7405 3930       4       org.objectweb.asm.Frame::execute (2318 bytes)
C2 CompilerThread1     7405 3982       4       org.codehaus.groovy.reflection.CachedMethod::compareTo (25 bytes)
C2 CompilerThread2     7405 3983       4       org.codehaus.groovy.runtime.metaclass.MetaMethodIndex::addMethodToList (131 bytes)

VM state: not at safepoint (normal execution)

VM Mutex/Monitor currently owned by a thread: None

Heap address: 0x00000006e0000000, size: 4608 MB, Compressed Oops mode: Zero based, Oop shift amount: 3

CDS archive(s) not mapped
Compressed class space mapped at: 0x0000000800000000-0x0000000840000000, reserved size: 1073741824
Narrow klass base: 0x0000000800000000, Narrow klass shift: 0, Narrow klass range: 0x40000000

GC Precious Log:
 CPUs: 8 total, 8 available
 Memory: 7992M
 Large Page Support: Disabled
 NUMA Support: Disabled
 Compressed Oops: Enabled (Zero based)
 Heap Region Size: 4M
 Heap Min Capacity: 8M
 Heap Initial Capacity: 128M
 Heap Max Capacity: 4608M
 Pre-touch: Disabled
 Parallel Workers: 8
 Concurrent Workers: 2
 Concurrent Refinement Workers: 8
 Periodic GC: Disabled

Heap:
 garbage-first heap   total 122880K, used 64319K [0x00000006e0000000, 0x0000000800000000)
  region size 4096K, 4 young (16384K), 1 survivors (4096K)
 Metaspace       used 44350K, committed 44736K, reserved 1089536K
  class space    used 5867K, committed 6016K, reserved 1048576K

Heap Regions: E=young(eden), S=young(survivor), O=old, HS=humongous(starts), HC=humongous(continues), CS=collection set, F=free, OA=open archive, CA=closed archive, TAMS=top-at-mark-start (previous, next)
|   0|0x00000006e0000000, 0x00000006e0400000, 0x00000006e0400000|100%| O|  |TAMS 0x00000006e0400000, 0x00000006e0000000| Untracked 
|   1|0x00000006e0400000, 0x00000006e0800000, 0x00000006e0800000|100%|HS|  |TAMS 0x00000006e0800000, 0x00000006e0400000| Complete 
|   2|0x00000006e0800000, 0x00000006e0c00000, 0x00000006e0c00000|100%| O|  |TAMS 0x00000006e0c00000, 0x00000006e0800000| Untracked 
|   3|0x00000006e0c00000, 0x00000006e1000000, 0x00000006e1000000|100%| O|  |TAMS 0x00000006e1000000, 0x00000006e0c00000| Untracked 
|   4|0x00000006e1000000, 0x00000006e1400000, 0x00000006e1400000|100%| O|  |TAMS 0x00000006e1400000, 0x00000006e1000000| Untracked 
|   5|0x00000006e1400000, 0x00000006e1800000, 0x00000006e1800000|100%|HS|  |TAMS 0x00000006e1800000, 0x00000006e1400000| Complete 
|   6|0x00000006e1800000, 0x00000006e1c00000, 0x00000006e1c00000|100%|HS|  |TAMS 0x00000006e1c00000, 0x00000006e1800000| Complete 
|   7|0x00000006e1c00000, 0x00000006e2000000, 0x00000006e2000000|100%| O|  |TAMS 0x00000006e2000000, 0x00000006e1c00000| Untracked 
|   8|0x00000006e2000000, 0x00000006e2400000, 0x00000006e2400000|100%| O|  |TAMS 0x00000006e2364400, 0x00000006e2000000| Untracked 
|   9|0x00000006e2400000, 0x00000006e24b8c00, 0x00000006e2800000| 18%| O|  |TAMS 0x00000006e2400000, 0x00000006e2400000| Untracked 
|  10|0x00000006e2800000, 0x00000006e2c00000, 0x00000006e2c00000|100%|HS|  |TAMS 0x00000006e2c00000, 0x00000006e2800000| Complete 
|  11|0x00000006e2c00000, 0x00000006e3000000, 0x00000006e3000000|100%|HC|  |TAMS 0x00000006e3000000, 0x00000006e2c00000| Complete 
|  12|0x00000006e3000000, 0x00000006e3400000, 0x00000006e3400000|100%|HC|  |TAMS 0x00000006e3400000, 0x00000006e3000000| Complete 
|  13|0x00000006e3400000, 0x00000006e3800000, 0x00000006e3800000|100%| O|  |TAMS 0x00000006e3800000, 0x00000006e3400000| Untracked 
|  14|0x00000006e3800000, 0x00000006e3800000, 0x00000006e3c00000|  0%| F|  |TAMS 0x00000006e3800000, 0x00000006e3800000| Untracked 
|  15|0x00000006e3c00000, 0x00000006e3c00000, 0x00000006e4000000|  0%| F|  |TAMS 0x00000006e3c00000, 0x00000006e3c00000| Untracked 
|  16|0x00000006e4000000, 0x00000006e4000000, 0x00000006e4400000|  0%| F|  |TAMS 0x00000006e4000000, 0x00000006e4000000| Untracked 
|  17|0x00000006e4400000, 0x00000006e4400000, 0x00000006e4800000|  0%| F|  |TAMS 0x00000006e4400000, 0x00000006e4400000| Untracked 
|  18|0x00000006e4800000, 0x00000006e4a17380, 0x00000006e4c00000| 52%| S|CS|TAMS 0x00000006e4800000, 0x00000006e4800000| Complete 
|  19|0x00000006e4c00000, 0x00000006e4c00000, 0x00000006e5000000|  0%| F|  |TAMS 0x00000006e4c00000, 0x00000006e4c00000| Untracked 
|  20|0x00000006e5000000, 0x00000006e5000000, 0x00000006e5400000|  0%| F|  |TAMS 0x00000006e5000000, 0x00000006e5000000| Untracked 
|  21|0x00000006e5400000, 0x00000006e5400000, 0x00000006e5800000|  0%| F|  |TAMS 0x00000006e5400000, 0x00000006e5400000| Untracked 
|  22|0x00000006e5800000, 0x00000006e5800000, 0x00000006e5c00000|  0%| F|  |TAMS 0x00000006e5800000, 0x00000006e5800000| Untracked 
|  23|0x00000006e5c00000, 0x00000006e5c00000, 0x00000006e6000000|  0%| F|  |TAMS 0x00000006e5c00000, 0x00000006e5c00000| Untracked 
|  24|0x00000006e6000000, 0x00000006e6000000, 0x00000006e6400000|  0%| F|  |TAMS 0x00000006e6000000, 0x00000006e6000000| Untracked 
|  25|0x00000006e6400000, 0x00000006e6400000, 0x00000006e6800000|  0%| F|  |TAMS 0x00000006e6400000, 0x00000006e6400000| Untracked 
|  26|0x00000006e6800000, 0x00000006e6800000, 0x00000006e6c00000|  0%| F|  |TAMS 0x00000006e6800000, 0x00000006e6800000| Untracked 
|  27|0x00000006e6c00000, 0x00000006e6d32480, 0x00000006e7000000| 29%| E|  |TAMS 0x00000006e6c00000, 0x00000006e6c00000| Complete 
|  29|0x00000006e7400000, 0x00000006e7800000, 0x00000006e7800000|100%| E|CS|TAMS 0x00000006e7400000, 0x00000006e7400000| Complete 
|  31|0x00000006e7c00000, 0x00000006e8000000, 0x00000006e8000000|100%| E|CS|TAMS 0x00000006e7c00000, 0x00000006e7c00000| Complete 

Card table byte_map: [0x00000234aa5c0000,0x00000234aaec0000] _byte_map_base: 0x00000234a6ec0000

Marking Bits (Prev, Next): (CMBitMap*) 0x000002349752d2e0, (CMBitMap*) 0x000002349752d320
 Prev Bits: [0x00000234ab7c0000, 0x00000234affc0000)
 Next Bits: [0x00000234affc0000, 0x00000234b47c0000)

Polling page: 0x0000023496c80000

Metaspace:

Usage:
  Non-class:     37.59 MB used.
      Class:      5.73 MB used.
       Both:     43.32 MB used.

Virtual space:
  Non-class space:       40.00 MB reserved,      37.81 MB ( 95%) committed,  5 nodes.
      Class space:        1.00 GB reserved,       5.88 MB ( <1%) committed,  1 nodes.
             Both:        1.04 GB reserved,      43.69 MB (  4%) committed. 

Chunk freelists:
   Non-Class:  1.57 MB
       Class:  2.07 MB
        Both:  3.64 MB

MaxMetaspaceSize: unlimited
CompressedClassSpaceSize: 1.00 GB
Initial GC threshold: 21.00 MB
Current GC threshold: 71.38 MB
CDS: off
MetaspaceReclaimPolicy: balanced
 - commit_granule_bytes: 65536.
 - commit_granule_words: 8192.
 - virtual_space_node_default_size: 1048576.
 - enlarge_chunks_in_place: 1.
 - new_chunks_are_fully_committed: 0.
 - uncommit_free_chunks: 1.
 - use_allocation_guard: 0.
 - handle_deallocations: 1.


Internal statistics:

num_allocs_failed_limit: 3.
num_arena_births: 398.
num_arena_deaths: 0.
num_vsnodes_births: 6.
num_vsnodes_deaths: 0.
num_space_committed: 699.
num_space_uncommitted: 0.
num_chunks_returned_to_freelist: 3.
num_chunks_taken_from_freelist: 1716.
num_chunk_merges: 3.
num_chunk_splits: 1097.
num_chunks_enlarged: 745.
num_purges: 0.
num_inconsistent_stats: 0.

CodeHeap 'non-profiled nmethods': size=120000Kb used=2642Kb max_used=2642Kb free=117357Kb
 bounds [0x00000234a2450000, 0x00000234a26f0000, 0x00000234a9980000]
CodeHeap 'profiled nmethods': size=120000Kb used=8360Kb max_used=8360Kb free=111639Kb
 bounds [0x000002349a980000, 0x000002349b1b0000, 0x00000234a1eb0000]
CodeHeap 'non-nmethods': size=5760Kb used=2290Kb max_used=2357Kb free=3469Kb
 bounds [0x00000234a1eb0000, 0x00000234a2120000, 0x00000234a2450000]
 total_blobs=4824 nmethods=4023 adapters=712
 compilation: enabled
              stopped_count=0, restarted_count=0
 full_count=0

Compilation events (20 events):
Event: 7.349 Thread 0x00000234b7c254e0 3997       3       java.util.HashMap$ValueIterator::next (8 bytes)
Event: 7.350 Thread 0x00000234b7c254e0 nmethod 3997 0x000002349b196e10 code [0x000002349b196fc0, 0x000002349b197108]
Event: 7.350 Thread 0x00000234b7c254e0 3996  s!   3       java.beans.PropertyDescriptor::getPropertyType (33 bytes)
Event: 7.350 Thread 0x00000234b7c254e0 nmethod 3996 0x000002349b197210 code [0x000002349b197440, 0x000002349b197e28]
Event: 7.351 Thread 0x00000234b7c254e0 3999       3       java.beans.PropertyDescriptor::setClass0 (25 bytes)
Event: 7.352 Thread 0x00000234b7c254e0 nmethod 3999 0x000002349b198190 code [0x000002349b1983c0, 0x000002349b198eb8]
Event: 7.353 Thread 0x00000234bcf26860 nmethod 3980 0x00000234a26e3110 code [0x00000234a26e32c0, 0x00000234a26e3ab8]
Event: 7.353 Thread 0x00000234bcf26860 3983       4       org.codehaus.groovy.runtime.metaclass.MetaMethodIndex::addMethodToList (131 bytes)
Event: 7.367 Thread 0x00000234b7c254e0 4000       3       java.util.Collections$UnmodifiableMap$UnmodifiableEntrySet$1::next (5 bytes)
Event: 7.367 Thread 0x00000234b7c254e0 nmethod 4000 0x000002349b199190 code [0x000002349b199380, 0x000002349b199ad8]
Event: 7.367 Thread 0x00000234b7c254e0 4001       3       java.util.Collections$UnmodifiableMap$UnmodifiableEntrySet$1::next (20 bytes)
Event: 7.368 Thread 0x00000234b7c254e0 nmethod 4001 0x000002349b199d10 code [0x000002349b199f00, 0x000002349b19a5f8]
Event: 7.375 Thread 0x00000234b7c254e0 4002       3       java.util.Arrays::hashCode (56 bytes)
Event: 7.375 Thread 0x00000234b7c254e0 nmethod 4002 0x000002349b19a810 code [0x000002349b19a9c0, 0x000002349b19ad28]
Event: 7.375 Thread 0x00000234b7c254e0 4003       3       java.util.ArrayDeque::removeFirst (19 bytes)
Event: 7.376 Thread 0x00000234b7c254e0 nmethod 4003 0x000002349b19ae90 code [0x000002349b19b040, 0x000002349b19b298]
Event: 7.376 Thread 0x00000234b7c254e0 4004       3       org.gradle.internal.instantiation.generator.AbstractClassGenerator$ClassMetadata::resolveTypeVariables (19 bytes)
Event: 7.376 Thread 0x00000234b7c254e0 nmethod 4004 0x000002349b19b390 code [0x000002349b19b540, 0x000002349b19b868]
Event: 7.376 Thread 0x00000234b7c254e0 4007       3       org.gradle.model.internal.asm.MethodVisitorScope::_IFNONNULL (9 bytes)
Event: 7.376 Thread 0x00000234b7c254e0 nmethod 4007 0x000002349b19b990 code [0x000002349b19bb40, 0x000002349b19bdc8]

GC Heap History (20 events):
Event: 1.285 GC heap before
{Heap before GC invocations=1 (full 0):
 garbage-first heap   total 131072K, used 26059K [0x00000006e0000000, 0x0000000800000000)
  region size 4096K, 5 young (20480K), 1 survivors (4096K)
 Metaspace       used 11167K, committed 11328K, reserved 1064960K
  class space    used 1165K, committed 1280K, reserved 1048576K
}
Event: 1.290 GC heap after
{Heap after GC invocations=2 (full 0):
 garbage-first heap   total 131072K, used 10509K [0x00000006e0000000, 0x0000000800000000)
  region size 4096K, 1 young (4096K), 1 survivors (4096K)
 Metaspace       used 11167K, committed 11328K, reserved 1064960K
  class space    used 1165K, committed 1280K, reserved 1048576K
}
Event: 2.846 GC heap before
{Heap before GC invocations=2 (full 0):
 garbage-first heap   total 131072K, used 59661K [0x00000006e0000000, 0x0000000800000000)
  region size 4096K, 13 young (53248K), 1 survivors (4096K)
 Metaspace       used 19715K, committed 20032K, reserved 1073152K
  class space    used 2357K, committed 2496K, reserved 1048576K
}
Event: 2.853 GC heap after
{Heap after GC invocations=3 (full 0):
 garbage-first heap   total 131072K, used 17825K [0x00000006e0000000, 0x0000000800000000)
  region size 4096K, 2 young (8192K), 2 survivors (8192K)
 Metaspace       used 19715K, committed 20032K, reserved 1073152K
  class space    used 2357K, committed 2496K, reserved 1048576K
}
Event: 2.980 GC heap before
{Heap before GC invocations=3 (full 0):
 garbage-first heap   total 131072K, used 21921K [0x00000006e0000000, 0x0000000800000000)
  region size 4096K, 4 young (16384K), 2 survivors (8192K)
 Metaspace       used 21258K, committed 21504K, reserved 1073152K
  class space    used 2575K, committed 2688K, reserved 1048576K
}
Event: 2.986 GC heap after
{Heap after GC invocations=4 (full 0):
 garbage-first heap   total 131072K, used 18570K [0x00000006e0000000, 0x0000000800000000)
  region size 4096K, 1 young (4096K), 1 survivors (4096K)
 Metaspace       used 21258K, committed 21504K, reserved 1073152K
  class space    used 2575K, committed 2688K, reserved 1048576K
}
Event: 4.373 GC heap before
{Heap before GC invocations=5 (full 0):
 garbage-first heap   total 98304K, used 71818K [0x00000006e0000000, 0x0000000800000000)
  region size 4096K, 14 young (57344K), 1 survivors (4096K)
 Metaspace       used 28885K, committed 29184K, reserved 1081344K
  class space    used 3908K, committed 4032K, reserved 1048576K
}
Event: 4.381 GC heap after
{Heap after GC invocations=6 (full 0):
 garbage-first heap   total 98304K, used 28236K [0x00000006e0000000, 0x0000000800000000)
  region size 4096K, 2 young (8192K), 2 survivors (8192K)
 Metaspace       used 28885K, committed 29184K, reserved 1081344K
  class space    used 3908K, committed 4032K, reserved 1048576K
}
Event: 4.493 GC heap before
{Heap before GC invocations=6 (full 0):
 garbage-first heap   total 98304K, used 44620K [0x00000006e0000000, 0x0000000800000000)
  region size 4096K, 3 young (12288K), 2 survivors (8192K)
 Metaspace       used 29045K, committed 29376K, reserved 1081344K
  class space    used 3937K, committed 4096K, reserved 1048576K
}
Event: 4.498 GC heap after
{Heap after GC invocations=7 (full 0):
 garbage-first heap   total 98304K, used 47274K [0x00000006e0000000, 0x0000000800000000)
  region size 4096K, 1 young (4096K), 1 survivors (4096K)
 Metaspace       used 29045K, committed 29376K, reserved 1081344K
  class space    used 3937K, committed 4096K, reserved 1048576K
}
Event: 4.917 GC heap before
{Heap before GC invocations=7 (full 0):
 garbage-first heap   total 98304K, used 67754K [0x00000006e0000000, 0x0000000800000000)
  region size 4096K, 6 young (24576K), 1 survivors (4096K)
 Metaspace       used 31817K, committed 32128K, reserved 1081344K
  class space    used 4375K, committed 4544K, reserved 1048576K
}
Event: 4.919 GC heap after
{Heap after GC invocations=8 (full 0):
 garbage-first heap   total 98304K, used 49563K [0x00000006e0000000, 0x0000000800000000)
  region size 4096K, 1 young (4096K), 1 survivors (4096K)
 Metaspace       used 31817K, committed 32128K, reserved 1081344K
  class space    used 4375K, committed 4544K, reserved 1048576K
}
Event: 5.254 GC heap before
{Heap before GC invocations=9 (full 0):
 garbage-first heap   total 98304K, used 65947K [0x00000006e0000000, 0x0000000800000000)
  region size 4096K, 5 young (20480K), 1 survivors (4096K)
 Metaspace       used 34077K, committed 34432K, reserved 1081344K
  class space    used 4757K, committed 4928K, reserved 1048576K
}
Event: 5.256 GC heap after
{Heap after GC invocations=10 (full 0):
 garbage-first heap   total 98304K, used 50198K [0x00000006e0000000, 0x0000000800000000)
  region size 4096K, 1 young (4096K), 1 survivors (4096K)
 Metaspace       used 34077K, committed 34432K, reserved 1081344K
  class space    used 4757K, committed 4928K, reserved 1048576K
}
Event: 6.165 GC heap before
{Heap before GC invocations=10 (full 0):
 garbage-first heap   total 98304K, used 70678K [0x00000006e0000000, 0x0000000800000000)
  region size 4096K, 6 young (24576K), 1 survivors (4096K)
 Metaspace       used 40096K, committed 40448K, reserved 1089536K
  class space    used 5429K, committed 5568K, reserved 1048576K
}
Event: 6.169 GC heap after
{Heap after GC invocations=11 (full 0):
 garbage-first heap   total 98304K, used 52641K [0x00000006e0000000, 0x0000000800000000)
  region size 4096K, 1 young (4096K), 1 survivors (4096K)
 Metaspace       used 40096K, committed 40448K, reserved 1089536K
  class space    used 5429K, committed 5568K, reserved 1048576K
}
Event: 6.392 GC heap before
{Heap before GC invocations=12 (full 0):
 garbage-first heap   total 102400K, used 69025K [0x00000006e0000000, 0x0000000800000000)
  region size 4096K, 5 young (20480K), 1 survivors (4096K)
 Metaspace       used 41165K, committed 41536K, reserved 1089536K
  class space    used 5513K, committed 5696K, reserved 1048576K
}
Event: 6.397 GC heap after
{Heap after GC invocations=13 (full 0):
 garbage-first heap   total 102400K, used 55174K [0x00000006e0000000, 0x0000000800000000)
  region size 4096K, 1 young (4096K), 1 survivors (4096K)
 Metaspace       used 41165K, committed 41536K, reserved 1089536K
  class space    used 5513K, committed 5696K, reserved 1048576K
}
Event: 7.253 GC heap before
{Heap before GC invocations=13 (full 0):
 garbage-first heap   total 102400K, used 71558K [0x00000006e0000000, 0x0000000800000000)
  region size 4096K, 6 young (24576K), 1 survivors (4096K)
 Metaspace       used 43340K, committed 43776K, reserved 1089536K
  class space    used 5688K, committed 5888K, reserved 1048576K
}
Event: 7.256 GC heap after
{Heap after GC invocations=14 (full 0):
 garbage-first heap   total 122880K, used 56127K [0x00000006e0000000, 0x0000000800000000)
  region size 4096K, 1 young (4096K), 1 survivors (4096K)
 Metaspace       used 43340K, committed 43776K, reserved 1089536K
  class space    used 5688K, committed 5888K, reserved 1048576K
}

Dll operation events (2 events):
Event: 0.008 Loaded shared library C:\Program Files\Android\Android Studio\jbr\bin\java.dll
Event: 0.567 Loaded shared library C:\Program Files\Android\Android Studio\jbr\bin\verify.dll

Deoptimization events (20 events):
Event: 7.229 Thread 0x00000234b7db5100 Uncommon trap: trap_request=0xffffffbe fr.pc=0x00000234a26aa550 relative=0x0000000000000810
Event: 7.229 Thread 0x00000234b7db5100 Uncommon trap: reason=profile_predicate action=maybe_recompile pc=0x00000234a26aa550 method=java.lang.PublicMethods$MethodList.filter([Ljava/lang/reflect/Method;Ljava/lang/String;[Ljava/lang/Class;Z)Ljava/lang/PublicMethods$MethodList; @ 21 c2
Event: 7.229 Thread 0x00000234b7db5100 DEOPT PACKING pc=0x00000234a26aa550 sp=0x000000e97b0f7ae0
Event: 7.229 Thread 0x00000234b7db5100 DEOPT UNPACKING pc=0x00000234a1f069a3 sp=0x000000e97b0f7a88 mode 2
Event: 7.229 Thread 0x00000234b7db5100 Uncommon trap: trap_request=0xffffffbe fr.pc=0x00000234a26aa550 relative=0x0000000000000810
Event: 7.229 Thread 0x00000234b7db5100 Uncommon trap: reason=profile_predicate action=maybe_recompile pc=0x00000234a26aa550 method=java.lang.PublicMethods$MethodList.filter([Ljava/lang/reflect/Method;Ljava/lang/String;[Ljava/lang/Class;Z)Ljava/lang/PublicMethods$MethodList; @ 21 c2
Event: 7.230 Thread 0x00000234b7db5100 DEOPT PACKING pc=0x00000234a26aa550 sp=0x000000e97b0f7ae0
Event: 7.230 Thread 0x00000234b7db5100 DEOPT UNPACKING pc=0x00000234a1f069a3 sp=0x000000e97b0f7a88 mode 2
Event: 7.230 Thread 0x00000234b7db5100 Uncommon trap: trap_request=0xffffffbe fr.pc=0x00000234a26aa550 relative=0x0000000000000810
Event: 7.230 Thread 0x00000234b7db5100 Uncommon trap: reason=profile_predicate action=maybe_recompile pc=0x00000234a26aa550 method=java.lang.PublicMethods$MethodList.filter([Ljava/lang/reflect/Method;Ljava/lang/String;[Ljava/lang/Class;Z)Ljava/lang/PublicMethods$MethodList; @ 21 c2
Event: 7.230 Thread 0x00000234b7db5100 DEOPT PACKING pc=0x00000234a26aa550 sp=0x000000e97b0f7ae0
Event: 7.230 Thread 0x00000234b7db5100 DEOPT UNPACKING pc=0x00000234a1f069a3 sp=0x000000e97b0f7a88 mode 2
Event: 7.268 Thread 0x00000234b7db5100 Uncommon trap: trap_request=0xffffffbe fr.pc=0x00000234a26aa550 relative=0x0000000000000810
Event: 7.268 Thread 0x00000234b7db5100 Uncommon trap: reason=profile_predicate action=maybe_recompile pc=0x00000234a26aa550 method=java.lang.PublicMethods$MethodList.filter([Ljava/lang/reflect/Method;Ljava/lang/String;[Ljava/lang/Class;Z)Ljava/lang/PublicMethods$MethodList; @ 21 c2
Event: 7.268 Thread 0x00000234b7db5100 DEOPT PACKING pc=0x00000234a26aa550 sp=0x000000e97b0f6d60
Event: 7.268 Thread 0x00000234b7db5100 DEOPT UNPACKING pc=0x00000234a1f069a3 sp=0x000000e97b0f6d08 mode 2
Event: 7.338 Thread 0x00000234b7db5100 Uncommon trap: trap_request=0xffffff45 fr.pc=0x00000234a2635f38 relative=0x0000000000000118
Event: 7.338 Thread 0x00000234b7db5100 Uncommon trap: reason=unstable_if action=reinterpret pc=0x00000234a2635f38 method=java.util.Arrays.hashCode([Ljava/lang/Object;)I @ 34 c2
Event: 7.338 Thread 0x00000234b7db5100 DEOPT PACKING pc=0x00000234a2635f38 sp=0x000000e97b0f7b90
Event: 7.338 Thread 0x00000234b7db5100 DEOPT UNPACKING pc=0x00000234a1f069a3 sp=0x000000e97b0f7b08 mode 2

Classes unloaded (0 events):
No events

Classes redefined (0 events):
No events

Internal exceptions (20 events):
Event: 7.111 Thread 0x00000234b7db5100 Exception <a 'java/lang/ClassNotFoundException'{0x00000006e570b240}: groovy/lang/Closure$1BeanInfo> (0x00000006e570b240) 
thrown [s\src\hotspot\share\classfile\systemDictionary.cpp, line 256]
Event: 7.112 Thread 0x00000234b7db5100 Exception <a 'java/lang/ClassNotFoundException'{0x00000006e572f078}: groovy/lang/ClosureBeanInfo> (0x00000006e572f078) 
thrown [s\src\hotspot\share\classfile\systemDictionary.cpp, line 256]
Event: 7.112 Thread 0x00000234b7db5100 Exception <a 'java/lang/ClassNotFoundException'{0x00000006e5753390}: groovy/lang/ClosureCustomizer> (0x00000006e5753390) 
thrown [s\src\hotspot\share\classfile\systemDictionary.cpp, line 256]
Event: 7.116 Thread 0x00000234b7db5100 Exception <a 'java/lang/ClassNotFoundException'{0x00000006e5799e20}: groovy/lang/Closure$1Customizer> (0x00000006e5799e20) 
thrown [s\src\hotspot\share\classfile\systemDictionary.cpp, line 256]
Event: 7.159 Thread 0x00000234ba241a30 Exception <a 'sun/nio/fs/WindowsException'{0x00000006e4c89fc0}> (0x00000006e4c89fc0) 
thrown [s\src\hotspot\share\prims\jni.cpp, line 517]
Event: 7.206 Thread 0x00000234ba241a30 Exception <a 'sun/nio/fs/WindowsException'{0x00000006e4d73768}> (0x00000006e4d73768) 
thrown [s\src\hotspot\share\prims\jni.cpp, line 517]
Event: 7.207 Thread 0x00000234ba241a30 Exception <a 'sun/nio/fs/WindowsException'{0x00000006e4d73988}> (0x00000006e4d73988) 
thrown [s\src\hotspot\share\prims\jni.cpp, line 517]
Event: 7.216 Thread 0x00000234b7db5100 Exception <a 'java/lang/ClassNotFoundException'{0x00000006e4dee2e0}: sync_studio_tooling424_7d80r5ctx7cx5qy078e9w9so8BeanInfo> (0x00000006e4dee2e0) 
thrown [s\src\hotspot\share\classfile\systemDictionary.cpp, line 256]
Event: 7.217 Thread 0x00000234b7db5100 Exception <a 'java/lang/ClassNotFoundException'{0x00000006e4df4c10}: sync_studio_tooling424_7d80r5ctx7cx5qy078e9w9so8Customizer> (0x00000006e4df4c10) 
thrown [s\src\hotspot\share\classfile\systemDictionary.cpp, line 256]
Event: 7.223 Thread 0x00000234b7db5100 Exception <a 'java/lang/ClassNotFoundException'{0x00000006e4e40800}: org/gradle/internal/metaobject/ConfigureDelegateBeanInfo> (0x00000006e4e40800) 
thrown [s\src\hotspot\share\classfile\systemDictionary.cpp, line 256]
Event: 7.224 Thread 0x00000234b7db5100 Exception <a 'java/lang/ClassNotFoundException'{0x00000006e4e506c0}: org/gradle/internal/metaobject/ConfigureDelegateCustomizer> (0x00000006e4e506c0) 
thrown [s\src\hotspot\share\classfile\systemDictionary.cpp, line 256]
Event: 7.232 Thread 0x00000234b7db5100 Exception <a 'java/lang/ClassNotFoundException'{0x00000006e4ea7ac8}: org/gradle/api/internal/initialization/DefaultScriptHandlerBeanInfo> (0x00000006e4ea7ac8) 
thrown [s\src\hotspot\share\classfile\systemDictionary.cpp, line 256]
Event: 7.233 Thread 0x00000234b7db5100 Exception <a 'java/lang/ClassNotFoundException'{0x00000006e4eb8008}: org/gradle/api/internal/initialization/DefaultScriptHandlerCustomizer> (0x00000006e4eb8008) 
thrown [s\src\hotspot\share\classfile\systemDictionary.cpp, line 256]
Event: 7.338 Thread 0x00000234b7db5100 Implicit null exception at 0x00000234a2635e6c to 0x00000234a2635f1c
Event: 7.345 Thread 0x00000234b7db5100 Exception <a 'java/lang/ClassNotFoundException'{0x00000006e75080c8}: org/gradle/api/internal/artifacts/dsl/dependencies/DefaultDependencyHandler_DecoratedBeanInfo> (0x00000006e75080c8) 
thrown [s\src\hotspot\share\classfile\systemDictionary.cpp, line 256]
Event: 7.345 Thread 0x00000234b7db5100 Exception <a 'java/lang/ClassNotFoundException'{0x00000006e751d6a0}: org/gradle/api/internal/artifacts/dsl/dependencies/DefaultDependencyHandlerBeanInfo> (0x00000006e751d6a0) 
thrown [s\src\hotspot\share\classfile\systemDictionary.cpp, line 256]
Event: 7.346 Thread 0x00000234b7db5100 Exception <a 'java/lang/ClassNotFoundException'{0x00000006e75326e8}: org/gradle/api/internal/artifacts/dsl/dependencies/DefaultDependencyHandlerCustomizer> (0x00000006e75326e8) 
thrown [s\src\hotspot\share\classfile\systemDictionary.cpp, line 256]
Event: 7.349 Thread 0x00000234b7db5100 Exception <a 'java/lang/ClassNotFoundException'{0x00000006e7572c20}: org/gradle/api/internal/artifacts/dsl/dependencies/DefaultDependencyHandler_DecoratedCustomizer> (0x00000006e7572c20) 
thrown [s\src\hotspot\share\classfile\systemDictionary.cpp, line 256]
Event: 7.351 Thread 0x00000234b7db5100 Exception <a 'java/lang/ClassNotFoundException'{0x00000006e75b41d8}: sync_studio_tooling424_7d80r5ctx7cx5qy078e9w9so8$_run_closure1BeanInfo> (0x00000006e75b41d8) 
thrown [s\src\hotspot\share\classfile\systemDictionary.cpp, line 256]
Event: 7.351 Thread 0x00000234b7db5100 Exception <a 'java/lang/ClassNotFoundException'{0x00000006e75bb1c8}: sync_studio_tooling424_7d80r5ctx7cx5qy078e9w9so8$_run_closure1Customizer> (0x00000006e75bb1c8) 
thrown [s\src\hotspot\share\classfile\systemDictionary.cpp, line 256]

VM Operations (20 events):
Event: 6.216 Executing VM operation: HandshakeAllThreads
Event: 6.216 Executing VM operation: HandshakeAllThreads done
Event: 6.298 Executing VM operation: HandshakeAllThreads
Event: 6.298 Executing VM operation: HandshakeAllThreads done
Event: 6.392 Executing VM operation: G1CollectForAllocation
Event: 6.397 Executing VM operation: G1CollectForAllocation done
Event: 7.186 Executing VM operation: HandshakeAllThreads
Event: 7.186 Executing VM operation: HandshakeAllThreads done
Event: 7.253 Executing VM operation: G1CollectForAllocation
Event: 7.256 Executing VM operation: G1CollectForAllocation done
Event: 7.274 Executing VM operation: G1Concurrent
Event: 7.276 Executing VM operation: G1Concurrent done
Event: 7.284 Executing VM operation: G1Concurrent
Event: 7.284 Executing VM operation: G1Concurrent done
Event: 7.303 Executing VM operation: HandshakeAllThreads
Event: 7.303 Executing VM operation: HandshakeAllThreads done
Event: 7.320 Executing VM operation: HandshakeAllThreads
Event: 7.320 Executing VM operation: HandshakeAllThreads done
Event: 7.321 Executing VM operation: HandshakeAllThreads
Event: 7.321 Executing VM operation: HandshakeAllThreads done

Events (20 events):
Event: 7.116 loading class com/sun/beans/finder/MethodFinder$1
Event: 7.117 loading class com/sun/beans/finder/MethodFinder$1 done
Event: 7.117 loading class com/sun/beans/finder/FinderUtils
Event: 7.117 loading class com/sun/beans/finder/FinderUtils done
Event: 7.159 loading class sun/nio/fs/WindowsException
Event: 7.159 loading class sun/nio/fs/WindowsException done
Event: 7.166 loading class java/nio/charset/UnsupportedCharsetException
Event: 7.166 loading class java/nio/charset/UnsupportedCharsetException done
Event: 7.167 loading class java/util/zip/Deflater
Event: 7.167 loading class java/util/zip/Deflater done
Event: 7.168 loading class java/util/zip/Deflater$DeflaterZStreamRef
Event: 7.168 loading class java/util/zip/Deflater$DeflaterZStreamRef done
Event: 7.174 loading class java/nio/channels/Channels
Event: 7.174 loading class java/nio/channels/Channels done
Event: 7.174 loading class sun/nio/ch/ChannelInputStream
Event: 7.174 loading class sun/nio/ch/ChannelInputStream done
Event: 7.205 loading class java/nio/file/StandardCopyOption
Event: 7.205 loading class java/nio/file/StandardCopyOption done
Event: 7.205 loading class sun/nio/fs/WindowsFileCopy
Event: 7.206 loading class sun/nio/fs/WindowsFileCopy done


Dynamic libraries:
0x00007ff764ea0000 - 0x00007ff764eaa000 	C:\Program Files\Android\Android Studio\jbr\bin\java.exe
0x00007ff9f2cb0000 - 0x00007ff9f2ec4000 	C:\WINDOWS\SYSTEM32\ntdll.dll
0x00007ff9f1900000 - 0x00007ff9f19c2000 	C:\WINDOWS\System32\KERNEL32.DLL
0x00007ff9f0500000 - 0x00007ff9f08a3000 	C:\WINDOWS\System32\KERNELBASE.dll
0x00007ff9f02d0000 - 0x00007ff9f03e1000 	C:\WINDOWS\System32\ucrtbase.dll
0x00007ff9dd120000 - 0x00007ff9dd137000 	C:\Program Files\Android\Android Studio\jbr\bin\jli.dll
0x00007ff9daf20000 - 0x00007ff9daf3b000 	C:\Program Files\Android\Android Studio\jbr\bin\VCRUNTIME140.dll
0x00007ff9f16b0000 - 0x00007ff9f185a000 	C:\WINDOWS\System32\USER32.dll
0x00007ff9f00b0000 - 0x00007ff9f00d6000 	C:\WINDOWS\System32\win32u.dll
0x00007ff9f1f40000 - 0x00007ff9f1f69000 	C:\WINDOWS\System32\GDI32.dll
0x00007ff9d5e40000 - 0x00007ff9d60ce000 	C:\WINDOWS\WinSxS\amd64_microsoft.windows.common-controls_6595b64144ccf1df_6.0.22621.1635_none_270f70857386168e\COMCTL32.dll
0x00007ff9f0970000 - 0x00007ff9f0a89000 	C:\WINDOWS\System32\gdi32full.dll
0x00007ff9f1520000 - 0x00007ff9f15c7000 	C:\WINDOWS\System32\msvcrt.dll
0x00007ff9f03f0000 - 0x00007ff9f048a000 	C:\WINDOWS\System32\msvcp_win.dll
0x00007ff9f1f00000 - 0x00007ff9f1f31000 	C:\WINDOWS\System32\IMM32.DLL
0x00007ff9dd110000 - 0x00007ff9dd11c000 	C:\Program Files\Android\Android Studio\jbr\bin\vcruntime140_1.dll
0x00007ff9d3450000 - 0x00007ff9d34dd000 	C:\Program Files\Android\Android Studio\jbr\bin\msvcp140.dll
0x00007ff9a0c50000 - 0x00007ff9a18be000 	C:\Program Files\Android\Android Studio\jbr\bin\server\jvm.dll
0x00007ff9f1090000 - 0x00007ff9f113e000 	C:\WINDOWS\System32\ADVAPI32.dll
0x00007ff9f0fd0000 - 0x00007ff9f1074000 	C:\WINDOWS\System32\sechost.dll
0x00007ff9f1dd0000 - 0x00007ff9f1ee7000 	C:\WINDOWS\System32\RPCRT4.dll
0x00007ff9ddf00000 - 0x00007ff9ddf09000 	C:\WINDOWS\SYSTEM32\WSOCK32.dll
0x00007ff9e91b0000 - 0x00007ff9e91e4000 	C:\WINDOWS\SYSTEM32\WINMM.dll
0x00007ff9f15d0000 - 0x00007ff9f1641000 	C:\WINDOWS\System32\WS2_32.dll
0x00007ff9e3840000 - 0x00007ff9e384a000 	C:\WINDOWS\SYSTEM32\VERSION.dll
0x00007ff9ef150000 - 0x00007ff9ef168000 	C:\WINDOWS\SYSTEM32\kernel.appcore.dll
0x00007ff9ec2a0000 - 0x00007ff9ec2aa000 	C:\Program Files\Android\Android Studio\jbr\bin\jimage.dll
0x00007ff9dbc50000 - 0x00007ff9dbe7e000 	C:\WINDOWS\SYSTEM32\DBGHELP.DLL
0x00007ff9f1f70000 - 0x00007ff9f22f9000 	C:\WINDOWS\System32\combase.dll
0x00007ff9f2b00000 - 0x00007ff9f2bd7000 	C:\WINDOWS\System32\OLEAUT32.dll
0x00007ff9de6c0000 - 0x00007ff9de6f2000 	C:\WINDOWS\SYSTEM32\dbgcore.DLL
0x00007ff9f0250000 - 0x00007ff9f02ca000 	C:\WINDOWS\System32\bcryptPrimitives.dll
0x00007ff9dddd0000 - 0x00007ff9dddf5000 	C:\Program Files\Android\Android Studio\jbr\bin\java.dll
0x00007ff9ea990000 - 0x00007ff9ea9a8000 	C:\Program Files\Android\Android Studio\jbr\bin\zip.dll
0x00007ff9f2300000 - 0x00007ff9f2af9000 	C:\WINDOWS\System32\SHELL32.dll
0x00007ff9ee060000 - 0x00007ff9ee92e000 	C:\WINDOWS\SYSTEM32\windows.storage.dll
0x00007ff9edf20000 - 0x00007ff9ee05e000 	C:\WINDOWS\SYSTEM32\wintypes.dll
0x00007ff9f1c70000 - 0x00007ff9f1d61000 	C:\WINDOWS\System32\SHCORE.dll
0x00007ff9f1650000 - 0x00007ff9f16ae000 	C:\WINDOWS\System32\shlwapi.dll
0x00007ff9effe0000 - 0x00007ff9f0006000 	C:\WINDOWS\SYSTEM32\profapi.dll
0x00007ff9ddab0000 - 0x00007ff9ddac9000 	C:\Program Files\Android\Android Studio\jbr\bin\net.dll
0x00007ff9e8d40000 - 0x00007ff9e8e77000 	C:\WINDOWS\SYSTEM32\WINHTTP.dll
0x00007ff9ef610000 - 0x00007ff9ef679000 	C:\WINDOWS\system32\mswsock.dll
0x00007ff9dda90000 - 0x00007ff9ddaa6000 	C:\Program Files\Android\Android Studio\jbr\bin\nio.dll
0x00007ff9ec1d0000 - 0x00007ff9ec1e0000 	C:\Program Files\Android\Android Studio\jbr\bin\verify.dll
0x00007ff9da3c0000 - 0x00007ff9da3e7000 	C:\Users\Mehmet emin\.gradle\native\e1d6ef7f7dcc3fd88c89a11ec53ec762bb8ba0a96d01ffa2cd45eb1d1d8dd5c5\windows-amd64\native-platform.dll
0x00007ff9be2d0000 - 0x00007ff9be414000 	C:\Users\Mehmet emin\.gradle\native\0d407fdbe67a94daf76414ababcb853783967236a71b16ec16e742cd7a986fd3\windows-amd64\native-platform-file-events.dll
0x00007ff9ea650000 - 0x00007ff9ea659000 	C:\Program Files\Android\Android Studio\jbr\bin\management.dll
0x00007ff9e9f20000 - 0x00007ff9e9f2b000 	C:\Program Files\Android\Android Studio\jbr\bin\management_ext.dll
0x00007ff9f1370000 - 0x00007ff9f1378000 	C:\WINDOWS\System32\PSAPI.DLL
0x00007ff9ef930000 - 0x00007ff9ef94b000 	C:\WINDOWS\SYSTEM32\CRYPTSP.dll
0x00007ff9ef110000 - 0x00007ff9ef145000 	C:\WINDOWS\system32\rsaenh.dll
0x00007ff9ef6b0000 - 0x00007ff9ef6dc000 	C:\WINDOWS\SYSTEM32\USERENV.dll
0x00007ff9efa60000 - 0x00007ff9efa88000 	C:\WINDOWS\SYSTEM32\bcrypt.dll
0x00007ff9ef910000 - 0x00007ff9ef91c000 	C:\WINDOWS\SYSTEM32\CRYPTBASE.dll
0x00007ff9eec00000 - 0x00007ff9eec2d000 	C:\WINDOWS\SYSTEM32\IPHLPAPI.DLL
0x00007ff9f1ef0000 - 0x00007ff9f1ef9000 	C:\WINDOWS\System32\NSI.dll
0x00007ff9e84b0000 - 0x00007ff9e84c9000 	C:\WINDOWS\SYSTEM32\dhcpcsvc6.DLL
0x00007ff9e8c40000 - 0x00007ff9e8c5f000 	C:\WINDOWS\SYSTEM32\dhcpcsvc.DLL
0x00007ff9eec70000 - 0x00007ff9eed63000 	C:\WINDOWS\SYSTEM32\DNSAPI.dll
0x00007ff9d3760000 - 0x00007ff9d3768000 	C:\WINDOWS\system32\wshunix.dll

dbghelp: loaded successfully - version: 4.0.5 - missing functions: none
symbol engine: initialized successfully - sym options: 0x614 - pdb path: .;C:\Program Files\Android\Android Studio\jbr\bin;C:\WINDOWS\SYSTEM32;C:\WINDOWS\WinSxS\amd64_microsoft.windows.common-controls_6595b64144ccf1df_6.0.22621.1635_none_270f70857386168e;C:\Program Files\Android\Android Studio\jbr\bin\server;C:\Users\Mehmet emin\.gradle\native\e1d6ef7f7dcc3fd88c89a11ec53ec762bb8ba0a96d01ffa2cd45eb1d1d8dd5c5\windows-amd64;C:\Users\Mehmet emin\.gradle\native\0d407fdbe67a94daf76414ababcb853783967236a71b16ec16e742cd7a986fd3\windows-amd64

VM Arguments:
jvm_args: --add-opens=java.base/java.util=ALL-UNNAMED --add-opens=java.base/java.lang=ALL-UNNAMED --add-opens=java.base/java.lang.invoke=ALL-UNNAMED --add-opens=java.base/java.util=ALL-UNNAMED --add-opens=java.prefs/java.util.prefs=ALL-UNNAMED --add-opens=java.prefs/java.util.prefs=ALL-UNNAMED --add-opens=java.base/java.nio.charset=ALL-UNNAMED --add-opens=java.base/java.net=ALL-UNNAMED --add-opens=java.base/java.util.concurrent.atomic=ALL-UNNAMED -Xmx4608m -Dfile.encoding=UTF-8 -Duser.country=TR -Duser.language=tr -Duser.variant 
java_command: org.gradle.launcher.daemon.bootstrap.GradleDaemon 7.5
java_class_path (initial): C:\Users\Mehmet emin\.gradle\wrapper\dists\gradle-7.5-bin\f1w0cc9nuo0eivz97x2xlu9sv\gradle-7.5\lib\gradle-launcher-7.5.jar
Launcher Type: SUN_STANDARD

[Global flags]
     intx CICompilerCount                          = 4                                         {product} {ergonomic}
     uint ConcGCThreads                            = 2                                         {product} {ergonomic}
     uint G1ConcRefinementThreads                  = 8                                         {product} {ergonomic}
   size_t G1HeapRegionSize                         = 4194304                                   {product} {ergonomic}
    uintx GCDrainStackTargetSize                   = 64                                        {product} {ergonomic}
   size_t InitialHeapSize                          = 134217728                                 {product} {ergonomic}
   size_t MarkStackSize                            = 4194304                                   {product} {ergonomic}
   size_t MaxHeapSize                              = 4831838208                                {product} {command line}
   size_t MaxNewSize                               = 2898264064                                {product} {ergonomic}
   size_t MinHeapDeltaBytes                        = 4194304                                   {product} {ergonomic}
   size_t MinHeapSize                              = 8388608                                   {product} {ergonomic}
    uintx NonNMethodCodeHeapSize                   = 5839372                                {pd product} {ergonomic}
    uintx NonProfiledCodeHeapSize                  = 122909434                              {pd product} {ergonomic}
    uintx ProfiledCodeHeapSize                     = 122909434                              {pd product} {ergonomic}
    uintx ReservedCodeCacheSize                    = 251658240                              {pd product} {ergonomic}
     bool SegmentedCodeCache                       = true                                      {product} {ergonomic}
   size_t SoftMaxHeapSize                          = 4831838208                             {manageable} {ergonomic}
     bool UseCompressedClassPointers               = true                           {product lp64_product} {ergonomic}
     bool UseCompressedOops                        = true                           {product lp64_product} {ergonomic}
     bool UseG1GC                                  = true                                      {product} {ergonomic}
     bool UseLargePagesIndividualAllocation        = false                                  {pd product} {ergonomic}

Logging:
Log output configuration:
 #0: stdout all=warning uptime,level,tags
 #1: stderr all=off uptime,level,tags

Environment Variables:
JAVA_HOME=C:\Program Files\Java\jdk1.8.0_202
PATH=C:\Program Files (x86)\Common Files\Oracle\Java\javapath;C:\Program Files\Common Files\Oracle\Java\javapath;C:\ProgramData\Oracle\Java\javapath;C:\texlive\2000\bin\win32;C:\Windows\system32;C:\Windows;C:\Windows\System32\Wbem;C:\Windows\System32\WindowsPowerShell\v1.0\;C:\Windows\System32\OpenSSH\;C:\Program Files\NVIDIA Corporation\NVIDIA NvDLISR;C:\Program Files (x86)\NVIDIA Corporation\PhysX\Common;C:\Program Files\dotnet\;C:\Program Files\Microsoft SQL Server\130\Tools\Binn\;C:\Program Files\Microsoft SQL Server\Client SDK\ODBC\170\Tools\Binn\;C:\Program Files\Git\cmd;C:\WINDOWS\system32;C:\WINDOWS;C:\WINDOWS\System32\Wbem;C:\WINDOWS\System32\WindowsPowerShell\v1.0\;C:\WINDOWS\System32\OpenSSH\;C:\Program Files\Cloudflare\Cloudflare WARP;C:\Program Files\Java\jdk1.8.0_202\bin;C:\Users\Mehmet emin\AppData\Local\Programs\Python\Python310\Scripts\;C:\Users\Mehmet emin\AppData\Local\Programs\Python\Python310\;C:\Program Files\MySQL\MySQL Shell 8.0\bin\;C:\Users\Mehmet emin\AppData\Local\Microsoft\WindowsApps;C:\Users\Mehmet emin\.dotnet\tools;C:\Users\Mehmet emin\AppData\Local\Programs\Microsoft VS Code\bin;C:\Users\Mehmet emin\AppData\Local\GitHubDesktop\bin;C:\src\flutter\bin;C:\Program Files\Java\jdk1.8.0_202\bin;
USERNAME=Mehmet emin
OS=Windows_NT
PROCESSOR_IDENTIFIER=Intel64 Family 6 Model 158 Stepping 10, GenuineIntel
TMP=C:\Users\MEHMET~1\AppData\Local\Temp
TEMP=C:\Users\MEHMET~1\AppData\Local\Temp


JNI global refs:
JNI global refs: 28, weak refs: 0

JNI global refs memory usage: 843, weak refs: 841


---------------  S Y S T E M  ---------------

OS:
 Windows 11 , 64 bit Build 22621 (10.0.22621.1928)
OS uptime: 1 days 0:49 hours
Hyper-V role detected

CPU: total 8 (initial active 8) (4 cores per cpu, 2 threads per core) family 6 model 158 stepping 10 microcode 0xde, cx8, cmov, fxsr, ht, mmx, 3dnowpref, sse, sse2, sse3, ssse3, sse4.1, sse4.2, popcnt, lzcnt, tsc, tscinvbit, avx, avx2, aes, erms, clmul, bmi1, bmi2, adx, fma, vzeroupper, clflush, clflushopt, hv

Memory: 4k page, system-wide physical 7992M (558M free)
TotalPageFile size 12088M (AvailPageFile size 5M)
current process WorkingSet (physical memory assigned to process): 257M, peak: 257M
current process commit charge ("private bytes"): 311M, peak: 311M

vm_info: OpenJDK 64-Bit Server VM (17.0.6+0-b2043.56-10027231) for windows-amd64 JRE (17.0.6+0-b2043.56-10027231), built on Apr 28 2023 00:43:19 by "androidbuild" with MS VC++ 16.10 / 16.11 (VS2019)

END.
