#
# There is insufficient memory for the Java Runtime Environment to continue.
# Native memory allocation (mmap) failed to map 132120576 bytes for G1 virtual space
# Possible reasons:
#   The system is out of physical RAM or swap space
#   The process is running with CompressedOops enabled, and the Java Heap may be blocking the growth of the native heap
# Possible solutions:
#   Reduce memory load on the system
#   Increase physical memory or swap space
#   Check if swap backing store is full
#   Decrease Java heap size (-Xmx/-Xms)
#   Decrease number of Java threads
#   Decrease Java thread stack sizes (-Xss)
#   Set larger code cache with -XX:ReservedCodeCacheSize=
#   JVM is running with Unscaled Compressed Oops mode in which the Java heap is
#     placed in the first 4GB address space. The Java Heap base address is the
#     maximum limit for the native heap growth. Please use -XX:HeapBaseMinAddress
#     to set the Java Heap base and to place the Java Heap above 4GB virtual address.
# This output file may be truncated or incomplete.
#
#  Out of Memory Error (os_windows.cpp:3769), pid=3376, tid=4012
#
# JRE version:  (17.0.6) (build )
# Java VM: OpenJDK 64-Bit Server VM (17.0.6+0-b2043.56-10027231, mixed mode, sharing, tiered, compressed oops, compressed class ptrs, g1 gc, windows-amd64)
# No core dump will be written. Minidumps are not enabled by default on client versions of Windows
#

---------------  S U M M A R Y ------------

Command Line: org.jetbrains.kotlin.cli.jvm.K2JVMCompiler @C:\Users\Mehmet emin\StudioProjects\UrunTakipOtomasyonQR\app\build\20230727_6085544928674790945.compiler.options

Host: Intel(R) Core(TM) i5-9300H CPU @ 2.40GHz, 8 cores, 7G,  Windows 11 , 64 bit Build 22621 (10.0.22621.1928)
Time: Thu Jul 27 13:32:56 2023 Türkiye Standart Saati elapsed time: 0.009752 seconds (0d 0h 0m 0s)

---------------  T H R E A D  ---------------

Current thread (0x000001a2e1cba530):  JavaThread "Unknown thread" [_thread_in_vm, id=4012, stack(0x0000001289c00000,0x0000001289d00000)]

Stack: [0x0000001289c00000,0x0000001289d00000]
Native frames: (J=compiled Java code, j=interpreted, Vv=VM code, C=native code)
V  [jvm.dll+0x683c9a]
V  [jvm.dll+0x8427a4]
V  [jvm.dll+0x843f9e]
V  [jvm.dll+0x844603]
V  [jvm.dll+0x249b75]
V  [jvm.dll+0x680b69]
V  [jvm.dll+0x67505a]
V  [jvm.dll+0x309acb]
V  [jvm.dll+0x310f86]
V  [jvm.dll+0x3608ee]
V  [jvm.dll+0x360b1f]
V  [jvm.dll+0x2dfbf8]
V  [jvm.dll+0x2e0b64]
V  [jvm.dll+0x814091]
V  [jvm.dll+0x36e6a1]
V  [jvm.dll+0x7f35cc]
V  [jvm.dll+0x3f0e8f]
V  [jvm.dll+0x3f29d1]
C  [jli.dll+0x526b]
C  [ucrtbase.dll+0x29363]
C  [KERNEL32.DLL+0x126ad]
C  [ntdll.dll+0x5aa68]


---------------  P R O C E S S  ---------------

Threads class SMR info:
_java_thread_list=0x00007ff9987ec058, length=0, elements={
}

Java Threads: ( => current thread )

Other Threads:
  0x000001a2e1d16010 GCTaskThread "GC Thread#0" [stack: 0x0000001289d00000,0x0000001289e00000] [id=3556]
  0x000001a2e1d26950 ConcurrentGCThread "G1 Main Marker" [stack: 0x0000001289e00000,0x0000001289f00000] [id=3208]
  0x000001a2e1d274c0 ConcurrentGCThread "G1 Conc#0" [stack: 0x0000001289f00000,0x000000128a000000] [id=1392]

[error occurred during error reporting (printing all threads), id 0xc0000005, EXCEPTION_ACCESS_VIOLATION (0xc0000005) at pc=0x00007ff997fa0797]

VM state: not at safepoint (not fully initialized)

VM Mutex/Monitor currently owned by a thread:  ([mutex/lock_event])
[0x000001a2e1cb6ec0] Heap_lock - owner thread: 0x000001a2e1cba530

Heap address: 0x0000000083000000, size: 2000 MB, Compressed Oops mode: 32-bit

CDS archive(s) mapped at: [0x0000000000000000-0x0000000000000000-0x0000000000000000), size 0, SharedBaseAddress: 0x0000000800000000, ArchiveRelocationMode: 0.
Narrow klass base: 0x0000000000000000, Narrow klass shift: 0, Narrow klass range: 0x0

GC Precious Log:
<Empty>

Heap:
 garbage-first heap   total 0K, used 0K [0x0000000083000000, 0x0000000100000000)
  region size 1024K, 0 young (0K), 0 survivors (0K)

[error occurred during error reporting (printing heap information), id 0xc0000005, EXCEPTION_ACCESS_VIOLATION (0xc0000005) at pc=0x00007ff99838da89]

GC Heap History (0 events):
No events

Dll operation events (1 events):
Event: 0.006 Loaded shared library C:\Program Files\Android\Android Studio\jbr\bin\java.dll

Deoptimization events (0 events):
No events

Classes unloaded (0 events):
No events

Classes redefined (0 events):
No events

Internal exceptions (0 events):
No events

VM Operations (0 events):
No events

Events (0 events):
No events


Dynamic libraries:
0x00007ff6278c0000 - 0x00007ff6278ca000 	C:\Program Files\Android\Android Studio\jbr\bin\java.exe
0x00007ff9f2cb0000 - 0x00007ff9f2ec4000 	C:\WINDOWS\SYSTEM32\ntdll.dll
0x00007ff9f1900000 - 0x00007ff9f19c2000 	C:\WINDOWS\System32\KERNEL32.DLL
0x00007ff9f0500000 - 0x00007ff9f08a3000 	C:\WINDOWS\System32\KERNELBASE.dll
0x00007ff9f02d0000 - 0x00007ff9f03e1000 	C:\WINDOWS\System32\ucrtbase.dll
0x00007ff9da860000 - 0x00007ff9da877000 	C:\Program Files\Android\Android Studio\jbr\bin\jli.dll
0x00007ff9e9f10000 - 0x00007ff9e9f2b000 	C:\Program Files\Android\Android Studio\jbr\bin\VCRUNTIME140.dll
0x00007ff9f16b0000 - 0x00007ff9f185a000 	C:\WINDOWS\System32\USER32.dll
0x00007ff9f00b0000 - 0x00007ff9f00d6000 	C:\WINDOWS\System32\win32u.dll
0x00007ff9d5e40000 - 0x00007ff9d60ce000 	C:\WINDOWS\WinSxS\amd64_microsoft.windows.common-controls_6595b64144ccf1df_6.0.22621.1635_none_270f70857386168e\COMCTL32.dll
0x00007ff9f1f40000 - 0x00007ff9f1f69000 	C:\WINDOWS\System32\GDI32.dll
0x00007ff9f1520000 - 0x00007ff9f15c7000 	C:\WINDOWS\System32\msvcrt.dll
0x00007ff9f0970000 - 0x00007ff9f0a89000 	C:\WINDOWS\System32\gdi32full.dll
0x00007ff9f03f0000 - 0x00007ff9f048a000 	C:\WINDOWS\System32\msvcp_win.dll
0x00007ff9f1f00000 - 0x00007ff9f1f31000 	C:\WINDOWS\System32\IMM32.DLL
0x00007ff9ec230000 - 0x00007ff9ec23c000 	C:\Program Files\Android\Android Studio\jbr\bin\vcruntime140_1.dll
0x00007ff9cd6c0000 - 0x00007ff9cd74d000 	C:\Program Files\Android\Android Studio\jbr\bin\msvcp140.dll
0x00007ff997cb0000 - 0x00007ff99891e000 	C:\Program Files\Android\Android Studio\jbr\bin\server\jvm.dll
0x00007ff9f1090000 - 0x00007ff9f113e000 	C:\WINDOWS\System32\ADVAPI32.dll
0x00007ff9f0fd0000 - 0x00007ff9f1074000 	C:\WINDOWS\System32\sechost.dll
0x00007ff9f1dd0000 - 0x00007ff9f1ee7000 	C:\WINDOWS\System32\RPCRT4.dll
0x00007ff9e91b0000 - 0x00007ff9e91e4000 	C:\WINDOWS\SYSTEM32\WINMM.dll
0x00007ff9d3600000 - 0x00007ff9d3609000 	C:\WINDOWS\SYSTEM32\WSOCK32.dll
0x00007ff9e3840000 - 0x00007ff9e384a000 	C:\WINDOWS\SYSTEM32\VERSION.dll
0x00007ff9f15d0000 - 0x00007ff9f1641000 	C:\WINDOWS\System32\WS2_32.dll
0x00007ff9ef150000 - 0x00007ff9ef168000 	C:\WINDOWS\SYSTEM32\kernel.appcore.dll
0x00007ff9ec260000 - 0x00007ff9ec26a000 	C:\Program Files\Android\Android Studio\jbr\bin\jimage.dll
0x00007ff9dbc50000 - 0x00007ff9dbe7e000 	C:\WINDOWS\SYSTEM32\DBGHELP.DLL
0x00007ff9f1f70000 - 0x00007ff9f22f9000 	C:\WINDOWS\System32\combase.dll
0x00007ff9f2b00000 - 0x00007ff9f2bd7000 	C:\WINDOWS\System32\OLEAUT32.dll
0x00007ff9de6c0000 - 0x00007ff9de6f2000 	C:\WINDOWS\SYSTEM32\dbgcore.DLL
0x00007ff9f0250000 - 0x00007ff9f02ca000 	C:\WINDOWS\System32\bcryptPrimitives.dll
0x00007ff9ddb30000 - 0x00007ff9ddb55000 	C:\Program Files\Android\Android Studio\jbr\bin\java.dll

dbghelp: loaded successfully - version: 4.0.5 - missing functions: none
symbol engine: initialized successfully - sym options: 0x614 - pdb path: .;C:\Program Files\Android\Android Studio\jbr\bin;C:\WINDOWS\SYSTEM32;C:\WINDOWS\WinSxS\amd64_microsoft.windows.common-controls_6595b64144ccf1df_6.0.22621.1635_none_270f70857386168e;C:\Program Files\Android\Android Studio\jbr\bin\server

VM Arguments:
java_command: org.jetbrains.kotlin.cli.jvm.K2JVMCompiler @C:\Users\Mehmet emin\StudioProjects\UrunTakipOtomasyonQR\app\build\20230727_6085544928674790945.compiler.options
java_class_path (initial): C:\Users\Mehmet emin\.gradle\caches\modules-2\files-2.1\org.jetbrains.kotlin\kotlin-compiler-embeddable\1.6.10\88f2073f4020cdb83132cfe940ceb9a60aba54ea\kotlin-compiler-embeddable-1.6.10.jar;C:\Users\Mehmet emin\.gradle\caches\modules-2\files-2.1\org.jetbrains.kotlin\kotlin-reflect\1.6.10\1cbe9c92c12a94eea200d23c2bbaedaf3daf5132\kotlin-reflect-1.6.10.jar;C:\Users\Mehmet emin\.gradle\caches\modules-2\files-2.1\org.jetbrains.kotlin\kotlin-stdlib\1.6.10\b8af3fe6f1ca88526914929add63cf5e7c5049af\kotlin-stdlib-1.6.10.jar;C:\Users\Mehmet emin\.gradle\caches\modules-2\files-2.1\org.jetbrains.kotlin\kotlin-script-runtime\1.6.10\d0a7ff2e2500ef497ed0214ae40ad3c8387a6164\kotlin-script-runtime-1.6.10.jar;C:\Users\Mehmet emin\.gradle\caches\modules-2\files-2.1\org.jetbrains.kotlin\kotlin-daemon-embeddable\1.6.10\a56d79bcbea411fa6058e4ecffc2de73e742bd2a\kotlin-daemon-embeddable-1.6.10.jar;C:\Users\Mehmet emin\.gradle\caches\modules-2\files-2.1\org.jetbrains.intellij.deps\trove4j\1.0.20181211\216c2e14b070f334479d800987affe4054cd563f\trove4j-1.0.20181211.jar;C:\Users\Mehmet emin\.gradle\caches\modules-2\files-2.1\net.java.dev.jna\jna\5.6.0\330f2244e9030119ab3030fc3fededc86713d9cc\jna-5.6.0.jar;C:\Users\Mehmet emin\.gradle\caches\modules-2\files-2.1\org.jetbrains\annotations\13.0\919f0dfe192fb4e063e7dacadee7f8bb9a2672a9\annotations-13.0.jar;C:\Users\Mehmet emin\.gradle\caches\modules-2\files-2.1\org.jetbrains.kotlin\kotlin-stdlib-common\1.6.10\c118700e3a33c8a0d9adc920e9dec0831171925\kotlin-stdlib-common-1.6.10.jar
Launcher Type: SUN_STANDARD

[Global flags]
     intx CICompilerCount                          = 4                                         {product} {ergonomic}
     uint ConcGCThreads                            = 2                                         {product} {ergonomic}
     uint G1ConcRefinementThreads                  = 8                                         {product} {ergonomic}
   size_t G1HeapRegionSize                         = 1048576                                   {product} {ergonomic}
    uintx GCDrainStackTargetSize                   = 64                                        {product} {ergonomic}
   size_t InitialHeapSize                          = 132120576                                 {product} {ergonomic}
   size_t MarkStackSize                            = 4194304                                   {product} {ergonomic}
   size_t MaxHeapSize                              = 2097152000                                {product} {ergonomic}
   size_t MinHeapDeltaBytes                        = 1048576                                   {product} {ergonomic}
   size_t MinHeapSize                              = 8388608                                   {product} {ergonomic}
    uintx NonNMethodCodeHeapSize                   = 5839372                                {pd product} {ergonomic}
    uintx NonProfiledCodeHeapSize                  = 122909434                              {pd product} {ergonomic}
    uintx ProfiledCodeHeapSize                     = 122909434                              {pd product} {ergonomic}
    uintx ReservedCodeCacheSize                    = 251658240                              {pd product} {ergonomic}
     bool SegmentedCodeCache                       = true                                      {product} {ergonomic}
   size_t SoftMaxHeapSize                          = 2097152000                             {manageable} {ergonomic}
     bool UseCompressedClassPointers               = true                           {product lp64_product} {ergonomic}
     bool UseCompressedOops                        = true                           {product lp64_product} {ergonomic}
     bool UseG1GC                                  = true                                      {product} {ergonomic}
     bool UseLargePagesIndividualAllocation        = false                                  {pd product} {ergonomic}

Logging:
Log output configuration:
 #0: stdout all=warning uptime,level,tags
 #1: stderr all=off uptime,level,tags

Environment Variables:
JAVA_HOME=C:\Program Files\Java\jdk1.8.0_202
PATH=C:\Program Files (x86)\Common Files\Oracle\Java\javapath;C:\Program Files\Common Files\Oracle\Java\javapath;C:\ProgramData\Oracle\Java\javapath;C:\texlive\2000\bin\win32;C:\Windows\system32;C:\Windows;C:\Windows\System32\Wbem;C:\Windows\System32\WindowsPowerShell\v1.0\;C:\Windows\System32\OpenSSH\;C:\Program Files\NVIDIA Corporation\NVIDIA NvDLISR;C:\Program Files (x86)\NVIDIA Corporation\PhysX\Common;C:\Program Files\dotnet\;C:\Program Files\Microsoft SQL Server\130\Tools\Binn\;C:\Program Files\Microsoft SQL Server\Client SDK\ODBC\170\Tools\Binn\;C:\Program Files\Git\cmd;C:\WINDOWS\system32;C:\WINDOWS;C:\WINDOWS\System32\Wbem;C:\WINDOWS\System32\WindowsPowerShell\v1.0\;C:\WINDOWS\System32\OpenSSH\;C:\Program Files\Cloudflare\Cloudflare WARP;C:\Program Files\Java\jdk1.8.0_202\bin;C:\Users\Mehmet emin\AppData\Local\Programs\Python\Python310\Scripts\;C:\Users\Mehmet emin\AppData\Local\Programs\Python\Python310\;C:\Program Files\MySQL\MySQL Shell 8.0\bin\;C:\Users\Mehmet emin\AppData\Local\Microsoft\WindowsApps;C:\Users\Mehmet emin\.dotnet\tools;C:\Users\Mehmet emin\AppData\Local\Programs\Microsoft VS Code\bin;C:\Users\Mehmet emin\AppData\Local\GitHubDesktop\bin;C:\src\flutter\bin;C:\Program Files\Java\jdk1.8.0_202\bin;
USERNAME=Mehmet emin
OS=Windows_NT
PROCESSOR_IDENTIFIER=Intel64 Family 6 Model 158 Stepping 10, GenuineIntel
TMP=C:\Users\MEHMET~1\AppData\Local\Temp
TEMP=C:\Users\MEHMET~1\AppData\Local\Temp


JNI global refs:

[error occurred during error reporting (JNI global references), id 0xc0000005, EXCEPTION_ACCESS_VIOLATION (0xc0000005) at pc=0x00007ff997d67a10]


---------------  S Y S T E M  ---------------

OS:
 Windows 11 , 64 bit Build 22621 (10.0.22621.1928)
OS uptime: 0 days 23:24 hours
Hyper-V role detected

CPU: total 8 (initial active 8) (4 cores per cpu, 2 threads per core) family 6 model 158 stepping 10 microcode 0xde, cx8, cmov, fxsr, ht, mmx, 3dnowpref, sse, sse2, sse3, ssse3, sse4.1, sse4.2, popcnt, lzcnt, tsc, tscinvbit, avx, avx2, aes, erms, clmul, bmi1, bmi2, adx, fma, vzeroupper, clflush, clflushopt, hv

Memory: 4k page, system-wide physical 7992M (385M free)
TotalPageFile size 12088M (AvailPageFile size 32M)
current process WorkingSet (physical memory assigned to process): 11M, peak: 11M
current process commit charge ("private bytes"): 60M, peak: 186M

vm_info: OpenJDK 64-Bit Server VM (17.0.6+0-b2043.56-10027231) for windows-amd64 JRE (17.0.6+0-b2043.56-10027231), built on Apr 28 2023 00:43:19 by "androidbuild" with MS VC++ 16.10 / 16.11 (VS2019)

END.
