#
# There is insufficient memory for the Java Runtime Environment to continue.
# Native memory allocation (mmap) failed to map 38797312 bytes for Failed to commit area from 0x000000008b700000 to 0x000000008dc00000 of length 38797312.
# Possible reasons:
#   The system is out of physical RAM or swap space
#   The process is running with CompressedOops enabled, and the Java Heap may be blocking the growth of the native heap
# Possible solutions:
#   Reduce memory load on the system
#   Increase physical memory or swap space
#   Check if swap backing store is full
#   Decrease Java heap size (-Xmx/-Xms)
#   Decrease number of Java threads
#   Decrease Java thread stack sizes (-Xss)
#   Set larger code cache with -XX:ReservedCodeCacheSize=
#   JVM is running with Unscaled Compressed Oops mode in which the Java heap is
#     placed in the first 4GB address space. The Java Heap base address is the
#     maximum limit for the native heap growth. Please use -XX:HeapBaseMinAddress
#     to set the Java Heap base and to place the Java Heap above 4GB virtual address.
# This output file may be truncated or incomplete.
#
#  Out of Memory Error (./src/hotspot/os/windows/os_windows.cpp:3521), pid=7444, tid=12028
#
# JRE version: OpenJDK Runtime Environment (11.0.12+7) (build 11.0.12+7-b1504.28-7817840)
# Java VM: OpenJDK 64-Bit Server VM (11.0.12+7-b1504.28-7817840, mixed mode, tiered, compressed oops, g1 gc, windows-amd64)
# No core dump will be written. Minidumps are not enabled by default on client versions of Windows
#

---------------  S U M M A R Y ------------

Command Line: --add-opens=java.base/java.util=ALL-UNNAMED --add-opens=java.base/java.lang=ALL-UNNAMED --add-opens=java.base/java.lang.invoke=ALL-UNNAMED --add-opens=java.base/java.util=ALL-UNNAMED --add-opens=java.prefs/java.util.prefs=ALL-UNNAMED --add-opens=java.prefs/java.util.prefs=ALL-UNNAMED --add-opens=java.base/java.nio.charset=ALL-UNNAMED --add-opens=java.base/java.net=ALL-UNNAMED --add-opens=java.base/java.util.concurrent.atomic=ALL-UNNAMED -Xmx2048m -Dfile.encoding=UTF-8 -Duser.country=TR -Duser.language=tr -Duser.variant org.gradle.launcher.daemon.bootstrap.GradleDaemon 7.3.3

Host: Intel(R) Core(TM) i5-9300H CPU @ 2.40GHz, 8 cores, 7G,  Windows 10 , 64 bit Build 22621 (10.0.22621.1928)
Time: Wed Jul 26 12:46:07 2023 Türkiye Standart Saati elapsed time: 15.372040 seconds (0d 0h 0m 15s)

---------------  T H R E A D  ---------------

Current thread (0x0000020438edb800):  VMThread "VM Thread" [stack: 0x000000e5dea00000,0x000000e5deb00000] [id=12028]

Stack: [0x000000e5dea00000,0x000000e5deb00000]
[error occurred during error reporting (printing stack bounds), id 0xc0000005, EXCEPTION_ACCESS_VIOLATION (0xc0000005) at pc=0x000002042254112d]

Native frames: (J=compiled Java code, j=interpreted, Vv=VM code, C=native code)
V  [jvm.dll+0x5fbcea]
V  [jvm.dll+0x731905]
V  [jvm.dll+0x732f1d]
V  [jvm.dll+0x733535]
V  [jvm.dll+0x7334eb]
V  [jvm.dll+0x5fb080]
V  [jvm.dll+0x5fb818]
C  [ntdll.dll+0xa3dff]
C  [ntdll.dll+0x1e456]
C  [ntdll.dll+0xa2dee]
C  0x000002042254112d

VM_Operation (0x000000e5dfdf7c00): G1CollectForAllocation, mode: safepoint, requested by thread 0x000002043b952000


---------------  P R O C E S S  ---------------

Threads class SMR info:
_java_thread_list=0x000002043fd2c970, length=124, elements={
0x000002041ea3b800, 0x0000020438ee0000, 0x0000020438ee2000, 0x0000020439858000,
0x0000020439859000, 0x000002043985d000, 0x000002043985e800, 0x0000020439860000,
0x0000020439862000, 0x00000204399b7800, 0x000002043b067000, 0x000002043b25c000,
0x000002043b936000, 0x000002043b1cf800, 0x000002043a5bd800, 0x000002043b94b000,
0x000002043b952000, 0x000002043b95c800, 0x000002043b9d1000, 0x000002043b812000,
0x000002043b813000, 0x000002043b810800, 0x000002043b811000, 0x000002043da8a000,
0x000002043da8b000, 0x000002043da8b800, 0x000002043da8d800, 0x000002043da8e000,
0x000002043da8f000, 0x000002043da89000, 0x000002043da8f800, 0x000002043da92000,
0x000002043da90800, 0x000002043da91800, 0x000002043da8c800, 0x000002043da96000,
0x000002043da97000, 0x000002043da93000, 0x000002043da95800, 0x000002043da94000,
0x000002043da53000, 0x000002043da52800, 0x000002043da56800, 0x000002043da57000,
0x000002043da59000, 0x000002043da54000, 0x000002043da55800, 0x000002043da59800,
0x000002043da58000, 0x000002043da54800, 0x000002043da5d000, 0x000002043da60000,
0x000002043da5f800, 0x000002043da5c000, 0x000002043da5d800, 0x000002043da5e800,
0x000002043da5a800, 0x000002043da61000, 0x000002043da5b800, 0x000002043dd9f800,
0x000002043dda2000, 0x000002043dd9e800, 0x000002043dda1000, 0x000002043dd9d000,
0x000002043dda3000, 0x000002043dda0800, 0x000002043dda3800, 0x000002043dd9e000,
0x000002043ddaa000, 0x000002043dda4800, 0x000002043dda9800, 0x000002043dda5800,
0x000002043ddab000, 0x000002043ddac000, 0x000002043dda7000, 0x000002043dda7800,
0x000002043dda6000, 0x000002043dda8800, 0x000002043c76c000, 0x000002043c76d000,
0x000002043c770000, 0x000002043c76d800, 0x000002043c76a800, 0x000002043c76b000,
0x000002043c771000, 0x000002043c774000, 0x000002043c76f800, 0x000002043c772000,
0x000002043c772800, 0x000002043c773800, 0x000002043c76e800, 0x000002043c775000,
0x000002043c776000, 0x000002043c776800, 0x000002043c777800, 0x000002043c778800,
0x000002043c779000, 0x0000020439c42800, 0x0000020439c41000, 0x0000020439c41800,
0x0000020439c3e800, 0x0000020439c3f000, 0x0000020439c3d000, 0x0000020439c43800,
0x0000020439c40000, 0x0000020439c3d800, 0x0000020439c49000, 0x0000020439c46800,
0x0000020439c4a000, 0x0000020439c44000, 0x0000020439c47800, 0x0000020439c48000,
0x0000020439c4a800, 0x0000020439c45000, 0x0000020439c4b800, 0x0000020439c45800,
0x000002043fd0a800, 0x000002043fd0a000, 0x000002043fd0d000, 0x000002043fd0b800,
0x000002043fd08800, 0x000002043fd0c800, 0x000002043fd0f000, 0x000002043fd10800
}

Java Threads: ( => current thread )
  0x000002041ea3b800 JavaThread "main" [_thread_blocked, id=18364, stack(0x000000e5de400000,0x000000e5de500000)]
  0x0000020438ee0000 JavaThread "Reference Handler" daemon [_thread_blocked, id=17164, stack(0x000000e5deb00000,0x000000e5dec00000)]
  0x0000020438ee2000 JavaThread "Finalizer" daemon [_thread_blocked, id=12536, stack(0x000000e5dec00000,0x000000e5ded00000)]
  0x0000020439858000 JavaThread "Signal Dispatcher" daemon [_thread_blocked, id=18164, stack(0x000000e5ded00000,0x000000e5dee00000)]
  0x0000020439859000 JavaThread "Attach Listener" daemon [_thread_blocked, id=5632, stack(0x000000e5dee00000,0x000000e5def00000)]
  0x000002043985d000 JavaThread "Service Thread" daemon [_thread_blocked, id=16956, stack(0x000000e5def00000,0x000000e5df000000)]
  0x000002043985e800 JavaThread "C2 CompilerThread0" daemon [_thread_blocked, id=13584, stack(0x000000e5df000000,0x000000e5df100000)]
  0x0000020439860000 JavaThread "C1 CompilerThread0" daemon [_thread_blocked, id=10676, stack(0x000000e5df100000,0x000000e5df200000)]
  0x0000020439862000 JavaThread "Sweeper thread" daemon [_thread_blocked, id=14252, stack(0x000000e5df200000,0x000000e5df300000)]
  0x00000204399b7800 JavaThread "Common-Cleaner" daemon [_thread_blocked, id=2944, stack(0x000000e5df300000,0x000000e5df400000)]
  0x000002043b067000 JavaThread "Daemon health stats" [_thread_blocked, id=18096, stack(0x000000e5df700000,0x000000e5df800000)]
  0x000002043b25c000 JavaThread "Incoming local TCP Connector on port 57411" [_thread_in_native, id=15304, stack(0x000000e5df800000,0x000000e5df900000)]
  0x000002043b936000 JavaThread "Daemon periodic checks" [_thread_blocked, id=15872, stack(0x000000e5df900000,0x000000e5dfa00000)]
  0x000002043b1cf800 JavaThread "Daemon" [_thread_blocked, id=12208, stack(0x000000e5dfa00000,0x000000e5dfb00000)]
  0x000002043a5bd800 JavaThread "Handler for socket connection from /127.0.0.1:57411 to /127.0.0.1:57412" [_thread_in_native, id=11356, stack(0x000000e5dfb00000,0x000000e5dfc00000)]
  0x000002043b94b000 JavaThread "Cancel handler" [_thread_blocked, id=17832, stack(0x000000e5dfc00000,0x000000e5dfd00000)]
  0x000002043b952000 JavaThread "Daemon worker" [_thread_blocked, id=16536, stack(0x000000e5dfd00000,0x000000e5dfe00000)]
  0x000002043b95c800 JavaThread "Asynchronous log dispatcher for DefaultDaemonConnection: socket connection from /127.0.0.1:57411 to /127.0.0.1:57412" [_thread_blocked, id=11540, stack(0x000000e5dfe00000,0x000000e5dff00000)]
  0x000002043b9d1000 JavaThread "Stdin handler" [_thread_blocked, id=12816, stack(0x000000e5dff00000,0x000000e5e0000000)]
  0x000002043b812000 JavaThread "Daemon client event forwarder" [_thread_blocked, id=8952, stack(0x000000e5e0000000,0x000000e5e0100000)]
  0x000002043b813000 JavaThread "Cache worker for journal cache (C:\Users\Mehmet emin\.gradle\caches\journal-1)" [_thread_blocked, id=15080, stack(0x000000e5e0600000,0x000000e5e0700000)]
  0x000002043b810800 JavaThread "File lock request listener" [_thread_in_native, id=13864, stack(0x000000e5e0700000,0x000000e5e0800000)]
  0x000002043b811000 JavaThread "Cache worker for file hash cache (C:\Users\Mehmet emin\.gradle\caches\7.3.3\fileHashes)" [_thread_blocked, id=14364, stack(0x000000e5e0900000,0x000000e5e0a00000)]
  0x000002043da8a000 JavaThread "Cache worker for file hash cache (C:\Users\Mehmet emin\StudioProjects\UrunTakipOtomasyonQR\.gradle\7.3.3\fileHashes)" [_thread_blocked, id=15540, stack(0x000000e5e0a00000,0x000000e5e0b00000)]
  0x000002043da8b000 JavaThread "File watcher server" daemon [_thread_in_native, id=13176, stack(0x000000e5e0b00000,0x000000e5e0c00000)]
  0x000002043da8b800 JavaThread "File watcher consumer" daemon [_thread_blocked, id=4712, stack(0x000000e5e0c00000,0x000000e5e0d00000)]
  0x000002043da8d800 JavaThread "jar transforms" [_thread_blocked, id=10596, stack(0x000000e5e0d00000,0x000000e5e0e00000)]
  0x000002043da8e000 JavaThread "jar transforms Thread 2" [_thread_blocked, id=9384, stack(0x000000e5e0e00000,0x000000e5e0f00000)]
  0x000002043da8f000 JavaThread "jar transforms Thread 3" [_thread_blocked, id=5776, stack(0x000000e5e0f00000,0x000000e5e1000000)]
  0x000002043da89000 JavaThread "jar transforms Thread 4" [_thread_blocked, id=16252, stack(0x000000e5e1000000,0x000000e5e1100000)]
  0x000002043da8f800 JavaThread "jar transforms Thread 5" [_thread_blocked, id=10732, stack(0x000000e5e1100000,0x000000e5e1200000)]
  0x000002043da92000 JavaThread "jar transforms Thread 6" [_thread_blocked, id=9760, stack(0x000000e5e1200000,0x000000e5e1300000)]
  0x000002043da90800 JavaThread "jar transforms Thread 7" [_thread_blocked, id=12724, stack(0x000000e5e1300000,0x000000e5e1400000)]
  0x000002043da91800 JavaThread "jar transforms Thread 8" [_thread_blocked, id=7024, stack(0x000000e5e1400000,0x000000e5e1500000)]
  0x000002043da8c800 JavaThread "Cache worker for checksums cache (C:\Users\Mehmet emin\StudioProjects\UrunTakipOtomasyonQR\.gradle\7.3.3\checksums)" [_thread_blocked, id=14492, stack(0x000000e5e1500000,0x000000e5e1600000)]
  0x000002043da96000 JavaThread "Cache worker for cache directory md-supplier (C:\Users\Mehmet emin\.gradle\caches\7.3.3\md-supplier)" [_thread_blocked, id=2004, stack(0x000000e5e1600000,0x000000e5e1700000)]
  0x000002043da97000 JavaThread "Cache worker for cache directory md-rule (C:\Users\Mehmet emin\.gradle\caches\7.3.3\md-rule)" [_thread_blocked, id=4588, stack(0x000000e5e1700000,0x000000e5e1800000)]
  0x000002043da93000 JavaThread "Cache worker for execution history cache (C:\Users\Mehmet emin\.gradle\caches\7.3.3\executionHistory)" [_thread_blocked, id=14544, stack(0x000000e5e1800000,0x000000e5e1900000)]
  0x000002043da95800 JavaThread "Cache worker for file content cache (C:\Users\Mehmet emin\.gradle\caches\7.3.3\fileContent)" [_thread_blocked, id=17084, stack(0x000000e5e1900000,0x000000e5e1a00000)]
  0x000002043da94000 JavaThread "Cache worker for dependencies-accessors (C:\Users\Mehmet emin\StudioProjects\UrunTakipOtomasyonQR\.gradle\7.3.3\dependencies-accessors)" [_thread_blocked, id=9756, stack(0x000000e5e1a00000,0x000000e5e1b00000)]
  0x000002043da53000 JavaThread "Cache worker for Build Output Cleanup Cache (C:\Users\Mehmet emin\StudioProjects\UrunTakipOtomasyonQR\.gradle\buildOutputCleanup)" [_thread_blocked, id=12508, stack(0x000000e5e1b00000,0x000000e5e1c00000)]
  0x000002043da52800 JavaThread "Unconstrained build operations" [_thread_blocked, id=15696, stack(0x000000e5e1c00000,0x000000e5e1d00000)]
  0x000002043da56800 JavaThread "Unconstrained build operations Thread 2" [_thread_blocked, id=11932, stack(0x000000e5e1d00000,0x000000e5e1e00000)]
  0x000002043da57000 JavaThread "Unconstrained build operations Thread 3" [_thread_blocked, id=2672, stack(0x000000e5e1e00000,0x000000e5e1f00000)]
  0x000002043da59000 JavaThread "Unconstrained build operations Thread 4" [_thread_blocked, id=500, stack(0x000000e5e1f00000,0x000000e5e2000000)]
  0x000002043da54000 JavaThread "Unconstrained build operations Thread 5" [_thread_blocked, id=10396, stack(0x000000e5e2000000,0x000000e5e2100000)]
  0x000002043da55800 JavaThread "Unconstrained build operations Thread 6" [_thread_blocked, id=12252, stack(0x000000e5e2100000,0x000000e5e2200000)]
  0x000002043da59800 JavaThread "Unconstrained build operations Thread 7" [_thread_blocked, id=8012, stack(0x000000e5e2200000,0x000000e5e2300000)]
  0x000002043da58000 JavaThread "Unconstrained build operations Thread 8" [_thread_blocked, id=11584, stack(0x000000e5e2300000,0x000000e5e2400000)]
  0x000002043da54800 JavaThread "Unconstrained build operations Thread 9" [_thread_blocked, id=14204, stack(0x000000e5e2400000,0x000000e5e2500000)]
  0x000002043da5d000 JavaThread "Unconstrained build operations Thread 10" [_thread_blocked, id=13420, stack(0x000000e5e2500000,0x000000e5e2600000)]
  0x000002043da60000 JavaThread "Unconstrained build operations Thread 11" [_thread_blocked, id=11144, stack(0x000000e5e2600000,0x000000e5e2700000)]
  0x000002043da5f800 JavaThread "Unconstrained build operations Thread 12" [_thread_blocked, id=6508, stack(0x000000e5e2700000,0x000000e5e2800000)]
  0x000002043da5c000 JavaThread "Unconstrained build operations Thread 13" [_thread_blocked, id=11412, stack(0x000000e5e2800000,0x000000e5e2900000)]
  0x000002043da5d800 JavaThread "Unconstrained build operations Thread 14" [_thread_blocked, id=7524, stack(0x000000e5e2900000,0x000000e5e2a00000)]
  0x000002043da5e800 JavaThread "Unconstrained build operations Thread 15" [_thread_blocked, id=3176, stack(0x000000e5e2a00000,0x000000e5e2b00000)]
  0x000002043da5a800 JavaThread "Unconstrained build operations Thread 16" [_thread_blocked, id=14400, stack(0x000000e5e2b00000,0x000000e5e2c00000)]
  0x000002043da61000 JavaThread "Unconstrained build operations Thread 17" [_thread_blocked, id=13460, stack(0x000000e5e2c00000,0x000000e5e2d00000)]
  0x000002043da5b800 JavaThread "Unconstrained build operations Thread 18" [_thread_blocked, id=2308, stack(0x000000e5e2d00000,0x000000e5e2e00000)]
  0x000002043dd9f800 JavaThread "Unconstrained build operations Thread 19" [_thread_blocked, id=1552, stack(0x000000e5e2e00000,0x000000e5e2f00000)]
  0x000002043dda2000 JavaThread "Unconstrained build operations Thread 20" [_thread_blocked, id=17368, stack(0x000000e5e2f00000,0x000000e5e3000000)]
  0x000002043dd9e800 JavaThread "Unconstrained build operations Thread 21" [_thread_blocked, id=1256, stack(0x000000e5e3000000,0x000000e5e3100000)]
  0x000002043dda1000 JavaThread "Unconstrained build operations Thread 22" [_thread_blocked, id=7220, stack(0x000000e5e3100000,0x000000e5e3200000)]
  0x000002043dd9d000 JavaThread "Unconstrained build operations Thread 23" [_thread_blocked, id=10748, stack(0x000000e5e3200000,0x000000e5e3300000)]
  0x000002043dda3000 JavaThread "Unconstrained build operations Thread 24" [_thread_blocked, id=18080, stack(0x000000e5e3300000,0x000000e5e3400000)]
  0x000002043dda0800 JavaThread "Unconstrained build operations Thread 25" [_thread_blocked, id=12280, stack(0x000000e5e3400000,0x000000e5e3500000)]
  0x000002043dda3800 JavaThread "Unconstrained build operations Thread 26" [_thread_blocked, id=9264, stack(0x000000e5e3500000,0x000000e5e3600000)]
  0x000002043dd9e000 JavaThread "Unconstrained build operations Thread 27" [_thread_blocked, id=5168, stack(0x000000e5e3600000,0x000000e5e3700000)]
  0x000002043ddaa000 JavaThread "Unconstrained build operations Thread 28" [_thread_blocked, id=13488, stack(0x000000e5e3700000,0x000000e5e3800000)]
  0x000002043dda4800 JavaThread "Unconstrained build operations Thread 29" [_thread_blocked, id=13084, stack(0x000000e5e3800000,0x000000e5e3900000)]
  0x000002043dda9800 JavaThread "Unconstrained build operations Thread 30" [_thread_blocked, id=16640, stack(0x000000e5e3900000,0x000000e5e3a00000)]
  0x000002043dda5800 JavaThread "Unconstrained build operations Thread 31" [_thread_blocked, id=11292, stack(0x000000e5e3a00000,0x000000e5e3b00000)]
  0x000002043ddab000 JavaThread "Unconstrained build operations Thread 32" [_thread_blocked, id=9208, stack(0x000000e5e3b00000,0x000000e5e3c00000)]
  0x000002043ddac000 JavaThread "Unconstrained build operations Thread 33" [_thread_blocked, id=16856, stack(0x000000e5e3c00000,0x000000e5e3d00000)]
  0x000002043dda7000 JavaThread "Unconstrained build operations Thread 34" [_thread_blocked, id=10172, stack(0x000000e5e3d00000,0x000000e5e3e00000)]
  0x000002043dda7800 JavaThread "Unconstrained build operations Thread 35" [_thread_blocked, id=8256, stack(0x000000e5e3e00000,0x000000e5e3f00000)]
  0x000002043dda6000 JavaThread "Unconstrained build operations Thread 36" [_thread_blocked, id=1664, stack(0x000000e5e3f00000,0x000000e5e4000000)]
  0x000002043dda8800 JavaThread "Unconstrained build operations Thread 37" [_thread_blocked, id=2012, stack(0x000000e5e4000000,0x000000e5e4100000)]
  0x000002043c76c000 JavaThread "Unconstrained build operations Thread 38" [_thread_blocked, id=18132, stack(0x000000e5e4100000,0x000000e5e4200000)]
  0x000002043c76d000 JavaThread "Unconstrained build operations Thread 39" [_thread_blocked, id=7592, stack(0x000000e5e4200000,0x000000e5e4300000)]
  0x000002043c770000 JavaThread "Unconstrained build operations Thread 40" [_thread_blocked, id=12152, stack(0x000000e5e4300000,0x000000e5e4400000)]
  0x000002043c76d800 JavaThread "Unconstrained build operations Thread 41" [_thread_blocked, id=16920, stack(0x000000e5e4400000,0x000000e5e4500000)]
  0x000002043c76a800 JavaThread "Unconstrained build operations Thread 42" [_thread_blocked, id=9752, stack(0x000000e5e4500000,0x000000e5e4600000)]
  0x000002043c76b000 JavaThread "Unconstrained build operations Thread 43" [_thread_blocked, id=7400, stack(0x000000e5e4600000,0x000000e5e4700000)]
  0x000002043c771000 JavaThread "Unconstrained build operations Thread 44" [_thread_blocked, id=2188, stack(0x000000e5e4700000,0x000000e5e4800000)]
  0x000002043c774000 JavaThread "Unconstrained build operations Thread 45" [_thread_blocked, id=15792, stack(0x000000e5e4800000,0x000000e5e4900000)]
  0x000002043c76f800 JavaThread "Unconstrained build operations Thread 46" [_thread_blocked, id=16800, stack(0x000000e5e4900000,0x000000e5e4a00000)]
  0x000002043c772000 JavaThread "Unconstrained build operations Thread 47" [_thread_blocked, id=11212, stack(0x000000e5e4a00000,0x000000e5e4b00000)]
  0x000002043c772800 JavaThread "Unconstrained build operations Thread 48" [_thread_blocked, id=16176, stack(0x000000e5e4b00000,0x000000e5e4c00000)]
  0x000002043c773800 JavaThread "Unconstrained build operations Thread 49" [_thread_blocked, id=11968, stack(0x000000e5e4c00000,0x000000e5e4d00000)]
  0x000002043c76e800 JavaThread "Unconstrained build operations Thread 50" [_thread_blocked, id=10880, stack(0x000000e5e4d00000,0x000000e5e4e00000)]
  0x000002043c775000 JavaThread "Unconstrained build operations Thread 51" [_thread_blocked, id=15272, stack(0x000000e5e4e00000,0x000000e5e4f00000)]
  0x000002043c776000 JavaThread "Unconstrained build operations Thread 52" [_thread_blocked, id=13640, stack(0x000000e5e4f00000,0x000000e5e5000000)]
  0x000002043c776800 JavaThread "Unconstrained build operations Thread 53" [_thread_blocked, id=13452, stack(0x000000e5e5000000,0x000000e5e5100000)]
  0x000002043c777800 JavaThread "Unconstrained build operations Thread 54" [_thread_blocked, id=17272, stack(0x000000e5e5100000,0x000000e5e5200000)]
  0x000002043c778800 JavaThread "Unconstrained build operations Thread 55" [_thread_blocked, id=2464, stack(0x000000e5e5200000,0x000000e5e5300000)]
  0x000002043c779000 JavaThread "Unconstrained build operations Thread 56" [_thread_blocked, id=9008, stack(0x000000e5e5300000,0x000000e5e5400000)]
  0x0000020439c42800 JavaThread "Unconstrained build operations Thread 57" [_thread_blocked, id=1192, stack(0x000000e5e5400000,0x000000e5e5500000)]
  0x0000020439c41000 JavaThread "Unconstrained build operations Thread 58" [_thread_blocked, id=12788, stack(0x000000e5e5500000,0x000000e5e5600000)]
  0x0000020439c41800 JavaThread "Unconstrained build operations Thread 59" [_thread_blocked, id=3356, stack(0x000000e5e5600000,0x000000e5e5700000)]
  0x0000020439c3e800 JavaThread "Unconstrained build operations Thread 60" [_thread_blocked, id=14324, stack(0x000000e5e5700000,0x000000e5e5800000)]
  0x0000020439c3f000 JavaThread "Unconstrained build operations Thread 61" [_thread_blocked, id=15288, stack(0x000000e5e5800000,0x000000e5e5900000)]
  0x0000020439c3d000 JavaThread "Unconstrained build operations Thread 62" [_thread_blocked, id=15756, stack(0x000000e5e5900000,0x000000e5e5a00000)]
  0x0000020439c43800 JavaThread "Unconstrained build operations Thread 63" [_thread_blocked, id=12000, stack(0x000000e5e5a00000,0x000000e5e5b00000)]
  0x0000020439c40000 JavaThread "Unconstrained build operations Thread 64" [_thread_blocked, id=15612, stack(0x000000e5e5b00000,0x000000e5e5c00000)]
  0x0000020439c3d800 JavaThread "Unconstrained build operations Thread 65" [_thread_blocked, id=3040, stack(0x000000e5e5c00000,0x000000e5e5d00000)]
  0x0000020439c49000 JavaThread "Unconstrained build operations Thread 66" [_thread_blocked, id=3068, stack(0x000000e5e5d00000,0x000000e5e5e00000)]
  0x0000020439c46800 JavaThread "Unconstrained build operations Thread 67" [_thread_blocked, id=8408, stack(0x000000e5e5e00000,0x000000e5e5f00000)]
  0x0000020439c4a000 JavaThread "Unconstrained build operations Thread 68" [_thread_blocked, id=15800, stack(0x000000e5e5f00000,0x000000e5e6000000)]
  0x0000020439c44000 JavaThread "Unconstrained build operations Thread 69" [_thread_blocked, id=6704, stack(0x000000e5e6000000,0x000000e5e6100000)]
  0x0000020439c47800 JavaThread "Unconstrained build operations Thread 70" [_thread_blocked, id=11312, stack(0x000000e5e6100000,0x000000e5e6200000)]
  0x0000020439c48000 JavaThread "Unconstrained build operations Thread 71" [_thread_blocked, id=11244, stack(0x000000e5e6200000,0x000000e5e6300000)]
  0x0000020439c4a800 JavaThread "Unconstrained build operations Thread 72" [_thread_blocked, id=8312, stack(0x000000e5e6300000,0x000000e5e6400000)]
  0x0000020439c45000 JavaThread "Unconstrained build operations Thread 73" [_thread_blocked, id=6044, stack(0x000000e5e6400000,0x000000e5e6500000)]
  0x0000020439c4b800 JavaThread "Unconstrained build operations Thread 74" [_thread_blocked, id=16180, stack(0x000000e5e6500000,0x000000e5e6600000)]
  0x0000020439c45800 JavaThread "Unconstrained build operations Thread 75" [_thread_blocked, id=16456, stack(0x000000e5e6600000,0x000000e5e6700000)]
  0x000002043fd0a800 JavaThread "Unconstrained build operations Thread 76" [_thread_blocked, id=9636, stack(0x000000e5e6700000,0x000000e5e6800000)]
  0x000002043fd0a000 JavaThread "Unconstrained build operations Thread 77" [_thread_blocked, id=18052, stack(0x000000e5e6800000,0x000000e5e6900000)]
  0x000002043fd0d000 JavaThread "Unconstrained build operations Thread 78" [_thread_blocked, id=6072, stack(0x000000e5e6900000,0x000000e5e6a00000)]
  0x000002043fd0b800 JavaThread "Unconstrained build operations Thread 79" [_thread_blocked, id=16312, stack(0x000000e5e6a00000,0x000000e5e6b00000)]
  0x000002043fd08800 JavaThread "Unconstrained build operations Thread 80" [_thread_blocked, id=17684, stack(0x000000e5e6b00000,0x000000e5e6c00000)]
  0x000002043fd0c800 JavaThread "Memory manager" [_thread_blocked, id=11444, stack(0x000000e5e6c00000,0x000000e5e6d00000)]
  0x000002043fd0f000 JavaThread "build event listener" [_thread_blocked, id=7288, stack(0x000000e5e6d00000,0x000000e5e6e00000)]
  0x000002043fd10800 JavaThread "Cache worker for execution history cache (C:\Users\Mehmet emin\StudioProjects\UrunTakipOtomasyonQR\.gradle\7.3.3\executionHistory)" [_thread_blocked, id=1912, stack(0x000000e5e7500000,0x000000e5e7600000)]

Other Threads:
=>0x0000020438edb800 VMThread "VM Thread" [stack: 0x000000e5dea00000,0x000000e5deb00000] [id=12028]
  0x00000204399d3000 WatcherThread [stack: 0x000000e5df400000,0x000000e5df500000] [id=9400]
  0x000002041ea53800 GCTaskThread "GC Thread#0" [stack: 0x000000e5de500000,0x000000e5de600000] [id=10012]
  0x000002043a3f9000 GCTaskThread "GC Thread#1" [stack: 0x000000e5df500000,0x000000e5df600000] [id=10944]
  0x000002043a40e800 GCTaskThread "GC Thread#2" [stack: 0x000000e5df600000,0x000000e5df700000] [id=9908]
  0x000002043ba19000 GCTaskThread "GC Thread#3" [stack: 0x000000e5e0100000,0x000000e5e0200000] [id=16372]
  0x000002043ba19800 GCTaskThread "GC Thread#4" [stack: 0x000000e5e0200000,0x000000e5e0300000] [id=15544]
  0x000002043ba1a800 GCTaskThread "GC Thread#5" [stack: 0x000000e5e0300000,0x000000e5e0400000] [id=2016]
  0x000002043b9e5800 GCTaskThread "GC Thread#6" [stack: 0x000000e5e0400000,0x000000e5e0500000] [id=11048]
  0x000002043b9e6000 GCTaskThread "GC Thread#7" [stack: 0x000000e5e0500000,0x000000e5e0600000] [id=9040]
  0x000002041ea89000 ConcurrentGCThread "G1 Main Marker" [stack: 0x000000e5de600000,0x000000e5de700000] [id=2416]
  0x000002041ea8b000 ConcurrentGCThread "G1 Conc#0" [stack: 0x000000e5de700000,0x000000e5de800000] [id=14064]
  0x000002043bb0c800 ConcurrentGCThread "G1 Conc#1" [stack: 0x000000e5e0800000,0x000000e5e0900000] [id=7972]
  0x0000020438d30800 ConcurrentGCThread "G1 Refine#0" [stack: 0x000000e5de800000,0x000000e5de900000] [id=9840]
  0x0000020438d31000 ConcurrentGCThread "G1 Young RemSet Sampling" [stack: 0x000000e5de900000,0x000000e5dea00000] [id=10844]

Threads with active compile tasks:
C2 CompilerThread0  15392 12500 %     4       org.gradle.internal.instantiation.generator.AbstractClassGenerator::inspectType @ 107 (560 bytes)
C1 CompilerThread0  15392 12575       2       org.gradle.api.internal.DefaultNamedDomainObjectCollection$AbstractDomainObjectCreatingProvider::wasElementRemovedAfterRealized (27 bytes)

VM state:at safepoint (normal execution)

VM Mutex/Monitor currently owned by a thread:  ([mutex/lock_event])
[0x000002041ea375d0] Threads_lock - owner thread: 0x0000020438edb800
[0x000002041ea37540] Heap_lock - owner thread: 0x000002043b952000

Heap address: 0x0000000080000000, size: 2048 MB, Compressed Oops mode: 32-bit
Narrow klass base: 0x0000000000000000, Narrow klass shift: 3
Compressed class space size: 1073741824 Address: 0x0000000100000000

Heap:
 garbage-first heap   total 225280K, used 130622K [0x0000000080000000, 0x0000000100000000)
  region size 1024K, 5 young (5120K), 5 survivors (5120K)
 Metaspace       used 108176K, capacity 110728K, committed 110976K, reserved 1144832K
  class space    used 13961K, capacity 14926K, committed 14976K, reserved 1048576K
Heap Regions: E=young(eden), S=young(survivor), O=old, HS=humongous(starts), HC=humongous(continues), CS=collection set, F=free, A=archive, TAMS=top-at-mark-start (previous, next)
|   0|0x0000000080000000, 0x0000000080100000, 0x0000000080100000|100%| O|  |TAMS 0x0000000080100000, 0x0000000080000000| Untracked 
|   1|0x0000000080100000, 0x0000000080200000, 0x0000000080200000|100%| O|  |TAMS 0x0000000080200000, 0x0000000080100000| Untracked 
|   2|0x0000000080200000, 0x0000000080300000, 0x0000000080300000|100%| O|  |TAMS 0x0000000080300000, 0x0000000080200000| Untracked 
|   3|0x0000000080300000, 0x0000000080400000, 0x0000000080400000|100%|HS|  |TAMS 0x0000000080400000, 0x0000000080300000| Complete 
|   4|0x0000000080400000, 0x0000000080500000, 0x0000000080500000|100%|HC|  |TAMS 0x0000000080500000, 0x0000000080400000| Complete 
|   5|0x0000000080500000, 0x0000000080600000, 0x0000000080600000|100%|HC|  |TAMS 0x0000000080600000, 0x0000000080500000| Complete 
|   6|0x0000000080600000, 0x0000000080700000, 0x0000000080700000|100%| O|  |TAMS 0x0000000080700000, 0x0000000080600000| Untracked 
|   7|0x0000000080700000, 0x0000000080800000, 0x0000000080800000|100%| O|  |TAMS 0x0000000080800000, 0x0000000080700000| Untracked 
|   8|0x0000000080800000, 0x0000000080900000, 0x0000000080900000|100%| O|  |TAMS 0x0000000080900000, 0x0000000080800000| Untracked 
|   9|0x0000000080900000, 0x0000000080a00000, 0x0000000080a00000|100%| O|  |TAMS 0x0000000080a00000, 0x0000000080900000| Untracked 
|  10|0x0000000080a00000, 0x0000000080b00000, 0x0000000080b00000|100%| O|  |TAMS 0x0000000080b00000, 0x0000000080a00000| Untracked 
|  11|0x0000000080b00000, 0x0000000080c00000, 0x0000000080c00000|100%| O|  |TAMS 0x0000000080c00000, 0x0000000080b00000| Untracked 
|  12|0x0000000080c00000, 0x0000000080d00000, 0x0000000080d00000|100%| O|  |TAMS 0x0000000080d00000, 0x0000000080c00000| Untracked 
|  13|0x0000000080d00000, 0x0000000080e00000, 0x0000000080e00000|100%| O|  |TAMS 0x0000000080e00000, 0x0000000080d00000| Untracked 
|  14|0x0000000080e00000, 0x0000000080f00000, 0x0000000080f00000|100%| O|  |TAMS 0x0000000080f00000, 0x0000000080e00000| Untracked 
|  15|0x0000000080f00000, 0x0000000081000000, 0x0000000081000000|100%| O|  |TAMS 0x0000000081000000, 0x0000000080f00000| Untracked 
|  16|0x0000000081000000, 0x0000000081100000, 0x0000000081100000|100%|HS|  |TAMS 0x0000000081100000, 0x0000000081000000| Complete 
|  17|0x0000000081100000, 0x0000000081200000, 0x0000000081200000|100%|HC|  |TAMS 0x0000000081200000, 0x0000000081100000| Complete 
|  18|0x0000000081200000, 0x0000000081300000, 0x0000000081300000|100%|HS|  |TAMS 0x0000000081300000, 0x0000000081200000| Complete 
|  19|0x0000000081300000, 0x0000000081400000, 0x0000000081400000|100%|HC|  |TAMS 0x0000000081400000, 0x0000000081300000| Complete 
|  20|0x0000000081400000, 0x0000000081500000, 0x0000000081500000|100%|HC|  |TAMS 0x0000000081500000, 0x0000000081400000| Complete 
|  21|0x0000000081500000, 0x0000000081600000, 0x0000000081600000|100%|HS|  |TAMS 0x0000000081600000, 0x0000000081500000| Complete 
|  22|0x0000000081600000, 0x0000000081700000, 0x0000000081700000|100%|HS|  |TAMS 0x0000000081700000, 0x0000000081600000| Complete 
|  23|0x0000000081700000, 0x0000000081800000, 0x0000000081800000|100%|HC|  |TAMS 0x0000000081800000, 0x0000000081700000| Complete 
|  24|0x0000000081800000, 0x0000000081900000, 0x0000000081900000|100%|HC|  |TAMS 0x0000000081900000, 0x0000000081800000| Complete 
|  25|0x0000000081900000, 0x0000000081a00000, 0x0000000081a00000|100%|HC|  |TAMS 0x0000000081a00000, 0x0000000081900000| Complete 
|  26|0x0000000081a00000, 0x0000000081b00000, 0x0000000081b00000|100%| O|  |TAMS 0x0000000081b00000, 0x0000000081a00000| Untracked 
|  27|0x0000000081b00000, 0x0000000081c00000, 0x0000000081c00000|100%| O|  |TAMS 0x0000000081c00000, 0x0000000081b00000| Untracked 
|  28|0x0000000081c00000, 0x0000000081d00000, 0x0000000081d00000|100%| O|  |TAMS 0x0000000081d00000, 0x0000000081c00000| Untracked 
|  29|0x0000000081d00000, 0x0000000081e00000, 0x0000000081e00000|100%|HS|  |TAMS 0x0000000081e00000, 0x0000000081d00000| Complete 
|  30|0x0000000081e00000, 0x0000000081f00000, 0x0000000081f00000|100%| O|  |TAMS 0x0000000081f00000, 0x0000000081e00000| Untracked 
|  31|0x0000000081f00000, 0x0000000082000000, 0x0000000082000000|100%| O|  |TAMS 0x0000000082000000, 0x0000000081f00000| Untracked 
|  32|0x0000000082000000, 0x0000000082100000, 0x0000000082100000|100%| O|  |TAMS 0x0000000082100000, 0x0000000082000000| Untracked 
|  33|0x0000000082100000, 0x0000000082200000, 0x0000000082200000|100%| O|  |TAMS 0x0000000082200000, 0x0000000082100000| Untracked 
|  34|0x0000000082200000, 0x0000000082300000, 0x0000000082300000|100%| O|  |TAMS 0x0000000082300000, 0x0000000082200000| Untracked 
|  35|0x0000000082300000, 0x0000000082400000, 0x0000000082400000|100%| O|  |TAMS 0x0000000082400000, 0x0000000082300000| Untracked 
|  36|0x0000000082400000, 0x0000000082500000, 0x0000000082500000|100%|HS|  |TAMS 0x0000000082500000, 0x0000000082400000| Complete 
|  37|0x0000000082500000, 0x0000000082600000, 0x0000000082600000|100%|HC|  |TAMS 0x0000000082600000, 0x0000000082500000| Complete 
|  38|0x0000000082600000, 0x0000000082700000, 0x0000000082700000|100%|HC|  |TAMS 0x0000000082700000, 0x0000000082600000| Complete 
|  39|0x0000000082700000, 0x0000000082800000, 0x0000000082800000|100%| O|  |TAMS 0x0000000082800000, 0x0000000082700000| Untracked 
|  40|0x0000000082800000, 0x0000000082900000, 0x0000000082900000|100%| O|  |TAMS 0x0000000082900000, 0x0000000082800000| Untracked 
|  41|0x0000000082900000, 0x0000000082a00000, 0x0000000082a00000|100%| O|  |TAMS 0x0000000082a00000, 0x0000000082900000| Untracked 
|  42|0x0000000082a00000, 0x0000000082b00000, 0x0000000082b00000|100%| O|  |TAMS 0x0000000082b00000, 0x0000000082a00000| Untracked 
|  43|0x0000000082b00000, 0x0000000082c00000, 0x0000000082c00000|100%|HS|  |TAMS 0x0000000082c00000, 0x0000000082b00000| Complete 
|  44|0x0000000082c00000, 0x0000000082d00000, 0x0000000082d00000|100%|HC|  |TAMS 0x0000000082d00000, 0x0000000082c00000| Complete 
|  45|0x0000000082d00000, 0x0000000082e00000, 0x0000000082e00000|100%|HC|  |TAMS 0x0000000082e00000, 0x0000000082d00000| Complete 
|  46|0x0000000082e00000, 0x0000000082f00000, 0x0000000082f00000|100%|HC|  |TAMS 0x0000000082f00000, 0x0000000082e00000| Complete 
|  47|0x0000000082f00000, 0x0000000083000000, 0x0000000083000000|100%| O|  |TAMS 0x0000000083000000, 0x0000000082f00000| Untracked 
|  48|0x0000000083000000, 0x0000000083100000, 0x0000000083100000|100%| O|  |TAMS 0x0000000083100000, 0x0000000083000000| Untracked 
|  49|0x0000000083100000, 0x0000000083200000, 0x0000000083200000|100%| O|  |TAMS 0x0000000083200000, 0x0000000083100000| Untracked 
|  50|0x0000000083200000, 0x0000000083300000, 0x0000000083300000|100%|HS|  |TAMS 0x0000000083300000, 0x0000000083200000| Complete 
|  51|0x0000000083300000, 0x0000000083400000, 0x0000000083400000|100%|HS|  |TAMS 0x0000000083400000, 0x0000000083300000| Complete 
|  52|0x0000000083400000, 0x0000000083500000, 0x0000000083500000|100%|HS|  |TAMS 0x0000000083500000, 0x0000000083400000| Complete 
|  53|0x0000000083500000, 0x0000000083600000, 0x0000000083600000|100%|HS|  |TAMS 0x0000000083600000, 0x0000000083500000| Complete 
|  54|0x0000000083600000, 0x0000000083700000, 0x0000000083700000|100%|HC|  |TAMS 0x0000000083700000, 0x0000000083600000| Complete 
|  55|0x0000000083700000, 0x0000000083800000, 0x0000000083800000|100%|HC|  |TAMS 0x0000000083800000, 0x0000000083700000| Complete 
|  56|0x0000000083800000, 0x0000000083900000, 0x0000000083900000|100%|HS|  |TAMS 0x0000000083900000, 0x0000000083800000| Complete 
|  57|0x0000000083900000, 0x0000000083a00000, 0x0000000083a00000|100%|HC|  |TAMS 0x0000000083a00000, 0x0000000083900000| Complete 
|  58|0x0000000083a00000, 0x0000000083b00000, 0x0000000083b00000|100%| O|  |TAMS 0x0000000083b00000, 0x0000000083a00000| Untracked 
|  59|0x0000000083b00000, 0x0000000083c00000, 0x0000000083c00000|100%| O|  |TAMS 0x0000000083c00000, 0x0000000083b00000| Untracked 
|  60|0x0000000083c00000, 0x0000000083d00000, 0x0000000083d00000|100%| O|  |TAMS 0x0000000083d00000, 0x0000000083c00000| Untracked 
|  61|0x0000000083d00000, 0x0000000083e00000, 0x0000000083e00000|100%| O|  |TAMS 0x0000000083e00000, 0x0000000083d00000| Untracked 
|  62|0x0000000083e00000, 0x0000000083f00000, 0x0000000083f00000|100%| O|  |TAMS 0x0000000083f00000, 0x0000000083e00000| Untracked 
|  63|0x0000000083f00000, 0x0000000084000000, 0x0000000084000000|100%| O|  |TAMS 0x0000000084000000, 0x0000000083f00000| Untracked 
|  64|0x0000000084000000, 0x0000000084100000, 0x0000000084100000|100%| O|  |TAMS 0x0000000084100000, 0x0000000084000000| Untracked 
|  65|0x0000000084100000, 0x0000000084200000, 0x0000000084200000|100%| O|  |TAMS 0x0000000084200000, 0x0000000084100000| Untracked 
|  66|0x0000000084200000, 0x0000000084300000, 0x0000000084300000|100%| O|  |TAMS 0x0000000084300000, 0x0000000084200000| Untracked 
|  67|0x0000000084300000, 0x0000000084400000, 0x0000000084400000|100%| O|  |TAMS 0x0000000084400000, 0x0000000084300000| Untracked 
|  68|0x0000000084400000, 0x0000000084500000, 0x0000000084500000|100%| O|  |TAMS 0x0000000084500000, 0x0000000084400000| Untracked 
|  69|0x0000000084500000, 0x0000000084600000, 0x0000000084600000|100%| O|  |TAMS 0x0000000084600000, 0x0000000084500000| Untracked 
|  70|0x0000000084600000, 0x0000000084700000, 0x0000000084700000|100%| O|  |TAMS 0x0000000084700000, 0x0000000084600000| Untracked 
|  71|0x0000000084700000, 0x0000000084800000, 0x0000000084800000|100%| O|  |TAMS 0x0000000084800000, 0x0000000084700000| Untracked 
|  72|0x0000000084800000, 0x0000000084900000, 0x0000000084900000|100%| O|  |TAMS 0x0000000084900000, 0x0000000084800000| Untracked 
|  73|0x0000000084900000, 0x0000000084a00000, 0x0000000084a00000|100%| O|  |TAMS 0x0000000084a00000, 0x0000000084900000| Untracked 
|  74|0x0000000084a00000, 0x0000000084b00000, 0x0000000084b00000|100%| O|  |TAMS 0x0000000084b00000, 0x0000000084a00000| Untracked 
|  75|0x0000000084b00000, 0x0000000084c00000, 0x0000000084c00000|100%| O|  |TAMS 0x0000000084c00000, 0x0000000084b00000| Untracked 
|  76|0x0000000084c00000, 0x0000000084d00000, 0x0000000084d00000|100%| O|  |TAMS 0x0000000084d00000, 0x0000000084c00000| Untracked 
|  77|0x0000000084d00000, 0x0000000084e00000, 0x0000000084e00000|100%| O|  |TAMS 0x0000000084e00000, 0x0000000084d00000| Untracked 
|  78|0x0000000084e00000, 0x0000000084f00000, 0x0000000084f00000|100%| O|  |TAMS 0x0000000084f00000, 0x0000000084e00000| Untracked 
|  79|0x0000000084f00000, 0x0000000085000000, 0x0000000085000000|100%| O|  |TAMS 0x0000000085000000, 0x0000000084f00000| Untracked 
|  80|0x0000000085000000, 0x0000000085100000, 0x0000000085100000|100%| O|  |TAMS 0x0000000085100000, 0x0000000085000000| Untracked 
|  81|0x0000000085100000, 0x0000000085200000, 0x0000000085200000|100%| O|  |TAMS 0x0000000085200000, 0x0000000085100000| Untracked 
|  82|0x0000000085200000, 0x0000000085300000, 0x0000000085300000|100%| O|  |TAMS 0x0000000085300000, 0x0000000085200000| Untracked 
|  83|0x0000000085300000, 0x0000000085400000, 0x0000000085400000|100%| O|  |TAMS 0x0000000085400000, 0x0000000085300000| Untracked 
|  84|0x0000000085400000, 0x0000000085500000, 0x0000000085500000|100%| O|  |TAMS 0x0000000085500000, 0x0000000085400000| Untracked 
|  85|0x0000000085500000, 0x0000000085600000, 0x0000000085600000|100%| O|  |TAMS 0x0000000085600000, 0x0000000085500000| Untracked 
|  86|0x0000000085600000, 0x0000000085700000, 0x0000000085700000|100%| O|  |TAMS 0x0000000085700000, 0x0000000085600000| Untracked 
|  87|0x0000000085700000, 0x0000000085800000, 0x0000000085800000|100%| O|  |TAMS 0x0000000085800000, 0x0000000085700000| Untracked 
|  88|0x0000000085800000, 0x0000000085900000, 0x0000000085900000|100%|HS|  |TAMS 0x0000000085900000, 0x0000000085800000| Complete 
|  89|0x0000000085900000, 0x0000000085a00000, 0x0000000085a00000|100%|HC|  |TAMS 0x0000000085a00000, 0x0000000085900000| Complete 
|  90|0x0000000085a00000, 0x0000000085b00000, 0x0000000085b00000|100%|HS|  |TAMS 0x0000000085b00000, 0x0000000085a00000| Complete 
|  91|0x0000000085b00000, 0x0000000085c00000, 0x0000000085c00000|100%|HC|  |TAMS 0x0000000085c00000, 0x0000000085b00000| Complete 
|  92|0x0000000085c00000, 0x0000000085d00000, 0x0000000085d00000|100%|HC|  |TAMS 0x0000000085d00000, 0x0000000085c00000| Complete 
|  93|0x0000000085d00000, 0x0000000085e00000, 0x0000000085e00000|100%|HS|  |TAMS 0x0000000085e00000, 0x0000000085d00000| Complete 
|  94|0x0000000085e00000, 0x0000000085f00000, 0x0000000085f00000|100%|HS|  |TAMS 0x0000000085f00000, 0x0000000085e00000| Complete 
|  95|0x0000000085f00000, 0x0000000086000000, 0x0000000086000000|100%|HC|  |TAMS 0x0000000086000000, 0x0000000085f00000| Complete 
|  96|0x0000000086000000, 0x0000000086100000, 0x0000000086100000|100%|HC|  |TAMS 0x0000000086100000, 0x0000000086000000| Complete 
|  97|0x0000000086100000, 0x0000000086200000, 0x0000000086200000|100%|HC|  |TAMS 0x0000000086200000, 0x0000000086100000| Complete 
|  98|0x0000000086200000, 0x0000000086300000, 0x0000000086300000|100%| O|  |TAMS 0x0000000086300000, 0x0000000086200000| Untracked 
|  99|0x0000000086300000, 0x0000000086400000, 0x0000000086400000|100%| O|  |TAMS 0x0000000086400000, 0x0000000086300000| Untracked 
| 100|0x0000000086400000, 0x0000000086500000, 0x0000000086500000|100%| O|  |TAMS 0x0000000086500000, 0x0000000086400000| Untracked 
| 101|0x0000000086500000, 0x0000000086600000, 0x0000000086600000|100%| O|  |TAMS 0x0000000086600000, 0x0000000086500000| Untracked 
| 102|0x0000000086600000, 0x0000000086700000, 0x0000000086700000|100%| O|  |TAMS 0x0000000086700000, 0x0000000086600000| Untracked 
| 103|0x0000000086700000, 0x0000000086800000, 0x0000000086800000|100%| O|  |TAMS 0x0000000086800000, 0x0000000086700000| Untracked 
| 104|0x0000000086800000, 0x0000000086900000, 0x0000000086900000|100%| O|  |TAMS 0x0000000086900000, 0x0000000086800000| Untracked 
| 105|0x0000000086900000, 0x0000000086a00000, 0x0000000086a00000|100%| O|  |TAMS 0x0000000086a00000, 0x0000000086900000| Untracked 
| 106|0x0000000086a00000, 0x0000000086b00000, 0x0000000086b00000|100%| O|  |TAMS 0x0000000086b00000, 0x0000000086a00000| Untracked 
| 107|0x0000000086b00000, 0x0000000086c00000, 0x0000000086c00000|100%| O|  |TAMS 0x0000000086c00000, 0x0000000086b00000| Untracked 
| 108|0x0000000086c00000, 0x0000000086d00000, 0x0000000086d00000|100%| O|  |TAMS 0x0000000086d00000, 0x0000000086c00000| Untracked 
| 109|0x0000000086d00000, 0x0000000086e00000, 0x0000000086e00000|100%| O|  |TAMS 0x0000000086e00000, 0x0000000086d00000| Untracked 
| 110|0x0000000086e00000, 0x0000000086f00000, 0x0000000086f00000|100%| O|  |TAMS 0x0000000086f00000, 0x0000000086e00000| Untracked 
| 111|0x0000000086f00000, 0x0000000087000000, 0x0000000087000000|100%| O|  |TAMS 0x0000000087000000, 0x0000000086f00000| Untracked 
| 112|0x0000000087000000, 0x0000000087100000, 0x0000000087100000|100%| O|  |TAMS 0x0000000087100000, 0x0000000087000000| Untracked 
| 113|0x0000000087100000, 0x0000000087200000, 0x0000000087200000|100%| O|  |TAMS 0x0000000087200000, 0x0000000087100000| Untracked 
| 114|0x0000000087200000, 0x0000000087300000, 0x0000000087300000|100%| O|  |TAMS 0x0000000087300000, 0x0000000087200000| Untracked 
| 115|0x0000000087300000, 0x0000000087400000, 0x0000000087400000|100%| O|  |TAMS 0x0000000087400000, 0x0000000087300000| Untracked 
| 116|0x0000000087400000, 0x0000000087500000, 0x0000000087500000|100%| O|  |TAMS 0x0000000087500000, 0x0000000087400000| Untracked 
| 117|0x0000000087500000, 0x0000000087600000, 0x0000000087600000|100%| O|  |TAMS 0x0000000087600000, 0x0000000087500000| Untracked 
| 118|0x0000000087600000, 0x0000000087700000, 0x0000000087700000|100%| O|  |TAMS 0x0000000087700000, 0x0000000087600000| Untracked 
| 119|0x0000000087700000, 0x0000000087800000, 0x0000000087800000|100%| O|  |TAMS 0x0000000087800000, 0x0000000087700000| Untracked 
| 120|0x0000000087800000, 0x0000000087900000, 0x0000000087900000|100%| O|  |TAMS 0x0000000087900000, 0x0000000087800000| Untracked 
| 121|0x0000000087900000, 0x0000000087a00000, 0x0000000087a00000|100%| O|  |TAMS 0x0000000087900000, 0x0000000087900000| Untracked 
| 122|0x0000000087a00000, 0x0000000087b00000, 0x0000000087b00000|100%| O|  |TAMS 0x0000000087a00000, 0x0000000087a00000| Untracked 
| 123|0x0000000087b00000, 0x0000000087b28400, 0x0000000087c00000| 15%| O|  |TAMS 0x0000000087b00000, 0x0000000087b00000| Untracked 
| 124|0x0000000087c00000, 0x0000000087c00000, 0x0000000087d00000|  0%| F|  |TAMS 0x0000000087c00000, 0x0000000087c00000| Untracked 
| 125|0x0000000087d00000, 0x0000000087d00000, 0x0000000087e00000|  0%| F|  |TAMS 0x0000000087d00000, 0x0000000087d00000| Untracked 
| 126|0x0000000087e00000, 0x0000000087e00000, 0x0000000087f00000|  0%| F|  |TAMS 0x0000000087e00000, 0x0000000087e00000| Untracked 
| 127|0x0000000087f00000, 0x0000000087f00000, 0x0000000088000000|  0%| F|  |TAMS 0x0000000087f00000, 0x0000000087f00000| Untracked 
| 128|0x0000000088000000, 0x0000000088000000, 0x0000000088100000|  0%| F|  |TAMS 0x0000000088000000, 0x0000000088000000| Untracked 
| 129|0x0000000088100000, 0x0000000088100000, 0x0000000088200000|  0%| F|  |TAMS 0x0000000088100000, 0x0000000088100000| Untracked 
| 130|0x0000000088200000, 0x0000000088200000, 0x0000000088300000|  0%| F|  |TAMS 0x0000000088200000, 0x0000000088200000| Untracked 
| 131|0x0000000088300000, 0x0000000088300000, 0x0000000088400000|  0%| F|  |TAMS 0x0000000088300000, 0x0000000088300000| Untracked 
| 132|0x0000000088400000, 0x0000000088400000, 0x0000000088500000|  0%| F|  |TAMS 0x0000000088400000, 0x0000000088400000| Untracked 
| 133|0x0000000088500000, 0x0000000088500000, 0x0000000088600000|  0%| F|  |TAMS 0x0000000088500000, 0x0000000088500000| Untracked 
| 134|0x0000000088600000, 0x0000000088600000, 0x0000000088700000|  0%| F|  |TAMS 0x0000000088600000, 0x0000000088600000| Untracked 
| 135|0x0000000088700000, 0x0000000088700000, 0x0000000088800000|  0%| F|  |TAMS 0x0000000088700000, 0x0000000088700000| Untracked 
| 136|0x0000000088800000, 0x0000000088800000, 0x0000000088900000|  0%| F|  |TAMS 0x0000000088800000, 0x0000000088800000| Untracked 
| 137|0x0000000088900000, 0x0000000088900000, 0x0000000088a00000|  0%| F|  |TAMS 0x0000000088900000, 0x0000000088900000| Untracked 
| 138|0x0000000088a00000, 0x0000000088a00000, 0x0000000088b00000|  0%| F|  |TAMS 0x0000000088a00000, 0x0000000088a00000| Untracked 
| 139|0x0000000088b00000, 0x0000000088b00000, 0x0000000088c00000|  0%| F|  |TAMS 0x0000000088b00000, 0x0000000088b00000| Untracked 
| 140|0x0000000088c00000, 0x0000000088c00000, 0x0000000088d00000|  0%| F|  |TAMS 0x0000000088c00000, 0x0000000088c00000| Untracked 
| 141|0x0000000088d00000, 0x0000000088d67460, 0x0000000088e00000| 40%| S|CS|TAMS 0x0000000088d00000, 0x0000000088d00000| Complete 
| 142|0x0000000088e00000, 0x0000000088f00000, 0x0000000088f00000|100%| S|CS|TAMS 0x0000000088e00000, 0x0000000088e00000| Complete 
| 143|0x0000000088f00000, 0x0000000088f00000, 0x0000000089000000|  0%| F|  |TAMS 0x0000000088f00000, 0x0000000088f00000| Untracked 
| 144|0x0000000089000000, 0x0000000089000000, 0x0000000089100000|  0%| F|  |TAMS 0x0000000089000000, 0x0000000089000000| Untracked 
| 145|0x0000000089100000, 0x0000000089200000, 0x0000000089200000|100%| S|CS|TAMS 0x0000000089100000, 0x0000000089100000| Complete 
| 146|0x0000000089200000, 0x0000000089300000, 0x0000000089300000|100%| S|CS|TAMS 0x0000000089200000, 0x0000000089200000| Complete 
| 147|0x0000000089300000, 0x0000000089300000, 0x0000000089400000|  0%| F|  |TAMS 0x0000000089300000, 0x0000000089300000| Untracked 
| 148|0x0000000089400000, 0x0000000089400000, 0x0000000089500000|  0%| F|  |TAMS 0x0000000089400000, 0x0000000089400000| Untracked 
| 149|0x0000000089500000, 0x0000000089500000, 0x0000000089600000|  0%| F|  |TAMS 0x0000000089500000, 0x0000000089500000| Untracked 
| 150|0x0000000089600000, 0x0000000089700000, 0x0000000089700000|100%| S|CS|TAMS 0x0000000089600000, 0x0000000089600000| Complete 
| 151|0x0000000089700000, 0x0000000089700000, 0x0000000089800000|  0%| F|  |TAMS 0x0000000089700000, 0x0000000089700000| Untracked 
| 152|0x0000000089800000, 0x0000000089800000, 0x0000000089900000|  0%| F|  |TAMS 0x0000000089800000, 0x0000000089800000| Untracked 
| 153|0x0000000089900000, 0x0000000089900000, 0x0000000089a00000|  0%| F|  |TAMS 0x0000000089900000, 0x0000000089900000| Untracked 
| 154|0x0000000089a00000, 0x0000000089a00000, 0x0000000089b00000|  0%| F|  |TAMS 0x0000000089a00000, 0x0000000089a00000| Untracked 
| 155|0x0000000089b00000, 0x0000000089b00000, 0x0000000089c00000|  0%| F|  |TAMS 0x0000000089b00000, 0x0000000089b00000| Untracked 
| 156|0x0000000089c00000, 0x0000000089c00000, 0x0000000089d00000|  0%| F|  |TAMS 0x0000000089c00000, 0x0000000089c00000| Untracked 
| 157|0x0000000089d00000, 0x0000000089d00000, 0x0000000089e00000|  0%| F|  |TAMS 0x0000000089d00000, 0x0000000089d00000| Untracked 
| 158|0x0000000089e00000, 0x0000000089e00000, 0x0000000089f00000|  0%| F|  |TAMS 0x0000000089e00000, 0x0000000089e00000| Untracked 
| 159|0x0000000089f00000, 0x0000000089f00000, 0x000000008a000000|  0%| F|  |TAMS 0x0000000089f00000, 0x0000000089f00000| Untracked 
| 160|0x000000008a000000, 0x000000008a000000, 0x000000008a100000|  0%| F|  |TAMS 0x000000008a000000, 0x000000008a000000| Untracked 
| 161|0x000000008a100000, 0x000000008a100000, 0x000000008a200000|  0%| F|  |TAMS 0x000000008a100000, 0x000000008a100000| Untracked 
| 162|0x000000008a200000, 0x000000008a200000, 0x000000008a300000|  0%| F|  |TAMS 0x000000008a200000, 0x000000008a200000| Untracked 
| 163|0x000000008a300000, 0x000000008a300000, 0x000000008a400000|  0%| F|  |TAMS 0x000000008a300000, 0x000000008a300000| Untracked 
| 164|0x000000008a400000, 0x000000008a400000, 0x000000008a500000|  0%| F|  |TAMS 0x000000008a400000, 0x000000008a400000| Untracked 
| 165|0x000000008a500000, 0x000000008a500000, 0x000000008a600000|  0%| F|  |TAMS 0x000000008a500000, 0x000000008a500000| Untracked 
| 166|0x000000008a600000, 0x000000008a600000, 0x000000008a700000|  0%| F|  |TAMS 0x000000008a600000, 0x000000008a600000| Untracked 
| 167|0x000000008a700000, 0x000000008a700000, 0x000000008a800000|  0%| F|  |TAMS 0x000000008a700000, 0x000000008a700000| Untracked 
| 168|0x000000008a800000, 0x000000008a800000, 0x000000008a900000|  0%| F|  |TAMS 0x000000008a800000, 0x000000008a800000| Untracked 
| 169|0x000000008a900000, 0x000000008a900000, 0x000000008aa00000|  0%| F|  |TAMS 0x000000008a900000, 0x000000008a900000| Untracked 
| 170|0x000000008aa00000, 0x000000008aa00000, 0x000000008ab00000|  0%| F|  |TAMS 0x000000008aa00000, 0x000000008aa00000| Untracked 
| 171|0x000000008ab00000, 0x000000008ab00000, 0x000000008ac00000|  0%| F|  |TAMS 0x000000008ab00000, 0x000000008ab00000| Untracked 
| 172|0x000000008ac00000, 0x000000008ac00000, 0x000000008ad00000|  0%| F|  |TAMS 0x000000008ac00000, 0x000000008ac00000| Untracked 
| 173|0x000000008ad00000, 0x000000008ad00000, 0x000000008ae00000|  0%| F|  |TAMS 0x000000008ad00000, 0x000000008ad00000| Untracked 
| 174|0x000000008ae00000, 0x000000008ae00000, 0x000000008af00000|  0%| F|  |TAMS 0x000000008ae00000, 0x000000008ae00000| Untracked 
| 175|0x000000008af00000, 0x000000008af00000, 0x000000008b000000|  0%| F|  |TAMS 0x000000008af00000, 0x000000008af00000| Untracked 
| 176|0x000000008b000000, 0x000000008b000000, 0x000000008b100000|  0%| F|  |TAMS 0x000000008b000000, 0x000000008b000000| Untracked 
| 177|0x000000008b100000, 0x000000008b100000, 0x000000008b200000|  0%| F|  |TAMS 0x000000008b100000, 0x000000008b100000| Untracked 
| 178|0x000000008b200000, 0x000000008b200000, 0x000000008b300000|  0%| F|  |TAMS 0x000000008b200000, 0x000000008b200000| Untracked 
| 179|0x000000008b300000, 0x000000008b300000, 0x000000008b400000|  0%| F|  |TAMS 0x000000008b300000, 0x000000008b300000| Untracked 
| 180|0x000000008b400000, 0x000000008b400000, 0x000000008b500000|  0%| F|  |TAMS 0x000000008b400000, 0x000000008b400000| Untracked 
| 181|0x000000008b500000, 0x000000008b500000, 0x000000008b600000|  0%| F|  |TAMS 0x000000008b500000, 0x000000008b500000| Untracked 
| 182|0x000000008b600000, 0x000000008b600000, 0x000000008b700000|  0%| F|  |TAMS 0x000000008b600000, 0x000000008b600000| Untracked 

Card table byte_map: [0x0000020431c80000,0x0000020432080000] _byte_map_base: 0x0000020431880000

Marking Bits (Prev, Next): (CMBitMap*) 0x000002041ea80398, (CMBitMap*) 0x000002041ea803d0
 Prev Bits: [0x0000020432480000, 0x0000020434480000)
 Next Bits: [0x0000020434480000, 0x0000020436480000)

Polling page: 0x000002041e210000

Metaspace:

Usage:
  Non-class:     93.56 MB capacity,    92.01 MB ( 98%) used,     1.27 MB (  1%) free+waste,   289.69 KB ( <1%) overhead. 
      Class:     14.58 MB capacity,    13.63 MB ( 94%) used,   834.71 KB (  6%) free+waste,   130.19 KB ( <1%) overhead. 
       Both:    108.13 MB capacity,   105.64 MB ( 98%) used,     2.08 MB (  2%) free+waste,   419.88 KB ( <1%) overhead. 

Virtual space:
  Non-class space:       94.00 MB reserved,      93.75 MB (>99%) committed 
      Class space:        1.00 GB reserved,      14.63 MB (  1%) committed 
             Both:        1.09 GB reserved,     108.38 MB ( 10%) committed 

Chunk freelists:
   Non-Class:  6.00 KB
       Class:  18.00 KB
        Both:  24.00 KB

MaxMetaspaceSize: 17179869184.00 GB
CompressedClassSpaceSize: 1.00 GB
Initial GC threshold: 20.80 MB
Current GC threshold: 178.75 MB
CDS: off

CodeHeap 'non-profiled nmethods': size=120000Kb used=5327Kb max_used=5327Kb free=114672Kb
 bounds [0x000002042a010000, 0x000002042a550000, 0x0000020431540000]
CodeHeap 'profiled nmethods': size=120000Kb used=24283Kb max_used=24283Kb free=95716Kb
 bounds [0x0000020422ae0000, 0x00000204242a0000, 0x000002042a010000]
CodeHeap 'non-nmethods': size=5760Kb used=2439Kb max_used=2474Kb free=3320Kb
 bounds [0x0000020422540000, 0x00000204227c0000, 0x0000020422ae0000]
 total_blobs=13256 nmethods=12291 adapters=876
 compilation: enabled
              stopped_count=0, restarted_count=0
 full_count=0

Compilation events (20 events):
Event: 15.341 Thread 0x0000020439860000 nmethod 12564 0x0000020424292810 code [0x0000020424292a00, 0x0000020424292c58]
Event: 15.341 Thread 0x0000020439860000 12565       2       com.sun.proxy.$Proxy47::<init> (6 bytes)
Event: 15.342 Thread 0x0000020439860000 nmethod 12565 0x0000020424292d90 code [0x0000020424292f60, 0x0000020424293188]
Event: 15.343 Thread 0x0000020439860000 12566       2       com.android.build.gradle.options.BooleanOption::parse (6 bytes)
Event: 15.343 Thread 0x0000020439860000 nmethod 12566 0x0000020424293290 code [0x0000020424293480, 0x0000020424293768]
Event: 15.343 Thread 0x0000020439860000 12567       2       com.android.build.gradle.options.BooleanOption::parse (18 bytes)
Event: 15.344 Thread 0x0000020439860000 nmethod 12567 0x0000020424293990 code [0x0000020424293b80, 0x0000020424293e48]
Event: 15.345 Thread 0x0000020439860000 12568   !   2       com.sun.proxy.$Proxy34::annotationType (29 bytes)
Event: 15.345 Thread 0x0000020439860000 nmethod 12568 0x0000020424294010 code [0x00000204242941e0, 0x0000020424294438]
Event: 15.350 Thread 0x0000020439860000 12569       2       org.gradle.internal.snapshot.impl.EnumValueSnapshot::equals (63 bytes)
Event: 15.350 Thread 0x0000020439860000 nmethod 12569 0x0000020424294590 code [0x0000020424294760, 0x0000020424294998]
Event: 15.350 Thread 0x0000020439860000 12570       2       com.android.build.api.artifact.impl.ArtifactsImpl::get (15 bytes)
Event: 15.351 Thread 0x0000020439860000 nmethod 12570 0x0000020424294b10 code [0x0000020424294d80, 0x0000020424295298]
Event: 15.353 Thread 0x0000020439860000 12571       2       com.android.build.gradle.internal.utils.HasConfigurableValuesKt::setDisallowChanges (26 bytes)
Event: 15.353 Thread 0x0000020439860000 nmethod 12571 0x0000020424295690 code [0x00000204242958e0, 0x0000020424295d58]
Event: 15.354 Thread 0x0000020439860000 12573       2       jdk.internal.reflect.ClassFileAssembler::opc_checkcast (12 bytes)
Event: 15.355 Thread 0x0000020439860000 nmethod 12573 0x0000020424296090 code [0x0000020424296260, 0x00000204242964a8]
Event: 15.361 Thread 0x0000020439860000 12574       2       org.gradle.api.internal.DefaultNamedDomainObjectCollection$AbstractDomainObjectCreatingProvider::wasElementRemoved (27 bytes)
Event: 15.362 Thread 0x0000020439860000 nmethod 12574 0x0000020424296690 code [0x0000020424296860, 0x0000020424296ad8]
Event: 15.362 Thread 0x0000020439860000 12575       2       org.gradle.api.internal.DefaultNamedDomainObjectCollection$AbstractDomainObjectCreatingProvider::wasElementRemovedAfterRealized (27 bytes)

GC Heap History (20 events):
Event: 11.650 GC heap after
{Heap after GC invocations=24 (full 0):
 garbage-first heap   total 187392K, used 111214K [0x0000000080000000, 0x0000000100000000)
  region size 1024K, 8 young (8192K), 8 survivors (8192K)
 Metaspace       used 85724K, capacity 87995K, committed 88192K, reserved 1126400K
  class space    used 11220K, capacity 12041K, committed 12160K, reserved 1048576K
}
Event: 11.735 GC heap before
{Heap before GC invocations=24 (full 0):
 garbage-first heap   total 187392K, used 118382K [0x0000000080000000, 0x0000000100000000)
  region size 1024K, 17 young (17408K), 8 survivors (8192K)
 Metaspace       used 86702K, capacity 89025K, committed 89344K, reserved 1126400K
  class space    used 11333K, capacity 12170K, committed 12288K, reserved 1048576K
}
Event: 11.739 GC heap after
{Heap after GC invocations=25 (full 0):
 garbage-first heap   total 187392K, used 112427K [0x0000000080000000, 0x0000000100000000)
  region size 1024K, 2 young (2048K), 2 survivors (2048K)
 Metaspace       used 86702K, capacity 89025K, committed 89344K, reserved 1126400K
  class space    used 11333K, capacity 12170K, committed 12288K, reserved 1048576K
}
Event: 12.142 GC heap before
{Heap before GC invocations=26 (full 0):
 garbage-first heap   total 187392K, used 154411K [0x0000000080000000, 0x0000000100000000)
  region size 1024K, 42 young (43008K), 2 survivors (2048K)
 Metaspace       used 91505K, capacity 93808K, committed 93952K, reserved 1130496K
  class space    used 11949K, capacity 12792K, committed 12800K, reserved 1048576K
}
Event: 12.145 GC heap after
{Heap after GC invocations=27 (full 0):
 garbage-first heap   total 187392K, used 112840K [0x0000000080000000, 0x0000000100000000)
  region size 1024K, 2 young (2048K), 2 survivors (2048K)
 Metaspace       used 91505K, capacity 93808K, committed 93952K, reserved 1130496K
  class space    used 11949K, capacity 12792K, committed 12800K, reserved 1048576K
}
Event: 12.632 GC heap before
{Heap before GC invocations=27 (full 0):
 garbage-first heap   total 187392K, used 155848K [0x0000000080000000, 0x0000000100000000)
  region size 1024K, 44 young (45056K), 2 survivors (2048K)
 Metaspace       used 95998K, capacity 98295K, committed 98432K, reserved 1134592K
  class space    used 12524K, capacity 13381K, committed 13440K, reserved 1048576K
}
Event: 12.637 GC heap after
{Heap after GC invocations=28 (full 0):
 garbage-first heap   total 187392K, used 115676K [0x0000000080000000, 0x0000000100000000)
  region size 1024K, 5 young (5120K), 5 survivors (5120K)
 Metaspace       used 95998K, capacity 98295K, committed 98432K, reserved 1134592K
  class space    used 12524K, capacity 13381K, committed 13440K, reserved 1048576K
}
Event: 13.405 GC heap before
{Heap before GC invocations=29 (full 0):
 garbage-first heap   total 187392K, used 155612K [0x0000000080000000, 0x0000000100000000)
  region size 1024K, 45 young (46080K), 5 survivors (5120K)
 Metaspace       used 99067K, capacity 101590K, committed 101888K, reserved 1136640K
  class space    used 12878K, capacity 13768K, committed 13824K, reserved 1048576K
}
Event: 13.416 GC heap after
{Heap after GC invocations=30 (full 0):
 garbage-first heap   total 187392K, used 119093K [0x0000000080000000, 0x0000000100000000)
  region size 1024K, 6 young (6144K), 6 survivors (6144K)
 Metaspace       used 99067K, capacity 101590K, committed 101888K, reserved 1136640K
  class space    used 12878K, capacity 13768K, committed 13824K, reserved 1048576K
}
Event: 13.705 GC heap before
{Heap before GC invocations=30 (full 0):
 garbage-first heap   total 187392K, used 156981K [0x0000000080000000, 0x0000000100000000)
  region size 1024K, 44 young (45056K), 6 survivors (6144K)
 Metaspace       used 99605K, capacity 101978K, committed 102144K, reserved 1138688K
  class space    used 12914K, capacity 13803K, committed 13824K, reserved 1048576K
}
Event: 13.716 GC heap after
{Heap after GC invocations=31 (full 0):
 garbage-first heap   total 187392K, used 121858K [0x0000000080000000, 0x0000000100000000)
  region size 1024K, 3 young (3072K), 3 survivors (3072K)
 Metaspace       used 99605K, capacity 101978K, committed 102144K, reserved 1138688K
  class space    used 12914K, capacity 13803K, committed 13824K, reserved 1048576K
}
Event: 14.089 GC heap before
{Heap before GC invocations=32 (full 0):
 garbage-first heap   total 187392K, used 158722K [0x0000000080000000, 0x0000000100000000)
  region size 1024K, 39 young (39936K), 3 survivors (3072K)
 Metaspace       used 100613K, capacity 103140K, committed 103296K, reserved 1138688K
  class space    used 13005K, capacity 13938K, committed 13952K, reserved 1048576K
}
Event: 14.094 GC heap after
{Heap after GC invocations=33 (full 0):
 garbage-first heap   total 187392K, used 124085K [0x0000000080000000, 0x0000000100000000)
  region size 1024K, 5 young (5120K), 5 survivors (5120K)
 Metaspace       used 100613K, capacity 103140K, committed 103296K, reserved 1138688K
  class space    used 13005K, capacity 13938K, committed 13952K, reserved 1048576K
}
Event: 14.348 GC heap before
{Heap before GC invocations=33 (full 0):
 garbage-first heap   total 187392K, used 157877K [0x0000000080000000, 0x0000000100000000)
  region size 1024K, 39 young (39936K), 5 survivors (5120K)
 Metaspace       used 102791K, capacity 105289K, committed 105472K, reserved 1140736K
  class space    used 13294K, capacity 14227K, committed 14336K, reserved 1048576K
}
Event: 14.353 GC heap after
{Heap after GC invocations=34 (full 0):
 garbage-first heap   total 187392K, used 124803K [0x0000000080000000, 0x0000000100000000)
  region size 1024K, 4 young (4096K), 4 survivors (4096K)
 Metaspace       used 102791K, capacity 105289K, committed 105472K, reserved 1140736K
  class space    used 13294K, capacity 14227K, committed 14336K, reserved 1048576K
}
Event: 14.724 GC heap before
{Heap before GC invocations=35 (full 0):
 garbage-first heap   total 187392K, used 158595K [0x0000000080000000, 0x0000000100000000)
  region size 1024K, 38 young (38912K), 4 survivors (4096K)
 Metaspace       used 105168K, capacity 107595K, committed 107776K, reserved 1142784K
  class space    used 13566K, capacity 14461K, committed 14592K, reserved 1048576K
}
Event: 14.729 GC heap after
{Heap after GC invocations=36 (full 0):
 garbage-first heap   total 187392K, used 126457K [0x0000000080000000, 0x0000000100000000)
  region size 1024K, 3 young (3072K), 3 survivors (3072K)
 Metaspace       used 105168K, capacity 107595K, committed 107776K, reserved 1142784K
  class space    used 13566K, capacity 14461K, committed 14592K, reserved 1048576K
}
Event: 15.074 GC heap before
{Heap before GC invocations=36 (full 0):
 garbage-first heap   total 187392K, used 159225K [0x0000000080000000, 0x0000000100000000)
  region size 1024K, 36 young (36864K), 3 survivors (3072K)
 Metaspace       used 106626K, capacity 109125K, committed 109184K, reserved 1144832K
  class space    used 13726K, capacity 14680K, committed 14720K, reserved 1048576K
}
Event: 15.082 GC heap after
{Heap after GC invocations=37 (full 0):
 garbage-first heap   total 187392K, used 128866K [0x0000000080000000, 0x0000000100000000)
  region size 1024K, 5 young (5120K), 5 survivors (5120K)
 Metaspace       used 106626K, capacity 109125K, committed 109184K, reserved 1144832K
  class space    used 13726K, capacity 14680K, committed 14720K, reserved 1048576K
}
Event: 15.362 GC heap before
{Heap before GC invocations=38 (full 0):
 garbage-first heap   total 187392K, used 161634K [0x0000000080000000, 0x0000000100000000)
  region size 1024K, 37 young (37888K), 5 survivors (5120K)
 Metaspace       used 108176K, capacity 110728K, committed 110976K, reserved 1144832K
  class space    used 13961K, capacity 14926K, committed 14976K, reserved 1048576K
}

Deoptimization events (20 events):
Event: 15.050 Thread 0x000002043b952000 DEOPT PACKING pc=0x000002042a485a9c sp=0x000000e5dfdf8c80
Event: 15.050 Thread 0x000002043b952000 DEOPT UNPACKING pc=0x000002042258a1af sp=0x000000e5dfdf8bb8 mode 2
Event: 15.051 Thread 0x000002043b952000 Uncommon trap: trap_request=0xffffff6e fr.pc=0x000002042a485a9c relative=0x000000000000079c
Event: 15.051 Thread 0x000002043b952000 Uncommon trap: reason=speculate_class_check action=maybe_recompile pc=0x000002042a485a9c method=sun.security.provider.DigestBase.implCompressMultiBlock([BII)I @ 11 c2
Event: 15.051 Thread 0x000002043b952000 DEOPT PACKING pc=0x000002042a485a9c sp=0x000000e5dfdf8c60
Event: 15.051 Thread 0x000002043b952000 DEOPT UNPACKING pc=0x000002042258a1af sp=0x000000e5dfdf8b98 mode 2
Event: 15.103 Thread 0x000002043b952000 Uncommon trap: trap_request=0xffffff4d fr.pc=0x000002042a533a10 relative=0x0000000000000070
Event: 15.103 Thread 0x000002043b952000 Uncommon trap: reason=unstable_if action=reinterpret pc=0x000002042a533a10 method=java.lang.reflect.Method.equals(Ljava/lang/Object;)Z @ 24 c2
Event: 15.103 Thread 0x000002043b952000 DEOPT PACKING pc=0x000002042a533a10 sp=0x000000e5dfdf8350
Event: 15.103 Thread 0x000002043b952000 DEOPT UNPACKING pc=0x000002042258a1af sp=0x000000e5dfdf82e0 mode 2
Event: 15.155 Thread 0x000002043b952000 Uncommon trap: trap_request=0xffffff4d fr.pc=0x000002042a43b144 relative=0x0000000000000364
Event: 15.155 Thread 0x000002043b952000 Uncommon trap: reason=unstable_if action=reinterpret pc=0x000002042a43b144 method=org.gradle.internal.reflect.PropertyAccessorType.of(Ljava/lang/reflect/Method;)Lorg/gradle/internal/reflect/PropertyAccessorType; @ 56 c2
Event: 15.155 Thread 0x000002043b952000 DEOPT PACKING pc=0x000002042a43b144 sp=0x000000e5dfdf8550
Event: 15.155 Thread 0x000002043b952000 DEOPT UNPACKING pc=0x000002042258a1af sp=0x000000e5dfdf8510 mode 2
Event: 15.237 Thread 0x000002043b952000 DEOPT PACKING pc=0x0000020423845e50 sp=0x000000e5dfdf85b0
Event: 15.237 Thread 0x000002043b952000 DEOPT UNPACKING pc=0x000002042258a95e sp=0x000000e5dfdf7b50 mode 0
Event: 15.268 Thread 0x000002043b952000 DEOPT PACKING pc=0x0000020423850f9b sp=0x000000e5dfdf8480
Event: 15.268 Thread 0x000002043b952000 DEOPT UNPACKING pc=0x000002042258a95e sp=0x000000e5dfdf7a50 mode 0
Event: 15.274 Thread 0x000002043b952000 DEOPT PACKING pc=0x0000020423845b7c sp=0x000000e5dfdf8600
Event: 15.274 Thread 0x000002043b952000 DEOPT UNPACKING pc=0x000002042258a95e sp=0x000000e5dfdf7ba0 mode 0

Classes redefined (0 events):
No events

Internal exceptions (20 events):
Event: 15.072 Thread 0x000002043b952000 Exception <a 'java/lang/ClassNotFoundException'{0x000000008969c830}: org/gradle/plugins/ide/internal/IdePluginBeanInfo> (0x000000008969c830) thrown at [./src/hotspot/share/classfile/systemDictionary.cpp, line 231]
Event: 15.072 Thread 0x000002043b952000 Exception <a 'java/lang/ClassNotFoundException'{0x00000000896bc020}: org/gradle/plugins/ide/internal/IdePluginCustomizer> (0x00000000896bc020) thrown at [./src/hotspot/share/classfile/systemDictionary.cpp, line 231]
Event: 15.073 Thread 0x000002043b952000 Exception <a 'java/lang/ClassNotFoundException'{0x00000000896e4040}: org/gradle/plugins/ide/idea/IdeaPluginCustomizer> (0x00000000896e4040) thrown at [./src/hotspot/share/classfile/systemDictionary.cpp, line 231]
Event: 15.084 Thread 0x000002043b952000 Exception <a 'java/lang/ClassNotFoundException'{0x000000008b6452e8}: org/gradle/plugins/ide/idea/model/IdeaModel_DecoratedBeanInfo> (0x000000008b6452e8) thrown at [./src/hotspot/share/classfile/systemDictionary.cpp, line 231]
Event: 15.085 Thread 0x000002043b952000 Exception <a 'java/lang/ClassNotFoundException'{0x000000008b665f80}: org/gradle/plugins/ide/idea/model/IdeaModelBeanInfo> (0x000000008b665f80) thrown at [./src/hotspot/share/classfile/systemDictionary.cpp, line 231]
Event: 15.085 Thread 0x000002043b952000 Exception <a 'java/lang/ClassNotFoundException'{0x000000008b685a78}: org/gradle/plugins/ide/idea/model/IdeaModelCustomizer> (0x000000008b685a78) thrown at [./src/hotspot/share/classfile/systemDictionary.cpp, line 231]
Event: 15.086 Thread 0x000002043b952000 Exception <a 'java/lang/ClassNotFoundException'{0x000000008b6be228}: org/gradle/plugins/ide/idea/model/IdeaModel_DecoratedCustomizer> (0x000000008b6be228) thrown at [./src/hotspot/share/classfile/systemDictionary.cpp, line 231]
Event: 15.088 Thread 0x000002043b952000 Exception <a 'java/lang/ClassNotFoundException'{0x000000008b5402b0}: org/gradle/plugins/ide/idea/model/IdeaModule_DecoratedBeanInfo> (0x000000008b5402b0) thrown at [./src/hotspot/share/classfile/systemDictionary.cpp, line 231]
Event: 15.088 Thread 0x000002043b952000 Exception <a 'java/lang/ClassNotFoundException'{0x000000008b560f48}: org/gradle/plugins/ide/idea/model/IdeaModuleBeanInfo> (0x000000008b560f48) thrown at [./src/hotspot/share/classfile/systemDictionary.cpp, line 231]
Event: 15.088 Thread 0x000002043b952000 Exception <a 'java/lang/ClassNotFoundException'{0x000000008b580fe0}: org/gradle/plugins/ide/idea/model/IdeaModuleCustomizer> (0x000000008b580fe0) thrown at [./src/hotspot/share/classfile/systemDictionary.cpp, line 231]
Event: 15.090 Thread 0x000002043b952000 Exception <a 'java/lang/ClassNotFoundException'{0x000000008b5e9490}: org/gradle/plugins/ide/idea/model/IdeaModule_DecoratedCustomizer> (0x000000008b5e9490) thrown at [./src/hotspot/share/classfile/systemDictionary.cpp, line 231]
Event: 15.092 Thread 0x000002043b952000 Exception <a 'java/lang/ClassNotFoundException'{0x000000008b30fa48}: java/util/LinkedHashSetBeanInfo> (0x000000008b30fa48) thrown at [./src/hotspot/share/classfile/systemDictionary.cpp, line 231]
Event: 15.093 Thread 0x000002043b952000 Exception <a 'java/lang/ClassNotFoundException'{0x000000008b3182a8}: java/util/HashSetBeanInfo> (0x000000008b3182a8) thrown at [./src/hotspot/share/classfile/systemDictionary.cpp, line 231]
Event: 15.093 Thread 0x000002043b952000 Exception <a 'java/lang/ClassNotFoundException'{0x000000008b321340}: java/util/AbstractSetBeanInfo> (0x000000008b321340) thrown at [./src/hotspot/share/classfile/systemDictionary.cpp, line 231]
Event: 15.093 Thread 0x000002043b952000 Exception <a 'java/lang/ClassNotFoundException'{0x000000008b32a490}: java/util/AbstractSetCustomizer> (0x000000008b32a490) thrown at [./src/hotspot/share/classfile/systemDictionary.cpp, line 231]
Event: 15.093 Thread 0x000002043b952000 Exception <a 'java/lang/ClassNotFoundException'{0x000000008b337680}: java/util/HashSetCustomizer> (0x000000008b337680) thrown at [./src/hotspot/share/classfile/systemDictionary.cpp, line 231]
Event: 15.093 Thread 0x000002043b952000 Exception <a 'java/lang/ClassNotFoundException'{0x000000008b348d38}: java/util/LinkedHashSetCustomizer> (0x000000008b348d38) thrown at [./src/hotspot/share/classfile/systemDictionary.cpp, line 231]
Event: 15.098 Thread 0x000002043b952000 Exception <a 'java/lang/ClassNotFoundException'{0x000000008b380b10}: org/jetbrains/plugins/gradle/tooling/util/JavaPluginUtilBeanInfo> (0x000000008b380b10) thrown at [./src/hotspot/share/classfile/systemDictionary.cpp, line 231]
Event: 15.098 Thread 0x000002043b952000 Exception <a 'java/lang/ClassNotFoundException'{0x000000008b391310}: org/jetbrains/plugins/gradle/tooling/util/JavaPluginUtilCustomizer> (0x000000008b391310) thrown at [./src/hotspot/share/classfile/systemDictionary.cpp, line 231]
Event: 15.319 Thread 0x000002043b952000 Exception <a 'java/lang/NoSuchMethodError'{0x0000000089b3f0d8}: 'java.lang.Object java.lang.invoke.Invokers$Holder.linkToTargetMethod(java.lang.Object, int, int, java.lang.Object)'> (0x0000000089b3f0d8) thrown at [./src/hotspot/share/interpreter/linkResolver.cpp, line 773]

Events (20 events):
Event: 15.354 loading class com/android/build/gradle/tasks/MergeSourceSetFolders$MergeJniLibFoldersCreationAction$configure$assetDirFunction$1 done
Event: 15.355 loading class com/android/build/gradle/tasks/MergeSourceSetFolders$MergeJniLibFoldersCreationAction$configure$1
Event: 15.355 loading class com/android/build/gradle/tasks/MergeSourceSetFolders$MergeJniLibFoldersCreationAction$configure$1 done
Event: 15.355 loading class com/android/build/gradle/tasks/MergeSourceSetFolders$MergeJniLibFoldersCreationAction$configure$2
Event: 15.355 loading class com/android/build/gradle/tasks/MergeSourceSetFolders$MergeJniLibFoldersCreationAction$configure$2 done
Event: 15.356 loading class com/android/build/gradle/internal/tasks/MergeNativeLibsTask$Companion
Event: 15.356 loading class com/android/build/gradle/internal/tasks/MergeNativeLibsTask$Companion done
Event: 15.358 loading class com/android/build/gradle/internal/tasks/MergeNativeLibsTask$Companion$predicate$1
Event: 15.358 loading class com/android/build/gradle/internal/tasks/MergeNativeLibsTask$Companion$predicate$1 done
Event: 15.359 loading class com/android/build/gradle/internal/tasks/MergeNativeLibsTaskKt
Event: 15.359 loading class com/android/build/gradle/internal/tasks/MergeNativeLibsTaskKt done
Event: 15.359 loading class com/android/build/gradle/internal/tasks/MergeNativeLibsTaskKt$getProjectNativeLibs$1
Event: 15.359 loading class com/android/build/gradle/internal/tasks/MergeNativeLibsTaskKt$getProjectNativeLibs$1 done
Event: 15.359 loading class com/android/build/gradle/internal/tasks/MergeNativeLibsTaskKt$getProjectNativeLibs$2
Event: 15.359 loading class com/android/build/gradle/internal/tasks/MergeNativeLibsTaskKt$getProjectNativeLibs$2 done
Event: 15.360 loading class com/android/build/gradle/internal/tasks/MergeNativeLibsTaskKt$getExternalNativeLibs$1
Event: 15.360 loading class com/android/build/gradle/internal/tasks/MergeNativeLibsTaskKt$getExternalNativeLibs$1 done
Event: 15.360 loading class com/android/build/gradle/internal/tasks/MergeNativeLibsTaskKt$getSubProjectNativeLibs$1
Event: 15.360 loading class com/android/build/gradle/internal/tasks/MergeNativeLibsTaskKt$getSubProjectNativeLibs$1 done
Event: 15.362 Executing VM operation: G1CollectForAllocation


Dynamic libraries:
0x00007ff7b99e0000 - 0x00007ff7b99ea000 	C:\Program Files\Android\Android Studio\jre\bin\java.exe
0x00007fff4aa50000 - 0x00007fff4ac64000 	C:\WINDOWS\SYSTEM32\ntdll.dll
0x00007fff48a10000 - 0x00007fff48ad2000 	C:\WINDOWS\System32\KERNEL32.DLL
0x00007fff48480000 - 0x00007fff48823000 	C:\WINDOWS\System32\KERNELBASE.dll
0x00007fff48220000 - 0x00007fff48331000 	C:\WINDOWS\System32\ucrtbase.dll
0x00007fff41f70000 - 0x00007fff41f89000 	C:\Program Files\Android\Android Studio\jre\bin\jli.dll
0x00007fff33290000 - 0x00007fff332a7000 	C:\Program Files\Android\Android Studio\jre\bin\VCRUNTIME140.dll
0x00007fff4a860000 - 0x00007fff4aa0a000 	C:\WINDOWS\System32\USER32.dll
0x00007fff48180000 - 0x00007fff481a6000 	C:\WINDOWS\System32\win32u.dll
0x00007fff2c990000 - 0x00007fff2cc1e000 	C:\WINDOWS\WinSxS\amd64_microsoft.windows.common-controls_6595b64144ccf1df_6.0.22621.1635_none_270f70857386168e\COMCTL32.dll
0x00007fff49940000 - 0x00007fff49969000 	C:\WINDOWS\System32\GDI32.dll
0x00007fff4a170000 - 0x00007fff4a217000 	C:\WINDOWS\System32\msvcrt.dll
0x00007fff47e50000 - 0x00007fff47f69000 	C:\WINDOWS\System32\gdi32full.dll
0x00007fff47f70000 - 0x00007fff4800a000 	C:\WINDOWS\System32\msvcp_win.dll
0x00007fff48830000 - 0x00007fff48861000 	C:\WINDOWS\System32\IMM32.DLL
0x00007fff0da90000 - 0x00007fff0db2d000 	C:\Program Files\Android\Android Studio\jre\bin\msvcp140.dll
0x00007ffef2b50000 - 0x00007ffef3635000 	C:\Program Files\Android\Android Studio\jre\bin\server\jvm.dll
0x00007fff4a220000 - 0x00007fff4a2ce000 	C:\WINDOWS\System32\ADVAPI32.dll
0x00007fff492b0000 - 0x00007fff49354000 	C:\WINDOWS\System32\sechost.dll
0x00007fff4a380000 - 0x00007fff4a497000 	C:\WINDOWS\System32\RPCRT4.dll
0x00007fff492a0000 - 0x00007fff492a8000 	C:\WINDOWS\System32\PSAPI.DLL
0x00007fff37ac0000 - 0x00007fff37ac9000 	C:\WINDOWS\SYSTEM32\WSOCK32.dll
0x00007fff41400000 - 0x00007fff41434000 	C:\WINDOWS\SYSTEM32\WINMM.dll
0x00007fff4a580000 - 0x00007fff4a5f1000 	C:\WINDOWS\System32\WS2_32.dll
0x00007fff3ecb0000 - 0x00007fff3ecba000 	C:\WINDOWS\SYSTEM32\VERSION.dll
0x00007fff46ef0000 - 0x00007fff46f08000 	C:\WINDOWS\SYSTEM32\kernel.appcore.dll
0x00007fff42a30000 - 0x00007fff42a41000 	C:\Program Files\Android\Android Studio\jre\bin\verify.dll
0x00007fff3bd30000 - 0x00007fff3bf5e000 	C:\WINDOWS\SYSTEM32\DBGHELP.DLL
0x00007fff49360000 - 0x00007fff496e9000 	C:\WINDOWS\System32\combase.dll
0x00007fff4a4a0000 - 0x00007fff4a577000 	C:\WINDOWS\System32\OLEAUT32.dll
0x00007fff3bc70000 - 0x00007fff3bca2000 	C:\WINDOWS\SYSTEM32\dbgcore.DLL
0x00007fff48340000 - 0x00007fff483ba000 	C:\WINDOWS\System32\bcryptPrimitives.dll
0x00007fff381a0000 - 0x00007fff381c9000 	C:\Program Files\Android\Android Studio\jre\bin\java.dll
0x00007fff41fd0000 - 0x00007fff41fdb000 	C:\Program Files\Android\Android Studio\jre\bin\jimage.dll
0x00007fff38080000 - 0x00007fff38098000 	C:\Program Files\Android\Android Studio\jre\bin\zip.dll
0x00007fff49970000 - 0x00007fff4a169000 	C:\WINDOWS\System32\SHELL32.dll
0x00007fff45e00000 - 0x00007fff466ce000 	C:\WINDOWS\SYSTEM32\windows.storage.dll
0x00007fff45cc0000 - 0x00007fff45dfe000 	C:\WINDOWS\SYSTEM32\wintypes.dll
0x00007fff49740000 - 0x00007fff49831000 	C:\WINDOWS\System32\SHCORE.dll
0x00007fff48870000 - 0x00007fff488ce000 	C:\WINDOWS\System32\shlwapi.dll
0x00007fff47d80000 - 0x00007fff47da6000 	C:\WINDOWS\SYSTEM32\profapi.dll
0x00007fff2f4d0000 - 0x00007fff2f4ea000 	C:\Program Files\Android\Android Studio\jre\bin\net.dll
0x00007fff41120000 - 0x00007fff41257000 	C:\WINDOWS\SYSTEM32\WINHTTP.dll
0x00007fff473b0000 - 0x00007fff47419000 	C:\WINDOWS\system32\mswsock.dll
0x00007fff2f4b0000 - 0x00007fff2f4c4000 	C:\Program Files\Android\Android Studio\jre\bin\nio.dll
0x00007fff1f420000 - 0x00007fff1f447000 	C:\Users\Mehmet emin\.gradle\native\e1d6ef7f7dcc3fd88c89a11ec53ec762bb8ba0a96d01ffa2cd45eb1d1d8dd5c5\windows-amd64\native-platform.dll
0x00007ffef6e60000 - 0x00007ffef6fa4000 	C:\Users\Mehmet emin\.gradle\native\5664cfc778a61ccfe75a443a1ab52a65af34e5dc3c78e0209fed803814484fcb\windows-amd64\native-platform-file-events.dll
0x00007fff41fc0000 - 0x00007fff41fca000 	C:\Program Files\Android\Android Studio\jre\bin\management.dll
0x00007fff38070000 - 0x00007fff3807d000 	C:\Program Files\Android\Android Studio\jre\bin\management_ext.dll
0x00007fff476d0000 - 0x00007fff476eb000 	C:\WINDOWS\SYSTEM32\CRYPTSP.dll
0x00007fff46eb0000 - 0x00007fff46ee5000 	C:\WINDOWS\system32\rsaenh.dll
0x00007fff47450000 - 0x00007fff4747c000 	C:\WINDOWS\SYSTEM32\USERENV.dll
0x00007fff47800000 - 0x00007fff47828000 	C:\WINDOWS\SYSTEM32\bcrypt.dll
0x00007fff476b0000 - 0x00007fff476bc000 	C:\WINDOWS\SYSTEM32\CRYPTBASE.dll
0x00007fff469a0000 - 0x00007fff469cd000 	C:\WINDOWS\SYSTEM32\IPHLPAPI.DLL
0x00007fff498a0000 - 0x00007fff498a9000 	C:\WINDOWS\System32\NSI.dll
0x00007fff40de0000 - 0x00007fff40df9000 	C:\WINDOWS\SYSTEM32\dhcpcsvc6.DLL
0x00007fff40b80000 - 0x00007fff40b9f000 	C:\WINDOWS\SYSTEM32\dhcpcsvc.DLL
0x00007fff46a10000 - 0x00007fff46b03000 	C:\WINDOWS\SYSTEM32\DNSAPI.dll

dbghelp: loaded successfully - version: 4.0.5 - missing functions: none
symbol engine: initialized successfully - sym options: 0x614 - pdb path: .;C:\Program Files\Android\Android Studio\jre\bin;C:\WINDOWS\SYSTEM32;C:\WINDOWS\WinSxS\amd64_microsoft.windows.common-controls_6595b64144ccf1df_6.0.22621.1635_none_270f70857386168e;C:\Program Files\Android\Android Studio\jre\bin\server;C:\Users\Mehmet emin\.gradle\native\e1d6ef7f7dcc3fd88c89a11ec53ec762bb8ba0a96d01ffa2cd45eb1d1d8dd5c5\windows-amd64;C:\Users\Mehmet emin\.gradle\native\5664cfc778a61ccfe75a443a1ab52a65af34e5dc3c78e0209fed803814484fcb\windows-amd64

VM Arguments:
jvm_args: --add-opens=java.base/java.util=ALL-UNNAMED --add-opens=java.base/java.lang=ALL-UNNAMED --add-opens=java.base/java.lang.invoke=ALL-UNNAMED --add-opens=java.base/java.util=ALL-UNNAMED --add-opens=java.prefs/java.util.prefs=ALL-UNNAMED --add-opens=java.prefs/java.util.prefs=ALL-UNNAMED --add-opens=java.base/java.nio.charset=ALL-UNNAMED --add-opens=java.base/java.net=ALL-UNNAMED --add-opens=java.base/java.util.concurrent.atomic=ALL-UNNAMED -Xmx2048m -Dfile.encoding=UTF-8 -Duser.country=TR -Duser.language=tr -Duser.variant 
java_command: org.gradle.launcher.daemon.bootstrap.GradleDaemon 7.3.3
java_class_path (initial): C:\Users\Mehmet emin\.gradle\wrapper\dists\gradle-7.3.3-bin\6a41zxkdtcxs8rphpq6y0069z\gradle-7.3.3\lib\gradle-launcher-7.3.3.jar
Launcher Type: SUN_STANDARD

[Global flags]
     intx CICompilerCount                          = 4                                         {product} {ergonomic}
     uint ConcGCThreads                            = 2                                         {product} {ergonomic}
     uint G1ConcRefinementThreads                  = 8                                         {product} {ergonomic}
   size_t G1HeapRegionSize                         = 1048576                                   {product} {ergonomic}
    uintx GCDrainStackTargetSize                   = 64                                        {product} {ergonomic}
   size_t InitialHeapSize                          = 132120576                                 {product} {ergonomic}
   size_t MarkStackSize                            = 4194304                                   {product} {ergonomic}
   size_t MaxHeapSize                              = 2147483648                                {product} {command line}
   size_t MaxNewSize                               = 1287651328                                {product} {ergonomic}
   size_t MinHeapDeltaBytes                        = 1048576                                   {product} {ergonomic}
    uintx NonNMethodCodeHeapSize                   = 5836300                                {pd product} {ergonomic}
    uintx NonProfiledCodeHeapSize                  = 122910970                              {pd product} {ergonomic}
    uintx ProfiledCodeHeapSize                     = 122910970                              {pd product} {ergonomic}
    uintx ReservedCodeCacheSize                    = 251658240                              {pd product} {ergonomic}
     bool SegmentedCodeCache                       = true                                      {product} {ergonomic}
     bool UseCompressedClassPointers               = true                                 {lp64_product} {ergonomic}
     bool UseCompressedOops                        = true                                 {lp64_product} {ergonomic}
     bool UseG1GC                                  = true                                      {product} {ergonomic}
     bool UseLargePagesIndividualAllocation        = false                                  {pd product} {ergonomic}

Logging:
Log output configuration:
 #0: stdout all=warning uptime,level,tags
 #1: stderr all=off uptime,level,tags

Environment Variables:
JAVA_HOME=C:\Program Files\Java\jdk1.8.0_202
PATH=C:\Program Files (x86)\Common Files\Oracle\Java\javapath;C:\Program Files\Common Files\Oracle\Java\javapath;C:\ProgramData\Oracle\Java\javapath;C:\texlive\2000\bin\win32;C:\Windows\system32;C:\Windows;C:\Windows\System32\Wbem;C:\Windows\System32\WindowsPowerShell\v1.0\;C:\Windows\System32\OpenSSH\;C:\Program Files\NVIDIA Corporation\NVIDIA NvDLISR;C:\Program Files (x86)\NVIDIA Corporation\PhysX\Common;C:\Program Files\dotnet\;C:\Program Files\Microsoft SQL Server\130\Tools\Binn\;C:\Program Files\Microsoft SQL Server\Client SDK\ODBC\170\Tools\Binn\;C:\Program Files\Git\cmd;C:\WINDOWS\system32;C:\WINDOWS;C:\WINDOWS\System32\Wbem;C:\WINDOWS\System32\WindowsPowerShell\v1.0\;C:\WINDOWS\System32\OpenSSH\;C:\Program Files\Cloudflare\Cloudflare WARP;C:\Program Files\Java\jdk1.8.0_202\bin;C:\Users\Mehmet emin\AppData\Local\Programs\Python\Python310\Scripts\;C:\Users\Mehmet emin\AppData\Local\Programs\Python\Python310\;C:\Program Files\MySQL\MySQL Shell 8.0\bin\;C:\Users\Mehmet emin\AppData\Local\Microsoft\WindowsApps;C:\Users\Mehmet emin\.dotnet\tools;C:\Users\Mehmet emin\AppData\Local\Programs\Microsoft VS Code\bin;C:\Users\Mehmet emin\AppData\Local\GitHubDesktop\bin;C:\src\flutter\bin;C:\Program Files\Java\jdk1.8.0_202\bin;
USERNAME=Mehmet emin
OS=Windows_NT
PROCESSOR_IDENTIFIER=Intel64 Family 6 Model 158 Stepping 10, GenuineIntel



---------------  S Y S T E M  ---------------

OS: Windows 10 , 64 bit Build 22621 (10.0.22621.1928)
OS uptime: 1 days 5:13 hours
Hyper-V role detected

CPU:total 8 (initial active 8) (4 cores per cpu, 2 threads per core) family 6 model 158 stepping 10 microcode 0xde, cmov, cx8, fxsr, mmx, sse, sse2, sse3, ssse3, sse4.1, sse4.2, popcnt, avx, avx2, aes, clmul, erms, 3dnowpref, lzcnt, ht, tsc, tscinvbit, bmi1, bmi2, adx, fma

Memory: 4k page, system-wide physical 7992M (304M free)
TotalPageFile size 12088M (AvailPageFile size 37M)
current process WorkingSet (physical memory assigned to process): 453M, peak: 459M
current process commit charge ("private bytes"): 491M, peak: 528M

vm_info: OpenJDK 64-Bit Server VM (11.0.12+7-b1504.28-7817840) for windows-amd64 JRE (11.0.12+7-b1504.28-7817840), built on Oct 13 2021 22:12:33 by "builder" with MS VC++ 14.0 (VS2015)

END.
