#
# There is insufficient memory for the Java Runtime Environment to continue.
# Native memory allocation (malloc) failed to allocate 1156016 bytes for Chunk::new
# Possible reasons:
#   The system is out of physical RAM or swap space
#   The process is running with CompressedOops enabled, and the Java Heap may be blocking the growth of the native heap
# Possible solutions:
#   Reduce memory load on the system
#   Increase physical memory or swap space
#   Check if swap backing store is full
#   Decrease Java heap size (-Xmx/-Xms)
#   Decrease number of Java threads
#   Decrease Java thread stack sizes (-Xss)
#   Set larger code cache with -XX:ReservedCodeCacheSize=
#   JVM is running with Zero Based Compressed Oops mode in which the Java heap is
#     placed in the first 32GB address space. The Java Heap base address is the
#     maximum limit for the native heap growth. Please use -XX:HeapBaseMinAddress
#     to set the Java Heap base and to place the Java Heap above 32GB virtual address.
# This output file may be truncated or incomplete.
#
#  Out of Memory Error (arena.cpp:189), pid=5076, tid=1936
#
# JRE version: OpenJDK Runtime Environment (17.0.6) (build 17.0.6+0-b2043.56-10027231)
# Java VM: OpenJDK 64-Bit Server VM (17.0.6+0-b2043.56-10027231, mixed mode, tiered, compressed oops, compressed class ptrs, g1 gc, windows-amd64)
# No core dump will be written. Minidumps are not enabled by default on client versions of Windows
#

---------------  S U M M A R Y ------------

Command Line: --add-opens=java.base/java.util=ALL-UNNAMED --add-opens=java.base/java.lang=ALL-UNNAMED --add-opens=java.base/java.lang.invoke=ALL-UNNAMED --add-opens=java.base/java.util=ALL-UNNAMED --add-opens=java.prefs/java.util.prefs=ALL-UNNAMED --add-opens=java.prefs/java.util.prefs=ALL-UNNAMED --add-opens=java.base/java.nio.charset=ALL-UNNAMED --add-opens=java.base/java.net=ALL-UNNAMED --add-opens=java.base/java.util.concurrent.atomic=ALL-UNNAMED -Xmx4608m -Dfile.encoding=UTF-8 -Duser.country=TR -Duser.language=tr -Duser.variant org.gradle.launcher.daemon.bootstrap.GradleDaemon 7.3.3

Host: Intel(R) Core(TM) i5-9300H CPU @ 2.40GHz, 8 cores, 7G,  Windows 11 , 64 bit Build 22621 (10.0.22621.1928)
Time: Thu Jul 27 14:03:42 2023 Türkiye Standart Saati elapsed time: 215.504362 seconds (0d 0h 3m 35s)

---------------  T H R E A D  ---------------

Current thread (0x000001b2c9c1f210):  JavaThread "C2 CompilerThread0" daemon [_thread_in_native, id=1936, stack(0x00000041aeb00000,0x00000041aec00000)]


Current CompileTask:
C2: 215504 14703       4       jdk.nio.zipfs.ZipFileSystem::makeParentDirs (141 bytes)

Stack: [0x00000041aeb00000,0x00000041aec00000]
Native frames: (J=compiled Java code, j=interpreted, Vv=VM code, C=native code)
V  [jvm.dll+0x683c9a]
V  [jvm.dll+0x8427a4]
V  [jvm.dll+0x843f9e]
V  [jvm.dll+0x844603]
V  [jvm.dll+0x249b75]
V  [jvm.dll+0xabcac]
V  [jvm.dll+0xac27c]
V  [jvm.dll+0x368802]
V  [jvm.dll+0x332f31]
V  [jvm.dll+0x3323da]
V  [jvm.dll+0x21c201]
V  [jvm.dll+0x21b621]
V  [jvm.dll+0x1a4fdd]
V  [jvm.dll+0x22b098]
V  [jvm.dll+0x229159]
V  [jvm.dll+0x7f81ec]
V  [jvm.dll+0x7f274a]
V  [jvm.dll+0x682ad5]
C  [ucrtbase.dll+0x29363]
C  [KERNEL32.DLL+0x126ad]
C  [ntdll.dll+0x5aa68]


---------------  P R O C E S S  ---------------

Threads class SMR info:
_java_thread_list=0x000001b2c9e460c0, length=144, elements={
0x000001b2a739ca20, 0x000001b2c9069410, 0x000001b2c9069fc0, 0x000001b2c9c2a030,
0x000001b2c9c2a9f0, 0x000001b2c9c1dc70, 0x000001b2c9c1e530, 0x000001b2c9c1f210,
0x000001b2c9c20cc0, 0x000001b2c9c25ad0, 0x000001b2c9dc5010, 0x000001b2c9dc7f10,
0x000001b2caf01510, 0x000001b2c9ffbe80, 0x000001b2c9e7ceb0, 0x000001b2ca629600,
0x000001b2ca629fa0, 0x000001b2ca62a940, 0x000001b2ca62b7b0, 0x000001b2ca627df0,
0x000001b2cff4c1a0, 0x000001b2cff4d010, 0x000001b2cff4f1c0, 0x000001b2cff4f690,
0x000001b2cff4ae60, 0x000001b2cff4fb60, 0x000001b2cff4e820, 0x000001b2cc6c1510,
0x000001b2cc6bb4d0, 0x000001b2cc6bd680, 0x000001b2cd0d2ff0, 0x000001b2cd0d2650,
0x000001b2d70aac30, 0x000001b2d1340630, 0x000001b2cadb7ae0, 0x000001b2cadb7610,
0x000001b2d1f414d0, 0x000001b2d1f3fcc0, 0x000001b2d1f41000, 0x000001b2d1f40190,
0x000001b2d1f40660, 0x000001b2d1f40b30, 0x000001b2cfa0de60, 0x000001b2cfa0e800,
0x000001b2cfa0f1a0, 0x000001b2d1086880, 0x000001b2d1085ee0, 0x000001b2d10863b0,
0x000001b2c9f34c10, 0x000001b2c9f355b0, 0x000001b2c9f35f50, 0x000001b2c9f38100,
0x000001b2c9f35a80, 0x000001b2c9f36420, 0x000001b2c9f368f0, 0x000001b2c9f37c30,
0x000001b2c9f37290, 0x000001b2c9f36dc0, 0x000001b2c9f34740, 0x000001b2c9f37760,
0x000001b2c9f350e0, 0x000001b2cc0af950, 0x000001b2cc0afe20, 0x000001b2cc0af480,
0x000001b2cc0aefb0, 0x000001b2cc0adc70, 0x000001b2cc0b02f0, 0x000001b2cc0ae140,
0x000001b2cc0b07c0, 0x000001b2cc0ae610, 0x000001b2cc0b0c90, 0x000001b2cc0b1160,
0x000001b2cc0aeae0, 0x000001b2cc0ad7a0, 0x000001b2ca326020, 0x000001b2ca325b50,
0x000001b2ca3286a0, 0x000001b2ca3264f0, 0x000001b2ca326e90, 0x000001b2ca329510,
0x000001b2ca328b70, 0x000001b2ca327360, 0x000001b2ca3281d0, 0x000001b2ca327830,
0x000001b2ca3269c0, 0x000001b2ca329040, 0x000001b2ca327d00, 0x000001b2cf8dd170,
0x000001b2cf8dd640, 0x000001b2cf8ddb10, 0x000001b2cf8ddfe0, 0x000001b2cf8de4b0,
0x000001b2cf8dee50, 0x000001b2cf8df320, 0x000001b2cf8df7f0, 0x000001b2d5827860,
0x000001b2d58286d0, 0x000001b2d5828ba0, 0x000001b2d1812bd0, 0x000001b2d1813a40,
0x000001b2d18130a0, 0x000001b2d1811890, 0x000001b2d1812230, 0x000001b2d1812700,
0x000001b2d1813570, 0x000001b2d18113c0, 0x000001b2d1813f10, 0x000001b2d1810550,
0x000001b2d1810a20, 0x000001b2d1810ef0, 0x000001b2d1811d60, 0x000001b2cc14f880,
0x000001b2cf8dfcc0, 0x000001b2cf8de980, 0x000001b2cf8e0190, 0x000001b2d56f2530,
0x000001b2d56f2060, 0x000001b2d0380ef0, 0x000001b2d0380a20, 0x000001b2d037fbb0,
0x000001b2d0380550, 0x000001b2d037e870, 0x000001b2d037ed40, 0x000001b2d037d530,
0x000001b2d037f210, 0x000001b2cf8e0660, 0x000001b2cfa104e0, 0x000001b2cfa0f670,
0x000001b2cfa109b0, 0x000001b2cfa0e330, 0x000001b2cfa11350, 0x000001b2cfa10e80,
0x000001b2cfa0fb40, 0x000001b2cfa10010, 0x000001b2cfa11820, 0x000001b2d70ad780,
0x000001b2d70adc50, 0x000001b2c8fd1b00, 0x000001b2c8fd1630, 0x000001b2c8fd1fd0,
0x000001b2d1085070, 0x000001b2cfba2f80, 0x000001b2d70a85b0, 0x000001b2d70aeac0
}

Java Threads: ( => current thread )
  0x000001b2a739ca20 JavaThread "main" [_thread_blocked, id=12948, stack(0x00000041ade00000,0x00000041adf00000)]
  0x000001b2c9069410 JavaThread "Reference Handler" daemon [_thread_blocked, id=3408, stack(0x00000041ae500000,0x00000041ae600000)]
  0x000001b2c9069fc0 JavaThread "Finalizer" daemon [_thread_blocked, id=14528, stack(0x00000041ae600000,0x00000041ae700000)]
  0x000001b2c9c2a030 JavaThread "Signal Dispatcher" daemon [_thread_blocked, id=8976, stack(0x00000041ae700000,0x00000041ae800000)]
  0x000001b2c9c2a9f0 JavaThread "Attach Listener" daemon [_thread_blocked, id=17028, stack(0x00000041ae800000,0x00000041ae900000)]
  0x000001b2c9c1dc70 JavaThread "Service Thread" daemon [_thread_blocked, id=11660, stack(0x00000041ae900000,0x00000041aea00000)]
  0x000001b2c9c1e530 JavaThread "Monitor Deflation Thread" daemon [_thread_blocked, id=15712, stack(0x00000041aea00000,0x00000041aeb00000)]
=>0x000001b2c9c1f210 JavaThread "C2 CompilerThread0" daemon [_thread_in_native, id=1936, stack(0x00000041aeb00000,0x00000041aec00000)]
  0x000001b2c9c20cc0 JavaThread "C1 CompilerThread0" daemon [_thread_blocked, id=10052, stack(0x00000041aec00000,0x00000041aed00000)]
  0x000001b2c9c25ad0 JavaThread "Sweeper thread" daemon [_thread_blocked, id=16768, stack(0x00000041aed00000,0x00000041aee00000)]
  0x000001b2c9dc5010 JavaThread "Common-Cleaner" daemon [_thread_blocked, id=9580, stack(0x00000041aee00000,0x00000041aef00000)]
  0x000001b2c9dc7f10 JavaThread "Notification Thread" daemon [_thread_blocked, id=7408, stack(0x00000041aef00000,0x00000041af000000)]
  0x000001b2caf01510 JavaThread "Daemon health stats" [_thread_blocked, id=11980, stack(0x00000041af700000,0x00000041af800000)]
  0x000001b2c9ffbe80 JavaThread "Incoming local TCP Connector on port 58479" [_thread_in_native, id=1664, stack(0x00000041af100000,0x00000041af200000)]
  0x000001b2c9e7ceb0 JavaThread "Daemon periodic checks" [_thread_blocked, id=17148, stack(0x00000041af200000,0x00000041af300000)]
  0x000001b2ca629600 JavaThread "Cache worker for journal cache (C:\Users\Mehmet emin\.gradle\caches\journal-1)" [_thread_blocked, id=4844, stack(0x00000041b0300000,0x00000041b0400000)]
  0x000001b2ca629fa0 JavaThread "File lock request listener" [_thread_in_native, id=6624, stack(0x00000041b0400000,0x00000041b0500000)]
  0x000001b2ca62a940 JavaThread "Cache worker for file hash cache (C:\Users\Mehmet emin\.gradle\caches\7.3.3\fileHashes)" [_thread_blocked, id=13492, stack(0x00000041b0600000,0x00000041b0700000)]
  0x000001b2ca62b7b0 JavaThread "File watcher server" daemon [_thread_in_native, id=10944, stack(0x00000041b0900000,0x00000041b0a00000)]
  0x000001b2ca627df0 JavaThread "File watcher consumer" daemon [_thread_blocked, id=8904, stack(0x00000041b0a00000,0x00000041b0b00000)]
  0x000001b2cff4c1a0 JavaThread "Cache worker for execution history cache (C:\Users\Mehmet emin\.gradle\caches\7.3.3\executionHistory)" [_thread_blocked, id=14536, stack(0x00000041b0700000,0x00000041b0800000)]
  0x000001b2cff4d010 JavaThread "jar transforms" [_thread_blocked, id=11048, stack(0x00000041b0e00000,0x00000041b0f00000)]
  0x000001b2cff4f1c0 JavaThread "jar transforms Thread 2" [_thread_blocked, id=15032, stack(0x00000041b0f00000,0x00000041b1000000)]
  0x000001b2cff4f690 JavaThread "Cache worker for file content cache (C:\Users\Mehmet emin\.gradle\caches\7.3.3\fileContent)" [_thread_blocked, id=13472, stack(0x00000041b1100000,0x00000041b1200000)]
  0x000001b2cff4ae60 JavaThread "jar transforms Thread 3" [_thread_blocked, id=15068, stack(0x00000041b1200000,0x00000041b1300000)]
  0x000001b2cff4fb60 JavaThread "jar transforms Thread 4" [_thread_blocked, id=9672, stack(0x00000041b1300000,0x00000041b1400000)]
  0x000001b2cff4e820 JavaThread "jar transforms Thread 5" [_thread_blocked, id=10256, stack(0x00000041b1500000,0x00000041b1600000)]
  0x000001b2cc6c1510 JavaThread "jar transforms Thread 6" [_thread_blocked, id=17036, stack(0x00000041b6700000,0x00000041b6800000)]
  0x000001b2cc6bb4d0 JavaThread "jar transforms Thread 7" [_thread_blocked, id=8232, stack(0x00000041b6800000,0x00000041b6900000)]
  0x000001b2cc6bd680 JavaThread "jar transforms Thread 8" [_thread_blocked, id=11060, stack(0x00000041b6900000,0x00000041b6a00000)]
  0x000001b2cd0d2ff0 JavaThread "Memory manager" [_thread_blocked, id=6376, stack(0x00000041b6a00000,0x00000041b6b00000)]
  0x000001b2cd0d2650 JavaThread "pool-3-thread-1" [_thread_blocked, id=6040, stack(0x00000041b6d00000,0x00000041b6e00000)]
  0x000001b2d70aac30 JavaThread "Daemon Thread 2" [_thread_blocked, id=6872, stack(0x00000041adb00000,0x00000041adc00000)]
  0x000001b2d1340630 JavaThread "Handler for socket connection from /127.0.0.1:58479 to /127.0.0.1:58784" [_thread_in_native, id=10684, stack(0x00000041adc00000,0x00000041add00000)]
  0x000001b2cadb7ae0 JavaThread "Cancel handler" [_thread_blocked, id=6528, stack(0x00000041add00000,0x00000041ade00000)]
  0x000001b2cadb7610 JavaThread "Daemon worker Thread 2" [_thread_blocked, id=4084, stack(0x00000041af800000,0x00000041af900000)]
  0x000001b2d1f414d0 JavaThread "Asynchronous log dispatcher for DefaultDaemonConnection: socket connection from /127.0.0.1:58479 to /127.0.0.1:58784" [_thread_blocked, id=17128, stack(0x00000041af900000,0x00000041afa00000)]
  0x000001b2d1f3fcc0 JavaThread "Stdin handler" [_thread_blocked, id=8340, stack(0x00000041afa00000,0x00000041afb00000)]
  0x000001b2d1f41000 JavaThread "Daemon client event forwarder" [_thread_blocked, id=14928, stack(0x00000041afb00000,0x00000041afc00000)]
  0x000001b2d1f40190 JavaThread "Cache worker for file hash cache (C:\Users\Mehmet emin\StudioProjects\UrunTakipOtomasyonQR\.gradle\7.3.3\fileHashes)" [_thread_blocked, id=11844, stack(0x00000041afc00000,0x00000041afd00000)]
  0x000001b2d1f40660 JavaThread "Cache worker for checksums cache (C:\Users\Mehmet emin\StudioProjects\UrunTakipOtomasyonQR\.gradle\7.3.3\checksums)" [_thread_blocked, id=16524, stack(0x00000041aff00000,0x00000041b0000000)]
  0x000001b2d1f40b30 JavaThread "Cache worker for cache directory md-supplier (C:\Users\Mehmet emin\.gradle\caches\7.3.3\md-supplier)" [_thread_blocked, id=15936, stack(0x00000041b0800000,0x00000041b0900000)]
  0x000001b2cfa0de60 JavaThread "Cache worker for cache directory md-rule (C:\Users\Mehmet emin\.gradle\caches\7.3.3\md-rule)" [_thread_blocked, id=3012, stack(0x00000041b0b00000,0x00000041b0c00000)]
  0x000001b2cfa0e800 JavaThread "Cache worker for dependencies-accessors (C:\Users\Mehmet emin\StudioProjects\UrunTakipOtomasyonQR\.gradle\7.3.3\dependencies-accessors)" [_thread_blocked, id=7844, stack(0x00000041b0c00000,0x00000041b0d00000)]
  0x000001b2cfa0f1a0 JavaThread "Cache worker for Build Output Cleanup Cache (C:\Users\Mehmet emin\StudioProjects\UrunTakipOtomasyonQR\.gradle\buildOutputCleanup)" [_thread_blocked, id=6680, stack(0x00000041b0d00000,0x00000041b0e00000)]
  0x000001b2d1086880 JavaThread "Unconstrained build operations" [_thread_blocked, id=5016, stack(0x00000041b1000000,0x00000041b1100000)]
  0x000001b2d1085ee0 JavaThread "Unconstrained build operations Thread 2" [_thread_blocked, id=6396, stack(0x00000041b1400000,0x00000041b1500000)]
  0x000001b2d10863b0 JavaThread "Unconstrained build operations Thread 3" [_thread_blocked, id=10808, stack(0x00000041b1600000,0x00000041b1700000)]
  0x000001b2c9f34c10 JavaThread "Unconstrained build operations Thread 4" [_thread_blocked, id=3468, stack(0x00000041b1700000,0x00000041b1800000)]
  0x000001b2c9f355b0 JavaThread "Unconstrained build operations Thread 5" [_thread_blocked, id=11988, stack(0x00000041b1800000,0x00000041b1900000)]
  0x000001b2c9f35f50 JavaThread "Unconstrained build operations Thread 6" [_thread_blocked, id=1540, stack(0x00000041b1900000,0x00000041b1a00000)]
  0x000001b2c9f38100 JavaThread "Unconstrained build operations Thread 7" [_thread_blocked, id=15332, stack(0x00000041b1a00000,0x00000041b1b00000)]
  0x000001b2c9f35a80 JavaThread "Unconstrained build operations Thread 8" [_thread_blocked, id=13580, stack(0x00000041b1b00000,0x00000041b1c00000)]
  0x000001b2c9f36420 JavaThread "Unconstrained build operations Thread 9" [_thread_blocked, id=12924, stack(0x00000041b1c00000,0x00000041b1d00000)]
  0x000001b2c9f368f0 JavaThread "Unconstrained build operations Thread 10" [_thread_blocked, id=296, stack(0x00000041b1d00000,0x00000041b1e00000)]
  0x000001b2c9f37c30 JavaThread "Unconstrained build operations Thread 11" [_thread_blocked, id=9444, stack(0x00000041b1e00000,0x00000041b1f00000)]
  0x000001b2c9f37290 JavaThread "Unconstrained build operations Thread 12" [_thread_blocked, id=15408, stack(0x00000041b1f00000,0x00000041b2000000)]
  0x000001b2c9f36dc0 JavaThread "Unconstrained build operations Thread 13" [_thread_blocked, id=12464, stack(0x00000041b2000000,0x00000041b2100000)]
  0x000001b2c9f34740 JavaThread "Unconstrained build operations Thread 14" [_thread_blocked, id=13228, stack(0x00000041b2100000,0x00000041b2200000)]
  0x000001b2c9f37760 JavaThread "Unconstrained build operations Thread 15" [_thread_blocked, id=16880, stack(0x00000041b2200000,0x00000041b2300000)]
  0x000001b2c9f350e0 JavaThread "Unconstrained build operations Thread 16" [_thread_blocked, id=7876, stack(0x00000041b2300000,0x00000041b2400000)]
  0x000001b2cc0af950 JavaThread "Unconstrained build operations Thread 17" [_thread_blocked, id=8568, stack(0x00000041b2400000,0x00000041b2500000)]
  0x000001b2cc0afe20 JavaThread "Unconstrained build operations Thread 18" [_thread_blocked, id=11536, stack(0x00000041b2500000,0x00000041b2600000)]
  0x000001b2cc0af480 JavaThread "Unconstrained build operations Thread 19" [_thread_blocked, id=17048, stack(0x00000041b2600000,0x00000041b2700000)]
  0x000001b2cc0aefb0 JavaThread "Unconstrained build operations Thread 20" [_thread_blocked, id=11888, stack(0x00000041b2700000,0x00000041b2800000)]
  0x000001b2cc0adc70 JavaThread "Unconstrained build operations Thread 21" [_thread_blocked, id=12048, stack(0x00000041b2800000,0x00000041b2900000)]
  0x000001b2cc0b02f0 JavaThread "Unconstrained build operations Thread 22" [_thread_blocked, id=11684, stack(0x00000041b2900000,0x00000041b2a00000)]
  0x000001b2cc0ae140 JavaThread "Unconstrained build operations Thread 23" [_thread_blocked, id=10484, stack(0x00000041b2a00000,0x00000041b2b00000)]
  0x000001b2cc0b07c0 JavaThread "Unconstrained build operations Thread 24" [_thread_blocked, id=4032, stack(0x00000041b2b00000,0x00000041b2c00000)]
  0x000001b2cc0ae610 JavaThread "Unconstrained build operations Thread 25" [_thread_blocked, id=7776, stack(0x00000041b2c00000,0x00000041b2d00000)]
  0x000001b2cc0b0c90 JavaThread "Unconstrained build operations Thread 26" [_thread_blocked, id=12672, stack(0x00000041b2d00000,0x00000041b2e00000)]
  0x000001b2cc0b1160 JavaThread "Unconstrained build operations Thread 27" [_thread_blocked, id=16780, stack(0x00000041b2e00000,0x00000041b2f00000)]
  0x000001b2cc0aeae0 JavaThread "Unconstrained build operations Thread 28" [_thread_blocked, id=13544, stack(0x00000041b2f00000,0x00000041b3000000)]
  0x000001b2cc0ad7a0 JavaThread "Unconstrained build operations Thread 29" [_thread_blocked, id=15296, stack(0x00000041b3000000,0x00000041b3100000)]
  0x000001b2ca326020 JavaThread "Unconstrained build operations Thread 30" [_thread_blocked, id=13744, stack(0x00000041b3100000,0x00000041b3200000)]
  0x000001b2ca325b50 JavaThread "Unconstrained build operations Thread 31" [_thread_blocked, id=9516, stack(0x00000041b3200000,0x00000041b3300000)]
  0x000001b2ca3286a0 JavaThread "Unconstrained build operations Thread 32" [_thread_blocked, id=7252, stack(0x00000041b3300000,0x00000041b3400000)]
  0x000001b2ca3264f0 JavaThread "Unconstrained build operations Thread 33" [_thread_blocked, id=8720, stack(0x00000041b3400000,0x00000041b3500000)]
  0x000001b2ca326e90 JavaThread "Unconstrained build operations Thread 34" [_thread_blocked, id=1332, stack(0x00000041b3500000,0x00000041b3600000)]
  0x000001b2ca329510 JavaThread "Unconstrained build operations Thread 35" [_thread_blocked, id=2612, stack(0x00000041b3600000,0x00000041b3700000)]
  0x000001b2ca328b70 JavaThread "Unconstrained build operations Thread 36" [_thread_blocked, id=17392, stack(0x00000041b3700000,0x00000041b3800000)]
  0x000001b2ca327360 JavaThread "Unconstrained build operations Thread 37" [_thread_blocked, id=12080, stack(0x00000041b3800000,0x00000041b3900000)]
  0x000001b2ca3281d0 JavaThread "Unconstrained build operations Thread 38" [_thread_blocked, id=6456, stack(0x00000041b3900000,0x00000041b3a00000)]
  0x000001b2ca327830 JavaThread "Unconstrained build operations Thread 39" [_thread_blocked, id=10460, stack(0x00000041b3a00000,0x00000041b3b00000)]
  0x000001b2ca3269c0 JavaThread "Unconstrained build operations Thread 40" [_thread_blocked, id=15288, stack(0x00000041b3b00000,0x00000041b3c00000)]
  0x000001b2ca329040 JavaThread "Unconstrained build operations Thread 41" [_thread_blocked, id=12572, stack(0x00000041b3c00000,0x00000041b3d00000)]
  0x000001b2ca327d00 JavaThread "Unconstrained build operations Thread 42" [_thread_blocked, id=9676, stack(0x00000041b3d00000,0x00000041b3e00000)]
  0x000001b2cf8dd170 JavaThread "Unconstrained build operations Thread 43" [_thread_blocked, id=9420, stack(0x00000041b3e00000,0x00000041b3f00000)]
  0x000001b2cf8dd640 JavaThread "Unconstrained build operations Thread 44" [_thread_blocked, id=16304, stack(0x00000041b3f00000,0x00000041b4000000)]
  0x000001b2cf8ddb10 JavaThread "Unconstrained build operations Thread 45" [_thread_blocked, id=10996, stack(0x00000041b4000000,0x00000041b4100000)]
  0x000001b2cf8ddfe0 JavaThread "Unconstrained build operations Thread 46" [_thread_blocked, id=13340, stack(0x00000041b4100000,0x00000041b4200000)]
  0x000001b2cf8de4b0 JavaThread "Unconstrained build operations Thread 47" [_thread_blocked, id=17240, stack(0x00000041b4200000,0x00000041b4300000)]
  0x000001b2cf8dee50 JavaThread "Unconstrained build operations Thread 48" [_thread_blocked, id=17020, stack(0x00000041b4300000,0x00000041b4400000)]
  0x000001b2cf8df320 JavaThread "Unconstrained build operations Thread 49" [_thread_blocked, id=3276, stack(0x00000041b4400000,0x00000041b4500000)]
  0x000001b2cf8df7f0 JavaThread "Unconstrained build operations Thread 50" [_thread_blocked, id=4772, stack(0x00000041b4500000,0x00000041b4600000)]
  0x000001b2d5827860 JavaThread "Unconstrained build operations Thread 51" [_thread_blocked, id=3100, stack(0x00000041b4600000,0x00000041b4700000)]
  0x000001b2d58286d0 JavaThread "Unconstrained build operations Thread 52" [_thread_blocked, id=14652, stack(0x00000041b4700000,0x00000041b4800000)]
  0x000001b2d5828ba0 JavaThread "Unconstrained build operations Thread 53" [_thread_blocked, id=760, stack(0x00000041b4800000,0x00000041b4900000)]
  0x000001b2d1812bd0 JavaThread "Unconstrained build operations Thread 54" [_thread_blocked, id=9552, stack(0x00000041b4900000,0x00000041b4a00000)]
  0x000001b2d1813a40 JavaThread "Unconstrained build operations Thread 55" [_thread_blocked, id=1992, stack(0x00000041b4a00000,0x00000041b4b00000)]
  0x000001b2d18130a0 JavaThread "Unconstrained build operations Thread 56" [_thread_blocked, id=11364, stack(0x00000041b4b00000,0x00000041b4c00000)]
  0x000001b2d1811890 JavaThread "Unconstrained build operations Thread 57" [_thread_blocked, id=12396, stack(0x00000041b4c00000,0x00000041b4d00000)]
  0x000001b2d1812230 JavaThread "Unconstrained build operations Thread 58" [_thread_blocked, id=10824, stack(0x00000041b4d00000,0x00000041b4e00000)]
  0x000001b2d1812700 JavaThread "Unconstrained build operations Thread 59" [_thread_blocked, id=6452, stack(0x00000041b4e00000,0x00000041b4f00000)]
  0x000001b2d1813570 JavaThread "Unconstrained build operations Thread 60" [_thread_blocked, id=9476, stack(0x00000041b4f00000,0x00000041b5000000)]
  0x000001b2d18113c0 JavaThread "Unconstrained build operations Thread 61" [_thread_blocked, id=7288, stack(0x00000041b5000000,0x00000041b5100000)]
  0x000001b2d1813f10 JavaThread "Unconstrained build operations Thread 62" [_thread_blocked, id=1732, stack(0x00000041b5100000,0x00000041b5200000)]
  0x000001b2d1810550 JavaThread "Unconstrained build operations Thread 63" [_thread_blocked, id=15728, stack(0x00000041b5200000,0x00000041b5300000)]
  0x000001b2d1810a20 JavaThread "Unconstrained build operations Thread 64" [_thread_blocked, id=16464, stack(0x00000041b5300000,0x00000041b5400000)]
  0x000001b2d1810ef0 JavaThread "Unconstrained build operations Thread 65" [_thread_blocked, id=14424, stack(0x00000041b5400000,0x00000041b5500000)]
  0x000001b2d1811d60 JavaThread "Unconstrained build operations Thread 66" [_thread_blocked, id=14596, stack(0x00000041b5500000,0x00000041b5600000)]
  0x000001b2cc14f880 JavaThread "Unconstrained build operations Thread 67" [_thread_blocked, id=11692, stack(0x00000041b5600000,0x00000041b5700000)]
  0x000001b2cf8dfcc0 JavaThread "Unconstrained build operations Thread 68" [_thread_blocked, id=8940, stack(0x00000041b5700000,0x00000041b5800000)]
  0x000001b2cf8de980 JavaThread "Unconstrained build operations Thread 69" [_thread_blocked, id=10852, stack(0x00000041b5800000,0x00000041b5900000)]
  0x000001b2cf8e0190 JavaThread "Unconstrained build operations Thread 70" [_thread_blocked, id=11852, stack(0x00000041b5900000,0x00000041b5a00000)]
  0x000001b2d56f2530 JavaThread "Unconstrained build operations Thread 71" [_thread_blocked, id=14972, stack(0x00000041b5a00000,0x00000041b5b00000)]
  0x000001b2d56f2060 JavaThread "Unconstrained build operations Thread 72" [_thread_blocked, id=14384, stack(0x00000041b5b00000,0x00000041b5c00000)]
  0x000001b2d0380ef0 JavaThread "Unconstrained build operations Thread 73" [_thread_blocked, id=16076, stack(0x00000041b5c00000,0x00000041b5d00000)]
  0x000001b2d0380a20 JavaThread "Unconstrained build operations Thread 74" [_thread_blocked, id=10748, stack(0x00000041b5d00000,0x00000041b5e00000)]
  0x000001b2d037fbb0 JavaThread "Unconstrained build operations Thread 75" [_thread_blocked, id=12940, stack(0x00000041b5e00000,0x00000041b5f00000)]
  0x000001b2d0380550 JavaThread "Unconstrained build operations Thread 76" [_thread_blocked, id=10716, stack(0x00000041b5f00000,0x00000041b6000000)]
  0x000001b2d037e870 JavaThread "Unconstrained build operations Thread 77" [_thread_blocked, id=8680, stack(0x00000041b6000000,0x00000041b6100000)]
  0x000001b2d037ed40 JavaThread "Unconstrained build operations Thread 78" [_thread_blocked, id=13792, stack(0x00000041b6100000,0x00000041b6200000)]
  0x000001b2d037d530 JavaThread "Unconstrained build operations Thread 79" [_thread_blocked, id=5884, stack(0x00000041b6200000,0x00000041b6300000)]
  0x000001b2d037f210 JavaThread "Unconstrained build operations Thread 80" [_thread_blocked, id=9412, stack(0x00000041b6300000,0x00000041b6400000)]
  0x000001b2cf8e0660 JavaThread "build event listener" [_thread_blocked, id=16024, stack(0x00000041b6400000,0x00000041b6500000)]
  0x000001b2cfa104e0 JavaThread "build event listener" [_thread_blocked, id=8604, stack(0x00000041b6500000,0x00000041b6600000)]
  0x000001b2cfa0f670 JavaThread "pool-6-thread-1" [_thread_blocked, id=10488, stack(0x00000041b6600000,0x00000041b6700000)]
  0x000001b2cfa109b0 JavaThread "build event listener" [_thread_blocked, id=6444, stack(0x00000041b6b00000,0x00000041b6c00000)]
  0x000001b2cfa0e330 JavaThread "Execution worker for ':'" [_thread_blocked, id=10360, stack(0x00000041b6c00000,0x00000041b6d00000)]
  0x000001b2cfa11350 JavaThread "Execution worker for ':' Thread 2" [_thread_blocked, id=10656, stack(0x00000041b6e00000,0x00000041b6f00000)]
  0x000001b2cfa10e80 JavaThread "Execution worker for ':' Thread 3" [_thread_blocked, id=8728, stack(0x00000041b6f00000,0x00000041b7000000)]
  0x000001b2cfa0fb40 JavaThread "Execution worker for ':' Thread 4" [_thread_blocked, id=3556, stack(0x00000041b7000000,0x00000041b7100000)]
  0x000001b2cfa10010 JavaThread "Execution worker for ':' Thread 5" [_thread_blocked, id=16700, stack(0x00000041b7100000,0x00000041b7200000)]
  0x000001b2cfa11820 JavaThread "Execution worker for ':' Thread 6" [_thread_in_native, id=17380, stack(0x00000041b7200000,0x00000041b7300000)]
  0x000001b2d70ad780 JavaThread "Execution worker for ':' Thread 7" [_thread_blocked, id=15320, stack(0x00000041b7300000,0x00000041b7400000)]
  0x000001b2d70adc50 JavaThread "Cache worker for execution history cache (C:\Users\Mehmet emin\StudioProjects\UrunTakipOtomasyonQR\.gradle\7.3.3\executionHistory)" [_thread_blocked, id=5132, stack(0x00000041b7400000,0x00000041b7500000)]
  0x000001b2c8fd1b00 JavaThread "RMI Scheduler(0)" daemon [_thread_blocked, id=4020, stack(0x00000041afe00000,0x00000041aff00000)]
  0x000001b2c8fd1630 JavaThread "RMI RenewClean-[127.0.0.1:17918,org.jetbrains.kotlin.daemon.common.LoopbackNetworkInterface$ClientLoopbackSocketFactory@74e4dd55]" daemon [_thread_blocked, id=1916, stack(0x00000041b7500000,0x00000041b7600000)]
  0x000001b2c8fd1fd0 JavaThread "RMI GC Daemon" daemon [_thread_blocked, id=15676, stack(0x00000041b7600000,0x00000041b7700000)]
  0x000001b2d1085070 JavaThread "RMI TCP Accept-0" daemon [_thread_in_native, id=14856, stack(0x00000041b7700000,0x00000041b7800000)]
  0x000001b2cfba2f80 JavaThread "RMI Reaper" [_thread_blocked, id=4292, stack(0x00000041b7800000,0x00000041b7900000)]
  0x000001b2d70a85b0 JavaThread "RMI TCP Connection(1)-127.0.0.1" daemon [_thread_in_native, id=9848, stack(0x00000041b7900000,0x00000041b7a00000)]
  0x000001b2d70aeac0 JavaThread "Cache worker for Java compile cache (C:\Users\Mehmet emin\.gradle\caches\7.3.3\javaCompile)" [_thread_blocked, id=10124, stack(0x00000041afd00000,0x00000041afe00000)]

Other Threads:
  0x000001b2c8fed770 VMThread "VM Thread" [stack: 0x00000041ae400000,0x00000041ae500000] [id=3392]
  0x000001b2a7421370 WatcherThread [stack: 0x00000041af000000,0x00000041af100000] [id=16240]
  0x000001b2a740b610 GCTaskThread "GC Thread#0" [stack: 0x00000041adf00000,0x00000041ae000000] [id=1576]
  0x000001b2cadcd800 GCTaskThread "GC Thread#1" [stack: 0x00000041af300000,0x00000041af400000] [id=14016]
  0x000001b2cadcdab0 GCTaskThread "GC Thread#2" [stack: 0x00000041af400000,0x00000041af500000] [id=14872]
  0x000001b2cadcb210 GCTaskThread "GC Thread#3" [stack: 0x00000041af500000,0x00000041af600000] [id=10612]
  0x000001b2cabac5e0 GCTaskThread "GC Thread#4" [stack: 0x00000041af600000,0x00000041af700000] [id=2216]
  0x000001b2cb502ff0 GCTaskThread "GC Thread#5" [stack: 0x00000041b0000000,0x00000041b0100000] [id=4396]
  0x000001b2cd02ac00 GCTaskThread "GC Thread#6" [stack: 0x00000041b0100000,0x00000041b0200000] [id=15644]
  0x000001b2cc455c40 GCTaskThread "GC Thread#7" [stack: 0x00000041b0200000,0x00000041b0300000] [id=16348]
  0x000001b2a7415550 ConcurrentGCThread "G1 Main Marker" [stack: 0x00000041ae000000,0x00000041ae100000] [id=12324]
  0x000001b2a74160c0 ConcurrentGCThread "G1 Conc#0" [stack: 0x00000041ae100000,0x00000041ae200000] [id=1952]
  0x000001b2cceefaf0 ConcurrentGCThread "G1 Conc#1" [stack: 0x00000041b0500000,0x00000041b0600000] [id=16920]
  0x000001b2a7453190 ConcurrentGCThread "G1 Refine#0" [stack: 0x00000041ae200000,0x00000041ae300000] [id=12652]
  0x000001b2a7453a50 ConcurrentGCThread "G1 Service" [stack: 0x00000041ae300000,0x00000041ae400000] [id=11768]

Threads with active compile tasks:
C2 CompilerThread0   215530 14703       4       jdk.nio.zipfs.ZipFileSystem::makeParentDirs (141 bytes)

VM state: not at safepoint (normal execution)

VM Mutex/Monitor currently owned by a thread: None

Heap address: 0x00000006e0000000, size: 4608 MB, Compressed Oops mode: Zero based, Oop shift amount: 3

CDS archive(s) not mapped
Compressed class space mapped at: 0x0000000800000000-0x0000000840000000, reserved size: 1073741824
Narrow klass base: 0x0000000800000000, Narrow klass shift: 0, Narrow klass range: 0x40000000

GC Precious Log:
 CPUs: 8 total, 8 available
 Memory: 7992M
 Large Page Support: Disabled
 NUMA Support: Disabled
 Compressed Oops: Enabled (Zero based)
 Heap Region Size: 4M
 Heap Min Capacity: 8M
 Heap Initial Capacity: 128M
 Heap Max Capacity: 4608M
 Pre-touch: Disabled
 Parallel Workers: 8
 Concurrent Workers: 2
 Concurrent Refinement Workers: 8
 Periodic GC: Disabled

Heap:
 garbage-first heap   total 217088K, used 164070K [0x00000006e0000000, 0x0000000800000000)
  region size 4096K, 14 young (57344K), 1 survivors (4096K)
 Metaspace       used 113308K, committed 114112K, reserved 1155072K
  class space    used 14982K, committed 15360K, reserved 1048576K

Heap Regions: E=young(eden), S=young(survivor), O=old, HS=humongous(starts), HC=humongous(continues), CS=collection set, F=free, OA=open archive, CA=closed archive, TAMS=top-at-mark-start (previous, next)
|   0|0x00000006e0000000, 0x00000006e0400000, 0x00000006e0400000|100%| O|  |TAMS 0x00000006e0400000, 0x00000006e0000000| Untracked 
|   1|0x00000006e0400000, 0x00000006e0800000, 0x00000006e0800000|100%|HS|  |TAMS 0x00000006e0800000, 0x00000006e0400000| Complete 
|   2|0x00000006e0800000, 0x00000006e0c00000, 0x00000006e0c00000|100%| O|  |TAMS 0x00000006e0c00000, 0x00000006e0800000| Untracked 
|   3|0x00000006e0c00000, 0x00000006e1000000, 0x00000006e1000000|100%| O|  |TAMS 0x00000006e1000000, 0x00000006e0c00000| Untracked 
|   4|0x00000006e1000000, 0x00000006e1400000, 0x00000006e1400000|100%| O|  |TAMS 0x00000006e1400000, 0x00000006e1000000| Untracked 
|   5|0x00000006e1400000, 0x00000006e1800000, 0x00000006e1800000|100%| O|  |TAMS 0x00000006e1800000, 0x00000006e1400000| Untracked 
|   6|0x00000006e1800000, 0x00000006e1c00000, 0x00000006e1c00000|100%| O|  |TAMS 0x00000006e1c00000, 0x00000006e1800000| Untracked 
|   7|0x00000006e1c00000, 0x00000006e2000000, 0x00000006e2000000|100%|HS|  |TAMS 0x00000006e2000000, 0x00000006e1c00000| Complete 
|   8|0x00000006e2000000, 0x00000006e2400000, 0x00000006e2400000|100%| O|  |TAMS 0x00000006e2400000, 0x00000006e2000000| Untracked 
|   9|0x00000006e2400000, 0x00000006e2800000, 0x00000006e2800000|100%| O|  |TAMS 0x00000006e2800000, 0x00000006e2400000| Untracked 
|  10|0x00000006e2800000, 0x00000006e2c00000, 0x00000006e2c00000|100%| O|  |TAMS 0x00000006e2c00000, 0x00000006e2800000| Untracked 
|  11|0x00000006e2c00000, 0x00000006e3000000, 0x00000006e3000000|100%| O|  |TAMS 0x00000006e3000000, 0x00000006e2c00000| Untracked 
|  12|0x00000006e3000000, 0x00000006e3400000, 0x00000006e3400000|100%| O|  |TAMS 0x00000006e3400000, 0x00000006e3000000| Untracked 
|  13|0x00000006e3400000, 0x00000006e3800000, 0x00000006e3800000|100%| O|  |TAMS 0x00000006e3800000, 0x00000006e3400000| Untracked 
|  14|0x00000006e3800000, 0x00000006e3c00000, 0x00000006e3c00000|100%| O|  |TAMS 0x00000006e3c00000, 0x00000006e3800000| Untracked 
|  15|0x00000006e3c00000, 0x00000006e4000000, 0x00000006e4000000|100%| O|  |TAMS 0x00000006e4000000, 0x00000006e3c00000| Untracked 
|  16|0x00000006e4000000, 0x00000006e4400000, 0x00000006e4400000|100%| O|  |TAMS 0x00000006e4400000, 0x00000006e4000000| Untracked 
|  17|0x00000006e4400000, 0x00000006e4800000, 0x00000006e4800000|100%| O|  |TAMS 0x00000006e4800000, 0x00000006e4400000| Untracked 
|  18|0x00000006e4800000, 0x00000006e4c00000, 0x00000006e4c00000|100%| O|  |TAMS 0x00000006e4c00000, 0x00000006e4800000| Untracked 
|  19|0x00000006e4c00000, 0x00000006e5000000, 0x00000006e5000000|100%| O|  |TAMS 0x00000006e5000000, 0x00000006e4c00000| Untracked 
|  20|0x00000006e5000000, 0x00000006e5000000, 0x00000006e5400000|  0%| F|  |TAMS 0x00000006e5000000, 0x00000006e5000000| Untracked 
|  21|0x00000006e5400000, 0x00000006e5800000, 0x00000006e5800000|100%| O|  |TAMS 0x00000006e5400000, 0x00000006e5400000| Untracked 
|  22|0x00000006e5800000, 0x00000006e5c00000, 0x00000006e5c00000|100%| O|  |TAMS 0x00000006e5c00000, 0x00000006e5800000| Untracked 
|  23|0x00000006e5c00000, 0x00000006e6000000, 0x00000006e6000000|100%| O|  |TAMS 0x00000006e6000000, 0x00000006e5c00000| Untracked 
|  24|0x00000006e6000000, 0x00000006e6400000, 0x00000006e6400000|100%| O|  |TAMS 0x00000006e6400000, 0x00000006e6000000| Untracked 
|  25|0x00000006e6400000, 0x00000006e6800000, 0x00000006e6800000|100%| O|  |TAMS 0x00000006e676a400, 0x00000006e6400000| Untracked 
|  26|0x00000006e6800000, 0x00000006e6c00000, 0x00000006e6c00000|100%| O|  |TAMS 0x00000006e6800000, 0x00000006e6800000| Untracked 
|  27|0x00000006e6c00000, 0x00000006e7000000, 0x00000006e7000000|100%| O|  |TAMS 0x00000006e6c00000, 0x00000006e6c00000| Untracked 
|  28|0x00000006e7000000, 0x00000006e724a600, 0x00000006e7400000| 57%| O|  |TAMS 0x00000006e7000000, 0x00000006e7000000| Untracked 
|  29|0x00000006e7400000, 0x00000006e7400000, 0x00000006e7800000|  0%| F|  |TAMS 0x00000006e7400000, 0x00000006e7400000| Untracked 
|  30|0x00000006e7800000, 0x00000006e7800000, 0x00000006e7c00000|  0%| F|  |TAMS 0x00000006e7800000, 0x00000006e7800000| Untracked 
|  31|0x00000006e7c00000, 0x00000006e7c00000, 0x00000006e8000000|  0%| F|  |TAMS 0x00000006e7c00000, 0x00000006e7c00000| Untracked 
|  32|0x00000006e8000000, 0x00000006e8000000, 0x00000006e8400000|  0%| F|  |TAMS 0x00000006e8000000, 0x00000006e8000000| Untracked 
|  33|0x00000006e8400000, 0x00000006e8400000, 0x00000006e8800000|  0%| F|  |TAMS 0x00000006e8400000, 0x00000006e8400000| Untracked 
|  34|0x00000006e8800000, 0x00000006e8800000, 0x00000006e8c00000|  0%| F|  |TAMS 0x00000006e8800000, 0x00000006e8800000| Untracked 
|  35|0x00000006e8c00000, 0x00000006e8c00000, 0x00000006e9000000|  0%| F|  |TAMS 0x00000006e8c00000, 0x00000006e8c00000| Untracked 
|  36|0x00000006e9000000, 0x00000006e9000000, 0x00000006e9400000|  0%| F|  |TAMS 0x00000006e9000000, 0x00000006e9000000| Untracked 
|  37|0x00000006e9400000, 0x00000006e9400000, 0x00000006e9800000|  0%| F|  |TAMS 0x00000006e9400000, 0x00000006e9400000| Untracked 
|  38|0x00000006e9800000, 0x00000006e9800000, 0x00000006e9c00000|  0%| F|  |TAMS 0x00000006e9800000, 0x00000006e9800000| Untracked 
|  39|0x00000006e9c00000, 0x00000006e9f90390, 0x00000006ea000000| 89%| E|  |TAMS 0x00000006e9c00000, 0x00000006e9c00000| Complete 
|  40|0x00000006ea000000, 0x00000006ea400000, 0x00000006ea400000|100%| E|CS|TAMS 0x00000006ea000000, 0x00000006ea000000| Complete 
|  41|0x00000006ea400000, 0x00000006ea800000, 0x00000006ea800000|100%| E|CS|TAMS 0x00000006ea400000, 0x00000006ea400000| Complete 
|  42|0x00000006ea800000, 0x00000006eac00000, 0x00000006eac00000|100%| E|CS|TAMS 0x00000006ea800000, 0x00000006ea800000| Complete 
|  43|0x00000006eac00000, 0x00000006eb000000, 0x00000006eb000000|100%| E|CS|TAMS 0x00000006eac00000, 0x00000006eac00000| Complete 
|  44|0x00000006eb000000, 0x00000006eb400000, 0x00000006eb400000|100%| E|CS|TAMS 0x00000006eb000000, 0x00000006eb000000| Complete 
|  45|0x00000006eb400000, 0x00000006eb800000, 0x00000006eb800000|100%| E|CS|TAMS 0x00000006eb400000, 0x00000006eb400000| Complete 
|  46|0x00000006eb800000, 0x00000006ebc00000, 0x00000006ebc00000|100%| E|CS|TAMS 0x00000006eb800000, 0x00000006eb800000| Complete 
|  47|0x00000006ebc00000, 0x00000006ec000000, 0x00000006ec000000|100%| E|CS|TAMS 0x00000006ebc00000, 0x00000006ebc00000| Complete 
|  48|0x00000006ec000000, 0x00000006ec400000, 0x00000006ec400000|100%| E|CS|TAMS 0x00000006ec000000, 0x00000006ec000000| Complete 
|  49|0x00000006ec400000, 0x00000006ec800000, 0x00000006ec800000|100%| E|CS|TAMS 0x00000006ec400000, 0x00000006ec400000| Complete 
|  50|0x00000006ec800000, 0x00000006ecc00000, 0x00000006ecc00000|100%| E|CS|TAMS 0x00000006ec800000, 0x00000006ec800000| Complete 
|  51|0x00000006ecc00000, 0x00000006ecdef340, 0x00000006ed000000| 48%| S|CS|TAMS 0x00000006ecc00000, 0x00000006ecc00000| Complete 
|  52|0x00000006ed000000, 0x00000006ed400000, 0x00000006ed400000|100%| E|CS|TAMS 0x00000006ed000000, 0x00000006ed000000| Complete 

Card table byte_map: [0x000001b2bc3b0000,0x000001b2bccb0000] _byte_map_base: 0x000001b2b8cb0000

Marking Bits (Prev, Next): (CMBitMap*) 0x000001b2a740bc60, (CMBitMap*) 0x000001b2a740bc20
 Prev Bits: [0x000001b2c1db0000, 0x000001b2c65b0000)
 Next Bits: [0x000001b2bd5b0000, 0x000001b2c1db0000)

Polling page: 0x000001b2a7460000

Metaspace:

Usage:
  Non-class:     96.02 MB used.
      Class:     14.63 MB used.
       Both:    110.65 MB used.

Virtual space:
  Non-class space:      104.00 MB reserved,      96.44 MB ( 93%) committed,  13 nodes.
      Class space:        1.00 GB reserved,      15.00 MB (  1%) committed,  1 nodes.
             Both:        1.10 GB reserved,     111.44 MB ( 10%) committed. 

Chunk freelists:
   Non-Class:  2.97 MB
       Class:  1.03 MB
        Both:  4.00 MB

MaxMetaspaceSize: unlimited
CompressedClassSpaceSize: 1.00 GB
Initial GC threshold: 21.00 MB
Current GC threshold: 170.94 MB
CDS: off
MetaspaceReclaimPolicy: balanced
 - commit_granule_bytes: 65536.
 - commit_granule_words: 8192.
 - virtual_space_node_default_size: 1048576.
 - enlarge_chunks_in_place: 1.
 - new_chunks_are_fully_committed: 0.
 - uncommit_free_chunks: 1.
 - use_allocation_guard: 0.
 - handle_deallocations: 1.


Internal statistics:

num_allocs_failed_limit: 14.
num_arena_births: 1090.
num_arena_deaths: 14.
num_vsnodes_births: 14.
num_vsnodes_deaths: 0.
num_space_committed: 1783.
num_space_uncommitted: 0.
num_chunks_returned_to_freelist: 34.
num_chunks_taken_from_freelist: 5376.
num_chunk_merges: 12.
num_chunk_splits: 3546.
num_chunks_enlarged: 2352.
num_purges: 2.
num_inconsistent_stats: 0.

CodeHeap 'non-profiled nmethods': size=120000Kb used=7779Kb max_used=8024Kb free=112220Kb
 bounds [0x000001b2b3b00000, 0x000001b2b42f0000, 0x000001b2bb030000]
CodeHeap 'profiled nmethods': size=120000Kb used=24771Kb max_used=25968Kb free=95228Kb
 bounds [0x000001b2ac030000, 0x000001b2ad9c0000, 0x000001b2b3560000]
CodeHeap 'non-nmethods': size=5760Kb used=2426Kb max_used=2521Kb free=3333Kb
 bounds [0x000001b2b3560000, 0x000001b2b37e0000, 0x000001b2b3b00000]
 total_blobs=13448 nmethods=12481 adapters=879
 compilation: enabled
              stopped_count=0, restarted_count=0
 full_count=0

Compilation events (20 events):
Event: 215.441 Thread 0x000001b2c9c20cc0 14804       2       jdk.nio.zipfs.ZipFileSystem$Entry::readExtra (475 bytes)
Event: 215.442 Thread 0x000001b2c9c20cc0 nmethod 14804 0x000001b2ac940d10 code [0x000001b2ac940f80, 0x000001b2ac941af8]
Event: 215.442 Thread 0x000001b2c9c20cc0 14805       2       jdk.nio.zipfs.ZipConstants::LOCEXT (7 bytes)
Event: 215.442 Thread 0x000001b2c9c20cc0 nmethod 14805 0x000001b2acd10d10 code [0x000001b2acd10ea0, 0x000001b2acd10fd8]
Event: 215.442 Thread 0x000001b2c9c20cc0 14806       2       jdk.nio.zipfs.ZipFileSystem$Entry::readLocEXTT (290 bytes)
Event: 215.443 Thread 0x000001b2c9c20cc0 nmethod 14806 0x000001b2ad2e9110 code [0x000001b2ad2e9380, 0x000001b2ad2e9fe8]
Event: 215.450 Thread 0x000001b2c9c1f210 nmethod 14650 0x000001b2b42e1e90 code [0x000001b2b42e2220, 0x000001b2b42e70c0]
Event: 215.450 Thread 0x000001b2c9c1f210 14691       4       java.util.Arrays::hashCode (44 bytes)
Event: 215.452 Thread 0x000001b2c9c1f210 nmethod 14691 0x000001b2b3fcb210 code [0x000001b2b3fcb380, 0x000001b2b3fcb518]
Event: 215.452 Thread 0x000001b2c9c1f210 14726       4       jdk.nio.zipfs.ZipPath::getFileName (94 bytes)
Event: 215.458 Thread 0x000001b2c9c1f210 nmethod 14726 0x000001b2b3fca710 code [0x000001b2b3fca8a0, 0x000001b2b3fcb058]
Event: 215.458 Thread 0x000001b2c9c1f210 14762       4       jdk.nio.zipfs.ZipPath::getResolved (62 bytes)
Event: 215.461 Thread 0x000001b2c9c1f210 nmethod 14762 0x000001b2b4161d10 code [0x000001b2b4161ea0, 0x000001b2b4162198]
Event: 215.461 Thread 0x000001b2c9c1f210 14779       4       java.util.Arrays::binarySearch0 (83 bytes)
Event: 215.463 Thread 0x000001b2c9c1f210 nmethod 14779 0x000001b2b4161690 code [0x000001b2b4161820, 0x000001b2b4161a98]
Event: 215.463 Thread 0x000001b2c9c1f210 14703       4       jdk.nio.zipfs.ZipFileSystem::makeParentDirs (141 bytes)
Event: 215.468 Thread 0x000001b2c9c20cc0 14807       2       jdk.nio.zipfs.ZipPath::compareTo (87 bytes)
Event: 215.468 Thread 0x000001b2c9c20cc0 nmethod 14807 0x000001b2acfee610 code [0x000001b2acfee7e0, 0x000001b2acfeec38]
Event: 215.478 Thread 0x000001b2c9c20cc0 14808       2       jdk.nio.zipfs.ZipPath::equals (38 bytes)
Event: 215.478 Thread 0x000001b2c9c20cc0 nmethod 14808 0x000001b2ad041a10 code [0x000001b2ad041bc0, 0x000001b2ad041e08]

GC Heap History (20 events):
Event: 11.006 GC heap before
{Heap before GC invocations=30 (full 0):
 garbage-first heap   total 159744K, used 119374K [0x00000006e0000000, 0x0000000800000000)
  region size 4096K, 10 young (40960K), 2 survivors (8192K)
 Metaspace       used 89449K, committed 89984K, reserved 1130496K
  class space    used 12097K, committed 12352K, reserved 1048576K
}
Event: 11.011 GC heap after
{Heap after GC invocations=31 (full 0):
 garbage-first heap   total 159744K, used 89375K [0x00000006e0000000, 0x0000000800000000)
  region size 4096K, 1 young (4096K), 1 survivors (4096K)
 Metaspace       used 89449K, committed 89984K, reserved 1130496K
  class space    used 12097K, committed 12352K, reserved 1048576K
}
Event: 11.352 GC heap before
{Heap before GC invocations=32 (full 0):
 garbage-first heap   total 180224K, used 122143K [0x00000006e0000000, 0x0000000800000000)
  region size 4096K, 9 young (36864K), 1 survivors (4096K)
 Metaspace       used 89729K, committed 90304K, reserved 1130496K
  class space    used 12107K, committed 12352K, reserved 1048576K
}
Event: 11.357 GC heap after
{Heap after GC invocations=33 (full 0):
 garbage-first heap   total 180224K, used 91152K [0x00000006e0000000, 0x0000000800000000)
  region size 4096K, 2 young (8192K), 2 survivors (8192K)
 Metaspace       used 89729K, committed 90304K, reserved 1130496K
  class space    used 12107K, committed 12352K, reserved 1048576K
}
Event: 11.714 GC heap before
{Heap before GC invocations=33 (full 0):
 garbage-first heap   total 180224K, used 128016K [0x00000006e0000000, 0x0000000800000000)
  region size 4096K, 12 young (49152K), 2 survivors (8192K)
 Metaspace       used 90559K, committed 91136K, reserved 1130496K
  class space    used 12213K, committed 12480K, reserved 1048576K
}
Event: 11.720 GC heap after
{Heap after GC invocations=34 (full 0):
 garbage-first heap   total 180224K, used 94226K [0x00000006e0000000, 0x0000000800000000)
  region size 4096K, 2 young (8192K), 2 survivors (8192K)
 Metaspace       used 90559K, committed 91136K, reserved 1130496K
  class space    used 12213K, committed 12480K, reserved 1048576K
}
Event: 12.529 GC heap before
{Heap before GC invocations=35 (full 0):
 garbage-first heap   total 180224K, used 135186K [0x00000006e0000000, 0x0000000800000000)
  region size 4096K, 13 young (53248K), 2 survivors (8192K)
 Metaspace       used 95825K, committed 96384K, reserved 1138688K
  class space    used 12945K, committed 13184K, reserved 1048576K
}
Event: 12.536 GC heap after
{Heap after GC invocations=36 (full 0):
 garbage-first heap   total 180224K, used 97285K [0x00000006e0000000, 0x0000000800000000)
  region size 4096K, 2 young (8192K), 2 survivors (8192K)
 Metaspace       used 95825K, committed 96384K, reserved 1138688K
  class space    used 12945K, committed 13184K, reserved 1048576K
}
Event: 12.969 GC heap before
{Heap before GC invocations=36 (full 0):
 garbage-first heap   total 180224K, used 134149K [0x00000006e0000000, 0x0000000800000000)
  region size 4096K, 12 young (49152K), 2 survivors (8192K)
 Metaspace       used 96113K, committed 96640K, reserved 1138688K
  class space    used 12961K, committed 13184K, reserved 1048576K
}
Event: 12.980 GC heap after
{Heap after GC invocations=37 (full 0):
 garbage-first heap   total 180224K, used 99715K [0x00000006e0000000, 0x0000000800000000)
  region size 4096K, 2 young (8192K), 2 survivors (8192K)
 Metaspace       used 96113K, committed 96640K, reserved 1138688K
  class space    used 12961K, committed 13184K, reserved 1048576K
}
Event: 13.480 GC heap before
{Heap before GC invocations=38 (full 0):
 garbage-first heap   total 180224K, used 144771K [0x00000006e0000000, 0x0000000800000000)
  region size 4096K, 13 young (53248K), 2 survivors (8192K)
 Metaspace       used 96514K, committed 97152K, reserved 1138688K
  class space    used 13021K, committed 13312K, reserved 1048576K
}
Event: 13.486 GC heap after
{Heap after GC invocations=39 (full 0):
 garbage-first heap   total 180224K, used 102913K [0x00000006e0000000, 0x0000000800000000)
  region size 4096K, 2 young (8192K), 2 survivors (8192K)
 Metaspace       used 96514K, committed 97152K, reserved 1138688K
  class space    used 13021K, committed 13312K, reserved 1048576K
}
Event: 13.535 GC heap before
{Heap before GC invocations=39 (full 0):
 garbage-first heap   total 180224K, used 107009K [0x00000006e0000000, 0x0000000800000000)
  region size 4096K, 3 young (12288K), 2 survivors (8192K)
 Metaspace       used 96636K, committed 97280K, reserved 1138688K
  class space    used 13034K, committed 13312K, reserved 1048576K
}
Event: 13.541 GC heap after
{Heap after GC invocations=40 (full 0):
 garbage-first heap   total 217088K, used 102975K [0x00000006e0000000, 0x0000000800000000)
  region size 4096K, 1 young (4096K), 1 survivors (4096K)
 Metaspace       used 96636K, committed 97280K, reserved 1138688K
  class space    used 13034K, committed 13312K, reserved 1048576K
}
Event: 204.475 GC heap before
{Heap before GC invocations=40 (full 0):
 garbage-first heap   total 217088K, used 164415K [0x00000006e0000000, 0x0000000800000000)
  region size 4096K, 17 young (69632K), 1 survivors (4096K)
 Metaspace       used 104379K, committed 105024K, reserved 1146880K
  class space    used 13891K, committed 14208K, reserved 1048576K
}
Event: 204.482 GC heap after
{Heap after GC invocations=41 (full 0):
 garbage-first heap   total 217088K, used 107598K [0x00000006e0000000, 0x0000000800000000)
  region size 4096K, 2 young (8192K), 2 survivors (8192K)
 Metaspace       used 104379K, committed 105024K, reserved 1146880K
  class space    used 13891K, committed 14208K, reserved 1048576K
}
Event: 205.734 GC heap before
{Heap before GC invocations=42 (full 0):
 garbage-first heap   total 217088K, used 164942K [0x00000006e0000000, 0x0000000800000000)
  region size 4096K, 17 young (69632K), 2 survivors (8192K)
 Metaspace       used 105059K, committed 105728K, reserved 1146880K
  class space    used 13902K, committed 14208K, reserved 1048576K
}
Event: 205.747 GC heap after
{Heap after GC invocations=43 (full 0):
 garbage-first heap   total 217088K, used 114056K [0x00000006e0000000, 0x0000000800000000)
  region size 4096K, 3 young (12288K), 3 survivors (12288K)
 Metaspace       used 105059K, committed 105728K, reserved 1146880K
  class space    used 13902K, committed 14208K, reserved 1048576K
}
Event: 206.691 GC heap before
{Heap before GC invocations=43 (full 0):
 garbage-first heap   total 217088K, used 118152K [0x00000006e0000000, 0x0000000800000000)
  region size 4096K, 4 young (16384K), 3 survivors (12288K)
 Metaspace       used 105605K, committed 106304K, reserved 1146880K
  class space    used 13971K, committed 14336K, reserved 1048576K
}
Event: 206.701 GC heap after
{Heap after GC invocations=44 (full 0):
 garbage-first heap   total 217088K, used 114918K [0x00000006e0000000, 0x0000000800000000)
  region size 4096K, 1 young (4096K), 1 survivors (4096K)
 Metaspace       used 105605K, committed 106304K, reserved 1146880K
  class space    used 13971K, committed 14336K, reserved 1048576K
}

Dll operation events (2 events):
Event: 0.007 Loaded shared library C:\Program Files\Android\Android Studio\jbr\bin\java.dll
Event: 0.305 Loaded shared library C:\Program Files\Android\Android Studio\jbr\bin\verify.dll

Deoptimization events (20 events):
Event: 215.355 Thread 0x000001b2cfa11820 Uncommon trap: trap_request=0xffffff45 fr.pc=0x000001b2b3bebc28 relative=0x0000000000000108
Event: 215.355 Thread 0x000001b2cfa11820 Uncommon trap: reason=unstable_if action=reinterpret pc=0x000001b2b3bebc28 method=java.lang.CharacterDataLatin1.digit(II)I @ 12 c2
Event: 215.356 Thread 0x000001b2cfa11820 DEOPT PACKING pc=0x000001b2b3bebc28 sp=0x00000041b72f9040
Event: 215.356 Thread 0x000001b2cfa11820 DEOPT UNPACKING pc=0x000001b2b35b69a3 sp=0x00000041b72f8ef8 mode 2
Event: 215.366 Thread 0x000001b2cfa11820 Uncommon trap: trap_request=0xffffffc6 fr.pc=0x000001b2b3d86da4 relative=0x0000000000004064
Event: 215.366 Thread 0x000001b2cfa11820 Uncommon trap: reason=bimorphic_or_optimized_type_check action=maybe_recompile pc=0x000001b2b3d86da4 method=jdk.internal.loader.BuiltinClassLoader.loadClassOrNull(Ljava/lang/String;)Ljava/lang/Class; @ 3 c2
Event: 215.366 Thread 0x000001b2cfa11820 DEOPT PACKING pc=0x000001b2b3d86da4 sp=0x00000041b72f8430
Event: 215.366 Thread 0x000001b2cfa11820 DEOPT UNPACKING pc=0x000001b2b35b69a3 sp=0x00000041b72f83b8 mode 2
Event: 215.387 Thread 0x000001b2cfa11820 Uncommon trap: trap_request=0xffffff45 fr.pc=0x000001b2b3c283b4 relative=0x0000000000002c34
Event: 215.387 Thread 0x000001b2cfa11820 Uncommon trap: reason=unstable_if action=reinterpret pc=0x000001b2b3c283b4 method=java.util.jar.Manifest$FastInputStream.readLine([BII)I @ 106 c2
Event: 215.387 Thread 0x000001b2cfa11820 DEOPT PACKING pc=0x000001b2b3c283b4 sp=0x00000041b72f8300
Event: 215.387 Thread 0x000001b2cfa11820 DEOPT UNPACKING pc=0x000001b2b35b69a3 sp=0x00000041b72f81d8 mode 2
Event: 215.387 Thread 0x000001b2cfa11820 Uncommon trap: trap_request=0xffffff45 fr.pc=0x000001b2b3bad040 relative=0x0000000000000480
Event: 215.387 Thread 0x000001b2cfa11820 Uncommon trap: reason=unstable_if action=reinterpret pc=0x000001b2b3bad040 method=java.util.jar.Manifest$FastInputStream.readLine([BII)I @ 106 c2
Event: 215.387 Thread 0x000001b2cfa11820 DEOPT PACKING pc=0x000001b2b3bad040 sp=0x00000041b72f8290
Event: 215.387 Thread 0x000001b2cfa11820 DEOPT UNPACKING pc=0x000001b2b35b69a3 sp=0x00000041b72f81c8 mode 2
Event: 215.387 Thread 0x000001b2cfa11820 Uncommon trap: trap_request=0xffffff45 fr.pc=0x000001b2b3bb1528 relative=0x00000000000004e8
Event: 215.387 Thread 0x000001b2cfa11820 Uncommon trap: reason=unstable_if action=reinterpret pc=0x000001b2b3bb1528 method=java.util.jar.Manifest$FastInputStream.readLine([BII)I @ 106 c2
Event: 215.387 Thread 0x000001b2cfa11820 DEOPT PACKING pc=0x000001b2b3bb1528 sp=0x00000041b72f8220
Event: 215.387 Thread 0x000001b2cfa11820 DEOPT UNPACKING pc=0x000001b2b35b69a3 sp=0x00000041b72f81d0 mode 2

Classes unloaded (7 events):
Event: 13.100 Thread 0x000001b2c8fed770 Unloading class 0x0000000800c09c00 'java/lang/invoke/LambdaForm$DMH+0x0000000800c09c00'
Event: 13.100 Thread 0x000001b2c8fed770 Unloading class 0x0000000800c09800 'java/lang/invoke/LambdaForm$DMH+0x0000000800c09800'
Event: 13.100 Thread 0x000001b2c8fed770 Unloading class 0x0000000800c09400 'java/lang/invoke/LambdaForm$DMH+0x0000000800c09400'
Event: 13.100 Thread 0x000001b2c8fed770 Unloading class 0x0000000800c09000 'java/lang/invoke/LambdaForm$DMH+0x0000000800c09000'
Event: 13.100 Thread 0x000001b2c8fed770 Unloading class 0x0000000800c08800 'java/lang/invoke/LambdaForm$DMH+0x0000000800c08800'
Event: 13.100 Thread 0x000001b2c8fed770 Unloading class 0x0000000800c08000 'java/lang/invoke/LambdaForm$DMH+0x0000000800c08000'
Event: 13.100 Thread 0x000001b2c8fed770 Unloading class 0x0000000800c08c00 'java/lang/invoke/LambdaForm$DMH+0x0000000800c08c00'

Classes redefined (0 events):
No events

Internal exceptions (20 events):
Event: 205.087 Thread 0x000001b2cadb7610 Exception <a 'sun/nio/fs/WindowsException'{0x00000006eb04ca08}> (0x00000006eb04ca08) 
thrown [s\src\hotspot\share\prims\jni.cpp, line 517]
Event: 205.149 Thread 0x000001b2cadb7610 Exception <a 'sun/nio/fs/WindowsException'{0x00000006eb3f6f00}> (0x00000006eb3f6f00) 
thrown [s\src\hotspot\share\prims\jni.cpp, line 517]
Event: 206.711 Thread 0x000001b2cfa11820 Exception <a 'java/lang/NoSuchMethodError'{0x00000006ed0d8510}: static Lorg/jetbrains/kotlin/daemon/common/LoopbackNetworkInterface$AbstractClientLoopbackSocketFactory;.<clinit>()V> (0x00000006ed0d8510) 
thrown [s\src\hotspot\share\prims\jni.cpp, line 1108]
Event: 206.712 Thread 0x000001b2cfa11820 Exception <a 'java/lang/NoSuchMethodError'{0x00000006ed0e9960}: static Lorg/jetbrains/kotlin/daemon/common/LoopbackNetworkInterface$ClientLoopbackSocketFactory;.<clinit>()V> (0x00000006ed0e9960) 
thrown [s\src\hotspot\share\prims\jni.cpp, line 1108]
Event: 206.717 Thread 0x000001b2cfa11820 Exception <a 'java/lang/NoSuchMethodError'{0x00000006ed131348}: 'java.lang.Object java.lang.invoke.DirectMethodHandle$Holder.invokeSpecial(java.lang.Object, java.lang.Object, java.lang.Object, int, java.lang.Object, java.lang.Object)'> (0x00000006ed131348) 
thrown [s\src\hotspot\share\interpreter\linkResolver.cpp, line 771]
Event: 206.723 Thread 0x000001b2cfa11820 Exception <a 'java/lang/NoSuchMethodError'{0x00000006ed141840}: static [Ljava/rmi/server/ObjID;.<clinit>()V> (0x00000006ed141840) 
thrown [s\src\hotspot\share\prims\jni.cpp, line 1108]
Event: 206.725 Thread 0x000001b2cfa11820 Exception <a 'java/lang/NoSuchMethodError'{0x00000006ed17a428}: static [B.<clinit>()V> (0x00000006ed17a428) 
thrown [s\src\hotspot\share\prims\jni.cpp, line 1108]
Event: 206.731 Thread 0x000001b2c8fd1630 Exception <a 'java/lang/InterruptedException'{0x00000006ed1c4fa8}> (0x00000006ed1c4fa8) 
thrown [s\src\hotspot\share\runtime\objectMonitor.cpp, line 1648]
Event: 206.732 Thread 0x000001b2c8fd1630 Exception <a 'java/lang/NoSuchMethodError'{0x00000006ed1cd788}: 'java.lang.Object java.lang.invoke.DirectMethodHandle$Holder.newInvokeSpecial(java.lang.Object, java.lang.Object, int, java.lang.Object, long)'> (0x00000006ed1cd788) 
thrown [s\src\hotspot\share\interpreter\linkResolver.cpp, line 771]
Event: 206.745 Thread 0x000001b2cfa11820 Exception <a 'java/lang/NoSuchMethodError'{0x00000006ed1b1b18}: static Lorg/jetbrains/kotlin/daemon/common/CompileService$CallResult;.<clinit>()V> (0x00000006ed1b1b18) 
thrown [s\src\hotspot\share\prims\jni.cpp, line 1108]
Event: 206.746 Thread 0x000001b2cfa11820 Exception <a 'java/lang/NoSuchMethodError'{0x00000006ed1c3278}: static Lorg/jetbrains/kotlin/daemon/common/CompileService$CallResult$Good;.<clinit>()V> (0x00000006ed1c3278) 
thrown [s\src\hotspot\share\prims\jni.cpp, line 1108]
Event: 206.747 Thread 0x000001b2cfa11820 Exception <a 'java/lang/NoSuchMethodError'{0x00000006ed1eb978}: static Lorg/jetbrains/kotlin/daemon/common/DaemonJVMOptions;.<clinit>()V> (0x00000006ed1eb978) 
thrown [s\src\hotspot\share\prims\jni.cpp, line 1108]
Event: 206.751 Thread 0x000001b2cfa11820 Exception <a 'java/lang/NoSuchMethodError'{0x00000006ed208f40}: static Lorg/jetbrains/kotlin/daemon/common/CompileService$CallResult$Ok;.<clinit>()V> (0x00000006ed208f40) 
thrown [s\src\hotspot\share\prims\jni.cpp, line 1108]
Event: 206.771 Thread 0x000001b2cfa11820 Exception <a 'java/lang/NoSuchMethodError'{0x00000006ed3277d8}: static [Ljava/lang/Integer;.<clinit>()V> (0x00000006ed3277d8) 
thrown [s\src\hotspot\share\prims\jni.cpp, line 1108]
Event: 206.774 Thread 0x000001b2cfa11820 Exception <a 'java/lang/NoSuchMethodError'{0x00000006ed376930}: static Lorg/jetbrains/kotlin/incremental/ClasspathChanges$NotAvailable;.<clinit>()V> (0x00000006ed376930) 
thrown [s\src\hotspot\share\prims\jni.cpp, line 1108]
Event: 206.774 Thread 0x000001b2cfa11820 Exception <a 'java/lang/NoSuchMethodError'{0x00000006ed3982e8}: static Lorg/jetbrains/kotlin/incremental/ClasspathChanges$NotAvailable;.<clinit>()V> (0x00000006ed3982e8) 
thrown [s\src\hotspot\share\prims\jni.cpp, line 1108]
Event: 206.775 Thread 0x000001b2cfa11820 Exception <a 'java/lang/NoSuchMethodError'{0x00000006ed3bb078}: static Lorg/jetbrains/kotlin/incremental/ClasspathChanges;.<clinit>()V> (0x00000006ed3bb078) 
thrown [s\src\hotspot\share\prims\jni.cpp, line 1108]
Event: 215.108 Thread 0x000001b2cfa11820 Exception <a 'java/lang/NoSuchMethodError'{0x00000006ebf707b0}: 'void java.lang.invoke.DirectMethodHandle$Holder.invokeVirtual(java.lang.Object, java.lang.Object, java.lang.Object, java.lang.Object)'> (0x00000006ebf707b0) 
thrown [s\src\hotspot\share\interpreter\linkResolver.cpp, line 771]
Event: 215.374 Thread 0x000001b2cfa11820 Exception <a 'sun/nio/fs/WindowsException'{0x00000006ea434a60}> (0x00000006ea434a60) 
thrown [s\src\hotspot\share\prims\jni.cpp, line 517]
Event: 215.374 Thread 0x000001b2cfa11820 Exception <a 'sun/nio/fs/WindowsException'{0x00000006ea434cf0}> (0x00000006ea434cf0) 
thrown [s\src\hotspot\share\prims\jni.cpp, line 517]

VM Operations (20 events):
Event: 206.691 Executing VM operation: G1CollectForAllocation
Event: 206.701 Executing VM operation: G1CollectForAllocation done
Event: 206.737 Executing VM operation: HandshakeAllThreads
Event: 206.737 Executing VM operation: HandshakeAllThreads done
Event: 207.743 Executing VM operation: Cleanup
Event: 207.743 Executing VM operation: Cleanup done
Event: 211.782 Executing VM operation: Cleanup
Event: 211.782 Executing VM operation: Cleanup done
Event: 214.808 Executing VM operation: Cleanup
Event: 214.808 Executing VM operation: Cleanup done
Event: 214.905 Executing VM operation: HandshakeAllThreads
Event: 214.905 Executing VM operation: HandshakeAllThreads done
Event: 214.911 Executing VM operation: HandshakeAllThreads
Event: 214.911 Executing VM operation: HandshakeAllThreads done
Event: 214.914 Executing VM operation: HandshakeAllThreads
Event: 214.915 Executing VM operation: HandshakeAllThreads done
Event: 215.012 Executing VM operation: HandshakeAllThreads
Event: 215.012 Executing VM operation: HandshakeAllThreads done
Event: 215.061 Executing VM operation: HandshakeAllThreads
Event: 215.062 Executing VM operation: HandshakeAllThreads done

Events (20 events):
Event: 214.996 loading class java/nio/charset/IllegalCharsetNameException
Event: 214.996 loading class java/nio/charset/IllegalCharsetNameException done
Event: 214.998 loading class java/nio/file/ProviderNotFoundException
Event: 214.998 loading class java/nio/file/ProviderNotFoundException done
Event: 215.011 loading class java/util/JumboEnumSet
Event: 215.011 loading class java/util/JumboEnumSet done
Event: 215.019 loading class java/util/JumboEnumSet$EnumSetIterator
Event: 215.019 loading class java/util/JumboEnumSet$EnumSetIterator done
Event: 215.023 loading class java/util/ResourceBundle$KeyElementReference
Event: 215.023 loading class java/util/ResourceBundle$CacheKeyReference
Event: 215.023 loading class java/util/ResourceBundle$CacheKeyReference done
Event: 215.023 loading class java/util/ResourceBundle$KeyElementReference done
Event: 215.024 loading class java/util/ResourceBundle$3
Event: 215.024 loading class java/util/ResourceBundle$3 done
Event: 215.028 loading class java/util/ResourceBundle$BundleReference
Event: 215.028 loading class java/util/ResourceBundle$BundleReference done
Event: 215.053 loading class java/util/ServiceLoader$ProviderSpliterator
Event: 215.054 loading class java/util/ServiceLoader$ProviderSpliterator done
Event: 215.345 loading class jdk/internal/loader/URLClassPath$FileLoader
Event: 215.345 loading class jdk/internal/loader/URLClassPath$FileLoader done


Dynamic libraries:
0x00007ff7682c0000 - 0x00007ff7682ca000 	C:\Program Files\Android\Android Studio\jbr\bin\java.exe
0x00007ff9f2cb0000 - 0x00007ff9f2ec4000 	C:\WINDOWS\SYSTEM32\ntdll.dll
0x00007ff9f1900000 - 0x00007ff9f19c2000 	C:\WINDOWS\System32\KERNEL32.DLL
0x00007ff9f0500000 - 0x00007ff9f08a3000 	C:\WINDOWS\System32\KERNELBASE.dll
0x00007ff9f02d0000 - 0x00007ff9f03e1000 	C:\WINDOWS\System32\ucrtbase.dll
0x00007ff9de110000 - 0x00007ff9de127000 	C:\Program Files\Android\Android Studio\jbr\bin\jli.dll
0x00007ff9da2e0000 - 0x00007ff9da2fb000 	C:\Program Files\Android\Android Studio\jbr\bin\VCRUNTIME140.dll
0x00007ff9f16b0000 - 0x00007ff9f185a000 	C:\WINDOWS\System32\USER32.dll
0x00007ff9d5e40000 - 0x00007ff9d60ce000 	C:\WINDOWS\WinSxS\amd64_microsoft.windows.common-controls_6595b64144ccf1df_6.0.22621.1635_none_270f70857386168e\COMCTL32.dll
0x00007ff9f00b0000 - 0x00007ff9f00d6000 	C:\WINDOWS\System32\win32u.dll
0x00007ff9f1520000 - 0x00007ff9f15c7000 	C:\WINDOWS\System32\msvcrt.dll
0x00007ff9f1f40000 - 0x00007ff9f1f69000 	C:\WINDOWS\System32\GDI32.dll
0x00007ff9f0970000 - 0x00007ff9f0a89000 	C:\WINDOWS\System32\gdi32full.dll
0x00007ff9f03f0000 - 0x00007ff9f048a000 	C:\WINDOWS\System32\msvcp_win.dll
0x00007ff9f1f00000 - 0x00007ff9f1f31000 	C:\WINDOWS\System32\IMM32.DLL
0x00007ff9ddc60000 - 0x00007ff9ddc6c000 	C:\Program Files\Android\Android Studio\jbr\bin\vcruntime140_1.dll
0x00007ff9c2e40000 - 0x00007ff9c2ecd000 	C:\Program Files\Android\Android Studio\jbr\bin\msvcp140.dll
0x00007ff997cb0000 - 0x00007ff99891e000 	C:\Program Files\Android\Android Studio\jbr\bin\server\jvm.dll
0x00007ff9f1090000 - 0x00007ff9f113e000 	C:\WINDOWS\System32\ADVAPI32.dll
0x00007ff9f0fd0000 - 0x00007ff9f1074000 	C:\WINDOWS\System32\sechost.dll
0x00007ff9f1dd0000 - 0x00007ff9f1ee7000 	C:\WINDOWS\System32\RPCRT4.dll
0x00007ff9e3840000 - 0x00007ff9e384a000 	C:\WINDOWS\SYSTEM32\VERSION.dll
0x00007ff9d3600000 - 0x00007ff9d3609000 	C:\WINDOWS\SYSTEM32\WSOCK32.dll
0x00007ff9e91b0000 - 0x00007ff9e91e4000 	C:\WINDOWS\SYSTEM32\WINMM.dll
0x00007ff9f15d0000 - 0x00007ff9f1641000 	C:\WINDOWS\System32\WS2_32.dll
0x00007ff9ef150000 - 0x00007ff9ef168000 	C:\WINDOWS\SYSTEM32\kernel.appcore.dll
0x00007ff9ec190000 - 0x00007ff9ec19a000 	C:\Program Files\Android\Android Studio\jbr\bin\jimage.dll
0x00007ff9dbc50000 - 0x00007ff9dbe7e000 	C:\WINDOWS\SYSTEM32\DBGHELP.DLL
0x00007ff9f1f70000 - 0x00007ff9f22f9000 	C:\WINDOWS\System32\combase.dll
0x00007ff9f2b00000 - 0x00007ff9f2bd7000 	C:\WINDOWS\System32\OLEAUT32.dll
0x00007ff9de6c0000 - 0x00007ff9de6f2000 	C:\WINDOWS\SYSTEM32\dbgcore.DLL
0x00007ff9f0250000 - 0x00007ff9f02ca000 	C:\WINDOWS\System32\bcryptPrimitives.dll
0x00007ff9de0d0000 - 0x00007ff9de0f5000 	C:\Program Files\Android\Android Studio\jbr\bin\java.dll
0x00007ff9ea990000 - 0x00007ff9ea9a8000 	C:\Program Files\Android\Android Studio\jbr\bin\zip.dll
0x00007ff9f2300000 - 0x00007ff9f2af9000 	C:\WINDOWS\System32\SHELL32.dll
0x00007ff9ee060000 - 0x00007ff9ee92e000 	C:\WINDOWS\SYSTEM32\windows.storage.dll
0x00007ff9edf20000 - 0x00007ff9ee05e000 	C:\WINDOWS\SYSTEM32\wintypes.dll
0x00007ff9f1c70000 - 0x00007ff9f1d61000 	C:\WINDOWS\System32\SHCORE.dll
0x00007ff9f1650000 - 0x00007ff9f16ae000 	C:\WINDOWS\System32\shlwapi.dll
0x00007ff9effe0000 - 0x00007ff9f0006000 	C:\WINDOWS\SYSTEM32\profapi.dll
0x00007ff9ea8e0000 - 0x00007ff9ea8f9000 	C:\Program Files\Android\Android Studio\jbr\bin\net.dll
0x00007ff9e8d40000 - 0x00007ff9e8e77000 	C:\WINDOWS\SYSTEM32\WINHTTP.dll
0x00007ff9ef610000 - 0x00007ff9ef679000 	C:\WINDOWS\system32\mswsock.dll
0x00007ff9e69d0000 - 0x00007ff9e69e6000 	C:\Program Files\Android\Android Studio\jbr\bin\nio.dll
0x00007ff9e85e0000 - 0x00007ff9e85f0000 	C:\Program Files\Android\Android Studio\jbr\bin\verify.dll
0x00007ff9da4b0000 - 0x00007ff9da4d7000 	C:\Users\Mehmet emin\.gradle\native\e1d6ef7f7dcc3fd88c89a11ec53ec762bb8ba0a96d01ffa2cd45eb1d1d8dd5c5\windows-amd64\native-platform.dll
0x00007ff9be7e0000 - 0x00007ff9be924000 	C:\Users\Mehmet emin\.gradle\native\5664cfc778a61ccfe75a443a1ab52a65af34e5dc3c78e0209fed803814484fcb\windows-amd64\native-platform-file-events.dll
0x00007ff9de0c0000 - 0x00007ff9de0c9000 	C:\Program Files\Android\Android Studio\jbr\bin\management.dll
0x00007ff9ddf90000 - 0x00007ff9ddf9b000 	C:\Program Files\Android\Android Studio\jbr\bin\management_ext.dll
0x00007ff9f1370000 - 0x00007ff9f1378000 	C:\WINDOWS\System32\PSAPI.DLL
0x00007ff9ef930000 - 0x00007ff9ef94b000 	C:\WINDOWS\SYSTEM32\CRYPTSP.dll
0x00007ff9ef110000 - 0x00007ff9ef145000 	C:\WINDOWS\system32\rsaenh.dll
0x00007ff9ef6b0000 - 0x00007ff9ef6dc000 	C:\WINDOWS\SYSTEM32\USERENV.dll
0x00007ff9efa60000 - 0x00007ff9efa88000 	C:\WINDOWS\SYSTEM32\bcrypt.dll
0x00007ff9ef910000 - 0x00007ff9ef91c000 	C:\WINDOWS\SYSTEM32\CRYPTBASE.dll
0x00007ff9eec00000 - 0x00007ff9eec2d000 	C:\WINDOWS\SYSTEM32\IPHLPAPI.DLL
0x00007ff9f1ef0000 - 0x00007ff9f1ef9000 	C:\WINDOWS\System32\NSI.dll
0x00007ff9e84b0000 - 0x00007ff9e84c9000 	C:\WINDOWS\SYSTEM32\dhcpcsvc6.DLL
0x00007ff9e8c40000 - 0x00007ff9e8c5f000 	C:\WINDOWS\SYSTEM32\dhcpcsvc.DLL
0x00007ff9eec70000 - 0x00007ff9eed63000 	C:\WINDOWS\SYSTEM32\DNSAPI.dll
0x00007ff9a9a10000 - 0x00007ff9a9a18000 	C:\WINDOWS\system32\wshunix.dll
0x00007ff9d2070000 - 0x00007ff9d208e000 	C:\Users\Mehmet emin\AppData\Local\Temp\native-platform9276127214812213722dir\native-platform.dll
0x00007ff9d0240000 - 0x00007ff9d0257000 	C:\WINDOWS\system32\napinsp.dll
0x00007ff9d0200000 - 0x00007ff9d021b000 	C:\WINDOWS\system32\pnrpnsp.dll
0x00007ff9d01e0000 - 0x00007ff9d01f1000 	C:\WINDOWS\System32\winrnr.dll
0x00007ff9e8c60000 - 0x00007ff9e8c75000 	C:\WINDOWS\system32\wshbth.dll
0x00007ff9d01a0000 - 0x00007ff9d01c1000 	C:\WINDOWS\system32\nlansp_c.dll
0x00007ff9e3d80000 - 0x00007ff9e3d8a000 	C:\Windows\System32\rasadhlp.dll
0x00007ff9e6e60000 - 0x00007ff9e6ee4000 	C:\WINDOWS\System32\fwpuclnt.dll
0x00007ff9dd9e0000 - 0x00007ff9dd9e7000 	C:\Program Files\Android\Android Studio\jbr\bin\rmi.dll

dbghelp: loaded successfully - version: 4.0.5 - missing functions: none
symbol engine: initialized successfully - sym options: 0x614 - pdb path: .;C:\Program Files\Android\Android Studio\jbr\bin;C:\WINDOWS\SYSTEM32;C:\WINDOWS\WinSxS\amd64_microsoft.windows.common-controls_6595b64144ccf1df_6.0.22621.1635_none_270f70857386168e;C:\Program Files\Android\Android Studio\jbr\bin\server;C:\Users\Mehmet emin\.gradle\native\e1d6ef7f7dcc3fd88c89a11ec53ec762bb8ba0a96d01ffa2cd45eb1d1d8dd5c5\windows-amd64;C:\Users\Mehmet emin\.gradle\native\5664cfc778a61ccfe75a443a1ab52a65af34e5dc3c78e0209fed803814484fcb\windows-amd64;C:\Users\Mehmet emin\AppData\Local\Temp\native-platform9276127214812213722dir

VM Arguments:
jvm_args: --add-opens=java.base/java.util=ALL-UNNAMED --add-opens=java.base/java.lang=ALL-UNNAMED --add-opens=java.base/java.lang.invoke=ALL-UNNAMED --add-opens=java.base/java.util=ALL-UNNAMED --add-opens=java.prefs/java.util.prefs=ALL-UNNAMED --add-opens=java.prefs/java.util.prefs=ALL-UNNAMED --add-opens=java.base/java.nio.charset=ALL-UNNAMED --add-opens=java.base/java.net=ALL-UNNAMED --add-opens=java.base/java.util.concurrent.atomic=ALL-UNNAMED -Xmx4608m -Dfile.encoding=UTF-8 -Duser.country=TR -Duser.language=tr -Duser.variant 
java_command: org.gradle.launcher.daemon.bootstrap.GradleDaemon 7.3.3
java_class_path (initial): C:\Users\Mehmet emin\.gradle\wrapper\dists\gradle-7.3.3-bin\6a41zxkdtcxs8rphpq6y0069z\gradle-7.3.3\lib\gradle-launcher-7.3.3.jar
Launcher Type: SUN_STANDARD

[Global flags]
     intx CICompilerCount                          = 4                                         {product} {ergonomic}
     uint ConcGCThreads                            = 2                                         {product} {ergonomic}
     uint G1ConcRefinementThreads                  = 8                                         {product} {ergonomic}
   size_t G1HeapRegionSize                         = 4194304                                   {product} {ergonomic}
    uintx GCDrainStackTargetSize                   = 64                                        {product} {ergonomic}
   size_t InitialHeapSize                          = 134217728                                 {product} {ergonomic}
   size_t MarkStackSize                            = 4194304                                   {product} {ergonomic}
   size_t MaxHeapSize                              = 4831838208                                {product} {command line}
   size_t MaxNewSize                               = 2898264064                                {product} {ergonomic}
   size_t MinHeapDeltaBytes                        = 4194304                                   {product} {ergonomic}
   size_t MinHeapSize                              = 8388608                                   {product} {ergonomic}
    uintx NonNMethodCodeHeapSize                   = 5839372                                {pd product} {ergonomic}
    uintx NonProfiledCodeHeapSize                  = 122909434                              {pd product} {ergonomic}
    uintx ProfiledCodeHeapSize                     = 122909434                              {pd product} {ergonomic}
    uintx ReservedCodeCacheSize                    = 251658240                              {pd product} {ergonomic}
     bool SegmentedCodeCache                       = true                                      {product} {ergonomic}
   size_t SoftMaxHeapSize                          = 4831838208                             {manageable} {ergonomic}
     bool UseCompressedClassPointers               = true                           {product lp64_product} {ergonomic}
     bool UseCompressedOops                        = true                           {product lp64_product} {ergonomic}
     bool UseG1GC                                  = true                                      {product} {ergonomic}
     bool UseLargePagesIndividualAllocation        = false                                  {pd product} {ergonomic}

Logging:
Log output configuration:
 #0: stdout all=warning uptime,level,tags
 #1: stderr all=off uptime,level,tags

Environment Variables:
JAVA_HOME=C:\Program Files\Java\jdk1.8.0_202
PATH=C:\Program Files (x86)\Common Files\Oracle\Java\javapath;C:\Program Files\Common Files\Oracle\Java\javapath;C:\ProgramData\Oracle\Java\javapath;C:\texlive\2000\bin\win32;C:\Windows\system32;C:\Windows;C:\Windows\System32\Wbem;C:\Windows\System32\WindowsPowerShell\v1.0\;C:\Windows\System32\OpenSSH\;C:\Program Files\NVIDIA Corporation\NVIDIA NvDLISR;C:\Program Files (x86)\NVIDIA Corporation\PhysX\Common;C:\Program Files\dotnet\;C:\Program Files\Microsoft SQL Server\130\Tools\Binn\;C:\Program Files\Microsoft SQL Server\Client SDK\ODBC\170\Tools\Binn\;C:\Program Files\Git\cmd;C:\WINDOWS\system32;C:\WINDOWS;C:\WINDOWS\System32\Wbem;C:\WINDOWS\System32\WindowsPowerShell\v1.0\;C:\WINDOWS\System32\OpenSSH\;C:\Program Files\Cloudflare\Cloudflare WARP;C:\Program Files\Java\jdk1.8.0_202\bin;C:\Users\Mehmet emin\AppData\Local\Programs\Python\Python310\Scripts\;C:\Users\Mehmet emin\AppData\Local\Programs\Python\Python310\;C:\Program Files\MySQL\MySQL Shell 8.0\bin\;C:\Users\Mehmet emin\AppData\Local\Microsoft\WindowsApps;C:\Users\Mehmet emin\.dotnet\tools;C:\Users\Mehmet emin\AppData\Local\Programs\Microsoft VS Code\bin;C:\Users\Mehmet emin\AppData\Local\GitHubDesktop\bin;C:\src\flutter\bin;C:\Program Files\Java\jdk1.8.0_202\bin;
USERNAME=Mehmet emin
OS=Windows_NT
PROCESSOR_IDENTIFIER=Intel64 Family 6 Model 158 Stepping 10, GenuineIntel
TMP=C:\Users\MEHMET~1\AppData\Local\Temp
TEMP=C:\Users\MEHMET~1\AppData\Local\Temp


JNI global refs:
JNI global refs: 27, weak refs: 14

JNI global refs memory usage: 843, weak refs: 841


---------------  S Y S T E M  ---------------

OS:
 Windows 11 , 64 bit Build 22621 (10.0.22621.1928)
OS uptime: 0 days 23:55 hours
Hyper-V role detected

CPU: total 8 (initial active 8) (4 cores per cpu, 2 threads per core) family 6 model 158 stepping 10 microcode 0xde, cx8, cmov, fxsr, ht, mmx, 3dnowpref, sse, sse2, sse3, ssse3, sse4.1, sse4.2, popcnt, lzcnt, tsc, tscinvbit, avx, avx2, aes, erms, clmul, bmi1, bmi2, adx, fma, vzeroupper, clflush, clflushopt, hv

Memory: 4k page, system-wide physical 7992M (379M free)
TotalPageFile size 12088M (AvailPageFile size 4M)
current process WorkingSet (physical memory assigned to process): 503M, peak: 521M
current process commit charge ("private bytes"): 539M, peak: 558M

vm_info: OpenJDK 64-Bit Server VM (17.0.6+0-b2043.56-10027231) for windows-amd64 JRE (17.0.6+0-b2043.56-10027231), built on Apr 28 2023 00:43:19 by "androidbuild" with MS VC++ 16.10 / 16.11 (VS2019)

END.
