#
# There is insufficient memory for the Java Runtime Environment to continue.
# Native memory allocation (mmap) failed to map 29360128 bytes for G1 virtual space
# Possible reasons:
#   The system is out of physical RAM or swap space
#   The process is running with CompressedOops enabled, and the Java Heap may be blocking the growth of the native heap
# Possible solutions:
#   Reduce memory load on the system
#   Increase physical memory or swap space
#   Check if swap backing store is full
#   Decrease Java heap size (-Xmx/-Xms)
#   Decrease number of Java threads
#   Decrease Java thread stack sizes (-Xss)
#   Set larger code cache with -XX:ReservedCodeCacheSize=
#   JVM is running with Zero Based Compressed Oops mode in which the Java heap is
#     placed in the first 32GB address space. The Java Heap base address is the
#     maximum limit for the native heap growth. Please use -XX:HeapBaseMinAddress
#     to set the Java Heap base and to place the Java Heap above 32GB virtual address.
# This output file may be truncated or incomplete.
#
#  Out of Memory Error (os_windows.cpp:3769), pid=14572, tid=9968
#
# JRE version: OpenJDK Runtime Environment (17.0.6) (build 17.0.6+0-b2043.56-10027231)
# Java VM: OpenJDK 64-Bit Server VM (17.0.6+0-b2043.56-10027231, mixed mode, tiered, compressed oops, compressed class ptrs, g1 gc, windows-amd64)
# No core dump will be written. Minidumps are not enabled by default on client versions of Windows
#

---------------  S U M M A R Y ------------

Command Line: --add-opens=java.base/java.util=ALL-UNNAMED --add-opens=java.base/java.lang=ALL-UNNAMED --add-opens=java.base/java.lang.invoke=ALL-UNNAMED --add-opens=java.base/java.util=ALL-UNNAMED --add-opens=java.prefs/java.util.prefs=ALL-UNNAMED --add-opens=java.prefs/java.util.prefs=ALL-UNNAMED --add-opens=java.base/java.nio.charset=ALL-UNNAMED --add-opens=java.base/java.net=ALL-UNNAMED --add-opens=java.base/java.util.concurrent.atomic=ALL-UNNAMED -Xmx4608m -Dfile.encoding=UTF-8 -Duser.country=TR -Duser.language=tr -Duser.variant org.gradle.launcher.daemon.bootstrap.GradleDaemon 7.5

Host: Intel(R) Core(TM) i5-9300H CPU @ 2.40GHz, 8 cores, 7G,  Windows 11 , 64 bit Build 22621 (10.0.22621.1928)
Time: Thu Jul 27 14:25:09 2023 Türkiye Standart Saati elapsed time: 3.155364 seconds (0d 0h 0m 3s)

---------------  T H R E A D  ---------------

Current thread (0x0000023e1ec061d0):  VMThread "VM Thread" [stack: 0x0000004635400000,0x0000004635500000] [id=9968]

Stack: [0x0000004635400000,0x0000004635500000]
Native frames: (J=compiled Java code, j=interpreted, Vv=VM code, C=native code)
V  [jvm.dll+0x683c9a]
V  [jvm.dll+0x8427a4]
V  [jvm.dll+0x843f9e]
V  [jvm.dll+0x844603]
V  [jvm.dll+0x249b75]
V  [jvm.dll+0x680b69]
V  [jvm.dll+0x67505a]
V  [jvm.dll+0x309acb]
V  [jvm.dll+0x310f86]
V  [jvm.dll+0x3608ee]
V  [jvm.dll+0x360b1f]
V  [jvm.dll+0x2dfbf8]
V  [jvm.dll+0x2ddec4]
V  [jvm.dll+0x2dd4cc]
V  [jvm.dll+0x321f3b]
V  [jvm.dll+0x848ccb]
V  [jvm.dll+0x849a04]
V  [jvm.dll+0x849f1d]
V  [jvm.dll+0x84a2f4]
V  [jvm.dll+0x84a3c0]
V  [jvm.dll+0x7f274a]
V  [jvm.dll+0x682ad5]
C  [ucrtbase.dll+0x29363]
C  [KERNEL32.DLL+0x126ad]
C  [ntdll.dll+0x5aa68]

VM_Operation (0x0000004636cf7420): G1CollectForAllocation, mode: safepoint, requested by thread 0x0000023e21f808b0


---------------  P R O C E S S  ---------------

Threads class SMR info:
_java_thread_list=0x0000023e230f29d0, length=42, elements={
0x0000023e7ee53030, 0x0000023e1ec09710, 0x0000023e1ec0a2c0, 0x0000023e1ec2a430,
0x0000023e1ec2ab00, 0x0000023e1ec2b6b0, 0x0000023e1ec30690, 0x0000023e1ec32190,
0x0000023e1f857a30, 0x0000023e1f858330, 0x0000023e1f9b83e0, 0x0000023e1f9b8cc0,
0x0000023e1fc0e230, 0x0000023e210c6d50, 0x0000023e209fb100, 0x0000023e21008040,
0x0000023e2074c3f0, 0x0000023e20d1fbd0, 0x0000023e211cee70, 0x0000023e21f808b0,
0x0000023e20d43480, 0x0000023e20d42140, 0x0000023e20d43e20, 0x0000023e20d42ae0,
0x0000023e20d43950, 0x0000023e20d40460, 0x0000023e233ded70, 0x0000023e20d412d0,
0x0000023e20d41c70, 0x0000023e20d417a0, 0x0000023e20d40930, 0x0000023e20d42610,
0x0000023e20d40e00, 0x0000023e20d42fb0, 0x0000023e256cc340, 0x0000023e256c9cc0,
0x0000023e256cc810, 0x0000023e256ccce0, 0x0000023e256cab30, 0x0000023e256ca190,
0x0000023e256cbe70, 0x0000023e256cb9a0
}

Java Threads: ( => current thread )
  0x0000023e7ee53030 JavaThread "main" [_thread_blocked, id=10200, stack(0x0000004634e00000,0x0000004634f00000)]
  0x0000023e1ec09710 JavaThread "Reference Handler" daemon [_thread_blocked, id=13404, stack(0x0000004635500000,0x0000004635600000)]
  0x0000023e1ec0a2c0 JavaThread "Finalizer" daemon [_thread_blocked, id=15380, stack(0x0000004635600000,0x0000004635700000)]
  0x0000023e1ec2a430 JavaThread "Signal Dispatcher" daemon [_thread_blocked, id=9760, stack(0x0000004635700000,0x0000004635800000)]
  0x0000023e1ec2ab00 JavaThread "Attach Listener" daemon [_thread_blocked, id=16268, stack(0x0000004635800000,0x0000004635900000)]
  0x0000023e1ec2b6b0 JavaThread "Service Thread" daemon [_thread_blocked, id=11472, stack(0x0000004635900000,0x0000004635a00000)]
  0x0000023e1ec30690 JavaThread "Monitor Deflation Thread" daemon [_thread_blocked, id=15004, stack(0x0000004635a00000,0x0000004635b00000)]
  0x0000023e1ec32190 JavaThread "C2 CompilerThread0" daemon [_thread_in_native, id=5320, stack(0x0000004635b00000,0x0000004635c00000)]
  0x0000023e1f857a30 JavaThread "C1 CompilerThread0" daemon [_thread_blocked, id=9744, stack(0x0000004635c00000,0x0000004635d00000)]
  0x0000023e1f858330 JavaThread "Sweeper thread" daemon [_thread_blocked, id=12984, stack(0x0000004635d00000,0x0000004635e00000)]
  0x0000023e1f9b83e0 JavaThread "Common-Cleaner" daemon [_thread_blocked, id=14568, stack(0x0000004635e00000,0x0000004635f00000)]
  0x0000023e1f9b8cc0 JavaThread "Notification Thread" daemon [_thread_blocked, id=1660, stack(0x0000004635f00000,0x0000004636000000)]
  0x0000023e1fc0e230 JavaThread "C2 CompilerThread1" daemon [_thread_blocked, id=9156, stack(0x0000004636100000,0x0000004636200000)]
  0x0000023e210c6d50 JavaThread "Daemon health stats" [_thread_blocked, id=4760, stack(0x0000004636700000,0x0000004636800000)]
  0x0000023e209fb100 JavaThread "Incoming local TCP Connector on port 60724" [_thread_in_native, id=17368, stack(0x0000004636600000,0x0000004636700000)]
  0x0000023e21008040 JavaThread "Daemon periodic checks" [_thread_blocked, id=11088, stack(0x0000004636800000,0x0000004636900000)]
  0x0000023e2074c3f0 JavaThread "Daemon" [_thread_blocked, id=5144, stack(0x0000004636900000,0x0000004636a00000)]
  0x0000023e20d1fbd0 JavaThread "Handler for socket connection from /127.0.0.1:60724 to /127.0.0.1:60725" [_thread_in_native, id=11184, stack(0x0000004636a00000,0x0000004636b00000)]
  0x0000023e211cee70 JavaThread "Cancel handler" [_thread_blocked, id=2440, stack(0x0000004636b00000,0x0000004636c00000)]
  0x0000023e21f808b0 JavaThread "Daemon worker" [_thread_blocked, id=7680, stack(0x0000004636c00000,0x0000004636d00000)]
  0x0000023e20d43480 JavaThread "Asynchronous log dispatcher for DefaultDaemonConnection: socket connection from /127.0.0.1:60724 to /127.0.0.1:60725" [_thread_blocked, id=8552, stack(0x0000004636d00000,0x0000004636e00000)]
  0x0000023e20d42140 JavaThread "Stdin handler" [_thread_blocked, id=3316, stack(0x0000004636e00000,0x0000004636f00000)]
  0x0000023e20d43e20 JavaThread "Daemon client event forwarder" [_thread_blocked, id=11364, stack(0x0000004636f00000,0x0000004637000000)]
  0x0000023e20d42ae0 JavaThread "Cache worker for journal cache (C:\Users\Mehmet emin\.gradle\caches\journal-1)" [_thread_blocked, id=15700, stack(0x0000004637300000,0x0000004637400000)]
  0x0000023e20d43950 JavaThread "File lock request listener" [_thread_in_native, id=15780, stack(0x0000004637400000,0x0000004637500000)]
  0x0000023e20d40460 JavaThread "Cache worker for file hash cache (C:\Users\Mehmet emin\.gradle\caches\7.5\fileHashes)" [_thread_blocked, id=10844, stack(0x0000004637600000,0x0000004637700000)]
  0x0000023e233ded70 JavaThread "C2 CompilerThread2" daemon [_thread_blocked, id=1296, stack(0x0000004637700000,0x0000004637800000)]
  0x0000023e20d412d0 JavaThread "File watcher server" daemon [_thread_in_native, id=14928, stack(0x0000004637800000,0x0000004637900000)]
  0x0000023e20d41c70 JavaThread "File watcher consumer" daemon [_thread_blocked, id=13580, stack(0x0000004637900000,0x0000004637a00000)]
  0x0000023e20d417a0 JavaThread "jar transforms" [_thread_blocked, id=17176, stack(0x0000004637a00000,0x0000004637b00000)]
  0x0000023e20d40930 JavaThread "jar transforms Thread 2" [_thread_blocked, id=15772, stack(0x0000004637b00000,0x0000004637c00000)]
  0x0000023e20d42610 JavaThread "jar transforms Thread 3" [_thread_blocked, id=12948, stack(0x0000004637c00000,0x0000004637d00000)]
  0x0000023e20d40e00 JavaThread "jar transforms Thread 4" [_thread_blocked, id=9488, stack(0x0000004637d00000,0x0000004637e00000)]
  0x0000023e20d42fb0 JavaThread "jar transforms Thread 5" [_thread_blocked, id=6764, stack(0x0000004637e00000,0x0000004637f00000)]
  0x0000023e256cc340 JavaThread "jar transforms Thread 6" [_thread_blocked, id=11100, stack(0x0000004637f00000,0x0000004638000000)]
  0x0000023e256c9cc0 JavaThread "jar transforms Thread 7" [_thread_blocked, id=9840, stack(0x0000004638000000,0x0000004638100000)]
  0x0000023e256cc810 JavaThread "jar transforms Thread 8" [_thread_blocked, id=9628, stack(0x0000004638100000,0x0000004638200000)]
  0x0000023e256ccce0 JavaThread "Cache worker for checksums cache (C:\Users\Mehmet emin\StudioProjects\UrunTakipOtomasyonQR\.gradle\7.5\checksums)" [_thread_blocked, id=7988, stack(0x0000004638200000,0x0000004638300000)]
  0x0000023e256cab30 JavaThread "Cache worker for cache directory md-rule (C:\Users\Mehmet emin\.gradle\caches\7.5\md-rule)" [_thread_blocked, id=5660, stack(0x0000004638300000,0x0000004638400000)]
  0x0000023e256ca190 JavaThread "Cache worker for file content cache (C:\Users\Mehmet emin\.gradle\caches\7.5\fileContent)" [_thread_blocked, id=13300, stack(0x0000004638400000,0x0000004638500000)]
  0x0000023e256cbe70 JavaThread "Cache worker for file hash cache (C:\Users\Mehmet emin\StudioProjects\UrunTakipOtomasyonQR\.gradle\7.5\fileHashes)" [_thread_blocked, id=13112, stack(0x0000004638500000,0x0000004638600000)]
  0x0000023e256cb9a0 JavaThread "Cache worker for cache directory md-supplier (C:\Users\Mehmet emin\.gradle\caches\7.5\md-supplier)" [_thread_blocked, id=15944, stack(0x0000004638600000,0x0000004638700000)]

Other Threads:
=>0x0000023e1ec061d0 VMThread "VM Thread" [stack: 0x0000004635400000,0x0000004635500000] [id=9968]
  0x0000023e7eef1f70 WatcherThread [stack: 0x0000004636000000,0x0000004636100000] [id=12488]
  0x0000023e7eecb840 GCTaskThread "GC Thread#0" [stack: 0x0000004634f00000,0x0000004635000000] [id=1232]
  0x0000023e20a6bec0 GCTaskThread "GC Thread#1" [stack: 0x0000004636200000,0x0000004636300000] [id=15824]
  0x0000023e1fd82d60 GCTaskThread "GC Thread#2" [stack: 0x0000004636300000,0x0000004636400000] [id=11436]
  0x0000023e1fe55ab0 GCTaskThread "GC Thread#3" [stack: 0x0000004636400000,0x0000004636500000] [id=5116]
  0x0000023e2062bae0 GCTaskThread "GC Thread#4" [stack: 0x0000004636500000,0x0000004636600000] [id=14008]
  0x0000023e2232b610 GCTaskThread "GC Thread#5" [stack: 0x0000004637000000,0x0000004637100000] [id=13228]
  0x0000023e2232a340 GCTaskThread "GC Thread#6" [stack: 0x0000004637100000,0x0000004637200000] [id=9444]
  0x0000023e2232bb70 GCTaskThread "GC Thread#7" [stack: 0x0000004637200000,0x0000004637300000] [id=12548]
  0x0000023e7eed5620 ConcurrentGCThread "G1 Main Marker" [stack: 0x0000004635000000,0x0000004635100000] [id=9468]
  0x0000023e7eed5ed0 ConcurrentGCThread "G1 Conc#0" [stack: 0x0000004635100000,0x0000004635200000] [id=3004]
  0x0000023e2232ae00 ConcurrentGCThread "G1 Conc#1" [stack: 0x0000004637500000,0x0000004637600000] [id=3012]
  0x0000023e7ef0e500 ConcurrentGCThread "G1 Refine#0" [stack: 0x0000004635200000,0x0000004635300000] [id=7460]
  0x0000023e1ea78100 ConcurrentGCThread "G1 Service" [stack: 0x0000004635300000,0x0000004635400000] [id=12188]

Threads with active compile tasks:
C2 CompilerThread0     3176 2799   !   4       java.lang.ClassLoader::loadClass (121 bytes)
C2 CompilerThread2     3176 2864   !   4       java.net.URL::<init> (543 bytes)

VM state: at safepoint (normal execution)

VM Mutex/Monitor currently owned by a thread:  ([mutex/lock_event])
[0x0000023e7ee4ebe0] Threads_lock - owner thread: 0x0000023e1ec061d0
[0x0000023e7ee50140] Heap_lock - owner thread: 0x0000023e21f808b0

Heap address: 0x00000006e0000000, size: 4608 MB, Compressed Oops mode: Zero based, Oop shift amount: 3

CDS archive(s) not mapped
Compressed class space mapped at: 0x0000000800000000-0x0000000840000000, reserved size: 1073741824
Narrow klass base: 0x0000000800000000, Narrow klass shift: 0, Narrow klass range: 0x40000000

GC Precious Log:
 CPUs: 8 total, 8 available
 Memory: 7992M
 Large Page Support: Disabled
 NUMA Support: Disabled
 Compressed Oops: Enabled (Zero based)
 Heap Region Size: 4M
 Heap Min Capacity: 8M
 Heap Initial Capacity: 128M
 Heap Max Capacity: 4608M
 Pre-touch: Disabled
 Parallel Workers: 8
 Concurrent Workers: 2
 Concurrent Refinement Workers: 8
 Periodic GC: Disabled

Heap:
 garbage-first heap   total 98304K, used 50373K [0x00000006e0000000, 0x0000000800000000)
  region size 4096K, 1 young (4096K), 1 survivors (4096K)
 Metaspace       used 33285K, committed 33664K, reserved 1081344K
  class space    used 4641K, committed 4800K, reserved 1048576K

Heap Regions: E=young(eden), S=young(survivor), O=old, HS=humongous(starts), HC=humongous(continues), CS=collection set, F=free, OA=open archive, CA=closed archive, TAMS=top-at-mark-start (previous, next)
|   0|0x00000006e0000000, 0x00000006e0400000, 0x00000006e0400000|100%| O|  |TAMS 0x00000006e0400000, 0x00000006e0000000| Untracked 
|   1|0x00000006e0400000, 0x00000006e0800000, 0x00000006e0800000|100%|HS|  |TAMS 0x00000006e0800000, 0x00000006e0400000| Complete 
|   2|0x00000006e0800000, 0x00000006e0c00000, 0x00000006e0c00000|100%| O|  |TAMS 0x00000006e0c00000, 0x00000006e0800000| Untracked 
|   3|0x00000006e0c00000, 0x00000006e1000000, 0x00000006e1000000|100%| O|  |TAMS 0x00000006e1000000, 0x00000006e0c00000| Untracked 
|   4|0x00000006e1000000, 0x00000006e1000000, 0x00000006e1400000|  0%| F|  |TAMS 0x00000006e1000000, 0x00000006e1000000| Untracked 
|   5|0x00000006e1400000, 0x00000006e1800000, 0x00000006e1800000|100%|HS|  |TAMS 0x00000006e1800000, 0x00000006e1400000| Complete 
|   6|0x00000006e1800000, 0x00000006e1c00000, 0x00000006e1c00000|100%|HS|  |TAMS 0x00000006e1c00000, 0x00000006e1800000| Complete 
|   7|0x00000006e1c00000, 0x00000006e2000000, 0x00000006e2000000|100%| O|  |TAMS 0x00000006e2000000, 0x00000006e1c00000| Complete 
|   8|0x00000006e2000000, 0x00000006e2000000, 0x00000006e2400000|  0%| F|  |TAMS 0x00000006e2000000, 0x00000006e2000000| Untracked 
|   9|0x00000006e2400000, 0x00000006e2400000, 0x00000006e2800000|  0%| F|  |TAMS 0x00000006e2400000, 0x00000006e2400000| Untracked 
|  10|0x00000006e2800000, 0x00000006e2c00000, 0x00000006e2c00000|100%|HS|  |TAMS 0x00000006e2c00000, 0x00000006e2800000| Complete 
|  11|0x00000006e2c00000, 0x00000006e3000000, 0x00000006e3000000|100%|HC|  |TAMS 0x00000006e3000000, 0x00000006e2c00000| Complete 
|  12|0x00000006e3000000, 0x00000006e3400000, 0x00000006e3400000|100%|HC|  |TAMS 0x00000006e3400000, 0x00000006e3000000| Complete 
|  13|0x00000006e3400000, 0x00000006e3800000, 0x00000006e3800000|100%| O|  |TAMS 0x00000006e3800000, 0x00000006e3400000| Untracked 
|  14|0x00000006e3800000, 0x00000006e3ad3e00, 0x00000006e3c00000| 70%| O|  |TAMS 0x00000006e381be00, 0x00000006e3800000| Untracked 
|  15|0x00000006e3c00000, 0x00000006e3c00000, 0x00000006e4000000|  0%| F|  |TAMS 0x00000006e3c00000, 0x00000006e3c00000| Untracked 
|  16|0x00000006e4000000, 0x00000006e4000000, 0x00000006e4400000|  0%| F|  |TAMS 0x00000006e4000000, 0x00000006e4000000| Untracked 
|  17|0x00000006e4400000, 0x00000006e4400000, 0x00000006e4800000|  0%| F|  |TAMS 0x00000006e4400000, 0x00000006e4400000| Untracked 
|  18|0x00000006e4800000, 0x00000006e4800000, 0x00000006e4c00000|  0%| F|  |TAMS 0x00000006e4800000, 0x00000006e4800000| Untracked 
|  19|0x00000006e4c00000, 0x00000006e4e5d688, 0x00000006e5000000| 59%| S|CS|TAMS 0x00000006e4c00000, 0x00000006e4c00000| Complete 
|  20|0x00000006e5000000, 0x00000006e5000000, 0x00000006e5400000|  0%| F|  |TAMS 0x00000006e5000000, 0x00000006e5000000| Untracked 
|  21|0x00000006e5400000, 0x00000006e5400000, 0x00000006e5800000|  0%| F|  |TAMS 0x00000006e5400000, 0x00000006e5400000| Untracked 
|  29|0x00000006e7400000, 0x00000006e7400000, 0x00000006e7800000|  0%| F|  |TAMS 0x00000006e7400000, 0x00000006e7400000| Untracked 
|  31|0x00000006e7c00000, 0x00000006e7c00000, 0x00000006e8000000|  0%| F|  |TAMS 0x00000006e7c00000, 0x00000006e7c00000| Untracked 

Card table byte_map: [0x0000023e12400000,0x0000023e12d00000] _byte_map_base: 0x0000023e0ed00000

Marking Bits (Prev, Next): (CMBitMap*) 0x0000023e7eecbcf0, (CMBitMap*) 0x0000023e7eecbd30
 Prev Bits: [0x0000023e13600000, 0x0000023e17e00000)
 Next Bits: [0x0000023e17e00000, 0x0000023e1c600000)

Polling page: 0x0000023e7ce10000

Metaspace:

Usage:
  Non-class:     27.97 MB used.
      Class:      4.53 MB used.
       Both:     32.51 MB used.

Virtual space:
  Non-class space:       32.00 MB reserved,      28.19 MB ( 88%) committed,  4 nodes.
      Class space:        1.00 GB reserved,       4.69 MB ( <1%) committed,  1 nodes.
             Both:        1.03 GB reserved,      32.88 MB (  3%) committed. 

Chunk freelists:
   Non-Class:  3.72 MB
       Class:  3.20 MB
        Both:  6.92 MB

MaxMetaspaceSize: unlimited
CompressedClassSpaceSize: 1.00 GB
Initial GC threshold: 21.00 MB
Current GC threshold: 51.38 MB
CDS: off
MetaspaceReclaimPolicy: balanced
 - commit_granule_bytes: 65536.
 - commit_granule_words: 8192.
 - virtual_space_node_default_size: 1048576.
 - enlarge_chunks_in_place: 1.
 - new_chunks_are_fully_committed: 0.
 - uncommit_free_chunks: 1.
 - use_allocation_guard: 0.
 - handle_deallocations: 1.


Internal statistics:

num_allocs_failed_limit: 3.
num_arena_births: 338.
num_arena_deaths: 0.
num_vsnodes_births: 5.
num_vsnodes_deaths: 0.
num_space_committed: 526.
num_space_uncommitted: 0.
num_chunks_returned_to_freelist: 3.
num_chunks_taken_from_freelist: 1298.
num_chunk_merges: 3.
num_chunk_splits: 817.
num_chunks_enlarged: 550.
num_purges: 0.
num_inconsistent_stats: 0.

CodeHeap 'non-profiled nmethods': size=120000Kb used=1668Kb max_used=1668Kb free=118331Kb
 bounds [0x0000023e0aed0000, 0x0000023e0b140000, 0x0000023e12400000]
CodeHeap 'profiled nmethods': size=120000Kb used=5859Kb max_used=5859Kb free=114140Kb
 bounds [0x0000023e03400000, 0x0000023e039c0000, 0x0000023e0a930000]
CodeHeap 'non-nmethods': size=5760Kb used=1231Kb max_used=1312Kb free=4528Kb
 bounds [0x0000023e0a930000, 0x0000023e0aba0000, 0x0000023e0aed0000]
 total_blobs=3440 nmethods=2897 adapters=455
 compilation: enabled
              stopped_count=0, restarted_count=0
 full_count=0

Compilation events (20 events):
Event: 3.120 Thread 0x0000023e1fc0e230 2888       4       jdk.internal.org.objectweb.asm.SymbolTable::addConstantClass (8 bytes)
Event: 3.120 Thread 0x0000023e1fc0e230 nmethod 2888 0x0000023e0b06fd90 code [0x0000023e0b06ff20, 0x0000023e0b06ffc8]
Event: 3.121 Thread 0x0000023e1f857a30 2891       3       org.gradle.internal.hash.Hashing$MessageDigestHasher::getDigest (22 bytes)
Event: 3.121 Thread 0x0000023e1f857a30 nmethod 2891 0x0000023e039b6590 code [0x0000023e039b6740, 0x0000023e039b6968]
Event: 3.121 Thread 0x0000023e1f857a30 2892       3       java.lang.Enum::hashCode (5 bytes)
Event: 3.121 Thread 0x0000023e1f857a30 nmethod 2892 0x0000023e039b6a90 code [0x0000023e039b6c20, 0x0000023e039b6d68]
Event: 3.122 Thread 0x0000023e1f857a30 2893       3       java.util.stream.ReferencePipeline$3$1::accept (23 bytes)
Event: 3.122 Thread 0x0000023e1f857a30 nmethod 2893 0x0000023e039b6e10 code [0x0000023e039b6fc0, 0x0000023e039b7278]
Event: 3.124 Thread 0x0000023e1f857a30 2894       1       org.gradle.internal.event.DefaultListenerManager::access$100 (5 bytes)
Event: 3.124 Thread 0x0000023e1f857a30 nmethod 2894 0x0000023e0b070090 code [0x0000023e0b070220, 0x0000023e0b0702d8]
Event: 3.127 Thread 0x0000023e1f857a30 2895       3       com.google.common.base.Preconditions::checkArgument (28 bytes)
Event: 3.128 Thread 0x0000023e1f857a30 nmethod 2895 0x0000023e039b7390 code [0x0000023e039b7580, 0x0000023e039b7bd8]
Event: 3.128 Thread 0x0000023e1f857a30 2896       3       com.google.common.io.BaseEncoding$Alphabet::encode (7 bytes)
Event: 3.128 Thread 0x0000023e1f857a30 nmethod 2896 0x0000023e039b7e10 code [0x0000023e039b7fa0, 0x0000023e039b80d8]
Event: 3.135 Thread 0x0000023e1fc0e230 2897       4       java.util.Collections$SetFromMap::add (22 bytes)
Event: 3.144 Thread 0x0000023e1f857a30 2898       3       java.util.regex.CharPredicates$$Lambda$38/0x0000000800146018::is (9 bytes)
Event: 3.145 Thread 0x0000023e1f857a30 nmethod 2898 0x0000023e039b8190 code [0x0000023e039b8340, 0x0000023e039b86d8]
Event: 3.145 Thread 0x0000023e1f857a30 2899       3       java.util.regex.CharPredicates::lambda$ctype$17 (21 bytes)
Event: 3.145 Thread 0x0000023e1f857a30 nmethod 2899 0x0000023e039b8810 code [0x0000023e039b89c0, 0x0000023e039b8cd8]
Event: 3.149 Thread 0x0000023e1fc0e230 nmethod 2897 0x0000023e0b070390 code [0x0000023e0b070560, 0x0000023e0b070f18]

GC Heap History (15 events):
Event: 0.520 GC heap before
{Heap before GC invocations=0 (full 0):
 garbage-first heap   total 131072K, used 28672K [0x00000006e0000000, 0x0000000800000000)
  region size 4096K, 5 young (20480K), 0 survivors (0K)
 Metaspace       used 9799K, committed 9920K, reserved 1064960K
  class space    used 985K, committed 1024K, reserved 1048576K
}
Event: 0.524 GC heap after
{Heap after GC invocations=1 (full 0):
 garbage-first heap   total 131072K, used 9706K [0x00000006e0000000, 0x0000000800000000)
  region size 4096K, 1 young (4096K), 1 survivors (4096K)
 Metaspace       used 9799K, committed 9920K, reserved 1064960K
  class space    used 985K, committed 1024K, reserved 1048576K
}
Event: 0.790 GC heap before
{Heap before GC invocations=1 (full 0):
 garbage-first heap   total 131072K, used 26090K [0x00000006e0000000, 0x0000000800000000)
  region size 4096K, 5 young (20480K), 1 survivors (4096K)
 Metaspace       used 11155K, committed 11328K, reserved 1064960K
  class space    used 1165K, committed 1280K, reserved 1048576K
}
Event: 0.793 GC heap after
{Heap after GC invocations=2 (full 0):
 garbage-first heap   total 131072K, used 10576K [0x00000006e0000000, 0x0000000800000000)
  region size 4096K, 1 young (4096K), 1 survivors (4096K)
 Metaspace       used 11155K, committed 11328K, reserved 1064960K
  class space    used 1165K, committed 1280K, reserved 1048576K
}
Event: 1.719 GC heap before
{Heap before GC invocations=2 (full 0):
 garbage-first heap   total 131072K, used 59728K [0x00000006e0000000, 0x0000000800000000)
  region size 4096K, 13 young (53248K), 1 survivors (4096K)
 Metaspace       used 19661K, committed 19904K, reserved 1073152K
  class space    used 2355K, committed 2496K, reserved 1048576K
}
Event: 1.725 GC heap after
{Heap after GC invocations=3 (full 0):
 garbage-first heap   total 131072K, used 17722K [0x00000006e0000000, 0x0000000800000000)
  region size 4096K, 2 young (8192K), 2 survivors (8192K)
 Metaspace       used 19661K, committed 19904K, reserved 1073152K
  class space    used 2355K, committed 2496K, reserved 1048576K
}
Event: 1.817 GC heap before
{Heap before GC invocations=3 (full 0):
 garbage-first heap   total 131072K, used 21818K [0x00000006e0000000, 0x0000000800000000)
  region size 4096K, 4 young (16384K), 2 survivors (8192K)
 Metaspace       used 21257K, committed 21504K, reserved 1073152K
  class space    used 2582K, committed 2688K, reserved 1048576K
}
Event: 1.821 GC heap after
{Heap after GC invocations=4 (full 0):
 garbage-first heap   total 131072K, used 18656K [0x00000006e0000000, 0x0000000800000000)
  region size 4096K, 1 young (4096K), 1 survivors (4096K)
 Metaspace       used 21257K, committed 21504K, reserved 1073152K
  class space    used 2582K, committed 2688K, reserved 1048576K
}
Event: 2.669 GC heap before
{Heap before GC invocations=5 (full 0):
 garbage-first heap   total 98304K, used 67808K [0x00000006e0000000, 0x0000000800000000)
  region size 4096K, 14 young (57344K), 1 survivors (4096K)
 Metaspace       used 28816K, committed 29184K, reserved 1081344K
  class space    used 3903K, committed 4096K, reserved 1048576K
}
Event: 2.674 GC heap after
{Heap after GC invocations=6 (full 0):
 garbage-first heap   total 98304K, used 27786K [0x00000006e0000000, 0x0000000800000000)
  region size 4096K, 2 young (8192K), 2 survivors (8192K)
 Metaspace       used 28816K, committed 29184K, reserved 1081344K
  class space    used 3903K, committed 4096K, reserved 1048576K
}
Event: 2.735 GC heap before
{Heap before GC invocations=6 (full 0):
 garbage-first heap   total 98304K, used 44170K [0x00000006e0000000, 0x0000000800000000)
  region size 4096K, 3 young (12288K), 2 survivors (8192K)
 Metaspace       used 28978K, committed 29312K, reserved 1081344K
  class space    used 3932K, committed 4096K, reserved 1048576K
}
Event: 2.739 GC heap after
{Heap after GC invocations=7 (full 0):
 garbage-first heap   total 98304K, used 47985K [0x00000006e0000000, 0x0000000800000000)
  region size 4096K, 1 young (4096K), 1 survivors (4096K)
 Metaspace       used 28978K, committed 29312K, reserved 1081344K
  class space    used 3932K, committed 4096K, reserved 1048576K
}
Event: 2.921 GC heap before
{Heap before GC invocations=7 (full 0):
 garbage-first heap   total 98304K, used 64369K [0x00000006e0000000, 0x0000000800000000)
  region size 4096K, 5 young (20480K), 1 survivors (4096K)
 Metaspace       used 31079K, committed 31424K, reserved 1081344K
  class space    used 4265K, committed 4416K, reserved 1048576K
}
Event: 2.923 GC heap after
{Heap after GC invocations=8 (full 0):
 garbage-first heap   total 98304K, used 49739K [0x00000006e0000000, 0x0000000800000000)
  region size 4096K, 1 young (4096K), 1 survivors (4096K)
 Metaspace       used 31079K, committed 31424K, reserved 1081344K
  class space    used 4265K, committed 4416K, reserved 1048576K
}
Event: 3.150 GC heap before
{Heap before GC invocations=9 (full 0):
 garbage-first heap   total 98304K, used 66123K [0x00000006e0000000, 0x0000000800000000)
  region size 4096K, 5 young (20480K), 1 survivors (4096K)
 Metaspace       used 33285K, committed 33664K, reserved 1081344K
  class space    used 4641K, committed 4800K, reserved 1048576K
}

Dll operation events (2 events):
Event: 0.006 Loaded shared library C:\Program Files\Android\Android Studio\jbr\bin\java.dll
Event: 0.321 Loaded shared library C:\Program Files\Android\Android Studio\jbr\bin\verify.dll

Deoptimization events (20 events):
Event: 2.678 Thread 0x0000023e21f808b0 DEOPT PACKING pc=0x0000023e034ba53d sp=0x0000004636cf9cb0
Event: 2.678 Thread 0x0000023e21f808b0 DEOPT UNPACKING pc=0x0000023e0a987143 sp=0x0000004636cf9138 mode 0
Event: 2.681 Thread 0x0000023e21f808b0 Uncommon trap: trap_request=0xffffff45 fr.pc=0x0000023e0b02c978 relative=0x0000000000006318
Event: 2.681 Thread 0x0000023e21f808b0 Uncommon trap: reason=unstable_if action=reinterpret pc=0x0000023e0b02c978 method=java.net.URLClassLoader.getAndVerifyPackage(Ljava/lang/String;Ljava/util/jar/Manifest;Ljava/net/URL;)Ljava/lang/Package; @ 62 c2
Event: 2.681 Thread 0x0000023e21f808b0 DEOPT PACKING pc=0x0000023e0b02c978 sp=0x0000004636cfa5d0
Event: 2.681 Thread 0x0000023e21f808b0 DEOPT UNPACKING pc=0x0000023e0a9869a3 sp=0x0000004636cfa4e8 mode 2
Event: 2.706 Thread 0x0000023e21f808b0 DEOPT PACKING pc=0x0000023e034ba53d sp=0x0000004636cf8d60
Event: 2.706 Thread 0x0000023e21f808b0 DEOPT UNPACKING pc=0x0000023e0a987143 sp=0x0000004636cf81e8 mode 0
Event: 2.715 Thread 0x0000023e21f808b0 DEOPT PACKING pc=0x0000023e03777d18 sp=0x0000004636cf91f0
Event: 2.715 Thread 0x0000023e21f808b0 DEOPT UNPACKING pc=0x0000023e0a987143 sp=0x0000004636cf86f8 mode 0
Event: 2.741 Thread 0x0000023e21f808b0 DEOPT PACKING pc=0x0000023e0377a474 sp=0x0000004636cf8c60
Event: 2.741 Thread 0x0000023e21f808b0 DEOPT UNPACKING pc=0x0000023e0a987143 sp=0x0000004636cf81b8 mode 0
Event: 2.822 Thread 0x0000023e21f808b0 Uncommon trap: trap_request=0xffffffc6 fr.pc=0x0000023e0afac444 relative=0x0000000000000da4
Event: 2.822 Thread 0x0000023e21f808b0 Uncommon trap: reason=bimorphic_or_optimized_type_check action=maybe_recompile pc=0x0000023e0afac444 method=java.util.Properties$LineReader.readLine()I @ 479 c2
Event: 2.822 Thread 0x0000023e21f808b0 DEOPT PACKING pc=0x0000023e0afac444 sp=0x0000004636cfa810
Event: 2.822 Thread 0x0000023e21f808b0 DEOPT UNPACKING pc=0x0000023e0a9869a3 sp=0x0000004636cfa7b0 mode 2
Event: 2.978 Thread 0x0000023e21f808b0 Uncommon trap: trap_request=0xffffff45 fr.pc=0x0000023e0af1f8a8 relative=0x00000000000004e8
Event: 2.978 Thread 0x0000023e21f808b0 Uncommon trap: reason=unstable_if action=reinterpret pc=0x0000023e0af1f8a8 method=java.util.HashMap.hash(Ljava/lang/Object;)I @ 1 c2
Event: 2.978 Thread 0x0000023e21f808b0 DEOPT PACKING pc=0x0000023e0af1f8a8 sp=0x0000004636cf72b0
Event: 2.978 Thread 0x0000023e21f808b0 DEOPT UNPACKING pc=0x0000023e0a9869a3 sp=0x0000004636cf7158 mode 2

Classes unloaded (0 events):
No events

Classes redefined (0 events):
No events

Internal exceptions (20 events):
Event: 2.769 Thread 0x0000023e21f808b0 Exception <a 'java/lang/NoSuchMethodError'{0x00000006e7ee5410}: static Lorg/gradle/tooling/internal/consumer/versioning/VersionDetails$R26VersionDetails;.<clinit>()V> (0x00000006e7ee5410) 
thrown [s\src\hotspot\share\prims\jni.cpp, line 1108]
Event: 2.769 Thread 0x0000023e21f808b0 Exception <a 'java/lang/NoSuchMethodError'{0x00000006e7ee6988}: static Lorg/gradle/tooling/internal/consumer/versioning/VersionDetails$R28VersionDetails;.<clinit>()V> (0x00000006e7ee6988) 
thrown [s\src\hotspot\share\prims\jni.cpp, line 1108]
Event: 2.770 Thread 0x0000023e21f808b0 Exception <a 'java/lang/NoSuchMethodError'{0x00000006e7ee7e90}: static Lorg/gradle/tooling/internal/consumer/versioning/VersionDetails$R35VersionDetails;.<clinit>()V> (0x00000006e7ee7e90) 
thrown [s\src\hotspot\share\prims\jni.cpp, line 1108]
Event: 2.770 Thread 0x0000023e21f808b0 Exception <a 'java/lang/NoSuchMethodError'{0x00000006e7ee97c0}: static Lorg/gradle/tooling/internal/consumer/versioning/VersionDetails$R44VersionDetails;.<clinit>()V> (0x00000006e7ee97c0) 
thrown [s\src\hotspot\share\prims\jni.cpp, line 1108]
Event: 2.770 Thread 0x0000023e21f808b0 Exception <a 'java/lang/NoSuchMethodError'{0x00000006e7eeadc8}: static Lorg/gradle/tooling/internal/consumer/versioning/VersionDetails$R48VersionDetails;.<clinit>()V> (0x00000006e7eeadc8) 
thrown [s\src\hotspot\share\prims\jni.cpp, line 1108]
Event: 2.770 Thread 0x0000023e21f808b0 Exception <a 'java/lang/NoSuchMethodError'{0x00000006e7eebfc8}: static Lorg/gradle/tooling/internal/consumer/versioning/VersionDetails$R51VersionDetails;.<clinit>()V> (0x00000006e7eebfc8) 
thrown [s\src\hotspot\share\prims\jni.cpp, line 1108]
Event: 2.789 Thread 0x0000023e21f808b0 Exception <a 'java/lang/NoSuchMethodError'{0x00000006e7fdfc00}: 'java.lang.Object java.lang.invoke.DirectMethodHandle$Holder.newInvokeSpecial(java.lang.Object, java.lang.Object, int)'> (0x00000006e7fdfc00) 
thrown [s\src\hotspot\share\interpreter\linkResolver.cpp, line 771]
Event: 2.901 Thread 0x0000023e21f808b0 Exception <a 'java/lang/NoSuchMethodError'{0x00000006e4e3c898}: 'java.lang.Object java.lang.invoke.DirectMethodHandle$Holder.invokeSpecialIFC(java.lang.Object, java.lang.Object, java.lang.Object, java.lang.Object)'> (0x00000006e4e3c898) 
thrown [s\src\hotspot\share\interpreter\linkResolver.cpp, line 771]
Event: 2.978 Thread 0x0000023e21f808b0 Implicit null exception at 0x0000023e0af1f414 to 0x0000023e0af1f88c
Event: 3.021 Thread 0x0000023e21f808b0 Exception <a 'java/lang/NoSuchMethodError'{0x00000006e764dc78}: 'java.lang.Object java.lang.invoke.DirectMethodHandle$Holder.invokeSpecial(java.lang.Object, java.lang.Object, java.lang.Object, java.lang.Object, java.lang.Object, java.lang.Object, java.lang.Object, java.lang.Object, java.lang.Object, java.lang.Object, java.lang.Object, java.lang.Object, java.lang.Object)'> (0x00000006e764dc78) 
thrown [s\src\hotspot\share\interpreter\linkResolver.cpp, line 771]
Event: 3.022 Thread 0x0000023e21f808b0 Exception <a 'java/lang/NoSuchMethodError'{0x00000006e765f988}: 'java.lang.Object java.lang.invoke.DirectMethodHandle$Holder.newInvokeSpecial(java.lang.Object, java.lang.Object, java.lang.Object, java.lang.Object, java.lang.Object, java.lang.Object, java.lang.Object, java.lang.Object, java.lang.Object, java.lang.Object, java.lang.Object)'> (0x00000006e765f988) 
thrown [s\src\hotspot\share\interpreter\linkResolver.cpp, line 771]
Event: 3.022 Thread 0x0000023e21f808b0 Exception <a 'java/lang/NoSuchMethodError'{0x00000006e7665860}: 'java.lang.Object java.lang.invoke.DirectMethodHandle$Holder.invokeSpecial(java.lang.Object, java.lang.Object, java.lang.Object, java.lang.Object, java.lang.Object, java.lang.Object, java.lang.Object, java.lang.Object, java.lang.Object, java.lang.Object, java.lang.Object, java.lang.Object)'> (0x00000006e7665860) 
thrown [s\src\hotspot\share\interpreter\linkResolver.cpp, line 771]
Event: 3.022 Thread 0x0000023e21f808b0 Exception <a 'java/lang/NoSuchMethodError'{0x00000006e766aef8}: 'java.lang.Object java.lang.invoke.Invokers$Holder.linkToTargetMethod(java.lang.Object, java.lang.Object, java.lang.Object, java.lang.Object, java.lang.Object, java.lang.Object, java.lang.Object, java.lang.Object, java.lang.Object, java.lang.Object, java.lang.Object)'> (0x00000006e766aef8) 
thrown [s\src\hotspot\share\interpreter\linkResolver.cpp, line 771]
Event: 3.025 Thread 0x0000023e21f808b0 Exception <a 'java/lang/NoSuchMethodError'{0x00000006e76b4520}: 'java.lang.Object java.lang.invoke.DirectMethodHandle$Holder.invokeSpecial(java.lang.Object, java.lang.Object, java.lang.Object, java.lang.Object, java.lang.Object, java.lang.Object, java.lang.Object, java.lang.Object, java.lang.Object, java.lang.Object, java.lang.Object, java.lang.Object, java.lang.Object, java.lang.Object)'> (0x00000006e76b4520) 
thrown [s\src\hotspot\share\interpreter\linkResolver.cpp, line 771]
Event: 3.025 Thread 0x0000023e21f808b0 Exception <a 'java/lang/NoSuchMethodError'{0x00000006e76c6b98}: 'java.lang.Object java.lang.invoke.DirectMethodHandle$Holder.newInvokeSpecial(java.lang.Object, java.lang.Object, java.lang.Object, java.lang.Object, java.lang.Object, java.lang.Object, java.lang.Object, java.lang.Object, java.lang.Object, java.lang.Object, java.lang.Object, java.lang.Object)'> (0x00000006e76c6b98) 
thrown [s\src\hotspot\share\interpreter\linkResolver.cpp, line 771]
Event: 3.026 Thread 0x0000023e21f808b0 Exception <a 'java/lang/NoSuchMethodError'{0x00000006e76cc530}: 'java.lang.Object java.lang.invoke.Invokers$Holder.linkToTargetMethod(java.lang.Object, java.lang.Object, java.lang.Object, java.lang.Object, java.lang.Object, java.lang.Object, java.lang.Object, java.lang.Object, java.lang.Object, java.lang.Object, java.lang.Object, java.lang.Object)'> (0x00000006e76cc530) 
thrown [s\src\hotspot\share\interpreter\linkResolver.cpp, line 771]
Event: 3.035 Thread 0x0000023e21f808b0 Exception <a 'java/lang/NoSuchMethodError'{0x00000006e776ee98}: 'java.lang.Object java.lang.invoke.DirectMethodHandle$Holder.invokeStaticInit(java.lang.Object, java.lang.Object, java.lang.Object, java.lang.Object)'> (0x00000006e776ee98) 
thrown [s\src\hotspot\share\interpreter\linkResolver.cpp, line 771]
Event: 3.106 Thread 0x0000023e21f808b0 Exception <a 'java/lang/NoSuchMethodError'{0x00000006e50ed0c0}: 'java.lang.Object java.lang.invoke.DirectMethodHandle$Holder.newInvokeSpecial(java.lang.Object, java.lang.Object, java.lang.Object, java.lang.Object, java.lang.Object, java.lang.Object, java.lang.Object, java.lang.Object)'> (0x00000006e50ed0c0) 
thrown [s\src\hotspot\share\interpreter\linkResolver.cpp, line 771]
Event: 3.107 Thread 0x0000023e21f808b0 Exception <a 'java/lang/NoSuchMethodError'{0x00000006e50f3148}: 'java.lang.Object java.lang.invoke.Invokers$Holder.linkToTargetMethod(java.lang.Object, java.lang.Object, java.lang.Object, java.lang.Object, java.lang.Object, java.lang.Object, java.lang.Object, java.lang.Object)'> (0x00000006e50f3148) 
thrown [s\src\hotspot\share\interpreter\linkResolver.cpp, line 771]
Event: 3.115 Thread 0x0000023e21f808b0 Exception <a 'java/lang/IncompatibleClassChangeError'{0x00000006e5168c20}: Found class java.lang.Object, but interface was expected> (0x00000006e5168c20) 
thrown [s\src\hotspot\share\interpreter\linkResolver.cpp, line 838]

VM Operations (20 events):
Event: 2.568 Executing VM operation: HandshakeAllThreads done
Event: 2.653 Executing VM operation: ICBufferFull
Event: 2.653 Executing VM operation: ICBufferFull done
Event: 2.669 Executing VM operation: G1CollectForAllocation
Event: 2.674 Executing VM operation: G1CollectForAllocation done
Event: 2.735 Executing VM operation: G1CollectForAllocation
Event: 2.739 Executing VM operation: G1CollectForAllocation done
Event: 2.770 Executing VM operation: HandshakeAllThreads
Event: 2.770 Executing VM operation: HandshakeAllThreads done
Event: 2.787 Executing VM operation: HandshakeAllThreads
Event: 2.787 Executing VM operation: HandshakeAllThreads done
Event: 2.920 Executing VM operation: G1CollectForAllocation
Event: 2.923 Executing VM operation: G1CollectForAllocation done
Event: 2.937 Executing VM operation: G1Concurrent
Event: 2.938 Executing VM operation: G1Concurrent done
Event: 2.944 Executing VM operation: G1Concurrent
Event: 2.945 Executing VM operation: G1Concurrent done
Event: 2.980 Executing VM operation: HandshakeAllThreads
Event: 2.980 Executing VM operation: HandshakeAllThreads done
Event: 3.150 Executing VM operation: G1CollectForAllocation

Events (20 events):
Event: 2.780 loading class java/util/concurrent/locks/ReentrantReadWriteLock$WriteLock done
Event: 2.787 loading class java/util/concurrent/Executors$FinalizableDelegatedExecutorService
Event: 2.787 loading class java/util/concurrent/Executors$DelegatedExecutorService
Event: 2.787 loading class java/util/concurrent/Executors$DelegatedExecutorService done
Event: 2.787 loading class java/util/concurrent/Executors$FinalizableDelegatedExecutorService done
Event: 2.898 Thread 0x0000023e256ccce0 Thread added: 0x0000023e256ccce0
Event: 2.912 Thread 0x0000023e256cab30 Thread added: 0x0000023e256cab30
Event: 2.939 Thread 0x0000023e256ca190 Thread added: 0x0000023e256ca190
Event: 2.981 loading class java/lang/Class$EnclosingMethodInfo
Event: 2.981 loading class java/lang/Class$EnclosingMethodInfo done
Event: 2.982 loading class sun/reflect/generics/tree/IntSignature
Event: 2.982 loading class sun/reflect/generics/tree/IntSignature done
Event: 2.983 loading class sun/reflect/generics/tree/ArrayTypeSignature
Event: 2.983 loading class sun/reflect/generics/tree/ArrayTypeSignature done
Event: 2.991 loading class java/lang/SafeVarargs
Event: 2.991 loading class java/lang/SafeVarargs done
Event: 2.995 loading class java/util/regex/Pattern$GroupCurly
Event: 2.995 loading class java/util/regex/Pattern$GroupCurly done
Event: 3.030 Thread 0x0000023e256cbe70 Thread added: 0x0000023e256cbe70
Event: 3.048 Thread 0x0000023e256cb9a0 Thread added: 0x0000023e256cb9a0


Dynamic libraries:
0x00007ff7682c0000 - 0x00007ff7682ca000 	C:\Program Files\Android\Android Studio\jbr\bin\java.exe
0x00007ff9f2cb0000 - 0x00007ff9f2ec4000 	C:\WINDOWS\SYSTEM32\ntdll.dll
0x00007ff9f1900000 - 0x00007ff9f19c2000 	C:\WINDOWS\System32\KERNEL32.DLL
0x00007ff9f0500000 - 0x00007ff9f08a3000 	C:\WINDOWS\System32\KERNELBASE.dll
0x00007ff9f02d0000 - 0x00007ff9f03e1000 	C:\WINDOWS\System32\ucrtbase.dll
0x00007ff9ddda0000 - 0x00007ff9dddb7000 	C:\Program Files\Android\Android Studio\jbr\bin\jli.dll
0x00007ff9e9f00000 - 0x00007ff9e9f1b000 	C:\Program Files\Android\Android Studio\jbr\bin\VCRUNTIME140.dll
0x00007ff9f16b0000 - 0x00007ff9f185a000 	C:\WINDOWS\System32\USER32.dll
0x00007ff9f00b0000 - 0x00007ff9f00d6000 	C:\WINDOWS\System32\win32u.dll
0x00007ff9d5e40000 - 0x00007ff9d60ce000 	C:\WINDOWS\WinSxS\amd64_microsoft.windows.common-controls_6595b64144ccf1df_6.0.22621.1635_none_270f70857386168e\COMCTL32.dll
0x00007ff9f1f40000 - 0x00007ff9f1f69000 	C:\WINDOWS\System32\GDI32.dll
0x00007ff9f1520000 - 0x00007ff9f15c7000 	C:\WINDOWS\System32\msvcrt.dll
0x00007ff9f0970000 - 0x00007ff9f0a89000 	C:\WINDOWS\System32\gdi32full.dll
0x00007ff9f03f0000 - 0x00007ff9f048a000 	C:\WINDOWS\System32\msvcp_win.dll
0x00007ff9f1f00000 - 0x00007ff9f1f31000 	C:\WINDOWS\System32\IMM32.DLL
0x00007ff9ddd70000 - 0x00007ff9ddd7c000 	C:\Program Files\Android\Android Studio\jbr\bin\vcruntime140_1.dll
0x00007ff9c2e40000 - 0x00007ff9c2ecd000 	C:\Program Files\Android\Android Studio\jbr\bin\msvcp140.dll
0x00007ff998100000 - 0x00007ff998d6e000 	C:\Program Files\Android\Android Studio\jbr\bin\server\jvm.dll
0x00007ff9f1090000 - 0x00007ff9f113e000 	C:\WINDOWS\System32\ADVAPI32.dll
0x00007ff9f0fd0000 - 0x00007ff9f1074000 	C:\WINDOWS\System32\sechost.dll
0x00007ff9f1dd0000 - 0x00007ff9f1ee7000 	C:\WINDOWS\System32\RPCRT4.dll
0x00007ff9e91b0000 - 0x00007ff9e91e4000 	C:\WINDOWS\SYSTEM32\WINMM.dll
0x00007ff9ec190000 - 0x00007ff9ec199000 	C:\WINDOWS\SYSTEM32\WSOCK32.dll
0x00007ff9e3840000 - 0x00007ff9e384a000 	C:\WINDOWS\SYSTEM32\VERSION.dll
0x00007ff9f15d0000 - 0x00007ff9f1641000 	C:\WINDOWS\System32\WS2_32.dll
0x00007ff9ef150000 - 0x00007ff9ef168000 	C:\WINDOWS\SYSTEM32\kernel.appcore.dll
0x00007ff9ea9a0000 - 0x00007ff9ea9aa000 	C:\Program Files\Android\Android Studio\jbr\bin\jimage.dll
0x00007ff9dbc50000 - 0x00007ff9dbe7e000 	C:\WINDOWS\SYSTEM32\DBGHELP.DLL
0x00007ff9f1f70000 - 0x00007ff9f22f9000 	C:\WINDOWS\System32\combase.dll
0x00007ff9f2b00000 - 0x00007ff9f2bd7000 	C:\WINDOWS\System32\OLEAUT32.dll
0x00007ff9de6c0000 - 0x00007ff9de6f2000 	C:\WINDOWS\SYSTEM32\dbgcore.DLL
0x00007ff9f0250000 - 0x00007ff9f02ca000 	C:\WINDOWS\System32\bcryptPrimitives.dll
0x00007ff9de0d0000 - 0x00007ff9de0f5000 	C:\Program Files\Android\Android Studio\jbr\bin\java.dll
0x00007ff9ea8e0000 - 0x00007ff9ea8f8000 	C:\Program Files\Android\Android Studio\jbr\bin\zip.dll
0x00007ff9f2300000 - 0x00007ff9f2af9000 	C:\WINDOWS\System32\SHELL32.dll
0x00007ff9ee060000 - 0x00007ff9ee92e000 	C:\WINDOWS\SYSTEM32\windows.storage.dll
0x00007ff9edf20000 - 0x00007ff9ee05e000 	C:\WINDOWS\SYSTEM32\wintypes.dll
0x00007ff9f1c70000 - 0x00007ff9f1d61000 	C:\WINDOWS\System32\SHCORE.dll
0x00007ff9f1650000 - 0x00007ff9f16ae000 	C:\WINDOWS\System32\shlwapi.dll
0x00007ff9effe0000 - 0x00007ff9f0006000 	C:\WINDOWS\SYSTEM32\profapi.dll
0x00007ff9e69d0000 - 0x00007ff9e69e9000 	C:\Program Files\Android\Android Studio\jbr\bin\net.dll
0x00007ff9e8d40000 - 0x00007ff9e8e77000 	C:\WINDOWS\SYSTEM32\WINHTTP.dll
0x00007ff9ef610000 - 0x00007ff9ef679000 	C:\WINDOWS\system32\mswsock.dll
0x00007ff9de110000 - 0x00007ff9de126000 	C:\Program Files\Android\Android Studio\jbr\bin\nio.dll
0x00007ff9ea990000 - 0x00007ff9ea9a0000 	C:\Program Files\Android\Android Studio\jbr\bin\verify.dll
0x00007ff9d3640000 - 0x00007ff9d3667000 	C:\Users\Mehmet emin\.gradle\native\e1d6ef7f7dcc3fd88c89a11ec53ec762bb8ba0a96d01ffa2cd45eb1d1d8dd5c5\windows-amd64\native-platform.dll
0x00007ff9be840000 - 0x00007ff9be984000 	C:\Users\Mehmet emin\.gradle\native\0d407fdbe67a94daf76414ababcb853783967236a71b16ec16e742cd7a986fd3\windows-amd64\native-platform-file-events.dll
0x00007ff9e85e0000 - 0x00007ff9e85e9000 	C:\Program Files\Android\Android Studio\jbr\bin\management.dll
0x00007ff9e84a0000 - 0x00007ff9e84ab000 	C:\Program Files\Android\Android Studio\jbr\bin\management_ext.dll
0x00007ff9f1370000 - 0x00007ff9f1378000 	C:\WINDOWS\System32\PSAPI.DLL
0x00007ff9ef930000 - 0x00007ff9ef94b000 	C:\WINDOWS\SYSTEM32\CRYPTSP.dll
0x00007ff9ef110000 - 0x00007ff9ef145000 	C:\WINDOWS\system32\rsaenh.dll
0x00007ff9ef6b0000 - 0x00007ff9ef6dc000 	C:\WINDOWS\SYSTEM32\USERENV.dll
0x00007ff9efa60000 - 0x00007ff9efa88000 	C:\WINDOWS\SYSTEM32\bcrypt.dll
0x00007ff9ef910000 - 0x00007ff9ef91c000 	C:\WINDOWS\SYSTEM32\CRYPTBASE.dll
0x00007ff9eec00000 - 0x00007ff9eec2d000 	C:\WINDOWS\SYSTEM32\IPHLPAPI.DLL
0x00007ff9f1ef0000 - 0x00007ff9f1ef9000 	C:\WINDOWS\System32\NSI.dll
0x00007ff9e84b0000 - 0x00007ff9e84c9000 	C:\WINDOWS\SYSTEM32\dhcpcsvc6.DLL
0x00007ff9e8c40000 - 0x00007ff9e8c5f000 	C:\WINDOWS\SYSTEM32\dhcpcsvc.DLL
0x00007ff9eec70000 - 0x00007ff9eed63000 	C:\WINDOWS\SYSTEM32\DNSAPI.dll
0x00007ff9a9a10000 - 0x00007ff9a9a18000 	C:\WINDOWS\system32\wshunix.dll

dbghelp: loaded successfully - version: 4.0.5 - missing functions: none
symbol engine: initialized successfully - sym options: 0x614 - pdb path: .;C:\Program Files\Android\Android Studio\jbr\bin;C:\WINDOWS\SYSTEM32;C:\WINDOWS\WinSxS\amd64_microsoft.windows.common-controls_6595b64144ccf1df_6.0.22621.1635_none_270f70857386168e;C:\Program Files\Android\Android Studio\jbr\bin\server;C:\Users\Mehmet emin\.gradle\native\e1d6ef7f7dcc3fd88c89a11ec53ec762bb8ba0a96d01ffa2cd45eb1d1d8dd5c5\windows-amd64;C:\Users\Mehmet emin\.gradle\native\0d407fdbe67a94daf76414ababcb853783967236a71b16ec16e742cd7a986fd3\windows-amd64

VM Arguments:
jvm_args: --add-opens=java.base/java.util=ALL-UNNAMED --add-opens=java.base/java.lang=ALL-UNNAMED --add-opens=java.base/java.lang.invoke=ALL-UNNAMED --add-opens=java.base/java.util=ALL-UNNAMED --add-opens=java.prefs/java.util.prefs=ALL-UNNAMED --add-opens=java.prefs/java.util.prefs=ALL-UNNAMED --add-opens=java.base/java.nio.charset=ALL-UNNAMED --add-opens=java.base/java.net=ALL-UNNAMED --add-opens=java.base/java.util.concurrent.atomic=ALL-UNNAMED -Xmx4608m -Dfile.encoding=UTF-8 -Duser.country=TR -Duser.language=tr -Duser.variant 
java_command: org.gradle.launcher.daemon.bootstrap.GradleDaemon 7.5
java_class_path (initial): C:\Users\Mehmet emin\.gradle\wrapper\dists\gradle-7.5-bin\f1w0cc9nuo0eivz97x2xlu9sv\gradle-7.5\lib\gradle-launcher-7.5.jar
Launcher Type: SUN_STANDARD

[Global flags]
     intx CICompilerCount                          = 4                                         {product} {ergonomic}
     uint ConcGCThreads                            = 2                                         {product} {ergonomic}
     uint G1ConcRefinementThreads                  = 8                                         {product} {ergonomic}
   size_t G1HeapRegionSize                         = 4194304                                   {product} {ergonomic}
    uintx GCDrainStackTargetSize                   = 64                                        {product} {ergonomic}
   size_t InitialHeapSize                          = 134217728                                 {product} {ergonomic}
   size_t MarkStackSize                            = 4194304                                   {product} {ergonomic}
   size_t MaxHeapSize                              = 4831838208                                {product} {command line}
   size_t MaxNewSize                               = 2898264064                                {product} {ergonomic}
   size_t MinHeapDeltaBytes                        = 4194304                                   {product} {ergonomic}
   size_t MinHeapSize                              = 8388608                                   {product} {ergonomic}
    uintx NonNMethodCodeHeapSize                   = 5839372                                {pd product} {ergonomic}
    uintx NonProfiledCodeHeapSize                  = 122909434                              {pd product} {ergonomic}
    uintx ProfiledCodeHeapSize                     = 122909434                              {pd product} {ergonomic}
    uintx ReservedCodeCacheSize                    = 251658240                              {pd product} {ergonomic}
     bool SegmentedCodeCache                       = true                                      {product} {ergonomic}
   size_t SoftMaxHeapSize                          = 4831838208                             {manageable} {ergonomic}
     bool UseCompressedClassPointers               = true                           {product lp64_product} {ergonomic}
     bool UseCompressedOops                        = true                           {product lp64_product} {ergonomic}
     bool UseG1GC                                  = true                                      {product} {ergonomic}
     bool UseLargePagesIndividualAllocation        = false                                  {pd product} {ergonomic}

Logging:
Log output configuration:
 #0: stdout all=warning uptime,level,tags
 #1: stderr all=off uptime,level,tags

Environment Variables:
JAVA_HOME=C:\Program Files\Java\jdk1.8.0_202
PATH=C:\Program Files (x86)\Common Files\Oracle\Java\javapath;C:\Program Files\Common Files\Oracle\Java\javapath;C:\ProgramData\Oracle\Java\javapath;C:\texlive\2000\bin\win32;C:\Windows\system32;C:\Windows;C:\Windows\System32\Wbem;C:\Windows\System32\WindowsPowerShell\v1.0\;C:\Windows\System32\OpenSSH\;C:\Program Files\NVIDIA Corporation\NVIDIA NvDLISR;C:\Program Files (x86)\NVIDIA Corporation\PhysX\Common;C:\Program Files\dotnet\;C:\Program Files\Microsoft SQL Server\130\Tools\Binn\;C:\Program Files\Microsoft SQL Server\Client SDK\ODBC\170\Tools\Binn\;C:\Program Files\Git\cmd;C:\WINDOWS\system32;C:\WINDOWS;C:\WINDOWS\System32\Wbem;C:\WINDOWS\System32\WindowsPowerShell\v1.0\;C:\WINDOWS\System32\OpenSSH\;C:\Program Files\Cloudflare\Cloudflare WARP;C:\Program Files\Java\jdk1.8.0_202\bin;C:\Users\Mehmet emin\AppData\Local\Programs\Python\Python310\Scripts\;C:\Users\Mehmet emin\AppData\Local\Programs\Python\Python310\;C:\Program Files\MySQL\MySQL Shell 8.0\bin\;C:\Users\Mehmet emin\AppData\Local\Microsoft\WindowsApps;C:\Users\Mehmet emin\.dotnet\tools;C:\Users\Mehmet emin\AppData\Local\Programs\Microsoft VS Code\bin;C:\Users\Mehmet emin\AppData\Local\GitHubDesktop\bin;C:\src\flutter\bin;C:\Program Files\Java\jdk1.8.0_202\bin;
USERNAME=Mehmet emin
OS=Windows_NT
PROCESSOR_IDENTIFIER=Intel64 Family 6 Model 158 Stepping 10, GenuineIntel
TMP=C:\Users\MEHMET~1\AppData\Local\Temp
TEMP=C:\Users\MEHMET~1\AppData\Local\Temp


JNI global refs:
JNI global refs: 25, weak refs: 0

JNI global refs memory usage: 843, weak refs: 841


---------------  S Y S T E M  ---------------

OS:
 Windows 11 , 64 bit Build 22621 (10.0.22621.1928)
OS uptime: 1 days 0:16 hours
Hyper-V role detected

CPU: total 8 (initial active 8) (4 cores per cpu, 2 threads per core) family 6 model 158 stepping 10 microcode 0xde, cx8, cmov, fxsr, ht, mmx, 3dnowpref, sse, sse2, sse3, ssse3, sse4.1, sse4.2, popcnt, lzcnt, tsc, tscinvbit, avx, avx2, aes, erms, clmul, bmi1, bmi2, adx, fma, vzeroupper, clflush, clflushopt, hv

Memory: 4k page, system-wide physical 7992M (673M free)
TotalPageFile size 12088M (AvailPageFile size 17M)
current process WorkingSet (physical memory assigned to process): 237M, peak: 240M
current process commit charge ("private bytes"): 281M, peak: 312M

vm_info: OpenJDK 64-Bit Server VM (17.0.6+0-b2043.56-10027231) for windows-amd64 JRE (17.0.6+0-b2043.56-10027231), built on Apr 28 2023 00:43:19 by "androidbuild" with MS VC++ 16.10 / 16.11 (VS2019)

END.
