#
# There is insufficient memory for the Java Runtime Environment to continue.
# Native memory allocation (malloc) failed to allocate 2151216 bytes for Chunk::new
# Possible reasons:
#   The system is out of physical RAM or swap space
#   The process is running with CompressedOops enabled, and the Java Heap may be blocking the growth of the native heap
# Possible solutions:
#   Reduce memory load on the system
#   Increase physical memory or swap space
#   Check if swap backing store is full
#   Decrease Java heap size (-Xmx/-Xms)
#   Decrease number of Java threads
#   Decrease Java thread stack sizes (-Xss)
#   Set larger code cache with -XX:ReservedCodeCacheSize=
#   JVM is running with Zero Based Compressed Oops mode in which the Java heap is
#     placed in the first 32GB address space. The Java Heap base address is the
#     maximum limit for the native heap growth. Please use -XX:HeapBaseMinAddress
#     to set the Java Heap base and to place the Java Heap above 32GB virtual address.
# This output file may be truncated or incomplete.
#
#  Out of Memory Error (arena.cpp:189), pid=9256, tid=2692
#
# JRE version: OpenJDK Runtime Environment (17.0.6) (build 17.0.6+0-b2043.56-10027231)
# Java VM: OpenJDK 64-Bit Server VM (17.0.6+0-b2043.56-10027231, mixed mode, tiered, compressed oops, compressed class ptrs, g1 gc, windows-amd64)
# No core dump will be written. Minidumps are not enabled by default on client versions of Windows
#

---------------  S U M M A R Y ------------

Command Line: --add-opens=java.base/java.util=ALL-UNNAMED --add-opens=java.base/java.lang=ALL-UNNAMED --add-opens=java.base/java.lang.invoke=ALL-UNNAMED --add-opens=java.base/java.util=ALL-UNNAMED --add-opens=java.prefs/java.util.prefs=ALL-UNNAMED --add-opens=java.prefs/java.util.prefs=ALL-UNNAMED --add-opens=java.base/java.nio.charset=ALL-UNNAMED --add-opens=java.base/java.net=ALL-UNNAMED --add-opens=java.base/java.util.concurrent.atomic=ALL-UNNAMED -Xmx4608m -Dfile.encoding=UTF-8 -Duser.country=TR -Duser.language=tr -Duser.variant org.gradle.launcher.daemon.bootstrap.GradleDaemon 7.5

Host: Intel(R) Core(TM) i5-9300H CPU @ 2.40GHz, 8 cores, 7G,  Windows 11 , 64 bit Build 22621 (10.0.22621.1928)
Time: Thu Jul 27 14:40:38 2023 Türkiye Standart Saati elapsed time: 10.520566 seconds (0d 0h 0m 10s)

---------------  T H R E A D  ---------------

Current thread (0x000002c209844f70):  JavaThread "C2 CompilerThread0" daemon [_thread_in_native, id=2692, stack(0x000000f919800000,0x000000f919900000)]


Current CompileTask:
C2:  10520 8891       4       com.sun.beans.TypeResolver::resolve (37 bytes)

Stack: [0x000000f919800000,0x000000f919900000]
Native frames: (J=compiled Java code, j=interpreted, Vv=VM code, C=native code)
V  [jvm.dll+0x683c9a]
V  [jvm.dll+0x8427a4]
V  [jvm.dll+0x843f9e]
V  [jvm.dll+0x844603]
V  [jvm.dll+0x249b75]
V  [jvm.dll+0xabcac]
V  [jvm.dll+0xac27c]
V  [jvm.dll+0x368802]
V  [jvm.dll+0x332f31]
V  [jvm.dll+0x3323da]
V  [jvm.dll+0x21c201]
V  [jvm.dll+0x21b621]
V  [jvm.dll+0x1a4fdd]
V  [jvm.dll+0x22b098]
V  [jvm.dll+0x229159]
V  [jvm.dll+0x7f81ec]
V  [jvm.dll+0x7f274a]
V  [jvm.dll+0x682ad5]
C  [ucrtbase.dll+0x29363]
C  [KERNEL32.DLL+0x126ad]
C  [ntdll.dll+0x5aa68]


---------------  P R O C E S S  ---------------

Threads class SMR info:
_java_thread_list=0x000002c211e92f70, length=127, elements={
0x000002c268a2b0b0, 0x000002c20982e020, 0x000002c20982e9e0, 0x000002c209818ca0,
0x000002c209819760, 0x000002c20981a210, 0x000002c209842f70, 0x000002c209844f70,
0x000002c209862b30, 0x000002c209863520, 0x000002c2099d49d0, 0x000002c2099f3670,
0x000002c20c1945f0, 0x000002c20b4de6d0, 0x000002c20b049c10, 0x000002c20c2d0f80,
0x000002c20c49a1b0, 0x000002c20c9d0f60, 0x000002c20c305e20, 0x000002c20b2d46e0,
0x000002c20c07bc60, 0x000002c20c07c130, 0x000002c20c07c600, 0x000002c20c07b790,
0x000002c20c07cfa0, 0x000002c20c07cad0, 0x000002c20cad0bb0, 0x000002c20cad23c0,
0x000002c20cad1080, 0x000002c20cad53e0, 0x000002c20cacfd40, 0x000002c20caceed0,
0x000002c20cad4f10, 0x000002c20cad58b0, 0x000002c20cad06e0, 0x000002c20cacea00,
0x000002c20cacf3a0, 0x000002c20cad3bd0, 0x000002c20cace060, 0x000002c20cace530,
0x000002c20cad40a0, 0x000002c20cad4570, 0x000002c20cad3230, 0x000002c20cad2d60,
0x000002c20e04e7a0, 0x000002c20e04d930, 0x000002c20e04cf90, 0x000002c20e04c5f0,
0x000002c20e04f140, 0x000002c20e04ffb0, 0x000002c20e04e2d0, 0x000002c20e04d460,
0x000002c20e04de00, 0x000002c20e04ec70, 0x000002c20e04f610, 0x000002c20e04fae0,
0x000002c20e9bace0, 0x000002c20e9bc020, 0x000002c20e9c0380, 0x000002c20e9ba340,
0x000002c20e9bf9e0, 0x000002c20e9bb1b0, 0x000002c20e9ba810, 0x000002c20e9b99a0,
0x000002c20e9bb680, 0x000002c20e9bce90, 0x000002c20e9bd360, 0x000002c20e9bbb50,
0x000002c20e9be6a0, 0x000002c20e9c11f0, 0x000002c20e9bc4f0, 0x000002c20e9bdd00,
0x000002c20e9bc9c0, 0x000002c20e9bd830, 0x000002c20e9be1d0, 0x000002c20e9bf510,
0x000002c20e9beb70, 0x000002c20e9c0850, 0x000002c20e9bf040, 0x000002c20e9bfeb0,
0x000002c20e9c0d20, 0x000002c20e9b9e70, 0x000002c20ab7b190, 0x000002c20ab80830,
0x000002c20ab80360, 0x000002c20ab7c4d0, 0x000002c20ab7c9a0, 0x000002c20ab7dce0,
0x000002c20ab7eb50, 0x000002c20ab78fe0, 0x000002c20ab7bb30, 0x000002c20ab7e1b0,
0x000002c20ab7c000, 0x000002c20ab79980, 0x000002c20ab794b0, 0x000002c20ab7ce70,
0x000002c20ab79e50, 0x000002c20ab7d340, 0x000002c20ab7f4f0, 0x000002c20ab7fe90,
0x000002c20ab7a320, 0x000002c20ab7e680, 0x000002c20ab7d810, 0x000002c20ab7f020,
0x000002c20ab7f9c0, 0x000002c20ab7a7f0, 0x000002c20ab7acc0, 0x000002c20ab7b660,
0x000002c20eb6eed0, 0x000002c20eb6d6c0, 0x000002c20eb6e530, 0x000002c20eb6beb0,
0x000002c20eb6e060, 0x000002c20eb6c380, 0x000002c20eb72890, 0x000002c20eb71a20,
0x000002c20eb6ea00, 0x000002c20eb6f3a0, 0x000002c20eb6b510, 0x000002c20eb6f870,
0x000002c20eb723c0, 0x000002c20eb71ef0, 0x000002c20eb72d60, 0x000002c20eb6fd40,
0x000002c20eb70210, 0x000002c20eb706e0, 0x000002c20eb6cd20
}

Java Threads: ( => current thread )
  0x000002c268a2b0b0 JavaThread "main" [_thread_blocked, id=8232, stack(0x000000f918b00000,0x000000f918c00000)]
  0x000002c20982e020 JavaThread "Reference Handler" daemon [_thread_blocked, id=14756, stack(0x000000f919200000,0x000000f919300000)]
  0x000002c20982e9e0 JavaThread "Finalizer" daemon [_thread_blocked, id=3344, stack(0x000000f919300000,0x000000f919400000)]
  0x000002c209818ca0 JavaThread "Signal Dispatcher" daemon [_thread_blocked, id=2900, stack(0x000000f919400000,0x000000f919500000)]
  0x000002c209819760 JavaThread "Attach Listener" daemon [_thread_blocked, id=2076, stack(0x000000f919500000,0x000000f919600000)]
  0x000002c20981a210 JavaThread "Service Thread" daemon [_thread_blocked, id=14172, stack(0x000000f919600000,0x000000f919700000)]
  0x000002c209842f70 JavaThread "Monitor Deflation Thread" daemon [_thread_blocked, id=9116, stack(0x000000f919700000,0x000000f919800000)]
=>0x000002c209844f70 JavaThread "C2 CompilerThread0" daemon [_thread_in_native, id=2692, stack(0x000000f919800000,0x000000f919900000)]
  0x000002c209862b30 JavaThread "C1 CompilerThread0" daemon [_thread_blocked, id=6864, stack(0x000000f919900000,0x000000f919a00000)]
  0x000002c209863520 JavaThread "Sweeper thread" daemon [_thread_blocked, id=13836, stack(0x000000f919a00000,0x000000f919b00000)]
  0x000002c2099d49d0 JavaThread "Common-Cleaner" daemon [_thread_blocked, id=4260, stack(0x000000f919b00000,0x000000f919c00000)]
  0x000002c2099f3670 JavaThread "Notification Thread" daemon [_thread_blocked, id=17072, stack(0x000000f919c00000,0x000000f919d00000)]
  0x000002c20c1945f0 JavaThread "Daemon health stats" [_thread_blocked, id=6584, stack(0x000000f91a300000,0x000000f91a400000)]
  0x000002c20b4de6d0 JavaThread "Incoming local TCP Connector on port 61939" [_thread_in_native, id=9804, stack(0x000000f919e00000,0x000000f919f00000)]
  0x000002c20b049c10 JavaThread "Daemon periodic checks" [_thread_blocked, id=1836, stack(0x000000f91a400000,0x000000f91a500000)]
  0x000002c20c2d0f80 JavaThread "C2 CompilerThread1" daemon [_thread_in_native, id=1264, stack(0x000000f91a500000,0x000000f91a600000)]
  0x000002c20c49a1b0 JavaThread "Daemon" [_thread_blocked, id=7976, stack(0x000000f91a600000,0x000000f91a700000)]
  0x000002c20c9d0f60 JavaThread "Handler for socket connection from /127.0.0.1:61939 to /127.0.0.1:61940" [_thread_in_native, id=10336, stack(0x000000f91a700000,0x000000f91a800000)]
  0x000002c20c305e20 JavaThread "Cancel handler" [_thread_blocked, id=11632, stack(0x000000f91a800000,0x000000f91a900000)]
  0x000002c20b2d46e0 JavaThread "Daemon worker" [_thread_in_vm, id=15448, stack(0x000000f91a900000,0x000000f91aa00000)]
  0x000002c20c07bc60 JavaThread "Asynchronous log dispatcher for DefaultDaemonConnection: socket connection from /127.0.0.1:61939 to /127.0.0.1:61940" [_thread_blocked, id=14852, stack(0x000000f91aa00000,0x000000f91ab00000)]
  0x000002c20c07c130 JavaThread "Stdin handler" [_thread_blocked, id=13712, stack(0x000000f91ab00000,0x000000f91ac00000)]
  0x000002c20c07c600 JavaThread "Daemon client event forwarder" [_thread_blocked, id=7668, stack(0x000000f91ac00000,0x000000f91ad00000)]
  0x000002c20c07b790 JavaThread "Cache worker for journal cache (C:\Users\Mehmet emin\.gradle\caches\journal-1)" [_thread_blocked, id=15820, stack(0x000000f91b000000,0x000000f91b100000)]
  0x000002c20c07cfa0 JavaThread "File lock request listener" [_thread_in_native, id=13604, stack(0x000000f91b100000,0x000000f91b200000)]
  0x000002c20c07cad0 JavaThread "Cache worker for file hash cache (C:\Users\Mehmet emin\.gradle\caches\7.5\fileHashes)" [_thread_blocked, id=3168, stack(0x000000f91b300000,0x000000f91b400000)]
  0x000002c20cad0bb0 JavaThread "File watcher server" daemon [_thread_in_native, id=16188, stack(0x000000f91b400000,0x000000f91b500000)]
  0x000002c20cad23c0 JavaThread "File watcher consumer" daemon [_thread_blocked, id=17200, stack(0x000000f91b500000,0x000000f91b600000)]
  0x000002c20cad1080 JavaThread "jar transforms" [_thread_blocked, id=15836, stack(0x000000f91b600000,0x000000f91b700000)]
  0x000002c20cad53e0 JavaThread "jar transforms Thread 2" [_thread_blocked, id=7176, stack(0x000000f91b700000,0x000000f91b800000)]
  0x000002c20cacfd40 JavaThread "jar transforms Thread 3" [_thread_blocked, id=8912, stack(0x000000f91b800000,0x000000f91b900000)]
  0x000002c20caceed0 JavaThread "jar transforms Thread 4" [_thread_blocked, id=9660, stack(0x000000f91b900000,0x000000f91ba00000)]
  0x000002c20cad4f10 JavaThread "jar transforms Thread 5" [_thread_blocked, id=10576, stack(0x000000f91ba00000,0x000000f91bb00000)]
  0x000002c20cad58b0 JavaThread "jar transforms Thread 6" [_thread_blocked, id=12028, stack(0x000000f91bb00000,0x000000f91bc00000)]
  0x000002c20cad06e0 JavaThread "jar transforms Thread 7" [_thread_blocked, id=10540, stack(0x000000f91bc00000,0x000000f91bd00000)]
  0x000002c20cacea00 JavaThread "jar transforms Thread 8" [_thread_blocked, id=16408, stack(0x000000f91bd00000,0x000000f91be00000)]
  0x000002c20cacf3a0 JavaThread "Cache worker for checksums cache (C:\Users\Mehmet emin\StudioProjects\UrunTakipOtomasyonQR\.gradle\7.5\checksums)" [_thread_blocked, id=14700, stack(0x000000f91be00000,0x000000f91bf00000)]
  0x000002c20cad3bd0 JavaThread "Cache worker for cache directory md-rule (C:\Users\Mehmet emin\.gradle\caches\7.5\md-rule)" [_thread_blocked, id=12068, stack(0x000000f91bf00000,0x000000f91c000000)]
  0x000002c20cace060 JavaThread "Cache worker for file content cache (C:\Users\Mehmet emin\.gradle\caches\7.5\fileContent)" [_thread_blocked, id=9828, stack(0x000000f91c000000,0x000000f91c100000)]
  0x000002c20cace530 JavaThread "Cache worker for file hash cache (C:\Users\Mehmet emin\StudioProjects\UrunTakipOtomasyonQR\.gradle\7.5\fileHashes)" [_thread_blocked, id=15840, stack(0x000000f91c100000,0x000000f91c200000)]
  0x000002c20cad40a0 JavaThread "Cache worker for cache directory md-supplier (C:\Users\Mehmet emin\.gradle\caches\7.5\md-supplier)" [_thread_blocked, id=10156, stack(0x000000f91c200000,0x000000f91c300000)]
  0x000002c20cad4570 JavaThread "Cache worker for execution history cache (C:\Users\Mehmet emin\.gradle\caches\7.5\executionHistory)" [_thread_blocked, id=9068, stack(0x000000f91c300000,0x000000f91c400000)]
  0x000002c20cad3230 JavaThread "Cache worker for dependencies-accessors (C:\Users\Mehmet emin\StudioProjects\UrunTakipOtomasyonQR\.gradle\7.5\dependencies-accessors)" [_thread_blocked, id=1104, stack(0x000000f91c400000,0x000000f91c500000)]
  0x000002c20cad2d60 JavaThread "Cache worker for Build Output Cleanup Cache (C:\Users\Mehmet emin\StudioProjects\UrunTakipOtomasyonQR\.gradle\buildOutputCleanup)" [_thread_blocked, id=9108, stack(0x000000f91c500000,0x000000f91c600000)]
  0x000002c20e04e7a0 JavaThread "Unconstrained build operations" [_thread_blocked, id=15768, stack(0x000000f91c600000,0x000000f91c700000)]
  0x000002c20e04d930 JavaThread "Unconstrained build operations Thread 2" [_thread_blocked, id=8628, stack(0x000000f91c700000,0x000000f91c800000)]
  0x000002c20e04cf90 JavaThread "Unconstrained build operations Thread 3" [_thread_blocked, id=8808, stack(0x000000f91c800000,0x000000f91c900000)]
  0x000002c20e04c5f0 JavaThread "Unconstrained build operations Thread 4" [_thread_blocked, id=8104, stack(0x000000f91c900000,0x000000f91ca00000)]
  0x000002c20e04f140 JavaThread "Unconstrained build operations Thread 5" [_thread_blocked, id=14720, stack(0x000000f91ca00000,0x000000f91cb00000)]
  0x000002c20e04ffb0 JavaThread "Unconstrained build operations Thread 6" [_thread_blocked, id=11752, stack(0x000000f91cb00000,0x000000f91cc00000)]
  0x000002c20e04e2d0 JavaThread "Unconstrained build operations Thread 7" [_thread_blocked, id=4828, stack(0x000000f91cc00000,0x000000f91cd00000)]
  0x000002c20e04d460 JavaThread "Unconstrained build operations Thread 8" [_thread_blocked, id=17164, stack(0x000000f91cd00000,0x000000f91ce00000)]
  0x000002c20e04de00 JavaThread "Unconstrained build operations Thread 9" [_thread_blocked, id=14844, stack(0x000000f91ce00000,0x000000f91cf00000)]
  0x000002c20e04ec70 JavaThread "Unconstrained build operations Thread 10" [_thread_blocked, id=8788, stack(0x000000f91cf00000,0x000000f91d000000)]
  0x000002c20e04f610 JavaThread "Unconstrained build operations Thread 11" [_thread_blocked, id=15792, stack(0x000000f91d000000,0x000000f91d100000)]
  0x000002c20e04fae0 JavaThread "Unconstrained build operations Thread 12" [_thread_blocked, id=16912, stack(0x000000f91d100000,0x000000f91d200000)]
  0x000002c20e9bace0 JavaThread "Unconstrained build operations Thread 13" [_thread_blocked, id=12752, stack(0x000000f91d200000,0x000000f91d300000)]
  0x000002c20e9bc020 JavaThread "Unconstrained build operations Thread 14" [_thread_blocked, id=11604, stack(0x000000f91d300000,0x000000f91d400000)]
  0x000002c20e9c0380 JavaThread "Unconstrained build operations Thread 15" [_thread_blocked, id=9916, stack(0x000000f91d400000,0x000000f91d500000)]
  0x000002c20e9ba340 JavaThread "Unconstrained build operations Thread 16" [_thread_blocked, id=12044, stack(0x000000f91d500000,0x000000f91d600000)]
  0x000002c20e9bf9e0 JavaThread "Unconstrained build operations Thread 17" [_thread_blocked, id=8640, stack(0x000000f91d600000,0x000000f91d700000)]
  0x000002c20e9bb1b0 JavaThread "Unconstrained build operations Thread 18" [_thread_blocked, id=13828, stack(0x000000f91d700000,0x000000f91d800000)]
  0x000002c20e9ba810 JavaThread "Unconstrained build operations Thread 19" [_thread_blocked, id=17364, stack(0x000000f91d800000,0x000000f91d900000)]
  0x000002c20e9b99a0 JavaThread "Unconstrained build operations Thread 20" [_thread_blocked, id=2464, stack(0x000000f91d900000,0x000000f91da00000)]
  0x000002c20e9bb680 JavaThread "Unconstrained build operations Thread 21" [_thread_blocked, id=10520, stack(0x000000f91da00000,0x000000f91db00000)]
  0x000002c20e9bce90 JavaThread "Unconstrained build operations Thread 22" [_thread_blocked, id=17264, stack(0x000000f91db00000,0x000000f91dc00000)]
  0x000002c20e9bd360 JavaThread "Unconstrained build operations Thread 23" [_thread_blocked, id=11816, stack(0x000000f91dc00000,0x000000f91dd00000)]
  0x000002c20e9bbb50 JavaThread "Unconstrained build operations Thread 24" [_thread_blocked, id=2452, stack(0x000000f91dd00000,0x000000f91de00000)]
  0x000002c20e9be6a0 JavaThread "Unconstrained build operations Thread 25" [_thread_blocked, id=4164, stack(0x000000f91de00000,0x000000f91df00000)]
  0x000002c20e9c11f0 JavaThread "Unconstrained build operations Thread 26" [_thread_blocked, id=2204, stack(0x000000f91df00000,0x000000f91e000000)]
  0x000002c20e9bc4f0 JavaThread "Unconstrained build operations Thread 27" [_thread_blocked, id=1604, stack(0x000000f91e000000,0x000000f91e100000)]
  0x000002c20e9bdd00 JavaThread "Unconstrained build operations Thread 28" [_thread_blocked, id=3688, stack(0x000000f91e100000,0x000000f91e200000)]
  0x000002c20e9bc9c0 JavaThread "Unconstrained build operations Thread 29" [_thread_blocked, id=12360, stack(0x000000f91e200000,0x000000f91e300000)]
  0x000002c20e9bd830 JavaThread "Unconstrained build operations Thread 30" [_thread_blocked, id=3332, stack(0x000000f91e300000,0x000000f91e400000)]
  0x000002c20e9be1d0 JavaThread "Unconstrained build operations Thread 31" [_thread_blocked, id=10412, stack(0x000000f91e400000,0x000000f91e500000)]
  0x000002c20e9bf510 JavaThread "Unconstrained build operations Thread 32" [_thread_blocked, id=8664, stack(0x000000f91e500000,0x000000f91e600000)]
  0x000002c20e9beb70 JavaThread "Unconstrained build operations Thread 33" [_thread_blocked, id=11032, stack(0x000000f91e600000,0x000000f91e700000)]
  0x000002c20e9c0850 JavaThread "Unconstrained build operations Thread 34" [_thread_blocked, id=13460, stack(0x000000f91e700000,0x000000f91e800000)]
  0x000002c20e9bf040 JavaThread "Unconstrained build operations Thread 35" [_thread_blocked, id=17296, stack(0x000000f91e800000,0x000000f91e900000)]
  0x000002c20e9bfeb0 JavaThread "Unconstrained build operations Thread 36" [_thread_blocked, id=9700, stack(0x000000f91e900000,0x000000f91ea00000)]
  0x000002c20e9c0d20 JavaThread "Unconstrained build operations Thread 37" [_thread_blocked, id=8068, stack(0x000000f91ea00000,0x000000f91eb00000)]
  0x000002c20e9b9e70 JavaThread "Unconstrained build operations Thread 38" [_thread_blocked, id=11296, stack(0x000000f91eb00000,0x000000f91ec00000)]
  0x000002c20ab7b190 JavaThread "Unconstrained build operations Thread 39" [_thread_blocked, id=12716, stack(0x000000f91ec00000,0x000000f91ed00000)]
  0x000002c20ab80830 JavaThread "Unconstrained build operations Thread 40" [_thread_blocked, id=14232, stack(0x000000f91ed00000,0x000000f91ee00000)]
  0x000002c20ab80360 JavaThread "Unconstrained build operations Thread 41" [_thread_blocked, id=17052, stack(0x000000f91ee00000,0x000000f91ef00000)]
  0x000002c20ab7c4d0 JavaThread "Unconstrained build operations Thread 42" [_thread_blocked, id=15048, stack(0x000000f91ef00000,0x000000f91f000000)]
  0x000002c20ab7c9a0 JavaThread "Unconstrained build operations Thread 43" [_thread_blocked, id=15612, stack(0x000000f91f000000,0x000000f91f100000)]
  0x000002c20ab7dce0 JavaThread "Unconstrained build operations Thread 44" [_thread_blocked, id=10328, stack(0x000000f91f100000,0x000000f91f200000)]
  0x000002c20ab7eb50 JavaThread "Unconstrained build operations Thread 45" [_thread_blocked, id=16864, stack(0x000000f91f200000,0x000000f91f300000)]
  0x000002c20ab78fe0 JavaThread "Unconstrained build operations Thread 46" [_thread_blocked, id=1520, stack(0x000000f91f300000,0x000000f91f400000)]
  0x000002c20ab7bb30 JavaThread "Unconstrained build operations Thread 47" [_thread_blocked, id=9540, stack(0x000000f91f400000,0x000000f91f500000)]
  0x000002c20ab7e1b0 JavaThread "Unconstrained build operations Thread 48" [_thread_blocked, id=13236, stack(0x000000f91f500000,0x000000f91f600000)]
  0x000002c20ab7c000 JavaThread "Unconstrained build operations Thread 49" [_thread_blocked, id=8588, stack(0x000000f91f600000,0x000000f91f700000)]
  0x000002c20ab79980 JavaThread "Unconstrained build operations Thread 50" [_thread_blocked, id=9808, stack(0x000000f91f700000,0x000000f91f800000)]
  0x000002c20ab794b0 JavaThread "Unconstrained build operations Thread 51" [_thread_blocked, id=12212, stack(0x000000f91f800000,0x000000f91f900000)]
  0x000002c20ab7ce70 JavaThread "Unconstrained build operations Thread 52" [_thread_blocked, id=15356, stack(0x000000f91f900000,0x000000f91fa00000)]
  0x000002c20ab79e50 JavaThread "Unconstrained build operations Thread 53" [_thread_blocked, id=15488, stack(0x000000f91fa00000,0x000000f91fb00000)]
  0x000002c20ab7d340 JavaThread "Unconstrained build operations Thread 54" [_thread_blocked, id=16224, stack(0x000000f91fb00000,0x000000f91fc00000)]
  0x000002c20ab7f4f0 JavaThread "Unconstrained build operations Thread 55" [_thread_blocked, id=9412, stack(0x000000f91fc00000,0x000000f91fd00000)]
  0x000002c20ab7fe90 JavaThread "Unconstrained build operations Thread 56" [_thread_blocked, id=7036, stack(0x000000f91fd00000,0x000000f91fe00000)]
  0x000002c20ab7a320 JavaThread "Unconstrained build operations Thread 57" [_thread_blocked, id=8596, stack(0x000000f91fe00000,0x000000f91ff00000)]
  0x000002c20ab7e680 JavaThread "Unconstrained build operations Thread 58" [_thread_blocked, id=10544, stack(0x000000f91ff00000,0x000000f920000000)]
  0x000002c20ab7d810 JavaThread "Unconstrained build operations Thread 59" [_thread_blocked, id=17160, stack(0x000000f920000000,0x000000f920100000)]
  0x000002c20ab7f020 JavaThread "Unconstrained build operations Thread 60" [_thread_blocked, id=13916, stack(0x000000f920100000,0x000000f920200000)]
  0x000002c20ab7f9c0 JavaThread "Unconstrained build operations Thread 61" [_thread_blocked, id=13704, stack(0x000000f920200000,0x000000f920300000)]
  0x000002c20ab7a7f0 JavaThread "Unconstrained build operations Thread 62" [_thread_blocked, id=9960, stack(0x000000f920300000,0x000000f920400000)]
  0x000002c20ab7acc0 JavaThread "Unconstrained build operations Thread 63" [_thread_blocked, id=8216, stack(0x000000f920400000,0x000000f920500000)]
  0x000002c20ab7b660 JavaThread "Unconstrained build operations Thread 64" [_thread_blocked, id=12340, stack(0x000000f920500000,0x000000f920600000)]
  0x000002c20eb6eed0 JavaThread "Unconstrained build operations Thread 65" [_thread_blocked, id=1632, stack(0x000000f920600000,0x000000f920700000)]
  0x000002c20eb6d6c0 JavaThread "Unconstrained build operations Thread 66" [_thread_blocked, id=13324, stack(0x000000f920700000,0x000000f920800000)]
  0x000002c20eb6e530 JavaThread "Unconstrained build operations Thread 67" [_thread_blocked, id=1328, stack(0x000000f920800000,0x000000f920900000)]
  0x000002c20eb6beb0 JavaThread "Unconstrained build operations Thread 68" [_thread_blocked, id=8772, stack(0x000000f920900000,0x000000f920a00000)]
  0x000002c20eb6e060 JavaThread "Unconstrained build operations Thread 69" [_thread_blocked, id=16544, stack(0x000000f920a00000,0x000000f920b00000)]
  0x000002c20eb6c380 JavaThread "Unconstrained build operations Thread 70" [_thread_blocked, id=12668, stack(0x000000f920b00000,0x000000f920c00000)]
  0x000002c20eb72890 JavaThread "Unconstrained build operations Thread 71" [_thread_blocked, id=15996, stack(0x000000f920c00000,0x000000f920d00000)]
  0x000002c20eb71a20 JavaThread "Unconstrained build operations Thread 72" [_thread_blocked, id=2516, stack(0x000000f920d00000,0x000000f920e00000)]
  0x000002c20eb6ea00 JavaThread "Unconstrained build operations Thread 73" [_thread_blocked, id=12804, stack(0x000000f920e00000,0x000000f920f00000)]
  0x000002c20eb6f3a0 JavaThread "Unconstrained build operations Thread 74" [_thread_blocked, id=15504, stack(0x000000f920f00000,0x000000f921000000)]
  0x000002c20eb6b510 JavaThread "Unconstrained build operations Thread 75" [_thread_blocked, id=9556, stack(0x000000f921000000,0x000000f921100000)]
  0x000002c20eb6f870 JavaThread "Unconstrained build operations Thread 76" [_thread_blocked, id=6816, stack(0x000000f921100000,0x000000f921200000)]
  0x000002c20eb723c0 JavaThread "Unconstrained build operations Thread 77" [_thread_blocked, id=10312, stack(0x000000f921200000,0x000000f921300000)]
  0x000002c20eb71ef0 JavaThread "Unconstrained build operations Thread 78" [_thread_blocked, id=4236, stack(0x000000f921300000,0x000000f921400000)]
  0x000002c20eb72d60 JavaThread "Unconstrained build operations Thread 79" [_thread_blocked, id=15952, stack(0x000000f921400000,0x000000f921500000)]
  0x000002c20eb6fd40 JavaThread "Unconstrained build operations Thread 80" [_thread_blocked, id=11000, stack(0x000000f921500000,0x000000f921600000)]
  0x000002c20eb70210 JavaThread "Memory manager" [_thread_blocked, id=15060, stack(0x000000f921600000,0x000000f921700000)]
  0x000002c20eb706e0 JavaThread "build event listener" [_thread_blocked, id=7828, stack(0x000000f921700000,0x000000f921800000)]
  0x000002c20eb6cd20 JavaThread "build event listener" [_thread_blocked, id=15408, stack(0x000000f921800000,0x000000f921900000)]

Other Threads:
  0x000002c27f687c50 VMThread "VM Thread" [stack: 0x000000f919100000,0x000000f919200000] [id=13896]
  0x000002c2099d4ea0 WatcherThread [stack: 0x000000f919d00000,0x000000f919e00000] [id=11100]
  0x000002c268a9cb50 GCTaskThread "GC Thread#0" [stack: 0x000000f918c00000,0x000000f918d00000] [id=11776]
  0x000002c20ab94130 GCTaskThread "GC Thread#1" [stack: 0x000000f919f00000,0x000000f91a000000] [id=13888]
  0x000002c20ab943e0 GCTaskThread "GC Thread#2" [stack: 0x000000f91a000000,0x000000f91a100000] [id=3732]
  0x000002c20ac07080 GCTaskThread "GC Thread#3" [stack: 0x000000f91a100000,0x000000f91a200000] [id=12976]
  0x000002c20abcc580 GCTaskThread "GC Thread#4" [stack: 0x000000f91a200000,0x000000f91a300000] [id=4128]
  0x000002c20b3f2c10 GCTaskThread "GC Thread#5" [stack: 0x000000f91ad00000,0x000000f91ae00000] [id=6092]
  0x000002c20c4996e0 GCTaskThread "GC Thread#6" [stack: 0x000000f91ae00000,0x000000f91af00000] [id=2444]
  0x000002c20c630830 GCTaskThread "GC Thread#7" [stack: 0x000000f91af00000,0x000000f91b000000] [id=2428]
  0x000002c268aa6a90 ConcurrentGCThread "G1 Main Marker" [stack: 0x000000f918d00000,0x000000f918e00000] [id=16060]
  0x000002c268aa7600 ConcurrentGCThread "G1 Conc#0" [stack: 0x000000f918e00000,0x000000f918f00000] [id=16456]
  0x000002c20c499190 ConcurrentGCThread "G1 Conc#1" [stack: 0x000000f91b200000,0x000000f91b300000] [id=14608]
  0x000002c27f4f33b0 ConcurrentGCThread "G1 Refine#0" [stack: 0x000000f918f00000,0x000000f919000000] [id=12544]
  0x000002c27f4f3c70 ConcurrentGCThread "G1 Service" [stack: 0x000000f919000000,0x000000f919100000] [id=3200]

Threads with active compile tasks:
C2 CompilerThread0    10547 8891       4       com.sun.beans.TypeResolver::resolve (37 bytes)
C2 CompilerThread1    10547 8884       4       org.gradle.internal.instantiation.generator.AbstractClassGenerator::inspectType (560 bytes)

VM state: not at safepoint (normal execution)

VM Mutex/Monitor currently owned by a thread: None

Heap address: 0x00000006e0000000, size: 4608 MB, Compressed Oops mode: Zero based, Oop shift amount: 3

CDS archive(s) not mapped
Compressed class space mapped at: 0x0000000800000000-0x0000000840000000, reserved size: 1073741824
Narrow klass base: 0x0000000800000000, Narrow klass shift: 0, Narrow klass range: 0x40000000

GC Precious Log:
 CPUs: 8 total, 8 available
 Memory: 7992M
 Large Page Support: Disabled
 NUMA Support: Disabled
 Compressed Oops: Enabled (Zero based)
 Heap Region Size: 4M
 Heap Min Capacity: 8M
 Heap Initial Capacity: 128M
 Heap Max Capacity: 4608M
 Pre-touch: Disabled
 Parallel Workers: 8
 Concurrent Workers: 2
 Concurrent Refinement Workers: 8
 Periodic GC: Disabled

Heap:
 garbage-first heap   total 208896K, used 114819K [0x00000006e0000000, 0x0000000800000000)
  region size 4096K, 3 young (12288K), 1 survivors (4096K)
 Metaspace       used 90214K, committed 90944K, reserved 1130496K
  class space    used 12289K, committed 12608K, reserved 1048576K

Heap Regions: E=young(eden), S=young(survivor), O=old, HS=humongous(starts), HC=humongous(continues), CS=collection set, F=free, OA=open archive, CA=closed archive, TAMS=top-at-mark-start (previous, next)
|   0|0x00000006e0000000, 0x00000006e0400000, 0x00000006e0400000|100%| O|  |TAMS 0x00000006e0400000, 0x00000006e0000000| Untracked 
|   1|0x00000006e0400000, 0x00000006e0800000, 0x00000006e0800000|100%|HS|  |TAMS 0x00000006e0800000, 0x00000006e0400000| Complete 
|   2|0x00000006e0800000, 0x00000006e0c00000, 0x00000006e0c00000|100%| O|  |TAMS 0x00000006e0c00000, 0x00000006e0800000| Untracked 
|   3|0x00000006e0c00000, 0x00000006e1000000, 0x00000006e1000000|100%| O|  |TAMS 0x00000006e1000000, 0x00000006e0c00000| Untracked 
|   4|0x00000006e1000000, 0x00000006e1400000, 0x00000006e1400000|100%| O|  |TAMS 0x00000006e1400000, 0x00000006e1000000| Untracked 
|   5|0x00000006e1400000, 0x00000006e1800000, 0x00000006e1800000|100%|HS|  |TAMS 0x00000006e1800000, 0x00000006e1400000| Complete 
|   6|0x00000006e1800000, 0x00000006e1c00000, 0x00000006e1c00000|100%|HS|  |TAMS 0x00000006e1c00000, 0x00000006e1800000| Complete 
|   7|0x00000006e1c00000, 0x00000006e2000000, 0x00000006e2000000|100%|HS|  |TAMS 0x00000006e2000000, 0x00000006e1c00000| Complete 
|   8|0x00000006e2000000, 0x00000006e2400000, 0x00000006e2400000|100%|HS|  |TAMS 0x00000006e2400000, 0x00000006e2000000| Complete 
|   9|0x00000006e2400000, 0x00000006e2800000, 0x00000006e2800000|100%| O|  |TAMS 0x00000006e2800000, 0x00000006e2400000| Untracked 
|  10|0x00000006e2800000, 0x00000006e2c00000, 0x00000006e2c00000|100%|HS|  |TAMS 0x00000006e2c00000, 0x00000006e2800000| Complete 
|  11|0x00000006e2c00000, 0x00000006e3000000, 0x00000006e3000000|100%|HC|  |TAMS 0x00000006e3000000, 0x00000006e2c00000| Complete 
|  12|0x00000006e3000000, 0x00000006e3400000, 0x00000006e3400000|100%|HC|  |TAMS 0x00000006e3400000, 0x00000006e3000000| Complete 
|  13|0x00000006e3400000, 0x00000006e3800000, 0x00000006e3800000|100%| O|  |TAMS 0x00000006e3800000, 0x00000006e3400000| Untracked 
|  14|0x00000006e3800000, 0x00000006e3c00000, 0x00000006e3c00000|100%| O|  |TAMS 0x00000006e3c00000, 0x00000006e3800000| Untracked 
|  15|0x00000006e3c00000, 0x00000006e4000000, 0x00000006e4000000|100%| O|  |TAMS 0x00000006e4000000, 0x00000006e3c00000| Untracked 
|  16|0x00000006e4000000, 0x00000006e4400000, 0x00000006e4400000|100%| O|  |TAMS 0x00000006e4400000, 0x00000006e4000000| Untracked 
|  17|0x00000006e4400000, 0x00000006e4800000, 0x00000006e4800000|100%| O|  |TAMS 0x00000006e4400000, 0x00000006e4400000| Untracked 
|  18|0x00000006e4800000, 0x00000006e4c00000, 0x00000006e4c00000|100%|HS|  |TAMS 0x00000006e4c00000, 0x00000006e4800000| Complete 
|  19|0x00000006e4c00000, 0x00000006e5000000, 0x00000006e5000000|100%| O|  |TAMS 0x00000006e5000000, 0x00000006e4c00000| Untracked 
|  20|0x00000006e5000000, 0x00000006e5400000, 0x00000006e5400000|100%| O|  |TAMS 0x00000006e5400000, 0x00000006e5000000| Untracked 
|  21|0x00000006e5400000, 0x00000006e5800000, 0x00000006e5800000|100%| O|  |TAMS 0x00000006e5800000, 0x00000006e5400000| Untracked 
|  22|0x00000006e5800000, 0x00000006e5c00000, 0x00000006e5c00000|100%| O|  |TAMS 0x00000006e5c00000, 0x00000006e5800000| Untracked 
|  23|0x00000006e5c00000, 0x00000006e6000000, 0x00000006e6000000|100%| O|  |TAMS 0x00000006e5c7d400, 0x00000006e5c00000| Untracked 
|  24|0x00000006e6000000, 0x00000006e6400000, 0x00000006e6400000|100%| O|  |TAMS 0x00000006e6000000, 0x00000006e6000000| Untracked 
|  25|0x00000006e6400000, 0x00000006e6800000, 0x00000006e6800000|100%| O|  |TAMS 0x00000006e6400000, 0x00000006e6400000| Untracked 
|  26|0x00000006e6800000, 0x00000006e6849e00, 0x00000006e6c00000|  7%| O|  |TAMS 0x00000006e6800000, 0x00000006e6800000| Untracked 
|  27|0x00000006e6c00000, 0x00000006e6c00000, 0x00000006e7000000|  0%| F|  |TAMS 0x00000006e6c00000, 0x00000006e6c00000| Untracked 
|  28|0x00000006e7000000, 0x00000006e7000000, 0x00000006e7400000|  0%| F|  |TAMS 0x00000006e7000000, 0x00000006e7000000| Untracked 
|  29|0x00000006e7400000, 0x00000006e7400000, 0x00000006e7800000|  0%| F|  |TAMS 0x00000006e7400000, 0x00000006e7400000| Untracked 
|  30|0x00000006e7800000, 0x00000006e7800000, 0x00000006e7c00000|  0%| F|  |TAMS 0x00000006e7800000, 0x00000006e7800000| Untracked 
|  31|0x00000006e7c00000, 0x00000006e7c00000, 0x00000006e8000000|  0%| F|  |TAMS 0x00000006e7c00000, 0x00000006e7c00000| Untracked 
|  32|0x00000006e8000000, 0x00000006e8000000, 0x00000006e8400000|  0%| F|  |TAMS 0x00000006e8000000, 0x00000006e8000000| Untracked 
|  33|0x00000006e8400000, 0x00000006e8400000, 0x00000006e8800000|  0%| F|  |TAMS 0x00000006e8400000, 0x00000006e8400000| Untracked 
|  34|0x00000006e8800000, 0x00000006e8800000, 0x00000006e8c00000|  0%| F|  |TAMS 0x00000006e8800000, 0x00000006e8800000| Untracked 
|  35|0x00000006e8c00000, 0x00000006e8c00000, 0x00000006e9000000|  0%| F|  |TAMS 0x00000006e8c00000, 0x00000006e8c00000| Untracked 
|  36|0x00000006e9000000, 0x00000006e9000000, 0x00000006e9400000|  0%| F|  |TAMS 0x00000006e9000000, 0x00000006e9000000| Untracked 
|  37|0x00000006e9400000, 0x00000006e97d6e70, 0x00000006e9800000| 95%| S|CS|TAMS 0x00000006e9400000, 0x00000006e9400000| Complete 
|  38|0x00000006e9800000, 0x00000006e9800000, 0x00000006e9c00000|  0%| F|  |TAMS 0x00000006e9800000, 0x00000006e9800000| Untracked 
|  39|0x00000006e9c00000, 0x00000006e9c00000, 0x00000006ea000000|  0%| F|  |TAMS 0x00000006e9c00000, 0x00000006e9c00000| Untracked 
|  40|0x00000006ea000000, 0x00000006ea000000, 0x00000006ea400000|  0%| F|  |TAMS 0x00000006ea000000, 0x00000006ea000000| Untracked 
|  41|0x00000006ea400000, 0x00000006ea400000, 0x00000006ea800000|  0%| F|  |TAMS 0x00000006ea400000, 0x00000006ea400000| Untracked 
|  42|0x00000006ea800000, 0x00000006ea800000, 0x00000006eac00000|  0%| F|  |TAMS 0x00000006ea800000, 0x00000006ea800000| Untracked 
|  43|0x00000006eac00000, 0x00000006eac00000, 0x00000006eb000000|  0%| F|  |TAMS 0x00000006eac00000, 0x00000006eac00000| Untracked 
|  44|0x00000006eb000000, 0x00000006eb000000, 0x00000006eb400000|  0%| F|  |TAMS 0x00000006eb000000, 0x00000006eb000000| Untracked 
|  45|0x00000006eb400000, 0x00000006eb400000, 0x00000006eb800000|  0%| F|  |TAMS 0x00000006eb400000, 0x00000006eb400000| Untracked 
|  46|0x00000006eb800000, 0x00000006eb800000, 0x00000006ebc00000|  0%| F|  |TAMS 0x00000006eb800000, 0x00000006eb800000| Untracked 
|  47|0x00000006ebc00000, 0x00000006ebc00000, 0x00000006ec000000|  0%| F|  |TAMS 0x00000006ebc00000, 0x00000006ebc00000| Untracked 
|  48|0x00000006ec000000, 0x00000006ec000000, 0x00000006ec400000|  0%| F|  |TAMS 0x00000006ec000000, 0x00000006ec000000| Untracked 
|  49|0x00000006ec400000, 0x00000006ec400800, 0x00000006ec800000|  0%| E|  |TAMS 0x00000006ec400000, 0x00000006ec400000| Complete 
|  50|0x00000006ec800000, 0x00000006ecc00000, 0x00000006ecc00000|100%| E|CS|TAMS 0x00000006ec800000, 0x00000006ec800000| Complete 

Card table byte_map: [0x000002c27bb20000,0x000002c27c420000] _byte_map_base: 0x000002c278420000

Marking Bits (Prev, Next): (CMBitMap*) 0x000002c268a9d1a0, (CMBitMap*) 0x000002c268a9d160
 Prev Bits: [0x000002c204800000, 0x000002c209000000)
 Next Bits: [0x000002c200000000, 0x000002c204800000)

Polling page: 0x000002c2681f0000

Metaspace:

Usage:
  Non-class:     76.12 MB used.
      Class:     12.00 MB used.
       Both:     88.12 MB used.

Virtual space:
  Non-class space:       80.00 MB reserved,      76.50 MB ( 96%) committed,  10 nodes.
      Class space:        1.00 GB reserved,      12.31 MB (  1%) committed,  1 nodes.
             Both:        1.08 GB reserved,      88.81 MB (  8%) committed. 

Chunk freelists:
   Non-Class:  3.34 MB
       Class:  3.57 MB
        Both:  6.91 MB

MaxMetaspaceSize: unlimited
CompressedClassSpaceSize: 1.00 GB
Initial GC threshold: 21.00 MB
Current GC threshold: 115.00 MB
CDS: off
MetaspaceReclaimPolicy: balanced
 - commit_granule_bytes: 65536.
 - commit_granule_words: 8192.
 - virtual_space_node_default_size: 1048576.
 - enlarge_chunks_in_place: 1.
 - new_chunks_are_fully_committed: 0.
 - uncommit_free_chunks: 1.
 - use_allocation_guard: 0.
 - handle_deallocations: 1.


Internal statistics:

num_allocs_failed_limit: 3.
num_arena_births: 774.
num_arena_deaths: 0.
num_vsnodes_births: 11.
num_vsnodes_deaths: 0.
num_space_committed: 1421.
num_space_uncommitted: 0.
num_chunks_returned_to_freelist: 3.
num_chunks_taken_from_freelist: 4004.
num_chunk_merges: 3.
num_chunk_splits: 2705.
num_chunks_enlarged: 1870.
num_purges: 0.
num_inconsistent_stats: 0.

CodeHeap 'non-profiled nmethods': size=120000Kb used=4833Kb max_used=4833Kb free=115166Kb
 bounds [0x000002c2739c0000, 0x000002c273e80000, 0x000002c27aef0000]
CodeHeap 'profiled nmethods': size=120000Kb used=15991Kb max_used=15991Kb free=104008Kb
 bounds [0x000002c26bef0000, 0x000002c26ce90000, 0x000002c273420000]
CodeHeap 'non-nmethods': size=5760Kb used=2393Kb max_used=2479Kb free=3366Kb
 bounds [0x000002c273420000, 0x000002c2736b0000, 0x000002c2739c0000]
 total_blobs=9092 nmethods=8162 adapters=842
 compilation: enabled
              stopped_count=0, restarted_count=0
 full_count=0

Compilation events (20 events):
Event: 10.493 Thread 0x000002c209862b30 nmethod 9040 0x000002c273e77d90 code [0x000002c273e77f20, 0x000002c273e77ff8]
Event: 10.499 Thread 0x000002c209862b30 9041       3       org.gradle.api.internal.artifacts.configurations.DefaultConfiguration$DefaultResolutionHost::<init> (6 bytes)
Event: 10.499 Thread 0x000002c209862b30 nmethod 9041 0x000002c26ce77990 code [0x000002c26ce77b40, 0x000002c26ce77d78]
Event: 10.500 Thread 0x000002c209862b30 9042       3       org.gradle.api.internal.artifacts.configurations.DefaultConfiguration$DefaultResolutionHost::<init> (10 bytes)
Event: 10.500 Thread 0x000002c209862b30 nmethod 9042 0x000002c26ce77e90 code [0x000002c26ce78020, 0x000002c26ce781f8]
Event: 10.506 Thread 0x000002c209862b30 9043       3       org.gradle.internal.ImmutableActionSet$SetWithManyActions::addAll (6 bytes)
Event: 10.507 Thread 0x000002c209862b30 nmethod 9043 0x000002c26ce78310 code [0x000002c26ce78560, 0x000002c26ce790d8]
Event: 10.507 Thread 0x000002c209862b30 9045       3       org.gradle.api.internal.collections.IterationOrderRetainingSetElementSource$1::isSatisfiedBy (9 bytes)
Event: 10.507 Thread 0x000002c209862b30 nmethod 9045 0x000002c26ce79510 code [0x000002c26ce79700, 0x000002c26ce79bd8]
Event: 10.507 Thread 0x000002c209862b30 9044       3       org.gradle.api.internal.tasks.DefaultTaskDependency::<init> (15 bytes)
Event: 10.507 Thread 0x000002c209862b30 nmethod 9044 0x000002c26ce79d90 code [0x000002c26ce79f40, 0x000002c26ce7a1d8]
Event: 10.517 Thread 0x000002c209862b30 9046       3       org.gradle.api.internal.file.CompositeFileCollection::<init> (6 bytes)
Event: 10.517 Thread 0x000002c209862b30 nmethod 9046 0x000002c26ce7a310 code [0x000002c26ce7a4c0, 0x000002c26ce7a6f8]
Event: 10.517 Thread 0x000002c209862b30 9047       3       org.gradle.api.internal.DefaultDomainObjectCollection$IteratorImpl::<init> (15 bytes)
Event: 10.517 Thread 0x000002c209862b30 nmethod 9047 0x000002c26ce7a810 code [0x000002c26ce7a9c0, 0x000002c26ce7abf8]
Event: 10.518 Thread 0x000002c209862b30 9048       3       org.gradle.util.internal.DeferredUtil::unpack (8 bytes)
Event: 10.518 Thread 0x000002c209862b30 nmethod 9048 0x000002c26ce7ad10 code [0x000002c26ce7aea0, 0x000002c26ce7afc8]
Event: 10.518 Thread 0x000002c209862b30 9049       3       org.gradle.util.internal.DeferredUtil::unpack (46 bytes)
Event: 10.518 Thread 0x000002c209862b30 nmethod 9049 0x000002c26ce7b090 code [0x000002c26ce7b2a0, 0x000002c26ce7bae8]
Event: 10.518 Thread 0x000002c209862b30 9050   !   3       org.gradle.api.internal.file.FileOrUriNotationConverter::convert (310 bytes)

GC Heap History (20 events):
Event: 6.041 GC heap before
{Heap before GC invocations=18 (full 0):
 garbage-first heap   total 139264K, used 83053K [0x00000006e0000000, 0x0000000800000000)
  region size 4096K, 6 young (24576K), 2 survivors (8192K)
 Metaspace       used 53853K, committed 54400K, reserved 1097728K
  class space    used 7186K, committed 7424K, reserved 1048576K
}
Event: 6.046 GC heap after
{Heap after GC invocations=19 (full 0):
 garbage-first heap   total 139264K, used 81013K [0x00000006e0000000, 0x0000000800000000)
  region size 4096K, 2 young (8192K), 2 survivors (8192K)
 Metaspace       used 53853K, committed 54400K, reserved 1097728K
  class space    used 7186K, committed 7424K, reserved 1048576K
}
Event: 6.350 GC heap before
{Heap before GC invocations=20 (full 0):
 garbage-first heap   total 151552K, used 105589K [0x00000006e0000000, 0x0000000800000000)
  region size 4096K, 8 young (32768K), 2 survivors (8192K)
 Metaspace       used 56640K, committed 57216K, reserved 1105920K
  class space    used 7664K, committed 7936K, reserved 1048576K
}
Event: 6.356 GC heap after
{Heap after GC invocations=21 (full 0):
 garbage-first heap   total 151552K, used 90429K [0x00000006e0000000, 0x0000000800000000)
  region size 4096K, 1 young (4096K), 1 survivors (4096K)
 Metaspace       used 56640K, committed 57216K, reserved 1105920K
  class space    used 7664K, committed 7936K, reserved 1048576K
}
Event: 6.609 GC heap before
{Heap before GC invocations=21 (full 0):
 garbage-first heap   total 151552K, used 115005K [0x00000006e0000000, 0x0000000800000000)
  region size 4096K, 7 young (28672K), 1 survivors (4096K)
 Metaspace       used 58016K, committed 58560K, reserved 1105920K
  class space    used 7831K, committed 8064K, reserved 1048576K
}
Event: 6.613 GC heap after
{Heap after GC invocations=22 (full 0):
 garbage-first heap   total 151552K, used 91785K [0x00000006e0000000, 0x0000000800000000)
  region size 4096K, 1 young (4096K), 1 survivors (4096K)
 Metaspace       used 58016K, committed 58560K, reserved 1105920K
  class space    used 7831K, committed 8064K, reserved 1048576K
}
Event: 6.930 GC heap before
{Heap before GC invocations=23 (full 0):
 garbage-first heap   total 172032K, used 112265K [0x00000006e0000000, 0x0000000800000000)
  region size 4096K, 6 young (24576K), 1 survivors (4096K)
 Metaspace       used 60962K, committed 61504K, reserved 1105920K
  class space    used 8209K, committed 8448K, reserved 1048576K
}
Event: 6.933 GC heap after
{Heap after GC invocations=24 (full 0):
 garbage-first heap   total 172032K, used 93053K [0x00000006e0000000, 0x0000000800000000)
  region size 4096K, 1 young (4096K), 1 survivors (4096K)
 Metaspace       used 60962K, committed 61504K, reserved 1105920K
  class space    used 8209K, committed 8448K, reserved 1048576K
}
Event: 6.995 GC heap before
{Heap before GC invocations=24 (full 0):
 garbage-first heap   total 172032K, used 97149K [0x00000006e0000000, 0x0000000800000000)
  region size 4096K, 2 young (8192K), 1 survivors (4096K)
 Metaspace       used 61580K, committed 62144K, reserved 1105920K
  class space    used 8283K, committed 8512K, reserved 1048576K
}
Event: 7.000 GC heap after
{Heap after GC invocations=25 (full 0):
 garbage-first heap   total 208896K, used 92302K [0x00000006e0000000, 0x0000000800000000)
  region size 4096K, 1 young (4096K), 1 survivors (4096K)
 Metaspace       used 61580K, committed 62144K, reserved 1105920K
  class space    used 8283K, committed 8512K, reserved 1048576K
}
Event: 7.803 GC heap before
{Heap before GC invocations=25 (full 0):
 garbage-first heap   total 208896K, used 141454K [0x00000006e0000000, 0x0000000800000000)
  region size 4096K, 14 young (57344K), 1 survivors (4096K)
 Metaspace       used 70000K, committed 70656K, reserved 1114112K
  class space    used 9308K, committed 9600K, reserved 1048576K
}
Event: 7.810 GC heap after
{Heap after GC invocations=26 (full 0):
 garbage-first heap   total 208896K, used 99659K [0x00000006e0000000, 0x0000000800000000)
  region size 4096K, 2 young (8192K), 2 survivors (8192K)
 Metaspace       used 70000K, committed 70656K, reserved 1114112K
  class space    used 9308K, committed 9600K, reserved 1048576K
}
Event: 8.448 GC heap before
{Heap before GC invocations=27 (full 0):
 garbage-first heap   total 208896K, used 148811K [0x00000006e0000000, 0x0000000800000000)
  region size 4096K, 15 young (61440K), 2 survivors (8192K)
 Metaspace       used 74281K, committed 74944K, reserved 1114112K
  class space    used 9868K, committed 10112K, reserved 1048576K
}
Event: 8.454 GC heap after
{Heap after GC invocations=28 (full 0):
 garbage-first heap   total 208896K, used 100394K [0x00000006e0000000, 0x0000000800000000)
  region size 4096K, 1 young (4096K), 1 survivors (4096K)
 Metaspace       used 74281K, committed 74944K, reserved 1114112K
  class space    used 9868K, committed 10112K, reserved 1048576K
}
Event: 9.264 GC heap before
{Heap before GC invocations=28 (full 0):
 garbage-first heap   total 208896K, used 157738K [0x00000006e0000000, 0x0000000800000000)
  region size 4096K, 15 young (61440K), 1 survivors (4096K)
 Metaspace       used 81208K, committed 81792K, reserved 1122304K
  class space    used 10847K, committed 11072K, reserved 1048576K
}
Event: 9.269 GC heap after
{Heap after GC invocations=29 (full 0):
 garbage-first heap   total 208896K, used 102623K [0x00000006e0000000, 0x0000000800000000)
  region size 4096K, 2 young (8192K), 2 survivors (8192K)
 Metaspace       used 81208K, committed 81792K, reserved 1122304K
  class space    used 10847K, committed 11072K, reserved 1048576K
}
Event: 9.766 GC heap before
{Heap before GC invocations=29 (full 0):
 garbage-first heap   total 208896K, used 155871K [0x00000006e0000000, 0x0000000800000000)
  region size 4096K, 16 young (65536K), 2 survivors (8192K)
 Metaspace       used 83798K, committed 84416K, reserved 1122304K
  class space    used 11203K, committed 11456K, reserved 1048576K
}
Event: 9.773 GC heap after
{Heap after GC invocations=30 (full 0):
 garbage-first heap   total 208896K, used 107344K [0x00000006e0000000, 0x0000000800000000)
  region size 4096K, 2 young (8192K), 2 survivors (8192K)
 Metaspace       used 83798K, committed 84416K, reserved 1122304K
  class space    used 11203K, committed 11456K, reserved 1048576K
}
Event: 10.508 GC heap before
{Heap before GC invocations=30 (full 0):
 garbage-first heap   total 208896K, used 160592K [0x00000006e0000000, 0x0000000800000000)
  region size 4096K, 15 young (61440K), 2 survivors (8192K)
 Metaspace       used 89840K, committed 90560K, reserved 1130496K
  class space    used 12260K, committed 12608K, reserved 1048576K
}
Event: 10.515 GC heap after
{Heap after GC invocations=31 (full 0):
 garbage-first heap   total 208896K, used 110723K [0x00000006e0000000, 0x0000000800000000)
  region size 4096K, 1 young (4096K), 1 survivors (4096K)
 Metaspace       used 89840K, committed 90560K, reserved 1130496K
  class space    used 12260K, committed 12608K, reserved 1048576K
}

Dll operation events (2 events):
Event: 0.006 Loaded shared library C:\Program Files\Android\Android Studio\jbr\bin\java.dll
Event: 0.382 Loaded shared library C:\Program Files\Android\Android Studio\jbr\bin\verify.dll

Deoptimization events (20 events):
Event: 10.255 Thread 0x000002c20b2d46e0 Uncommon trap: trap_request=0xfffffff4 fr.pc=0x000002c273e6be68 relative=0x0000000000000068
Event: 10.255 Thread 0x000002c20b2d46e0 Uncommon trap: reason=null_check action=make_not_entrant pc=0x000002c273e6be68 method=java.lang.Class.isAnnotation()Z @ 1 c2
Event: 10.255 Thread 0x000002c20b2d46e0 DEOPT PACKING pc=0x000002c273e6be68 sp=0x000000f91a9f7ae0
Event: 10.255 Thread 0x000002c20b2d46e0 DEOPT UNPACKING pc=0x000002c2734769a3 sp=0x000000f91a9f7a70 mode 2
Event: 10.261 Thread 0x000002c20b2d46e0 Uncommon trap: trap_request=0xffffffde fr.pc=0x000002c273d1efe0 relative=0x0000000000000ee0
Event: 10.261 Thread 0x000002c20b2d46e0 Uncommon trap: reason=class_check action=maybe_recompile pc=0x000002c273d1efe0 method=org.gradle.internal.instantiation.generator.AbstractClassGenerator$InjectionAnnotationValidator.validateMethod(Ljava/lang/reflect/Method;Lorg/gradle/internal/reflect/Pro
Event: 10.261 Thread 0x000002c20b2d46e0 DEOPT PACKING pc=0x000002c273d1efe0 sp=0x000000f91a9f7a90
Event: 10.261 Thread 0x000002c20b2d46e0 DEOPT UNPACKING pc=0x000002c2734769a3 sp=0x000000f91a9f7a58 mode 2
Event: 10.266 Thread 0x000002c20b2d46e0 DEOPT PACKING pc=0x000002c26bf07445 sp=0x000000f91a9f7e80
Event: 10.266 Thread 0x000002c20b2d46e0 DEOPT UNPACKING pc=0x000002c273477143 sp=0x000000f91a9f7420 mode 0
Event: 10.299 Thread 0x000002c20b2d46e0 Uncommon trap: trap_request=0xffffff45 fr.pc=0x000002c273e2f500 relative=0x00000000000008c0
Event: 10.299 Thread 0x000002c20b2d46e0 Uncommon trap: reason=unstable_if action=reinterpret pc=0x000002c273e2f500 method=java.util.concurrent.ConcurrentHashMap.replaceNode(Ljava/lang/Object;Ljava/lang/Object;Ljava/lang/Object;)Ljava/lang/Object; @ 136 c2
Event: 10.299 Thread 0x000002c20b2d46e0 DEOPT PACKING pc=0x000002c273e2f500 sp=0x000000f91a9f7160
Event: 10.300 Thread 0x000002c20b2d46e0 DEOPT UNPACKING pc=0x000002c2734769a3 sp=0x000000f91a9f70e8 mode 2
Event: 10.481 Thread 0x000002c20b2d46e0 Uncommon trap: trap_request=0xffffff45 fr.pc=0x000002c273d39d00 relative=0x00000000000006a0
Event: 10.481 Thread 0x000002c20b2d46e0 Uncommon trap: reason=unstable_if action=reinterpret pc=0x000002c273d39d00 method=java.lang.StringConcatHelper.simpleConcat(Ljava/lang/Object;Ljava/lang/Object;)Ljava/lang/String; @ 30 c2
Event: 10.481 Thread 0x000002c20b2d46e0 DEOPT PACKING pc=0x000002c273d39d00 sp=0x000000f91a9f8490
Event: 10.481 Thread 0x000002c20b2d46e0 DEOPT UNPACKING pc=0x000002c2734769a3 sp=0x000000f91a9f8438 mode 2
Event: 10.482 Thread 0x000002c20b2d46e0 DEOPT PACKING pc=0x000002c26bf0734e sp=0x000000f91a9f7e90
Event: 10.482 Thread 0x000002c20b2d46e0 DEOPT UNPACKING pc=0x000002c273477143 sp=0x000000f91a9f7430 mode 0

Classes unloaded (0 events):
No events

Classes redefined (0 events):
No events

Internal exceptions (20 events):
Event: 9.536 Thread 0x000002c20b2d46e0 Exception <a 'java/lang/ClassNotFoundException'{0x00000006ea4ded58}: org/gradle/api/JavaVersionBeanInfo> (0x00000006ea4ded58) 
thrown [s\src\hotspot\share\classfile\systemDictionary.cpp, line 256]
Event: 9.537 Thread 0x000002c20b2d46e0 Exception <a 'java/lang/ClassNotFoundException'{0x00000006ea4f5cd8}: org/gradle/api/JavaVersionCustomizer> (0x00000006ea4f5cd8) 
thrown [s\src\hotspot\share\classfile\systemDictionary.cpp, line 256]
Event: 9.539 Thread 0x000002c20b2d46e0 Exception <a 'java/lang/ClassNotFoundException'{0x00000006ea546c68}: com/android/build/gradle/internal/CompileOptions$AgpDecorated_DecoratedBeanInfo> (0x00000006ea546c68) 
thrown [s\src\hotspot\share\classfile\systemDictionary.cpp, line 256]
Event: 9.539 Thread 0x000002c20b2d46e0 Exception <a 'java/lang/ClassNotFoundException'{0x00000006ea5541a8}: com/android/build/gradle/internal/CompileOptions$AgpDecoratedBeanInfo> (0x00000006ea5541a8) 
thrown [s\src\hotspot\share\classfile\systemDictionary.cpp, line 256]
Event: 9.539 Thread 0x000002c20b2d46e0 Exception <a 'java/lang/ClassNotFoundException'{0x00000006ea561798}: com/android/build/gradle/internal/CompileOptionsBeanInfo> (0x00000006ea561798) 
thrown [s\src\hotspot\share\classfile\systemDictionary.cpp, line 256]
Event: 9.540 Thread 0x000002c20b2d46e0 Exception <a 'java/lang/ClassNotFoundException'{0x00000006ea56eae8}: com/android/build/gradle/internal/CompileOptionsCustomizer> (0x00000006ea56eae8) 
thrown [s\src\hotspot\share\classfile\systemDictionary.cpp, line 256]
Event: 9.540 Thread 0x000002c20b2d46e0 Exception <a 'java/lang/ClassNotFoundException'{0x00000006ea588680}: com/android/build/gradle/internal/CompileOptions$AgpDecoratedCustomizer> (0x00000006ea588680) 
thrown [s\src\hotspot\share\classfile\systemDictionary.cpp, line 256]
Event: 9.541 Thread 0x000002c20b2d46e0 Exception <a 'java/lang/ClassNotFoundException'{0x00000006ea5a4fd8}: com/android/build/gradle/internal/CompileOptions$AgpDecorated_DecoratedCustomizer> (0x00000006ea5a4fd8) 
thrown [s\src\hotspot\share\classfile\systemDictionary.cpp, line 256]
Event: 9.544 Thread 0x000002c20b2d46e0 Exception <a 'java/lang/ClassNotFoundException'{0x00000006ea605cf8}: org/jetbrains/kotlin/gradle/plugin/KotlinAndroidPlugin$apply$1$1$kotlinOptions$1BeanInfo> (0x00000006ea605cf8) 
thrown [s\src\hotspot\share\classfile\systemDictionary.cpp, line 256]
Event: 9.544 Thread 0x000002c20b2d46e0 Exception <a 'java/lang/ClassNotFoundException'{0x00000006ea6136a8}: org/jetbrains/kotlin/gradle/plugin/KotlinAndroidPlugin$apply$1$1$kotlinOptions$1Customizer> (0x00000006ea6136a8) 
thrown [s\src\hotspot\share\classfile\systemDictionary.cpp, line 256]
Event: 10.281 Thread 0x000002c20b2d46e0 Exception <a 'java/lang/ClassNotFoundException'{0x00000006eaa91350}: com/android/build/gradle/internal/api/ApkVariantOutputImpl_DecoratedBeanInfo> (0x00000006eaa91350) 
thrown [s\src\hotspot\share\classfile\systemDictionary.cpp, line 256]
Event: 10.282 Thread 0x000002c20b2d46e0 Exception <a 'java/lang/ClassNotFoundException'{0x00000006eaa9eca0}: com/android/build/gradle/internal/api/ApkVariantOutputImplBeanInfo> (0x00000006eaa9eca0) 
thrown [s\src\hotspot\share\classfile\systemDictionary.cpp, line 256]
Event: 10.282 Thread 0x000002c20b2d46e0 Exception <a 'java/lang/ClassNotFoundException'{0x00000006eaaac600}: com/android/build/gradle/internal/api/BaseVariantOutputImplBeanInfo> (0x00000006eaaac600) 
thrown [s\src\hotspot\share\classfile\systemDictionary.cpp, line 256]
Event: 10.282 Thread 0x000002c20b2d46e0 Exception <a 'java/lang/ClassNotFoundException'{0x00000006eaab9f38}: com/android/build/gradle/internal/api/BaseVariantOutputImplCustomizer> (0x00000006eaab9f38) 
thrown [s\src\hotspot\share\classfile\systemDictionary.cpp, line 256]
Event: 10.283 Thread 0x000002c20b2d46e0 Exception <a 'java/lang/ClassNotFoundException'{0x00000006eaada7e8}: com/android/build/gradle/internal/api/ApkVariantOutputImplCustomizer> (0x00000006eaada7e8) 
thrown [s\src\hotspot\share\classfile\systemDictionary.cpp, line 256]
Event: 10.284 Thread 0x000002c20b2d46e0 Exception <a 'java/lang/ClassNotFoundException'{0x00000006eaaf6068}: com/android/build/gradle/internal/api/ApkVariantOutputImpl_DecoratedCustomizer> (0x00000006eaaf6068) 
thrown [s\src\hotspot\share\classfile\systemDictionary.cpp, line 256]
Event: 10.373 Thread 0x000002c20b2d46e0 Exception <a 'java/lang/ClassNotFoundException'{0x00000006ea220de0}: com/android/build/gradle/internal/api/ReadOnlyBuildTypeBeanInfo> (0x00000006ea220de0) 
thrown [s\src\hotspot\share\classfile\systemDictionary.cpp, line 256]
Event: 10.373 Thread 0x000002c20b2d46e0 Exception <a 'java/lang/ClassNotFoundException'{0x00000006ea22e980}: com/android/build/gradle/internal/api/ReadOnlyBaseConfigBeanInfo> (0x00000006ea22e980) 
thrown [s\src\hotspot\share\classfile\systemDictionary.cpp, line 256]
Event: 10.373 Thread 0x000002c20b2d46e0 Exception <a 'java/lang/ClassNotFoundException'{0x00000006ea23c298}: com/android/build/gradle/internal/api/ReadOnlyBaseConfigCustomizer> (0x00000006ea23c298) 
thrown [s\src\hotspot\share\classfile\systemDictionary.cpp, line 256]
Event: 10.374 Thread 0x000002c20b2d46e0 Exception <a 'java/lang/ClassNotFoundException'{0x00000006ea25a758}: com/android/build/gradle/internal/api/ReadOnlyBuildTypeCustomizer> (0x00000006ea25a758) 
thrown [s\src\hotspot\share\classfile\systemDictionary.cpp, line 256]

VM Operations (20 events):
Event: 8.448 Executing VM operation: G1CollectForAllocation
Event: 8.454 Executing VM operation: G1CollectForAllocation done
Event: 8.463 Executing VM operation: HandshakeAllThreads
Event: 8.463 Executing VM operation: HandshakeAllThreads done
Event: 8.466 Executing VM operation: HandshakeAllThreads
Event: 8.466 Executing VM operation: HandshakeAllThreads done
Event: 9.227 Executing VM operation: ICBufferFull
Event: 9.227 Executing VM operation: ICBufferFull done
Event: 9.264 Executing VM operation: G1CollectForAllocation
Event: 9.270 Executing VM operation: G1CollectForAllocation done
Event: 9.451 Executing VM operation: ICBufferFull
Event: 9.452 Executing VM operation: ICBufferFull done
Event: 9.584 Executing VM operation: HandshakeAllThreads
Event: 9.584 Executing VM operation: HandshakeAllThreads done
Event: 9.766 Executing VM operation: G1CollectForAllocation
Event: 9.773 Executing VM operation: G1CollectForAllocation done
Event: 10.148 Executing VM operation: ICBufferFull
Event: 10.148 Executing VM operation: ICBufferFull done
Event: 10.508 Executing VM operation: G1CollectForAllocation
Event: 10.515 Executing VM operation: G1CollectForAllocation done

Events (20 events):
Event: 8.503 loading class com/sun/jmx/mbeanserver/StandardMBeanSupport
Event: 8.503 loading class com/sun/jmx/mbeanserver/StandardMBeanSupport done
Event: 8.503 loading class com/sun/jmx/mbeanserver/StandardMBeanIntrospector
Event: 8.503 loading class com/sun/jmx/mbeanserver/StandardMBeanIntrospector done
Event: 8.512 Thread 0x000002c20eb706e0 Thread added: 0x000002c20eb706e0
Event: 8.566 loading class java/io/ObjectOutputStream$BlockDataOutputStream
Event: 8.566 loading class java/io/ObjectOutputStream$BlockDataOutputStream done
Event: 8.566 loading class java/io/ObjectOutputStream$HandleTable
Event: 8.566 loading class java/io/ObjectOutputStream$HandleTable done
Event: 8.566 loading class java/io/ObjectOutputStream$ReplaceTable
Event: 8.566 loading class java/io/ObjectOutputStream$ReplaceTable done
Event: 8.583 loading class java/nio/channels/Channels$1
Event: 8.583 loading class java/nio/channels/Channels$1 done
Event: 8.587 Thread 0x000002c20eb6cd20 Thread added: 0x000002c20eb6cd20
Event: 8.955 loading class java/util/ArrayList$SubList$1
Event: 8.956 loading class java/util/ArrayList$SubList$1 done
Event: 9.454 loading class java/beans/IntrospectionException
Event: 9.454 loading class java/beans/IntrospectionException done
Event: 10.460 loading class java/io/CharArrayWriter
Event: 10.460 loading class java/io/CharArrayWriter done


Dynamic libraries:
0x00007ff6eb330000 - 0x00007ff6eb33a000 	C:\Program Files\Android\Android Studio\jbr\bin\java.exe
0x00007ff9f2cb0000 - 0x00007ff9f2ec4000 	C:\WINDOWS\SYSTEM32\ntdll.dll
0x00007ff9f1900000 - 0x00007ff9f19c2000 	C:\WINDOWS\System32\KERNEL32.DLL
0x00007ff9f0500000 - 0x00007ff9f08a3000 	C:\WINDOWS\System32\KERNELBASE.dll
0x00007ff9f02d0000 - 0x00007ff9f03e1000 	C:\WINDOWS\System32\ucrtbase.dll
0x00007ff97e6b0000 - 0x00007ff97e6c7000 	C:\Program Files\Android\Android Studio\jbr\bin\jli.dll
0x00007ff9ec200000 - 0x00007ff9ec21b000 	C:\Program Files\Android\Android Studio\jbr\bin\VCRUNTIME140.dll
0x00007ff9f16b0000 - 0x00007ff9f185a000 	C:\WINDOWS\System32\USER32.dll
0x00007ff9f00b0000 - 0x00007ff9f00d6000 	C:\WINDOWS\System32\win32u.dll
0x00007ff9d5e40000 - 0x00007ff9d60ce000 	C:\WINDOWS\WinSxS\amd64_microsoft.windows.common-controls_6595b64144ccf1df_6.0.22621.1635_none_270f70857386168e\COMCTL32.dll
0x00007ff9f1f40000 - 0x00007ff9f1f69000 	C:\WINDOWS\System32\GDI32.dll
0x00007ff9f1520000 - 0x00007ff9f15c7000 	C:\WINDOWS\System32\msvcrt.dll
0x00007ff9f0970000 - 0x00007ff9f0a89000 	C:\WINDOWS\System32\gdi32full.dll
0x00007ff9f03f0000 - 0x00007ff9f048a000 	C:\WINDOWS\System32\msvcp_win.dll
0x00007ff9f1f00000 - 0x00007ff9f1f31000 	C:\WINDOWS\System32\IMM32.DLL
0x00007ff9ec2a0000 - 0x00007ff9ec2ac000 	C:\Program Files\Android\Android Studio\jbr\bin\vcruntime140_1.dll
0x00007ff9dccf0000 - 0x00007ff9dcd7d000 	C:\Program Files\Android\Android Studio\jbr\bin\msvcp140.dll
0x00007ff967300000 - 0x00007ff967f6e000 	C:\Program Files\Android\Android Studio\jbr\bin\server\jvm.dll
0x00007ff9f1090000 - 0x00007ff9f113e000 	C:\WINDOWS\System32\ADVAPI32.dll
0x00007ff9f0fd0000 - 0x00007ff9f1074000 	C:\WINDOWS\System32\sechost.dll
0x00007ff9f1dd0000 - 0x00007ff9f1ee7000 	C:\WINDOWS\System32\RPCRT4.dll
0x00007ff9e91b0000 - 0x00007ff9e91e4000 	C:\WINDOWS\SYSTEM32\WINMM.dll
0x00007ff9ddf00000 - 0x00007ff9ddf09000 	C:\WINDOWS\SYSTEM32\WSOCK32.dll
0x00007ff9e3840000 - 0x00007ff9e384a000 	C:\WINDOWS\SYSTEM32\VERSION.dll
0x00007ff9f15d0000 - 0x00007ff9f1641000 	C:\WINDOWS\System32\WS2_32.dll
0x00007ff9ef150000 - 0x00007ff9ef168000 	C:\WINDOWS\SYSTEM32\kernel.appcore.dll
0x00007ff9ddef0000 - 0x00007ff9ddefa000 	C:\Program Files\Android\Android Studio\jbr\bin\jimage.dll
0x00007ff9dbc50000 - 0x00007ff9dbe7e000 	C:\WINDOWS\SYSTEM32\DBGHELP.DLL
0x00007ff9f1f70000 - 0x00007ff9f22f9000 	C:\WINDOWS\System32\combase.dll
0x00007ff9f2b00000 - 0x00007ff9f2bd7000 	C:\WINDOWS\System32\OLEAUT32.dll
0x00007ff9de6c0000 - 0x00007ff9de6f2000 	C:\WINDOWS\SYSTEM32\dbgcore.DLL
0x00007ff9f0250000 - 0x00007ff9f02ca000 	C:\WINDOWS\System32\bcryptPrimitives.dll
0x00007ff9ddec0000 - 0x00007ff9ddee5000 	C:\Program Files\Android\Android Studio\jbr\bin\java.dll
0x00007ff9ddb60000 - 0x00007ff9ddb78000 	C:\Program Files\Android\Android Studio\jbr\bin\zip.dll
0x00007ff9f2300000 - 0x00007ff9f2af9000 	C:\WINDOWS\System32\SHELL32.dll
0x00007ff9ee060000 - 0x00007ff9ee92e000 	C:\WINDOWS\SYSTEM32\windows.storage.dll
0x00007ff9edf20000 - 0x00007ff9ee05e000 	C:\WINDOWS\SYSTEM32\wintypes.dll
0x00007ff9f1c70000 - 0x00007ff9f1d61000 	C:\WINDOWS\System32\SHCORE.dll
0x00007ff9f1650000 - 0x00007ff9f16ae000 	C:\WINDOWS\System32\shlwapi.dll
0x00007ff9effe0000 - 0x00007ff9f0006000 	C:\WINDOWS\SYSTEM32\profapi.dll
0x00007ff9ddb40000 - 0x00007ff9ddb59000 	C:\Program Files\Android\Android Studio\jbr\bin\net.dll
0x00007ff9e8d40000 - 0x00007ff9e8e77000 	C:\WINDOWS\SYSTEM32\WINHTTP.dll
0x00007ff9ef610000 - 0x00007ff9ef679000 	C:\WINDOWS\system32\mswsock.dll
0x00007ff9dd120000 - 0x00007ff9dd136000 	C:\Program Files\Android\Android Studio\jbr\bin\nio.dll
0x00007ff9dd110000 - 0x00007ff9dd120000 	C:\Program Files\Android\Android Studio\jbr\bin\verify.dll
0x00007ff9dda90000 - 0x00007ff9ddab7000 	C:\Users\Mehmet emin\.gradle\native\e1d6ef7f7dcc3fd88c89a11ec53ec762bb8ba0a96d01ffa2cd45eb1d1d8dd5c5\windows-amd64\native-platform.dll
0x00007ff9d9700000 - 0x00007ff9d9844000 	C:\Users\Mehmet emin\.gradle\native\0d407fdbe67a94daf76414ababcb853783967236a71b16ec16e742cd7a986fd3\windows-amd64\native-platform-file-events.dll
0x00007ff9a4720000 - 0x00007ff9a4729000 	C:\Program Files\Android\Android Studio\jbr\bin\management.dll
0x00007ff98dee0000 - 0x00007ff98deeb000 	C:\Program Files\Android\Android Studio\jbr\bin\management_ext.dll
0x00007ff9f1370000 - 0x00007ff9f1378000 	C:\WINDOWS\System32\PSAPI.DLL
0x00007ff9ef930000 - 0x00007ff9ef94b000 	C:\WINDOWS\SYSTEM32\CRYPTSP.dll
0x00007ff9ef110000 - 0x00007ff9ef145000 	C:\WINDOWS\system32\rsaenh.dll
0x00007ff9ef6b0000 - 0x00007ff9ef6dc000 	C:\WINDOWS\SYSTEM32\USERENV.dll
0x00007ff9efa60000 - 0x00007ff9efa88000 	C:\WINDOWS\SYSTEM32\bcrypt.dll
0x00007ff9ef910000 - 0x00007ff9ef91c000 	C:\WINDOWS\SYSTEM32\CRYPTBASE.dll
0x00007ff9eec00000 - 0x00007ff9eec2d000 	C:\WINDOWS\SYSTEM32\IPHLPAPI.DLL
0x00007ff9f1ef0000 - 0x00007ff9f1ef9000 	C:\WINDOWS\System32\NSI.dll
0x00007ff9e84b0000 - 0x00007ff9e84c9000 	C:\WINDOWS\SYSTEM32\dhcpcsvc6.DLL
0x00007ff9e8c40000 - 0x00007ff9e8c5f000 	C:\WINDOWS\SYSTEM32\dhcpcsvc.DLL
0x00007ff9eec70000 - 0x00007ff9eed63000 	C:\WINDOWS\SYSTEM32\DNSAPI.dll
0x00007ff9d3760000 - 0x00007ff9d3768000 	C:\WINDOWS\system32\wshunix.dll

dbghelp: loaded successfully - version: 4.0.5 - missing functions: none
symbol engine: initialized successfully - sym options: 0x614 - pdb path: .;C:\Program Files\Android\Android Studio\jbr\bin;C:\WINDOWS\SYSTEM32;C:\WINDOWS\WinSxS\amd64_microsoft.windows.common-controls_6595b64144ccf1df_6.0.22621.1635_none_270f70857386168e;C:\Program Files\Android\Android Studio\jbr\bin\server;C:\Users\Mehmet emin\.gradle\native\e1d6ef7f7dcc3fd88c89a11ec53ec762bb8ba0a96d01ffa2cd45eb1d1d8dd5c5\windows-amd64;C:\Users\Mehmet emin\.gradle\native\0d407fdbe67a94daf76414ababcb853783967236a71b16ec16e742cd7a986fd3\windows-amd64

VM Arguments:
jvm_args: --add-opens=java.base/java.util=ALL-UNNAMED --add-opens=java.base/java.lang=ALL-UNNAMED --add-opens=java.base/java.lang.invoke=ALL-UNNAMED --add-opens=java.base/java.util=ALL-UNNAMED --add-opens=java.prefs/java.util.prefs=ALL-UNNAMED --add-opens=java.prefs/java.util.prefs=ALL-UNNAMED --add-opens=java.base/java.nio.charset=ALL-UNNAMED --add-opens=java.base/java.net=ALL-UNNAMED --add-opens=java.base/java.util.concurrent.atomic=ALL-UNNAMED -Xmx4608m -Dfile.encoding=UTF-8 -Duser.country=TR -Duser.language=tr -Duser.variant 
java_command: org.gradle.launcher.daemon.bootstrap.GradleDaemon 7.5
java_class_path (initial): C:\Users\Mehmet emin\.gradle\wrapper\dists\gradle-7.5-bin\f1w0cc9nuo0eivz97x2xlu9sv\gradle-7.5\lib\gradle-launcher-7.5.jar
Launcher Type: SUN_STANDARD

[Global flags]
     intx CICompilerCount                          = 4                                         {product} {ergonomic}
     uint ConcGCThreads                            = 2                                         {product} {ergonomic}
     uint G1ConcRefinementThreads                  = 8                                         {product} {ergonomic}
   size_t G1HeapRegionSize                         = 4194304                                   {product} {ergonomic}
    uintx GCDrainStackTargetSize                   = 64                                        {product} {ergonomic}
   size_t InitialHeapSize                          = 134217728                                 {product} {ergonomic}
   size_t MarkStackSize                            = 4194304                                   {product} {ergonomic}
   size_t MaxHeapSize                              = 4831838208                                {product} {command line}
   size_t MaxNewSize                               = 2898264064                                {product} {ergonomic}
   size_t MinHeapDeltaBytes                        = 4194304                                   {product} {ergonomic}
   size_t MinHeapSize                              = 8388608                                   {product} {ergonomic}
    uintx NonNMethodCodeHeapSize                   = 5839372                                {pd product} {ergonomic}
    uintx NonProfiledCodeHeapSize                  = 122909434                              {pd product} {ergonomic}
    uintx ProfiledCodeHeapSize                     = 122909434                              {pd product} {ergonomic}
    uintx ReservedCodeCacheSize                    = 251658240                              {pd product} {ergonomic}
     bool SegmentedCodeCache                       = true                                      {product} {ergonomic}
   size_t SoftMaxHeapSize                          = 4831838208                             {manageable} {ergonomic}
     bool UseCompressedClassPointers               = true                           {product lp64_product} {ergonomic}
     bool UseCompressedOops                        = true                           {product lp64_product} {ergonomic}
     bool UseG1GC                                  = true                                      {product} {ergonomic}
     bool UseLargePagesIndividualAllocation        = false                                  {pd product} {ergonomic}

Logging:
Log output configuration:
 #0: stdout all=warning uptime,level,tags
 #1: stderr all=off uptime,level,tags

Environment Variables:
JAVA_HOME=C:\Program Files\Java\jdk1.8.0_202
PATH=C:\Program Files (x86)\Common Files\Oracle\Java\javapath;C:\Program Files\Common Files\Oracle\Java\javapath;C:\ProgramData\Oracle\Java\javapath;C:\texlive\2000\bin\win32;C:\Windows\system32;C:\Windows;C:\Windows\System32\Wbem;C:\Windows\System32\WindowsPowerShell\v1.0\;C:\Windows\System32\OpenSSH\;C:\Program Files\NVIDIA Corporation\NVIDIA NvDLISR;C:\Program Files (x86)\NVIDIA Corporation\PhysX\Common;C:\Program Files\dotnet\;C:\Program Files\Microsoft SQL Server\130\Tools\Binn\;C:\Program Files\Microsoft SQL Server\Client SDK\ODBC\170\Tools\Binn\;C:\Program Files\Git\cmd;C:\WINDOWS\system32;C:\WINDOWS;C:\WINDOWS\System32\Wbem;C:\WINDOWS\System32\WindowsPowerShell\v1.0\;C:\WINDOWS\System32\OpenSSH\;C:\Program Files\Cloudflare\Cloudflare WARP;C:\Program Files\Java\jdk1.8.0_202\bin;C:\Users\Mehmet emin\AppData\Local\Programs\Python\Python310\Scripts\;C:\Users\Mehmet emin\AppData\Local\Programs\Python\Python310\;C:\Program Files\MySQL\MySQL Shell 8.0\bin\;C:\Users\Mehmet emin\AppData\Local\Microsoft\WindowsApps;C:\Users\Mehmet emin\.dotnet\tools;C:\Users\Mehmet emin\AppData\Local\Programs\Microsoft VS Code\bin;C:\Users\Mehmet emin\AppData\Local\GitHubDesktop\bin;C:\src\flutter\bin;C:\Program Files\Java\jdk1.8.0_202\bin;
USERNAME=Mehmet emin
OS=Windows_NT
PROCESSOR_IDENTIFIER=Intel64 Family 6 Model 158 Stepping 10, GenuineIntel
TMP=C:\Users\MEHMET~1\AppData\Local\Temp
TEMP=C:\Users\MEHMET~1\AppData\Local\Temp


JNI global refs:
JNI global refs: 27, weak refs: 10

JNI global refs memory usage: 843, weak refs: 841


---------------  S Y S T E M  ---------------

OS:
 Windows 11 , 64 bit Build 22621 (10.0.22621.1928)
OS uptime: 1 days 0:32 hours
Hyper-V role detected

CPU: total 8 (initial active 8) (4 cores per cpu, 2 threads per core) family 6 model 158 stepping 10 microcode 0xde, cx8, cmov, fxsr, ht, mmx, 3dnowpref, sse, sse2, sse3, ssse3, sse4.1, sse4.2, popcnt, lzcnt, tsc, tscinvbit, avx, avx2, aes, erms, clmul, bmi1, bmi2, adx, fma, vzeroupper, clflush, clflushopt, hv

Memory: 4k page, system-wide physical 7992M (365M free)
TotalPageFile size 12088M (AvailPageFile size 5M)
current process WorkingSet (physical memory assigned to process): 454M, peak: 455M
current process commit charge ("private bytes"): 498M, peak: 500M

vm_info: OpenJDK 64-Bit Server VM (17.0.6+0-b2043.56-10027231) for windows-amd64 JRE (17.0.6+0-b2043.56-10027231), built on Apr 28 2023 00:43:19 by "androidbuild" with MS VC++ 16.10 / 16.11 (VS2019)

END.
