#
# There is insufficient memory for the Java Runtime Environment to continue.
# Native memory allocation (malloc) failed to allocate 1443856 bytes for Chunk::new
# Possible reasons:
#   The system is out of physical RAM or swap space
#   The process is running with CompressedOops enabled, and the Java Heap may be blocking the growth of the native heap
# Possible solutions:
#   Reduce memory load on the system
#   Increase physical memory or swap space
#   Check if swap backing store is full
#   Decrease Java heap size (-Xmx/-Xms)
#   Decrease number of Java threads
#   Decrease Java thread stack sizes (-Xss)
#   Set larger code cache with -XX:ReservedCodeCacheSize=
#   JVM is running with Unscaled Compressed Oops mode in which the Java heap is
#     placed in the first 4GB address space. The Java Heap base address is the
#     maximum limit for the native heap growth. Please use -XX:HeapBaseMinAddress
#     to set the Java Heap base and to place the Java Heap above 4GB virtual address.
# This output file may be truncated or incomplete.
#
#  Out of Memory Error (./src/hotspot/share/memory/arena.cpp:197), pid=10676, tid=5532
#
# JRE version: OpenJDK Runtime Environment (11.0.12+7) (build 11.0.12+7-b1504.28-7817840)
# Java VM: OpenJDK 64-Bit Server VM (11.0.12+7-b1504.28-7817840, mixed mode, tiered, compressed oops, g1 gc, windows-amd64)
# No core dump will be written. Minidumps are not enabled by default on client versions of Windows
#

---------------  S U M M A R Y ------------

Command Line: --add-opens=java.base/java.util=ALL-UNNAMED --add-opens=java.base/java.lang=ALL-UNNAMED --add-opens=java.base/java.lang.invoke=ALL-UNNAMED --add-opens=java.base/java.util=ALL-UNNAMED --add-opens=java.prefs/java.util.prefs=ALL-UNNAMED --add-opens=java.prefs/java.util.prefs=ALL-UNNAMED --add-opens=java.base/java.nio.charset=ALL-UNNAMED --add-opens=java.base/java.net=ALL-UNNAMED --add-opens=java.base/java.util.concurrent.atomic=ALL-UNNAMED -Xmx2048m -Dfile.encoding=UTF-8 -Duser.country=TR -Duser.language=tr -Duser.variant org.gradle.launcher.daemon.bootstrap.GradleDaemon 7.3.3

Host: Intel(R) Core(TM) i5-9300H CPU @ 2.40GHz, 8 cores, 7G,  Windows 10 , 64 bit Build 22621 (10.0.22621.1928)
Time: Wed Jul 26 13:45:44 2023 Türkiye Standart Saati elapsed time: 7.552069 seconds (0d 0h 0m 7s)

---------------  T H R E A D  ---------------

Current thread (0x000001dbb11b1000):  JavaThread "C2 CompilerThread1" daemon [_thread_in_native, id=5532, stack(0x000000c0bca00000,0x000000c0bcb00000)]


Current CompileTask:
C2:   7552 6926       4       java.lang.Class::getMethodsRecursive (99 bytes)

Stack: [0x000000c0bca00000,0x000000c0bcb00000]
Native frames: (J=compiled Java code, j=interpreted, Vv=VM code, C=native code)
V  [jvm.dll+0x5fbcea]
V  [jvm.dll+0x731905]
V  [jvm.dll+0x732f1d]
V  [jvm.dll+0x7335d3]
V  [jvm.dll+0x247bf8]
V  [jvm.dll+0xc018c]
V  [jvm.dll+0xc06cc]
V  [jvm.dll+0x35b31d]
V  [jvm.dll+0x328803]
V  [jvm.dll+0x327cfa]
V  [jvm.dll+0x200602]
V  [jvm.dll+0x1ff794]
V  [jvm.dll+0x18868c]
V  [jvm.dll+0x20e0d7]
V  [jvm.dll+0x20c901]
V  [jvm.dll+0x6f9b7f]
V  [jvm.dll+0x6f26a5]
V  [jvm.dll+0x5fabf6]
C  [ucrtbase.dll+0x29363]
C  [KERNEL32.DLL+0x126ad]
C  [ntdll.dll+0x5aa68]


---------------  P R O C E S S  ---------------

Threads class SMR info:
_java_thread_list=0x000001dbb5cb3d10, length=125, elements={
0x000001db9194b800, 0x000001dbadfee800, 0x000001dbae7f1800, 0x000001dbae811000,
0x000001dbae812800, 0x000001dbae814800, 0x000001dbae815800, 0x000001dbae817000,
0x000001dbae818000, 0x000001dbae9bc000, 0x000001dbb11ef000, 0x000001dbb0e2b800,
0x000001dbaf70e000, 0x000001dbb1995000, 0x000001dbb1650800, 0x000001dbb16c1000,
0x000001dbb1955800, 0x000001dbb1844000, 0x000001dbafa79000, 0x000001dbb03c6800,
0x000001dbb03c3800, 0x000001dbb03c7800, 0x000001dbb03c4000, 0x000001dbb11b1000,
0x000001dbb03c2000, 0x000001dbb03c6000, 0x000001dbb03c8800, 0x000001dbb1f99800,
0x000001dbb03c2800, 0x000001dbb03c5000, 0x000001dbb4685000, 0x000001dbb4681000,
0x000001dbb4680000, 0x000001dbb4686800, 0x000001dbb4688800, 0x000001dbb4684800,
0x000001dbb4682800, 0x000001dbb4689000, 0x000001dbb4683800, 0x000001dbb468b800,
0x000001dbb468c800, 0x000001dbb468e000, 0x000001dbb468f000, 0x000001dbb468a000,
0x000001dbb468d800, 0x000001dbb468b000, 0x000001dbb409b800, 0x000001dbb409e000,
0x000001dbb409d000, 0x000001dbb409a000, 0x000001dbb4099000, 0x000001dbb4098000,
0x000001dbb409a800, 0x000001dbb409f000, 0x000001dbb40a0800, 0x000001dbb409f800,
0x000001dbb40a1000, 0x000001dbb40a2000, 0x000001dbb409c800, 0x000001dbb40a7000,
0x000001dbb40a3000, 0x000001dbb40a4800, 0x000001dbb40a5800, 0x000001dbb40a6000,
0x000001dbb40a3800, 0x000001dbb4674800, 0x000001dbb4672000, 0x000001dbb4671000,
0x000001dbb4673800, 0x000001dbb4670000, 0x000001dbb4678800, 0x000001dbb4675000,
0x000001dbb4676000, 0x000001dbb4672800, 0x000001dbb4679000, 0x000001dbb467b800,
0x000001dbb467c800, 0x000001dbb467a000, 0x000001dbb4677800, 0x000001dbb467b000,
0x000001dbb4676800, 0x000001dbb467d000, 0x000001dbb467e000, 0x000001dbb467f000,
0x000001dbb5968800, 0x000001dbb596b800, 0x000001dbb5967800, 0x000001dbb596b000,
0x000001dbb596c800, 0x000001dbb5967000, 0x000001dbb596d800, 0x000001dbb596e000,
0x000001dbb5969000, 0x000001dbb596a000, 0x000001dbb5974000, 0x000001dbb5974800,
0x000001dbb5970000, 0x000001dbb5970800, 0x000001dbb5971800, 0x000001dbb5972000,
0x000001dbb5973000, 0x000001dbb596f000, 0x000001dbb5975800, 0x000001dbb5bca800,
0x000001dbb5bcc800, 0x000001dbb5bcd800, 0x000001dbb5bd0000, 0x000001dbb5bcb000,
0x000001dbb5bce800, 0x000001dbb5bd1000, 0x000001dbb5bcf000, 0x000001dbb5bd1800,
0x000001dbb5bcc000, 0x000001dbb5bd5000, 0x000001dbb5bd4000, 0x000001dbb5bd5800,
0x000001dbb5bd8000, 0x000001dbb5bd7800, 0x000001dbb5bd2800, 0x000001dbb5bd6800,
0x000001dbb5bd9000, 0x000001dbb5bd3800, 0x000001dbb1220000, 0x000001dbb121e000,
0x000001dbb1221800
}

Java Threads: ( => current thread )
  0x000001db9194b800 JavaThread "main" [_thread_blocked, id=3580, stack(0x000000c0ba400000,0x000000c0ba500000)]
  0x000001dbadfee800 JavaThread "Reference Handler" daemon [_thread_blocked, id=14340, stack(0x000000c0bab00000,0x000000c0bac00000)]
  0x000001dbae7f1800 JavaThread "Finalizer" daemon [_thread_blocked, id=5928, stack(0x000000c0bac00000,0x000000c0bad00000)]
  0x000001dbae811000 JavaThread "Signal Dispatcher" daemon [_thread_blocked, id=4288, stack(0x000000c0bad00000,0x000000c0bae00000)]
  0x000001dbae812800 JavaThread "Attach Listener" daemon [_thread_blocked, id=5340, stack(0x000000c0bae00000,0x000000c0baf00000)]
  0x000001dbae814800 JavaThread "Service Thread" daemon [_thread_blocked, id=15812, stack(0x000000c0baf00000,0x000000c0bb000000)]
  0x000001dbae815800 JavaThread "C2 CompilerThread0" daemon [_thread_in_native, id=3788, stack(0x000000c0bb000000,0x000000c0bb100000)]
  0x000001dbae817000 JavaThread "C1 CompilerThread0" daemon [_thread_blocked, id=1692, stack(0x000000c0bb100000,0x000000c0bb200000)]
  0x000001dbae818000 JavaThread "Sweeper thread" daemon [_thread_blocked, id=10712, stack(0x000000c0bb200000,0x000000c0bb300000)]
  0x000001dbae9bc000 JavaThread "Common-Cleaner" daemon [_thread_blocked, id=13520, stack(0x000000c0bb300000,0x000000c0bb400000)]
  0x000001dbb11ef000 JavaThread "Daemon health stats" [_thread_blocked, id=16192, stack(0x000000c0bb900000,0x000000c0bba00000)]
  0x000001dbb0e2b800 JavaThread "Incoming local TCP Connector on port 60045" [_thread_in_native, id=9308, stack(0x000000c0bb500000,0x000000c0bb600000)]
  0x000001dbaf70e000 JavaThread "Daemon periodic checks" [_thread_blocked, id=11416, stack(0x000000c0bb800000,0x000000c0bb900000)]
  0x000001dbb1995000 JavaThread "Daemon" [_thread_blocked, id=8096, stack(0x000000c0bba00000,0x000000c0bbb00000)]
  0x000001dbb1650800 JavaThread "Handler for socket connection from /127.0.0.1:60045 to /127.0.0.1:60046" [_thread_in_native, id=16452, stack(0x000000c0bbb00000,0x000000c0bbc00000)]
  0x000001dbb16c1000 JavaThread "Cancel handler" [_thread_blocked, id=17324, stack(0x000000c0bbc00000,0x000000c0bbd00000)]
  0x000001dbb1955800 JavaThread "Daemon worker" [_thread_in_Java, id=4128, stack(0x000000c0bbd00000,0x000000c0bbe00000)]
  0x000001dbb1844000 JavaThread "Asynchronous log dispatcher for DefaultDaemonConnection: socket connection from /127.0.0.1:60045 to /127.0.0.1:60046" [_thread_blocked, id=9336, stack(0x000000c0bbe00000,0x000000c0bbf00000)]
  0x000001dbafa79000 JavaThread "Stdin handler" [_thread_blocked, id=14628, stack(0x000000c0bbf00000,0x000000c0bc000000)]
  0x000001dbb03c6800 JavaThread "Daemon client event forwarder" [_thread_blocked, id=13724, stack(0x000000c0bc000000,0x000000c0bc100000)]
  0x000001dbb03c3800 JavaThread "Cache worker for journal cache (C:\Users\Mehmet emin\.gradle\caches\journal-1)" [_thread_blocked, id=3132, stack(0x000000c0bc600000,0x000000c0bc700000)]
  0x000001dbb03c7800 JavaThread "File lock request listener" [_thread_in_native, id=15688, stack(0x000000c0bc700000,0x000000c0bc800000)]
  0x000001dbb03c4000 JavaThread "Cache worker for file hash cache (C:\Users\Mehmet emin\.gradle\caches\7.3.3\fileHashes)" [_thread_blocked, id=9324, stack(0x000000c0bc800000,0x000000c0bc900000)]
=>0x000001dbb11b1000 JavaThread "C2 CompilerThread1" daemon [_thread_in_native, id=5532, stack(0x000000c0bca00000,0x000000c0bcb00000)]
  0x000001dbb03c2000 JavaThread "Cache worker for file hash cache (C:\Users\Mehmet emin\StudioProjects\UrunTakipOtomasyonQR\.gradle\7.3.3\fileHashes)" [_thread_blocked, id=5600, stack(0x000000c0bcb00000,0x000000c0bcc00000)]
  0x000001dbb03c6000 JavaThread "File watcher server" daemon [_thread_in_native, id=1776, stack(0x000000c0bcc00000,0x000000c0bcd00000)]
  0x000001dbb03c8800 JavaThread "File watcher consumer" daemon [_thread_blocked, id=8480, stack(0x000000c0bcd00000,0x000000c0bce00000)]
  0x000001dbb1f99800 JavaThread "C2 CompilerThread2" daemon [_thread_in_native, id=3200, stack(0x000000c0bce00000,0x000000c0bcf00000)]
  0x000001dbb03c2800 JavaThread "Cache worker for checksums cache (C:\Users\Mehmet emin\StudioProjects\UrunTakipOtomasyonQR\.gradle\7.3.3\checksums)" [_thread_blocked, id=11428, stack(0x000000c0bcf00000,0x000000c0bd000000)]
  0x000001dbb03c5000 JavaThread "Cache worker for cache directory md-supplier (C:\Users\Mehmet emin\.gradle\caches\7.3.3\md-supplier)" [_thread_blocked, id=14352, stack(0x000000c0bd000000,0x000000c0bd100000)]
  0x000001dbb4685000 JavaThread "Cache worker for cache directory md-rule (C:\Users\Mehmet emin\.gradle\caches\7.3.3\md-rule)" [_thread_blocked, id=16148, stack(0x000000c0bd100000,0x000000c0bd200000)]
  0x000001dbb4681000 JavaThread "Cache worker for execution history cache (C:\Users\Mehmet emin\.gradle\caches\7.3.3\executionHistory)" [_thread_blocked, id=17972, stack(0x000000c0bd200000,0x000000c0bd300000)]
  0x000001dbb4680000 JavaThread "jar transforms" [_thread_blocked, id=11368, stack(0x000000c0bd300000,0x000000c0bd400000)]
  0x000001dbb4686800 JavaThread "Cache worker for file content cache (C:\Users\Mehmet emin\.gradle\caches\7.3.3\fileContent)" [_thread_blocked, id=15384, stack(0x000000c0bd400000,0x000000c0bd500000)]
  0x000001dbb4688800 JavaThread "jar transforms Thread 2" [_thread_blocked, id=8064, stack(0x000000c0bd500000,0x000000c0bd600000)]
  0x000001dbb4684800 JavaThread "Cache worker for dependencies-accessors (C:\Users\Mehmet emin\StudioProjects\UrunTakipOtomasyonQR\.gradle\7.3.3\dependencies-accessors)" [_thread_blocked, id=3604, stack(0x000000c0bd600000,0x000000c0bd700000)]
  0x000001dbb4682800 JavaThread "jar transforms Thread 3" [_thread_blocked, id=18220, stack(0x000000c0bd700000,0x000000c0bd800000)]
  0x000001dbb4689000 JavaThread "Cache worker for Build Output Cleanup Cache (C:\Users\Mehmet emin\StudioProjects\UrunTakipOtomasyonQR\.gradle\buildOutputCleanup)" [_thread_blocked, id=172, stack(0x000000c0bd800000,0x000000c0bd900000)]
  0x000001dbb4683800 JavaThread "Unconstrained build operations" [_thread_blocked, id=11484, stack(0x000000c0bd900000,0x000000c0bda00000)]
  0x000001dbb468b800 JavaThread "Unconstrained build operations Thread 2" [_thread_blocked, id=3556, stack(0x000000c0bda00000,0x000000c0bdb00000)]
  0x000001dbb468c800 JavaThread "Unconstrained build operations Thread 3" [_thread_blocked, id=17304, stack(0x000000c0bdb00000,0x000000c0bdc00000)]
  0x000001dbb468e000 JavaThread "Unconstrained build operations Thread 4" [_thread_blocked, id=15284, stack(0x000000c0bdc00000,0x000000c0bdd00000)]
  0x000001dbb468f000 JavaThread "Unconstrained build operations Thread 5" [_thread_blocked, id=17260, stack(0x000000c0bdd00000,0x000000c0bde00000)]
  0x000001dbb468a000 JavaThread "Unconstrained build operations Thread 6" [_thread_blocked, id=12452, stack(0x000000c0bde00000,0x000000c0bdf00000)]
  0x000001dbb468d800 JavaThread "Unconstrained build operations Thread 7" [_thread_blocked, id=12388, stack(0x000000c0bdf00000,0x000000c0be000000)]
  0x000001dbb468b000 JavaThread "Unconstrained build operations Thread 8" [_thread_blocked, id=7116, stack(0x000000c0be000000,0x000000c0be100000)]
  0x000001dbb409b800 JavaThread "Unconstrained build operations Thread 9" [_thread_blocked, id=12876, stack(0x000000c0be100000,0x000000c0be200000)]
  0x000001dbb409e000 JavaThread "Unconstrained build operations Thread 10" [_thread_blocked, id=9380, stack(0x000000c0be200000,0x000000c0be300000)]
  0x000001dbb409d000 JavaThread "Unconstrained build operations Thread 11" [_thread_blocked, id=18368, stack(0x000000c0be300000,0x000000c0be400000)]
  0x000001dbb409a000 JavaThread "Unconstrained build operations Thread 12" [_thread_blocked, id=16220, stack(0x000000c0be400000,0x000000c0be500000)]
  0x000001dbb4099000 JavaThread "Unconstrained build operations Thread 13" [_thread_blocked, id=15996, stack(0x000000c0be500000,0x000000c0be600000)]
  0x000001dbb4098000 JavaThread "Unconstrained build operations Thread 14" [_thread_blocked, id=14592, stack(0x000000c0be600000,0x000000c0be700000)]
  0x000001dbb409a800 JavaThread "Unconstrained build operations Thread 15" [_thread_blocked, id=18144, stack(0x000000c0be700000,0x000000c0be800000)]
  0x000001dbb409f000 JavaThread "Unconstrained build operations Thread 16" [_thread_blocked, id=7524, stack(0x000000c0be800000,0x000000c0be900000)]
  0x000001dbb40a0800 JavaThread "Unconstrained build operations Thread 17" [_thread_blocked, id=348, stack(0x000000c0be900000,0x000000c0bea00000)]
  0x000001dbb409f800 JavaThread "Unconstrained build operations Thread 18" [_thread_blocked, id=14584, stack(0x000000c0bea00000,0x000000c0beb00000)]
  0x000001dbb40a1000 JavaThread "Unconstrained build operations Thread 19" [_thread_blocked, id=16040, stack(0x000000c0beb00000,0x000000c0bec00000)]
  0x000001dbb40a2000 JavaThread "Unconstrained build operations Thread 20" [_thread_blocked, id=12340, stack(0x000000c0bec00000,0x000000c0bed00000)]
  0x000001dbb409c800 JavaThread "Unconstrained build operations Thread 21" [_thread_blocked, id=1660, stack(0x000000c0bed00000,0x000000c0bee00000)]
  0x000001dbb40a7000 JavaThread "Unconstrained build operations Thread 22" [_thread_blocked, id=2144, stack(0x000000c0bee00000,0x000000c0bef00000)]
  0x000001dbb40a3000 JavaThread "Unconstrained build operations Thread 23" [_thread_blocked, id=16540, stack(0x000000c0bef00000,0x000000c0bf000000)]
  0x000001dbb40a4800 JavaThread "Unconstrained build operations Thread 24" [_thread_blocked, id=15040, stack(0x000000c0bf000000,0x000000c0bf100000)]
  0x000001dbb40a5800 JavaThread "Unconstrained build operations Thread 25" [_thread_blocked, id=18272, stack(0x000000c0bf100000,0x000000c0bf200000)]
  0x000001dbb40a6000 JavaThread "Unconstrained build operations Thread 26" [_thread_blocked, id=10716, stack(0x000000c0bf200000,0x000000c0bf300000)]
  0x000001dbb40a3800 JavaThread "Unconstrained build operations Thread 27" [_thread_blocked, id=18140, stack(0x000000c0bf300000,0x000000c0bf400000)]
  0x000001dbb4674800 JavaThread "Unconstrained build operations Thread 28" [_thread_blocked, id=18244, stack(0x000000c0bf400000,0x000000c0bf500000)]
  0x000001dbb4672000 JavaThread "Unconstrained build operations Thread 29" [_thread_blocked, id=17412, stack(0x000000c0bf500000,0x000000c0bf600000)]
  0x000001dbb4671000 JavaThread "Unconstrained build operations Thread 30" [_thread_blocked, id=13792, stack(0x000000c0bf600000,0x000000c0bf700000)]
  0x000001dbb4673800 JavaThread "Unconstrained build operations Thread 31" [_thread_blocked, id=13908, stack(0x000000c0bf700000,0x000000c0bf800000)]
  0x000001dbb4670000 JavaThread "Unconstrained build operations Thread 32" [_thread_blocked, id=18064, stack(0x000000c0bf800000,0x000000c0bf900000)]
  0x000001dbb4678800 JavaThread "Unconstrained build operations Thread 33" [_thread_blocked, id=12252, stack(0x000000c0bf900000,0x000000c0bfa00000)]
  0x000001dbb4675000 JavaThread "Unconstrained build operations Thread 34" [_thread_blocked, id=9788, stack(0x000000c0bfa00000,0x000000c0bfb00000)]
  0x000001dbb4676000 JavaThread "Unconstrained build operations Thread 35" [_thread_blocked, id=15792, stack(0x000000c0bfb00000,0x000000c0bfc00000)]
  0x000001dbb4672800 JavaThread "Unconstrained build operations Thread 36" [_thread_blocked, id=9736, stack(0x000000c0bfc00000,0x000000c0bfd00000)]
  0x000001dbb4679000 JavaThread "Unconstrained build operations Thread 37" [_thread_blocked, id=11664, stack(0x000000c0bfd00000,0x000000c0bfe00000)]
  0x000001dbb467b800 JavaThread "Unconstrained build operations Thread 38" [_thread_blocked, id=3588, stack(0x000000c0bfe00000,0x000000c0bff00000)]
  0x000001dbb467c800 JavaThread "Unconstrained build operations Thread 39" [_thread_blocked, id=15964, stack(0x000000c0bff00000,0x000000c0c0000000)]
  0x000001dbb467a000 JavaThread "Unconstrained build operations Thread 40" [_thread_blocked, id=2424, stack(0x000000c0c0000000,0x000000c0c0100000)]
  0x000001dbb4677800 JavaThread "Unconstrained build operations Thread 41" [_thread_blocked, id=9348, stack(0x000000c0c0100000,0x000000c0c0200000)]
  0x000001dbb467b000 JavaThread "Unconstrained build operations Thread 42" [_thread_blocked, id=1988, stack(0x000000c0c0200000,0x000000c0c0300000)]
  0x000001dbb4676800 JavaThread "Unconstrained build operations Thread 43" [_thread_blocked, id=3744, stack(0x000000c0c0300000,0x000000c0c0400000)]
  0x000001dbb467d000 JavaThread "Unconstrained build operations Thread 44" [_thread_blocked, id=11392, stack(0x000000c0c0400000,0x000000c0c0500000)]
  0x000001dbb467e000 JavaThread "Unconstrained build operations Thread 45" [_thread_blocked, id=11404, stack(0x000000c0c0500000,0x000000c0c0600000)]
  0x000001dbb467f000 JavaThread "Unconstrained build operations Thread 46" [_thread_blocked, id=4904, stack(0x000000c0c0600000,0x000000c0c0700000)]
  0x000001dbb5968800 JavaThread "Unconstrained build operations Thread 47" [_thread_blocked, id=17004, stack(0x000000c0c0700000,0x000000c0c0800000)]
  0x000001dbb596b800 JavaThread "Unconstrained build operations Thread 48" [_thread_blocked, id=11508, stack(0x000000c0c0800000,0x000000c0c0900000)]
  0x000001dbb5967800 JavaThread "Unconstrained build operations Thread 49" [_thread_blocked, id=15380, stack(0x000000c0c0900000,0x000000c0c0a00000)]
  0x000001dbb596b000 JavaThread "Unconstrained build operations Thread 50" [_thread_blocked, id=7512, stack(0x000000c0c0a00000,0x000000c0c0b00000)]
  0x000001dbb596c800 JavaThread "Unconstrained build operations Thread 51" [_thread_blocked, id=8460, stack(0x000000c0c0b00000,0x000000c0c0c00000)]
  0x000001dbb5967000 JavaThread "Unconstrained build operations Thread 52" [_thread_blocked, id=13136, stack(0x000000c0c0c00000,0x000000c0c0d00000)]
  0x000001dbb596d800 JavaThread "Unconstrained build operations Thread 53" [_thread_blocked, id=7100, stack(0x000000c0c0d00000,0x000000c0c0e00000)]
  0x000001dbb596e000 JavaThread "Unconstrained build operations Thread 54" [_thread_blocked, id=11688, stack(0x000000c0c0e00000,0x000000c0c0f00000)]
  0x000001dbb5969000 JavaThread "Unconstrained build operations Thread 55" [_thread_blocked, id=2476, stack(0x000000c0c0f00000,0x000000c0c1000000)]
  0x000001dbb596a000 JavaThread "Unconstrained build operations Thread 56" [_thread_blocked, id=13392, stack(0x000000c0c1000000,0x000000c0c1100000)]
  0x000001dbb5974000 JavaThread "Unconstrained build operations Thread 57" [_thread_blocked, id=11708, stack(0x000000c0c1100000,0x000000c0c1200000)]
  0x000001dbb5974800 JavaThread "Unconstrained build operations Thread 58" [_thread_blocked, id=13240, stack(0x000000c0c1200000,0x000000c0c1300000)]
  0x000001dbb5970000 JavaThread "Unconstrained build operations Thread 59" [_thread_blocked, id=11168, stack(0x000000c0c1300000,0x000000c0c1400000)]
  0x000001dbb5970800 JavaThread "Unconstrained build operations Thread 60" [_thread_blocked, id=1332, stack(0x000000c0c1400000,0x000000c0c1500000)]
  0x000001dbb5971800 JavaThread "Unconstrained build operations Thread 61" [_thread_blocked, id=16324, stack(0x000000c0c1500000,0x000000c0c1600000)]
  0x000001dbb5972000 JavaThread "Unconstrained build operations Thread 62" [_thread_blocked, id=15080, stack(0x000000c0c1600000,0x000000c0c1700000)]
  0x000001dbb5973000 JavaThread "Unconstrained build operations Thread 63" [_thread_blocked, id=13128, stack(0x000000c0c1700000,0x000000c0c1800000)]
  0x000001dbb596f000 JavaThread "Unconstrained build operations Thread 64" [_thread_blocked, id=2888, stack(0x000000c0c1800000,0x000000c0c1900000)]
  0x000001dbb5975800 JavaThread "Unconstrained build operations Thread 65" [_thread_blocked, id=16752, stack(0x000000c0c1900000,0x000000c0c1a00000)]
  0x000001dbb5bca800 JavaThread "Unconstrained build operations Thread 66" [_thread_blocked, id=17120, stack(0x000000c0c1a00000,0x000000c0c1b00000)]
  0x000001dbb5bcc800 JavaThread "Unconstrained build operations Thread 67" [_thread_blocked, id=13380, stack(0x000000c0c1b00000,0x000000c0c1c00000)]
  0x000001dbb5bcd800 JavaThread "Unconstrained build operations Thread 68" [_thread_blocked, id=10900, stack(0x000000c0c1c00000,0x000000c0c1d00000)]
  0x000001dbb5bd0000 JavaThread "Unconstrained build operations Thread 69" [_thread_blocked, id=4968, stack(0x000000c0c1d00000,0x000000c0c1e00000)]
  0x000001dbb5bcb000 JavaThread "Unconstrained build operations Thread 70" [_thread_blocked, id=16504, stack(0x000000c0c1e00000,0x000000c0c1f00000)]
  0x000001dbb5bce800 JavaThread "Unconstrained build operations Thread 71" [_thread_blocked, id=11644, stack(0x000000c0c1f00000,0x000000c0c2000000)]
  0x000001dbb5bd1000 JavaThread "Unconstrained build operations Thread 72" [_thread_blocked, id=11844, stack(0x000000c0c2000000,0x000000c0c2100000)]
  0x000001dbb5bcf000 JavaThread "Unconstrained build operations Thread 73" [_thread_blocked, id=2392, stack(0x000000c0c2100000,0x000000c0c2200000)]
  0x000001dbb5bd1800 JavaThread "Unconstrained build operations Thread 74" [_thread_blocked, id=13864, stack(0x000000c0c2200000,0x000000c0c2300000)]
  0x000001dbb5bcc000 JavaThread "Unconstrained build operations Thread 75" [_thread_blocked, id=17932, stack(0x000000c0c2300000,0x000000c0c2400000)]
  0x000001dbb5bd5000 JavaThread "Unconstrained build operations Thread 76" [_thread_blocked, id=5088, stack(0x000000c0c2400000,0x000000c0c2500000)]
  0x000001dbb5bd4000 JavaThread "Unconstrained build operations Thread 77" [_thread_blocked, id=14220, stack(0x000000c0c2500000,0x000000c0c2600000)]
  0x000001dbb5bd5800 JavaThread "Unconstrained build operations Thread 78" [_thread_blocked, id=13532, stack(0x000000c0c2600000,0x000000c0c2700000)]
  0x000001dbb5bd8000 JavaThread "Unconstrained build operations Thread 79" [_thread_blocked, id=8164, stack(0x000000c0c2700000,0x000000c0c2800000)]
  0x000001dbb5bd7800 JavaThread "Unconstrained build operations Thread 80" [_thread_blocked, id=15712, stack(0x000000c0c2800000,0x000000c0c2900000)]
  0x000001dbb5bd2800 JavaThread "jar transforms Thread 4" [_thread_blocked, id=1552, stack(0x000000c0c2900000,0x000000c0c2a00000)]
  0x000001dbb5bd6800 JavaThread "jar transforms Thread 5" [_thread_blocked, id=9664, stack(0x000000c0c2a00000,0x000000c0c2b00000)]
  0x000001dbb5bd9000 JavaThread "jar transforms Thread 6" [_thread_blocked, id=12120, stack(0x000000c0c2b00000,0x000000c0c2c00000)]
  0x000001dbb5bd3800 JavaThread "jar transforms Thread 7" [_thread_blocked, id=11256, stack(0x000000c0c2c00000,0x000000c0c2d00000)]
  0x000001dbb1220000 JavaThread "jar transforms Thread 8" [_thread_blocked, id=5068, stack(0x000000c0c2d00000,0x000000c0c2e00000)]
  0x000001dbb121e000 JavaThread "Memory manager" [_thread_blocked, id=15808, stack(0x000000c0c2e00000,0x000000c0c2f00000)]
  0x000001dbb1221800 JavaThread "build event listener" [_thread_blocked, id=7656, stack(0x000000c0c2f00000,0x000000c0c3000000)]

Other Threads:
  0x000001dbadfec800 VMThread "VM Thread" [stack: 0x000000c0baa00000,0x000000c0bab00000] [id=2700]
  0x000001dbae9e5800 WatcherThread [stack: 0x000000c0bb400000,0x000000c0bb500000] [id=15604]
  0x000001db91b86800 GCTaskThread "GC Thread#0" [stack: 0x000000c0ba500000,0x000000c0ba600000] [id=14732]
  0x000001dbaf798000 GCTaskThread "GC Thread#1" [stack: 0x000000c0bb600000,0x000000c0bb700000] [id=17444]
  0x000001dbaf809000 GCTaskThread "GC Thread#2" [stack: 0x000000c0bb700000,0x000000c0bb800000] [id=15696]
  0x000001dbb0a40800 GCTaskThread "GC Thread#3" [stack: 0x000000c0bc100000,0x000000c0bc200000] [id=3276]
  0x000001dbb1d51800 GCTaskThread "GC Thread#4" [stack: 0x000000c0bc200000,0x000000c0bc300000] [id=15476]
  0x000001dbb1141000 GCTaskThread "GC Thread#5" [stack: 0x000000c0bc300000,0x000000c0bc400000] [id=7348]
  0x000001dbb1142800 GCTaskThread "GC Thread#6" [stack: 0x000000c0bc400000,0x000000c0bc500000] [id=10020]
  0x000001dbaf9a8000 GCTaskThread "GC Thread#7" [stack: 0x000000c0bc500000,0x000000c0bc600000] [id=14104]
  0x000001db91bb6000 ConcurrentGCThread "G1 Main Marker" [stack: 0x000000c0ba600000,0x000000c0ba700000] [id=9860]
  0x000001db91bb9800 ConcurrentGCThread "G1 Conc#0" [stack: 0x000000c0ba700000,0x000000c0ba800000] [id=9756]
  0x000001dbb15ce800 ConcurrentGCThread "G1 Conc#1" [stack: 0x000000c0bc900000,0x000000c0bca00000] [id=18344]
  0x000001dbade3a800 ConcurrentGCThread "G1 Refine#0" [stack: 0x000000c0ba800000,0x000000c0ba900000] [id=10000]
  0x000001dbade3d800 ConcurrentGCThread "G1 Young RemSet Sampling" [stack: 0x000000c0ba900000,0x000000c0baa00000] [id=13812]

Threads with active compile tasks:
C2 CompilerThread0   7574 6959       4       org.codehaus.groovy.reflection.CachedMethod::compareTo (25 bytes)
C2 CompilerThread1   7574 6926       4       java.lang.Class::getMethodsRecursive (99 bytes)
C2 CompilerThread2   7574 6891       4       groovy.lang.MetaClassImpl$1MOPIter::methodNameAction (325 bytes)

VM state:not at safepoint (normal execution)

VM Mutex/Monitor currently owned by a thread: None

Heap address: 0x0000000080000000, size: 2048 MB, Compressed Oops mode: 32-bit
Narrow klass base: 0x0000000000000000, Narrow klass shift: 3
Compressed class space size: 1073741824 Address: 0x0000000100000000

Heap:
 garbage-first heap   total 187392K, used 71082K [0x0000000080000000, 0x0000000100000000)
  region size 1024K, 16 young (16384K), 4 survivors (4096K)
 Metaspace       used 67838K, capacity 69413K, committed 69744K, reserved 1110016K
  class space    used 8627K, capacity 9216K, committed 9292K, reserved 1048576K
Heap Regions: E=young(eden), S=young(survivor), O=old, HS=humongous(starts), HC=humongous(continues), CS=collection set, F=free, A=archive, TAMS=top-at-mark-start (previous, next)
|   0|0x0000000080000000, 0x0000000080100000, 0x0000000080100000|100%| O|  |TAMS 0x0000000080100000, 0x0000000080000000| Untracked 
|   1|0x0000000080100000, 0x0000000080200000, 0x0000000080200000|100%| O|  |TAMS 0x0000000080200000, 0x0000000080100000| Untracked 
|   2|0x0000000080200000, 0x0000000080300000, 0x0000000080300000|100%| O|  |TAMS 0x0000000080300000, 0x0000000080200000| Untracked 
|   3|0x0000000080300000, 0x0000000080400000, 0x0000000080400000|100%|HS|  |TAMS 0x0000000080400000, 0x0000000080300000| Complete 
|   4|0x0000000080400000, 0x0000000080500000, 0x0000000080500000|100%|HC|  |TAMS 0x0000000080500000, 0x0000000080400000| Complete 
|   5|0x0000000080500000, 0x0000000080600000, 0x0000000080600000|100%|HC|  |TAMS 0x0000000080600000, 0x0000000080500000| Complete 
|   6|0x0000000080600000, 0x0000000080700000, 0x0000000080700000|100%| O|  |TAMS 0x0000000080700000, 0x0000000080600000| Untracked 
|   7|0x0000000080700000, 0x0000000080800000, 0x0000000080800000|100%| O|  |TAMS 0x0000000080800000, 0x0000000080700000| Untracked 
|   8|0x0000000080800000, 0x0000000080900000, 0x0000000080900000|100%| O|  |TAMS 0x0000000080900000, 0x0000000080800000| Untracked 
|   9|0x0000000080900000, 0x0000000080a00000, 0x0000000080a00000|100%| O|  |TAMS 0x0000000080a00000, 0x0000000080900000| Untracked 
|  10|0x0000000080a00000, 0x0000000080b00000, 0x0000000080b00000|100%| O|  |TAMS 0x0000000080b00000, 0x0000000080a00000| Untracked 
|  11|0x0000000080b00000, 0x0000000080c00000, 0x0000000080c00000|100%| O|  |TAMS 0x0000000080c00000, 0x0000000080b00000| Untracked 
|  12|0x0000000080c00000, 0x0000000080d00000, 0x0000000080d00000|100%| O|  |TAMS 0x0000000080d00000, 0x0000000080c00000| Untracked 
|  13|0x0000000080d00000, 0x0000000080e00000, 0x0000000080e00000|100%| O|  |TAMS 0x0000000080e00000, 0x0000000080d00000| Untracked 
|  14|0x0000000080e00000, 0x0000000080f00000, 0x0000000080f00000|100%| O|  |TAMS 0x0000000080f00000, 0x0000000080e00000| Untracked 
|  15|0x0000000080f00000, 0x0000000081000000, 0x0000000081000000|100%| O|  |TAMS 0x0000000081000000, 0x0000000080f00000| Untracked 
|  16|0x0000000081000000, 0x0000000081100000, 0x0000000081100000|100%|HS|  |TAMS 0x0000000081100000, 0x0000000081000000| Complete 
|  17|0x0000000081100000, 0x0000000081200000, 0x0000000081200000|100%| O|  |TAMS 0x0000000081200000, 0x0000000081100000| Untracked 
|  18|0x0000000081200000, 0x0000000081300000, 0x0000000081300000|100%| O|  |TAMS 0x0000000081300000, 0x0000000081200000| Untracked 
|  19|0x0000000081300000, 0x0000000081400000, 0x0000000081400000|100%| O|  |TAMS 0x0000000081400000, 0x0000000081300000| Untracked 
|  20|0x0000000081400000, 0x0000000081500000, 0x0000000081500000|100%| O|  |TAMS 0x0000000081500000, 0x0000000081400000| Untracked 
|  21|0x0000000081500000, 0x0000000081600000, 0x0000000081600000|100%| O|  |TAMS 0x0000000081600000, 0x0000000081500000| Untracked 
|  22|0x0000000081600000, 0x0000000081700000, 0x0000000081700000|100%| O|  |TAMS 0x0000000081700000, 0x0000000081600000| Untracked 
|  23|0x0000000081700000, 0x0000000081800000, 0x0000000081800000|100%|HS|  |TAMS 0x0000000081800000, 0x0000000081700000| Complete 
|  24|0x0000000081800000, 0x0000000081900000, 0x0000000081900000|100%|HS|  |TAMS 0x0000000081900000, 0x0000000081800000| Complete 
|  25|0x0000000081900000, 0x0000000081a00000, 0x0000000081a00000|100%|HS|  |TAMS 0x0000000081a00000, 0x0000000081900000| Complete 
|  26|0x0000000081a00000, 0x0000000081b00000, 0x0000000081b00000|100%|HC|  |TAMS 0x0000000081b00000, 0x0000000081a00000| Complete 
|  27|0x0000000081b00000, 0x0000000081c00000, 0x0000000081c00000|100%|HC|  |TAMS 0x0000000081c00000, 0x0000000081b00000| Complete 
|  28|0x0000000081c00000, 0x0000000081d00000, 0x0000000081d00000|100%|HS|  |TAMS 0x0000000081d00000, 0x0000000081c00000| Complete 
|  29|0x0000000081d00000, 0x0000000081e00000, 0x0000000081e00000|100%|HC|  |TAMS 0x0000000081e00000, 0x0000000081d00000| Complete 
|  30|0x0000000081e00000, 0x0000000081f00000, 0x0000000081f00000|100%| O|  |TAMS 0x0000000081f00000, 0x0000000081e00000| Untracked 
|  31|0x0000000081f00000, 0x0000000082000000, 0x0000000082000000|100%| O|  |TAMS 0x0000000082000000, 0x0000000081f00000| Untracked 
|  32|0x0000000082000000, 0x0000000082100000, 0x0000000082100000|100%| O|  |TAMS 0x0000000082100000, 0x0000000082000000| Untracked 
|  33|0x0000000082100000, 0x0000000082200000, 0x0000000082200000|100%| O|  |TAMS 0x0000000082200000, 0x0000000082100000| Untracked 
|  34|0x0000000082200000, 0x0000000082300000, 0x0000000082300000|100%| O|  |TAMS 0x0000000082300000, 0x0000000082200000| Untracked 
|  35|0x0000000082300000, 0x0000000082400000, 0x0000000082400000|100%| O|  |TAMS 0x0000000082400000, 0x0000000082300000| Untracked 
|  36|0x0000000082400000, 0x0000000082500000, 0x0000000082500000|100%| O|  |TAMS 0x0000000082500000, 0x0000000082400000| Untracked 
|  37|0x0000000082500000, 0x0000000082600000, 0x0000000082600000|100%| O|  |TAMS 0x0000000082600000, 0x0000000082500000| Untracked 
|  38|0x0000000082600000, 0x0000000082700000, 0x0000000082700000|100%| O|  |TAMS 0x0000000082700000, 0x0000000082600000| Untracked 
|  39|0x0000000082700000, 0x0000000082800000, 0x0000000082800000|100%| O|  |TAMS 0x0000000082800000, 0x0000000082700000| Untracked 
|  40|0x0000000082800000, 0x0000000082900000, 0x0000000082900000|100%| O|  |TAMS 0x0000000082900000, 0x0000000082800000| Untracked 
|  41|0x0000000082900000, 0x0000000082a00000, 0x0000000082a00000|100%| O|  |TAMS 0x0000000082a00000, 0x0000000082900000| Untracked 
|  42|0x0000000082a00000, 0x0000000082b00000, 0x0000000082b00000|100%| O|  |TAMS 0x0000000082b00000, 0x0000000082a00000| Untracked 
|  43|0x0000000082b00000, 0x0000000082c00000, 0x0000000082c00000|100%| O|  |TAMS 0x0000000082c00000, 0x0000000082b00000| Untracked 
|  44|0x0000000082c00000, 0x0000000082d00000, 0x0000000082d00000|100%| O|  |TAMS 0x0000000082d00000, 0x0000000082c00000| Untracked 
|  45|0x0000000082d00000, 0x0000000082e00000, 0x0000000082e00000|100%| O|  |TAMS 0x0000000082e00000, 0x0000000082d00000| Untracked 
|  46|0x0000000082e00000, 0x0000000082f00000, 0x0000000082f00000|100%| O|  |TAMS 0x0000000082f00000, 0x0000000082e00000| Untracked 
|  47|0x0000000082f00000, 0x0000000083000000, 0x0000000083000000|100%| O|  |TAMS 0x0000000083000000, 0x0000000082f00000| Untracked 
|  48|0x0000000083000000, 0x0000000083000000, 0x0000000083100000|  0%| F|  |TAMS 0x0000000083000000, 0x0000000083000000| Untracked 
|  49|0x0000000083100000, 0x0000000083200000, 0x0000000083200000|100%| O|  |TAMS 0x0000000083100000, 0x0000000083100000| Untracked 
|  50|0x0000000083200000, 0x0000000083300000, 0x0000000083300000|100%| O|  |TAMS 0x0000000083200000, 0x0000000083200000| Untracked 
|  51|0x0000000083300000, 0x0000000083400000, 0x0000000083400000|100%| O|  |TAMS 0x0000000083300000, 0x0000000083300000| Untracked 
|  52|0x0000000083400000, 0x0000000083500000, 0x0000000083500000|100%| O|  |TAMS 0x0000000083400000, 0x0000000083400000| Untracked 
|  53|0x0000000083500000, 0x0000000083600000, 0x0000000083600000|100%| O|  |TAMS 0x0000000083500000, 0x0000000083500000| Untracked 
|  54|0x0000000083600000, 0x0000000083700000, 0x0000000083700000|100%| O|  |TAMS 0x0000000083600000, 0x0000000083600000| Untracked 
|  55|0x0000000083700000, 0x000000008379ba00, 0x0000000083800000| 60%| O|  |TAMS 0x0000000083700000, 0x0000000083700000| Untracked 
|  56|0x0000000083800000, 0x0000000083800000, 0x0000000083900000|  0%| F|  |TAMS 0x0000000083800000, 0x0000000083800000| Untracked 
|  57|0x0000000083900000, 0x0000000083900000, 0x0000000083a00000|  0%| F|  |TAMS 0x0000000083900000, 0x0000000083900000| Untracked 
|  58|0x0000000083a00000, 0x0000000083a00000, 0x0000000083b00000|  0%| F|  |TAMS 0x0000000083a00000, 0x0000000083a00000| Untracked 
|  59|0x0000000083b00000, 0x0000000083b00000, 0x0000000083c00000|  0%| F|  |TAMS 0x0000000083b00000, 0x0000000083b00000| Untracked 
|  60|0x0000000083c00000, 0x0000000083c00000, 0x0000000083d00000|  0%| F|  |TAMS 0x0000000083c00000, 0x0000000083c00000| Untracked 
|  61|0x0000000083d00000, 0x0000000083d00000, 0x0000000083e00000|  0%| F|  |TAMS 0x0000000083d00000, 0x0000000083d00000| Untracked 
|  62|0x0000000083e00000, 0x0000000083e00000, 0x0000000083f00000|  0%| F|  |TAMS 0x0000000083e00000, 0x0000000083e00000| Untracked 
|  63|0x0000000083f00000, 0x0000000083f00000, 0x0000000084000000|  0%| F|  |TAMS 0x0000000083f00000, 0x0000000083f00000| Untracked 
|  64|0x0000000084000000, 0x0000000084000000, 0x0000000084100000|  0%| F|  |TAMS 0x0000000084000000, 0x0000000084000000| Untracked 
|  65|0x0000000084100000, 0x0000000084100000, 0x0000000084200000|  0%| F|  |TAMS 0x0000000084100000, 0x0000000084100000| Untracked 
|  66|0x0000000084200000, 0x0000000084200000, 0x0000000084300000|  0%| F|  |TAMS 0x0000000084200000, 0x0000000084200000| Untracked 
|  67|0x0000000084300000, 0x0000000084300000, 0x0000000084400000|  0%| F|  |TAMS 0x0000000084300000, 0x0000000084300000| Untracked 
|  68|0x0000000084400000, 0x0000000084400000, 0x0000000084500000|  0%| F|  |TAMS 0x0000000084400000, 0x0000000084400000| Untracked 
|  69|0x0000000084500000, 0x0000000084500000, 0x0000000084600000|  0%| F|  |TAMS 0x0000000084500000, 0x0000000084500000| Untracked 
|  70|0x0000000084600000, 0x0000000084600000, 0x0000000084700000|  0%| F|  |TAMS 0x0000000084600000, 0x0000000084600000| Untracked 
|  71|0x0000000084700000, 0x0000000084700000, 0x0000000084800000|  0%| F|  |TAMS 0x0000000084700000, 0x0000000084700000| Untracked 
|  72|0x0000000084800000, 0x0000000084800000, 0x0000000084900000|  0%| F|  |TAMS 0x0000000084800000, 0x0000000084800000| Untracked 
|  73|0x0000000084900000, 0x0000000084900000, 0x0000000084a00000|  0%| F|  |TAMS 0x0000000084900000, 0x0000000084900000| Untracked 
|  74|0x0000000084a00000, 0x0000000084a00000, 0x0000000084b00000|  0%| F|  |TAMS 0x0000000084a00000, 0x0000000084a00000| Untracked 
|  75|0x0000000084b00000, 0x0000000084b00000, 0x0000000084c00000|  0%| F|  |TAMS 0x0000000084b00000, 0x0000000084b00000| Untracked 
|  76|0x0000000084c00000, 0x0000000084c00000, 0x0000000084d00000|  0%| F|  |TAMS 0x0000000084c00000, 0x0000000084c00000| Untracked 
|  77|0x0000000084d00000, 0x0000000084d00000, 0x0000000084e00000|  0%| F|  |TAMS 0x0000000084d00000, 0x0000000084d00000| Untracked 
|  78|0x0000000084e00000, 0x0000000084e00000, 0x0000000084f00000|  0%| F|  |TAMS 0x0000000084e00000, 0x0000000084e00000| Untracked 
|  79|0x0000000084f00000, 0x0000000084f00000, 0x0000000085000000|  0%| F|  |TAMS 0x0000000084f00000, 0x0000000084f00000| Untracked 
|  80|0x0000000085000000, 0x0000000085000000, 0x0000000085100000|  0%| F|  |TAMS 0x0000000085000000, 0x0000000085000000| Untracked 
|  81|0x0000000085100000, 0x0000000085100000, 0x0000000085200000|  0%| F|  |TAMS 0x0000000085100000, 0x0000000085100000| Untracked 
|  82|0x0000000085200000, 0x0000000085200000, 0x0000000085300000|  0%| F|  |TAMS 0x0000000085200000, 0x0000000085200000| Untracked 
|  83|0x0000000085300000, 0x0000000085300000, 0x0000000085400000|  0%| F|  |TAMS 0x0000000085300000, 0x0000000085300000| Untracked 
|  84|0x0000000085400000, 0x0000000085400000, 0x0000000085500000|  0%| F|  |TAMS 0x0000000085400000, 0x0000000085400000| Untracked 
|  85|0x0000000085500000, 0x0000000085500000, 0x0000000085600000|  0%| F|  |TAMS 0x0000000085500000, 0x0000000085500000| Untracked 
|  86|0x0000000085600000, 0x0000000085600000, 0x0000000085700000|  0%| F|  |TAMS 0x0000000085600000, 0x0000000085600000| Untracked 
|  87|0x0000000085700000, 0x00000000857cee50, 0x0000000085800000| 80%| S|CS|TAMS 0x0000000085700000, 0x0000000085700000| Complete 
|  88|0x0000000085800000, 0x0000000085800000, 0x0000000085900000|  0%| F|  |TAMS 0x0000000085800000, 0x0000000085800000| Untracked 
|  89|0x0000000085900000, 0x0000000085900000, 0x0000000085a00000|  0%| F|  |TAMS 0x0000000085900000, 0x0000000085900000| Untracked 
|  90|0x0000000085a00000, 0x0000000085a00000, 0x0000000085b00000|  0%| F|  |TAMS 0x0000000085a00000, 0x0000000085a00000| Untracked 
|  91|0x0000000085b00000, 0x0000000085b00000, 0x0000000085c00000|  0%| F|  |TAMS 0x0000000085b00000, 0x0000000085b00000| Untracked 
|  92|0x0000000085c00000, 0x0000000085c00000, 0x0000000085d00000|  0%| F|  |TAMS 0x0000000085c00000, 0x0000000085c00000| Untracked 
|  93|0x0000000085d00000, 0x0000000085d00000, 0x0000000085e00000|  0%| F|  |TAMS 0x0000000085d00000, 0x0000000085d00000| Untracked 
|  94|0x0000000085e00000, 0x0000000085e00000, 0x0000000085f00000|  0%| F|  |TAMS 0x0000000085e00000, 0x0000000085e00000| Untracked 
|  95|0x0000000085f00000, 0x0000000086000000, 0x0000000086000000|100%| S|CS|TAMS 0x0000000085f00000, 0x0000000085f00000| Complete 
|  96|0x0000000086000000, 0x0000000086100000, 0x0000000086100000|100%| S|CS|TAMS 0x0000000086000000, 0x0000000086000000| Complete 
|  97|0x0000000086100000, 0x0000000086200000, 0x0000000086200000|100%| S|CS|TAMS 0x0000000086100000, 0x0000000086100000| Complete 
|  98|0x0000000086200000, 0x0000000086200000, 0x0000000086300000|  0%| F|  |TAMS 0x0000000086200000, 0x0000000086200000| Untracked 
|  99|0x0000000086300000, 0x0000000086300000, 0x0000000086400000|  0%| F|  |TAMS 0x0000000086300000, 0x0000000086300000| Untracked 
| 100|0x0000000086400000, 0x0000000086400000, 0x0000000086500000|  0%| F|  |TAMS 0x0000000086400000, 0x0000000086400000| Untracked 
| 101|0x0000000086500000, 0x0000000086500000, 0x0000000086600000|  0%| F|  |TAMS 0x0000000086500000, 0x0000000086500000| Untracked 
| 102|0x0000000086600000, 0x0000000086600000, 0x0000000086700000|  0%| F|  |TAMS 0x0000000086600000, 0x0000000086600000| Untracked 
| 103|0x0000000086700000, 0x0000000086700000, 0x0000000086800000|  0%| F|  |TAMS 0x0000000086700000, 0x0000000086700000| Untracked 
| 104|0x0000000086800000, 0x0000000086800000, 0x0000000086900000|  0%| F|  |TAMS 0x0000000086800000, 0x0000000086800000| Untracked 
| 105|0x0000000086900000, 0x0000000086900000, 0x0000000086a00000|  0%| F|  |TAMS 0x0000000086900000, 0x0000000086900000| Untracked 
| 106|0x0000000086a00000, 0x0000000086a00000, 0x0000000086b00000|  0%| F|  |TAMS 0x0000000086a00000, 0x0000000086a00000| Untracked 
| 107|0x0000000086b00000, 0x0000000086b00000, 0x0000000086c00000|  0%| F|  |TAMS 0x0000000086b00000, 0x0000000086b00000| Untracked 
| 108|0x0000000086c00000, 0x0000000086c00000, 0x0000000086d00000|  0%| F|  |TAMS 0x0000000086c00000, 0x0000000086c00000| Untracked 
| 109|0x0000000086d00000, 0x0000000086d00000, 0x0000000086e00000|  0%| F|  |TAMS 0x0000000086d00000, 0x0000000086d00000| Untracked 
| 110|0x0000000086e00000, 0x0000000086e00000, 0x0000000086f00000|  0%| F|  |TAMS 0x0000000086e00000, 0x0000000086e00000| Untracked 
| 111|0x0000000086f00000, 0x0000000086f00000, 0x0000000087000000|  0%| F|  |TAMS 0x0000000086f00000, 0x0000000086f00000| Untracked 
| 112|0x0000000087000000, 0x0000000087000000, 0x0000000087100000|  0%| F|  |TAMS 0x0000000087000000, 0x0000000087000000| Untracked 
| 113|0x0000000087100000, 0x0000000087100000, 0x0000000087200000|  0%| F|  |TAMS 0x0000000087100000, 0x0000000087100000| Untracked 
| 114|0x0000000087200000, 0x0000000087200000, 0x0000000087300000|  0%| F|  |TAMS 0x0000000087200000, 0x0000000087200000| Untracked 
| 115|0x0000000087300000, 0x0000000087300000, 0x0000000087400000|  0%| F|  |TAMS 0x0000000087300000, 0x0000000087300000| Untracked 
| 116|0x0000000087400000, 0x0000000087400000, 0x0000000087500000|  0%| F|  |TAMS 0x0000000087400000, 0x0000000087400000| Untracked 
| 117|0x0000000087500000, 0x0000000087500000, 0x0000000087600000|  0%| F|  |TAMS 0x0000000087500000, 0x0000000087500000| Untracked 
| 118|0x0000000087600000, 0x0000000087600000, 0x0000000087700000|  0%| F|  |TAMS 0x0000000087600000, 0x0000000087600000| Untracked 
| 119|0x0000000087700000, 0x0000000087700000, 0x0000000087800000|  0%| F|  |TAMS 0x0000000087700000, 0x0000000087700000| Untracked 
| 120|0x0000000087800000, 0x0000000087800000, 0x0000000087900000|  0%| F|  |TAMS 0x0000000087800000, 0x0000000087800000| Untracked 
| 121|0x0000000087900000, 0x0000000087900000, 0x0000000087a00000|  0%| F|  |TAMS 0x0000000087900000, 0x0000000087900000| Untracked 
| 122|0x0000000087a00000, 0x0000000087a00000, 0x0000000087b00000|  0%| F|  |TAMS 0x0000000087a00000, 0x0000000087a00000| Untracked 
| 123|0x0000000087b00000, 0x0000000087b00000, 0x0000000087c00000|  0%| F|  |TAMS 0x0000000087b00000, 0x0000000087b00000| Untracked 
| 124|0x0000000087c00000, 0x0000000087c00000, 0x0000000087d00000|  0%| F|  |TAMS 0x0000000087c00000, 0x0000000087c00000| Untracked 
| 125|0x0000000087d00000, 0x0000000087d00000, 0x0000000087e00000|  0%| F|  |TAMS 0x0000000087d00000, 0x0000000087d00000| Untracked 
| 126|0x0000000087e00000, 0x0000000087e00000, 0x0000000087f00000|  0%| F|  |TAMS 0x0000000087e00000, 0x0000000087e00000| Untracked 
| 127|0x0000000087f00000, 0x0000000087f00000, 0x0000000088000000|  0%| F|  |TAMS 0x0000000087f00000, 0x0000000087f00000| Untracked 
| 128|0x0000000088000000, 0x0000000088000000, 0x0000000088100000|  0%| F|  |TAMS 0x0000000088000000, 0x0000000088000000| Untracked 
| 129|0x0000000088100000, 0x0000000088100000, 0x0000000088200000|  0%| F|  |TAMS 0x0000000088100000, 0x0000000088100000| Untracked 
| 130|0x0000000088200000, 0x0000000088200000, 0x0000000088300000|  0%| F|  |TAMS 0x0000000088200000, 0x0000000088200000| Untracked 
| 131|0x0000000088300000, 0x0000000088300000, 0x0000000088400000|  0%| F|  |TAMS 0x0000000088300000, 0x0000000088300000| Untracked 
| 132|0x0000000088400000, 0x0000000088400000, 0x0000000088500000|  0%| F|  |TAMS 0x0000000088400000, 0x0000000088400000| Untracked 
| 133|0x0000000088500000, 0x0000000088500000, 0x0000000088600000|  0%| F|  |TAMS 0x0000000088500000, 0x0000000088500000| Untracked 
| 134|0x0000000088600000, 0x0000000088600000, 0x0000000088700000|  0%| F|  |TAMS 0x0000000088600000, 0x0000000088600000| Untracked 
| 135|0x0000000088700000, 0x0000000088700000, 0x0000000088800000|  0%| F|  |TAMS 0x0000000088700000, 0x0000000088700000| Untracked 
| 136|0x0000000088800000, 0x0000000088800000, 0x0000000088900000|  0%| F|  |TAMS 0x0000000088800000, 0x0000000088800000| Untracked 
| 137|0x0000000088900000, 0x0000000088900000, 0x0000000088a00000|  0%| F|  |TAMS 0x0000000088900000, 0x0000000088900000| Untracked 
| 138|0x0000000088a00000, 0x0000000088a00000, 0x0000000088b00000|  0%| F|  |TAMS 0x0000000088a00000, 0x0000000088a00000| Untracked 
| 139|0x0000000088b00000, 0x0000000088b00000, 0x0000000088c00000|  0%| F|  |TAMS 0x0000000088b00000, 0x0000000088b00000| Untracked 
| 140|0x0000000088c00000, 0x0000000088c00000, 0x0000000088d00000|  0%| F|  |TAMS 0x0000000088c00000, 0x0000000088c00000| Untracked 
| 141|0x0000000088d00000, 0x0000000088d00000, 0x0000000088e00000|  0%| F|  |TAMS 0x0000000088d00000, 0x0000000088d00000| Untracked 
| 142|0x0000000088e00000, 0x0000000088e00000, 0x0000000088f00000|  0%| F|  |TAMS 0x0000000088e00000, 0x0000000088e00000| Untracked 
| 143|0x0000000088f00000, 0x0000000088f00000, 0x0000000089000000|  0%| F|  |TAMS 0x0000000088f00000, 0x0000000088f00000| Untracked 
| 144|0x0000000089000000, 0x0000000089000000, 0x0000000089100000|  0%| F|  |TAMS 0x0000000089000000, 0x0000000089000000| Untracked 
| 145|0x0000000089100000, 0x0000000089100000, 0x0000000089200000|  0%| F|  |TAMS 0x0000000089100000, 0x0000000089100000| Untracked 
| 146|0x0000000089200000, 0x0000000089200000, 0x0000000089300000|  0%| F|  |TAMS 0x0000000089200000, 0x0000000089200000| Untracked 
| 147|0x0000000089300000, 0x0000000089300000, 0x0000000089400000|  0%| F|  |TAMS 0x0000000089300000, 0x0000000089300000| Untracked 
| 148|0x0000000089400000, 0x0000000089400000, 0x0000000089500000|  0%| F|  |TAMS 0x0000000089400000, 0x0000000089400000| Untracked 
| 149|0x0000000089500000, 0x0000000089500000, 0x0000000089600000|  0%| F|  |TAMS 0x0000000089500000, 0x0000000089500000| Untracked 
| 150|0x0000000089600000, 0x0000000089600000, 0x0000000089700000|  0%| F|  |TAMS 0x0000000089600000, 0x0000000089600000| Untracked 
| 151|0x0000000089700000, 0x0000000089700000, 0x0000000089800000|  0%| F|  |TAMS 0x0000000089700000, 0x0000000089700000| Untracked 
| 152|0x0000000089800000, 0x0000000089800000, 0x0000000089900000|  0%| F|  |TAMS 0x0000000089800000, 0x0000000089800000| Untracked 
| 153|0x0000000089900000, 0x0000000089900000, 0x0000000089a00000|  0%| F|  |TAMS 0x0000000089900000, 0x0000000089900000| Untracked 
| 154|0x0000000089a00000, 0x0000000089a00000, 0x0000000089b00000|  0%| F|  |TAMS 0x0000000089a00000, 0x0000000089a00000| Untracked 
| 155|0x0000000089b00000, 0x0000000089b00000, 0x0000000089c00000|  0%| F|  |TAMS 0x0000000089b00000, 0x0000000089b00000| Untracked 
| 156|0x0000000089c00000, 0x0000000089c00000, 0x0000000089d00000|  0%| F|  |TAMS 0x0000000089c00000, 0x0000000089c00000| Untracked 
| 157|0x0000000089d00000, 0x0000000089d00000, 0x0000000089e00000|  0%| F|  |TAMS 0x0000000089d00000, 0x0000000089d00000| Untracked 
| 158|0x0000000089e00000, 0x0000000089e00000, 0x0000000089f00000|  0%| F|  |TAMS 0x0000000089e00000, 0x0000000089e00000| Untracked 
| 159|0x0000000089f00000, 0x0000000089f00000, 0x000000008a000000|  0%| F|  |TAMS 0x0000000089f00000, 0x0000000089f00000| Untracked 
| 160|0x000000008a000000, 0x000000008a000000, 0x000000008a100000|  0%| F|  |TAMS 0x000000008a000000, 0x000000008a000000| Untracked 
| 161|0x000000008a100000, 0x000000008a100000, 0x000000008a200000|  0%| F|  |TAMS 0x000000008a100000, 0x000000008a100000| Untracked 
| 162|0x000000008a200000, 0x000000008a200000, 0x000000008a300000|  0%| F|  |TAMS 0x000000008a200000, 0x000000008a200000| Untracked 
| 163|0x000000008a300000, 0x000000008a300000, 0x000000008a400000|  0%| F|  |TAMS 0x000000008a300000, 0x000000008a300000| Untracked 
| 164|0x000000008a400000, 0x000000008a400000, 0x000000008a500000|  0%| F|  |TAMS 0x000000008a400000, 0x000000008a400000| Untracked 
| 165|0x000000008a500000, 0x000000008a500000, 0x000000008a600000|  0%| F|  |TAMS 0x000000008a500000, 0x000000008a500000| Untracked 
| 166|0x000000008a600000, 0x000000008a600000, 0x000000008a700000|  0%| F|  |TAMS 0x000000008a600000, 0x000000008a600000| Untracked 
| 167|0x000000008a700000, 0x000000008a700000, 0x000000008a800000|  0%| F|  |TAMS 0x000000008a700000, 0x000000008a700000| Untracked 
| 168|0x000000008a800000, 0x000000008a800000, 0x000000008a900000|  0%| F|  |TAMS 0x000000008a800000, 0x000000008a800000| Untracked 
| 169|0x000000008a900000, 0x000000008a900000, 0x000000008aa00000|  0%| F|  |TAMS 0x000000008a900000, 0x000000008a900000| Untracked 
| 170|0x000000008aa00000, 0x000000008aa80800, 0x000000008ab00000| 50%| E|  |TAMS 0x000000008aa00000, 0x000000008aa00000| Complete 
| 171|0x000000008ab00000, 0x000000008ac00000, 0x000000008ac00000|100%| E|CS|TAMS 0x000000008ab00000, 0x000000008ab00000| Complete 
| 172|0x000000008ac00000, 0x000000008ad00000, 0x000000008ad00000|100%| E|CS|TAMS 0x000000008ac00000, 0x000000008ac00000| Complete 
| 173|0x000000008ad00000, 0x000000008ae00000, 0x000000008ae00000|100%| E|CS|TAMS 0x000000008ad00000, 0x000000008ad00000| Complete 
| 174|0x000000008ae00000, 0x000000008af00000, 0x000000008af00000|100%| E|CS|TAMS 0x000000008ae00000, 0x000000008ae00000| Complete 
| 175|0x000000008af00000, 0x000000008b000000, 0x000000008b000000|100%| E|CS|TAMS 0x000000008af00000, 0x000000008af00000| Complete 
| 176|0x000000008b000000, 0x000000008b100000, 0x000000008b100000|100%| E|CS|TAMS 0x000000008b000000, 0x000000008b000000| Complete 
| 177|0x000000008b100000, 0x000000008b200000, 0x000000008b200000|100%| E|CS|TAMS 0x000000008b100000, 0x000000008b100000| Complete 
| 178|0x000000008b200000, 0x000000008b300000, 0x000000008b300000|100%| E|CS|TAMS 0x000000008b200000, 0x000000008b200000| Complete 
| 179|0x000000008b300000, 0x000000008b400000, 0x000000008b400000|100%| E|CS|TAMS 0x000000008b300000, 0x000000008b300000| Complete 
| 180|0x000000008b400000, 0x000000008b500000, 0x000000008b500000|100%| E|CS|TAMS 0x000000008b400000, 0x000000008b400000| Complete 
| 181|0x000000008b500000, 0x000000008b600000, 0x000000008b600000|100%| E|CS|TAMS 0x000000008b500000, 0x000000008b500000| Complete 
| 182|0x000000008b600000, 0x000000008b700000, 0x000000008b700000|100%| E|CS|TAMS 0x000000008b600000, 0x000000008b600000| Complete 

Card table byte_map: [0x000001dba6cd0000,0x000001dba70d0000] _byte_map_base: 0x000001dba68d0000

Marking Bits (Prev, Next): (CMBitMap*) 0x000001db91bad668, (CMBitMap*) 0x000001db91bad6a0
 Prev Bits: [0x000001dba74d0000, 0x000001dba94d0000)
 Next Bits: [0x000001dba94d0000, 0x000001dbab4d0000)

Polling page: 0x000001db91c40000

Metaspace:

Usage:
  Non-class:     58.79 MB capacity,    57.82 MB ( 98%) used,   812.95 KB (  1%) free+waste,   172.25 KB ( <1%) overhead. 
      Class:      9.00 MB capacity,     8.42 MB ( 94%) used,   508.68 KB (  6%) free+waste,    80.13 KB ( <1%) overhead. 
       Both:     67.79 MB capacity,    66.25 MB ( 98%) used,     1.29 MB (  2%) free+waste,   252.38 KB ( <1%) overhead. 

Virtual space:
  Non-class space:       60.00 MB reserved,      59.04 MB ( 98%) committed 
      Class space:        1.00 GB reserved,       9.07 MB ( <1%) committed 
             Both:        1.06 GB reserved,      68.11 MB (  6%) committed 

Chunk freelists:
   Non-Class:  63.00 KB
       Class:  0 bytes
        Both:  63.00 KB

MaxMetaspaceSize: 17179869184.00 GB
CompressedClassSpaceSize: 1.00 GB
Initial GC threshold: 20.80 MB
Current GC threshold: 107.27 MB
CDS: off

CodeHeap 'non-profiled nmethods': size=120000Kb used=4402Kb max_used=4402Kb free=115597Kb
 bounds [0x000001db9e940000, 0x000001db9ed90000, 0x000001dba5e70000]
CodeHeap 'profiled nmethods': size=120000Kb used=14732Kb max_used=14732Kb free=105267Kb
 bounds [0x000001db97410000, 0x000001db98280000, 0x000001db9e940000]
CodeHeap 'non-nmethods': size=5760Kb used=2348Kb max_used=2459Kb free=3412Kb
 bounds [0x000001db96e70000, 0x000001db970e0000, 0x000001db97410000]
 total_blobs=7810 nmethods=6957 adapters=765
 compilation: enabled
              stopped_count=0, restarted_count=0
 full_count=0

Compilation events (20 events):
Event: 7.535 Thread 0x000001dbae817000 6951  s    3       java.lang.ClassValue$ClassValueMap::startEntry (106 bytes)
Event: 7.536 Thread 0x000001dbae817000 nmethod 6951 0x000001db98262d90 code [0x000001db98263060, 0x000001db982643e8]
Event: 7.536 Thread 0x000001dbae817000 6952  s    3       java.lang.ClassValue$ClassValueMap::finishEntry (117 bytes)
Event: 7.537 Thread 0x000001dbae817000 nmethod 6952 0x000001db98264890 code [0x000001db98264b60, 0x000001db98265ff8]
Event: 7.543 Thread 0x000001dbae815800 nmethod 6938 0x000001db9ed88490 code [0x000001db9ed886a0, 0x000001db9ed89730]
Event: 7.543 Thread 0x000001dbae815800 6928   !   4       java.lang.Class::getTypeName (76 bytes)
Event: 7.546 Thread 0x000001dbae817000 6953       3       java.util.stream.Nodes$SpinedNodeBuilder::begin (38 bytes)
Event: 7.546 Thread 0x000001dbae817000 nmethod 6953 0x000001db98266490 code [0x000001db98266660, 0x000001db98266878]
Event: 7.546 Thread 0x000001dbae817000 6954       3       java.util.stream.Nodes$SpinedNodeBuilder::end (29 bytes)
Event: 7.546 Thread 0x000001dbae817000 nmethod 6954 0x000001db98266990 code [0x000001db98266b40, 0x000001db98266c58]
Event: 7.546 Thread 0x000001dbae817000 6955       3       java.util.stream.Nodes$SpinedNodeBuilder::build (25 bytes)
Event: 7.546 Thread 0x000001dbae817000 nmethod 6955 0x000001db98266d10 code [0x000001db98266ec0, 0x000001db98266fd8]
Event: 7.546 Thread 0x000001dbae817000 6956       3       java.util.stream.Nodes$SpinedNodeBuilder::asArray (29 bytes)
Event: 7.547 Thread 0x000001dbae817000 nmethod 6956 0x000001db98267090 code [0x000001db98267240, 0x000001db98267388]
Event: 7.547 Thread 0x000001dbae817000 6957       3       java.util.stream.SpinedBuffer::asArray (46 bytes)
Event: 7.547 Thread 0x000001dbae817000 nmethod 6957 0x000001db98267410 code [0x000001db98267620, 0x000001db98267c28]
Event: 7.547 Thread 0x000001dbae817000 6958       3       java.util.stream.Nodes$SpinedNodeBuilder::copyInto (30 bytes)
Event: 7.547 Thread 0x000001dbae817000 nmethod 6958 0x000001db98267e10 code [0x000001db98267fc0, 0x000001db98268108]
Event: 7.547 Thread 0x000001dbae815800 nmethod 6928 0x000001db9ed89d90 code [0x000001db9ed89f80, 0x000001db9ed8a280]
Event: 7.547 Thread 0x000001dbae815800 6925       4       java.lang.Class::privateGetDeclaredMethods (64 bytes)

GC Heap History (20 events):
Event: 2.293 GC heap before
{Heap before GC invocations=2 (full 0):
 garbage-first heap   total 129024K, used 46453K [0x0000000080000000, 0x0000000100000000)
  region size 1024K, 41 young (41984K), 10 survivors (10240K)
 Metaspace       used 20686K, capacity 21178K, committed 21296K, reserved 1069056K
  class space    used 2548K, capacity 2682K, committed 2688K, reserved 1048576K
}
Event: 2.300 GC heap after
{Heap after GC invocations=3 (full 0):
 garbage-first heap   total 129024K, used 16963K [0x0000000080000000, 0x0000000100000000)
  region size 1024K, 2 young (2048K), 2 survivors (2048K)
 Metaspace       used 20686K, capacity 21178K, committed 21296K, reserved 1069056K
  class space    used 2548K, capacity 2682K, committed 2688K, reserved 1048576K
}
Event: 2.902 GC heap before
{Heap before GC invocations=4 (full 0):
 garbage-first heap   total 129024K, used 85571K [0x0000000080000000, 0x0000000100000000)
  region size 1024K, 69 young (70656K), 2 survivors (2048K)
 Metaspace       used 27568K, capacity 28242K, committed 28464K, reserved 1073152K
  class space    used 3622K, capacity 3857K, committed 3968K, reserved 1048576K
}
Event: 2.906 GC heap after
{Heap after GC invocations=5 (full 0):
 garbage-first heap   total 129024K, used 19187K [0x0000000080000000, 0x0000000100000000)
  region size 1024K, 4 young (4096K), 4 survivors (4096K)
 Metaspace       used 27568K, capacity 28242K, committed 28464K, reserved 1073152K
  class space    used 3622K, capacity 3857K, committed 3968K, reserved 1048576K
}
Event: 3.403 GC heap before
{Heap before GC invocations=5 (full 0):
 garbage-first heap   total 129024K, used 64243K [0x0000000080000000, 0x0000000100000000)
  region size 1024K, 49 young (50176K), 4 survivors (4096K)
 Metaspace       used 34855K, capacity 35659K, committed 35708K, reserved 1081344K
  class space    used 4518K, capacity 4841K, committed 4864K, reserved 1048576K
}
Event: 3.415 GC heap after
{Heap after GC invocations=6 (full 0):
 garbage-first heap   total 129024K, used 21824K [0x0000000080000000, 0x0000000100000000)
  region size 1024K, 6 young (6144K), 6 survivors (6144K)
 Metaspace       used 34855K, capacity 35659K, committed 35708K, reserved 1081344K
  class space    used 4518K, capacity 4841K, committed 4864K, reserved 1048576K
}
Event: 4.053 GC heap before
{Heap before GC invocations=7 (full 0):
 garbage-first heap   total 129024K, used 93504K [0x0000000080000000, 0x0000000100000000)
  region size 1024K, 74 young (75776K), 6 survivors (6144K)
 Metaspace       used 40576K, capacity 41497K, committed 41544K, reserved 1085440K
  class space    used 5189K, capacity 5546K, committed 5580K, reserved 1048576K
}
Event: 4.062 GC heap after
{Heap after GC invocations=8 (full 0):
 garbage-first heap   total 129024K, used 27453K [0x0000000080000000, 0x0000000100000000)
  region size 1024K, 10 young (10240K), 10 survivors (10240K)
 Metaspace       used 40576K, capacity 41497K, committed 41544K, reserved 1085440K
  class space    used 5189K, capacity 5546K, committed 5580K, reserved 1048576K
}
Event: 4.604 GC heap before
{Heap before GC invocations=8 (full 0):
 garbage-first heap   total 129024K, used 94013K [0x0000000080000000, 0x0000000100000000)
  region size 1024K, 75 young (76800K), 10 survivors (10240K)
 Metaspace       used 46397K, capacity 47481K, committed 47560K, reserved 1091584K
  class space    used 5978K, capacity 6402K, committed 6476K, reserved 1048576K
}
Event: 4.612 GC heap after
{Heap after GC invocations=9 (full 0):
 garbage-first heap   total 155648K, used 30296K [0x0000000080000000, 0x0000000100000000)
  region size 1024K, 8 young (8192K), 8 survivors (8192K)
 Metaspace       used 46397K, capacity 47481K, committed 47560K, reserved 1091584K
  class space    used 5978K, capacity 6402K, committed 6476K, reserved 1048576K
}
Event: 5.602 GC heap before
{Heap before GC invocations=9 (full 0):
 garbage-first heap   total 155648K, used 113240K [0x0000000080000000, 0x0000000100000000)
  region size 1024K, 82 young (83968K), 8 survivors (8192K)
 Metaspace       used 49205K, capacity 50411K, committed 50760K, reserved 1093632K
  class space    used 6303K, capacity 6763K, committed 6860K, reserved 1048576K
}
Event: 5.615 GC heap after
{Heap after GC invocations=10 (full 0):
 garbage-first heap   total 155648K, used 48685K [0x0000000080000000, 0x0000000100000000)
  region size 1024K, 11 young (11264K), 11 survivors (11264K)
 Metaspace       used 49205K, capacity 50411K, committed 50760K, reserved 1093632K
  class space    used 6303K, capacity 6763K, committed 6860K, reserved 1048576K
}
Event: 6.303 GC heap before
{Heap before GC invocations=10 (full 0):
 garbage-first heap   total 155648K, used 115245K [0x0000000080000000, 0x0000000100000000)
  region size 1024K, 76 young (77824K), 11 survivors (11264K)
 Metaspace       used 57890K, capacity 59347K, committed 59592K, reserved 1101824K
  class space    used 7383K, capacity 7903K, committed 8012K, reserved 1048576K
}
Event: 6.311 GC heap after
{Heap after GC invocations=11 (full 0):
 garbage-first heap   total 155648K, used 52147K [0x0000000080000000, 0x0000000100000000)
  region size 1024K, 3 young (3072K), 3 survivors (3072K)
 Metaspace       used 57890K, capacity 59347K, committed 59592K, reserved 1101824K
  class space    used 7383K, capacity 7903K, committed 8012K, reserved 1048576K
}
Event: 6.346 GC heap before
{Heap before GC invocations=11 (full 0):
 garbage-first heap   total 155648K, used 54195K [0x0000000080000000, 0x0000000100000000)
  region size 1024K, 6 young (6144K), 3 survivors (3072K)
 Metaspace       used 58346K, capacity 59789K, committed 59976K, reserved 1101824K
  class space    used 7443K, capacity 8008K, committed 8140K, reserved 1048576K
}
Event: 6.350 GC heap after
{Heap after GC invocations=12 (full 0):
 garbage-first heap   total 155648K, used 51546K [0x0000000080000000, 0x0000000100000000)
  region size 1024K, 3 young (3072K), 3 survivors (3072K)
 Metaspace       used 58346K, capacity 59789K, committed 59976K, reserved 1101824K
  class space    used 7443K, capacity 8008K, committed 8140K, reserved 1048576K
}
Event: 6.901 GC heap before
{Heap before GC invocations=13 (full 0):
 garbage-first heap   total 155648K, used 105818K [0x0000000080000000, 0x0000000100000000)
  region size 1024K, 57 young (58368K), 3 survivors (3072K)
 Metaspace       used 63839K, capacity 65276K, committed 65648K, reserved 1105920K
  class space    used 8104K, capacity 8658K, committed 8780K, reserved 1048576K
}
Event: 6.909 GC heap after
{Heap after GC invocations=14 (full 0):
 garbage-first heap   total 155648K, used 56196K [0x0000000080000000, 0x0000000100000000)
  region size 1024K, 7 young (7168K), 7 survivors (7168K)
 Metaspace       used 63839K, capacity 65276K, committed 65648K, reserved 1105920K
  class space    used 8104K, capacity 8658K, committed 8780K, reserved 1048576K
}
Event: 7.514 GC heap before
{Heap before GC invocations=15 (full 0):
 garbage-first heap   total 155648K, used 112516K [0x0000000080000000, 0x0000000100000000)
  region size 1024K, 61 young (62464K), 7 survivors (7168K)
 Metaspace       used 67805K, capacity 69315K, committed 69488K, reserved 1110016K
  class space    used 8622K, capacity 9182K, committed 9292K, reserved 1048576K
}
Event: 7.523 GC heap after
{Heap after GC invocations=16 (full 0):
 garbage-first heap   total 187392K, used 59818K [0x0000000080000000, 0x0000000100000000)
  region size 1024K, 4 young (4096K), 4 survivors (4096K)
 Metaspace       used 67805K, capacity 69315K, committed 69488K, reserved 1110016K
  class space    used 8622K, capacity 9182K, committed 9292K, reserved 1048576K
}

Deoptimization events (20 events):
Event: 7.161 Thread 0x000001dbb1955800 DEOPT PACKING pc=0x000001db9ea01204 sp=0x000000c0bbdf7f40
Event: 7.161 Thread 0x000001dbb1955800 DEOPT UNPACKING pc=0x000001db96eba1af sp=0x000000c0bbdf7ef0 mode 2
Event: 7.186 Thread 0x000001dbb1955800 Uncommon trap: trap_request=0xffffffde fr.pc=0x000001db9ed3126c relative=0x0000000000002ccc
Event: 7.186 Thread 0x000001dbb1955800 Uncommon trap: reason=class_check action=maybe_recompile pc=0x000001db9ed3126c method=java.util.TreeMap.put(Ljava/lang/Object;Ljava/lang/Object;)Ljava/lang/Object; @ 127 c2
Event: 7.186 Thread 0x000001dbb1955800 DEOPT PACKING pc=0x000001db9ed3126c sp=0x000000c0bbdf8250
Event: 7.186 Thread 0x000001dbb1955800 DEOPT UNPACKING pc=0x000001db96eba1af sp=0x000000c0bbdf8218 mode 2
Event: 7.296 Thread 0x000001dbb1955800 Uncommon trap: trap_request=0xffffff4d fr.pc=0x000001db9ecbd71c relative=0x00000000000022dc
Event: 7.296 Thread 0x000001dbb1955800 Uncommon trap: reason=unstable_if action=reinterpret pc=0x000001db9ecbd71c method=sun.net.www.protocol.jar.Handler.parseURL(Ljava/net/URL;Ljava/lang/String;II)V @ 116 c2
Event: 7.296 Thread 0x000001dbb1955800 DEOPT PACKING pc=0x000001db9ecbd71c sp=0x000000c0bbdf8110
Event: 7.296 Thread 0x000001dbb1955800 DEOPT UNPACKING pc=0x000001db96eba1af sp=0x000000c0bbdf80d0 mode 2
Event: 7.318 Thread 0x000001dbb1955800 Uncommon trap: trap_request=0xffffff4d fr.pc=0x000001db9ec52bc4 relative=0x0000000000000424
Event: 7.318 Thread 0x000001dbb1955800 Uncommon trap: reason=unstable_if action=reinterpret pc=0x000001db9ec52bc4 method=java.lang.String.compareTo(Ljava/lang/String;)I @ 25 c2
Event: 7.318 Thread 0x000001dbb1955800 DEOPT PACKING pc=0x000001db9ec52bc4 sp=0x000000c0bbdf73e0
Event: 7.318 Thread 0x000001dbb1955800 DEOPT UNPACKING pc=0x000001db96eba1af sp=0x000000c0bbdf7360 mode 2
Event: 7.336 Thread 0x000001dbb1955800 DEOPT PACKING pc=0x000001db97e8c6b1 sp=0x000000c0bbdf6c80
Event: 7.336 Thread 0x000001dbb1955800 DEOPT UNPACKING pc=0x000001db96eba95e sp=0x000000c0bbdf6150 mode 0
Event: 7.482 Thread 0x000001dbb1955800 Uncommon trap: trap_request=0xffffff4d fr.pc=0x000001db9eb03f00 relative=0x0000000000000340
Event: 7.482 Thread 0x000001dbb1955800 Uncommon trap: reason=unstable_if action=reinterpret pc=0x000001db9eb03f00 method=java.util.StringJoiner.add(Ljava/lang/CharSequence;)Ljava/util/StringJoiner; @ 33 c2
Event: 7.482 Thread 0x000001dbb1955800 DEOPT PACKING pc=0x000001db9eb03f00 sp=0x000000c0bbdf5b50
Event: 7.482 Thread 0x000001dbb1955800 DEOPT UNPACKING pc=0x000001db96eba1af sp=0x000000c0bbdf5b00 mode 2

Classes redefined (0 events):
No events

Internal exceptions (20 events):
Event: 7.435 Thread 0x000001dbb1955800 Exception <a 'java/lang/ClassNotFoundException'{0x0000000086eef100}: org/jetbrains/kotlin/gradle/targets/js/npm/DefaultDevNpmDependencyExtensionBeanInfo> (0x0000000086eef100) thrown at [./src/hotspot/share/classfile/systemDictionary.cpp, line 231]
Event: 7.435 Thread 0x000001dbb1955800 Exception <a 'java/lang/ClassNotFoundException'{0x0000000086d0e738}: org/jetbrains/kotlin/gradle/targets/js/npm/DefaultDevNpmDependencyExtensionCustomizer> (0x0000000086d0e738) thrown at [./src/hotspot/share/classfile/systemDictionary.cpp, line 231]
Event: 7.438 Thread 0x000001dbb1955800 Exception <a 'java/lang/ClassNotFoundException'{0x0000000086d6ba18}: org/jetbrains/kotlin/gradle/targets/js/npm/DefaultPeerNpmDependencyExtensionBeanInfo> (0x0000000086d6ba18) thrown at [./src/hotspot/share/classfile/systemDictionary.cpp, line 231]
Event: 7.438 Thread 0x000001dbb1955800 Exception <a 'java/lang/ClassNotFoundException'{0x0000000086d8afa8}: org/jetbrains/kotlin/gradle/targets/js/npm/DefaultPeerNpmDependencyExtensionCustomizer> (0x0000000086d8afa8) thrown at [./src/hotspot/share/classfile/systemDictionary.cpp, line 231]
Event: 7.441 Thread 0x000001dbb1955800 Exception <a 'java/lang/ClassNotFoundException'{0x0000000086df5608}: org/jetbrains/kotlin/gradle/targets/js/npm/DefaultPeerNpmDependencyExtension$delegate$1BeanInfo> (0x0000000086df5608) thrown at [./src/hotspot/share/classfile/systemDictionary.cpp, line 231]
Event: 7.441 Thread 0x000001dbb1955800 Exception <a 'java/lang/ClassNotFoundException'{0x0000000086c16630}: org/jetbrains/kotlin/gradle/targets/js/npm/DefaultPeerNpmDependencyExtension$delegate$1Customizer> (0x0000000086c16630) thrown at [./src/hotspot/share/classfile/systemDictionary.cpp, line 231]
Event: 7.454 Thread 0x000001dbb1955800 Exception <a 'java/lang/ClassNotFoundException'{0x0000000086cf41f0}: build_6uxwz10smq9cg5slwwtjg0fw3BeanInfo> (0x0000000086cf41f0) thrown at [./src/hotspot/share/classfile/systemDictionary.cpp, line 231]
Event: 7.454 Thread 0x000001dbb1955800 Exception <a 'java/lang/ClassNotFoundException'{0x0000000086cff698}: build_6uxwz10smq9cg5slwwtjg0fw3Customizer> (0x0000000086cff698) thrown at [./src/hotspot/share/classfile/systemDictionary.cpp, line 231]
Event: 7.480 Thread 0x000001dbb1955800 Exception <a 'java/lang/ClassNotFoundException'{0x00000000868333c8}: com/android/build/gradle/internal/dsl/BaseAppModuleExtension_DecoratedBeanInfo> (0x00000000868333c8) thrown at [./src/hotspot/share/classfile/systemDictionary.cpp, line 231]
Event: 7.480 Thread 0x000001dbb1955800 Exception <a 'java/lang/ClassNotFoundException'{0x000000008684f650}: com/android/build/gradle/internal/dsl/BaseAppModuleExtensionBeanInfo> (0x000000008684f650) thrown at [./src/hotspot/share/classfile/systemDictionary.cpp, line 231]
Event: 7.480 Thread 0x000001dbb1955800 Exception <a 'java/lang/ClassNotFoundException'{0x0000000086867b38}: com/android/build/gradle/AppExtensionBeanInfo> (0x0000000086867b38) thrown at [./src/hotspot/share/classfile/systemDictionary.cpp, line 231]
Event: 7.481 Thread 0x000001dbb1955800 Exception <a 'java/lang/ClassNotFoundException'{0x0000000086882188}: com/android/build/gradle/AbstractAppExtensionBeanInfo> (0x0000000086882188) thrown at [./src/hotspot/share/classfile/systemDictionary.cpp, line 231]
Event: 7.481 Thread 0x000001dbb1955800 Exception <a 'java/lang/ClassNotFoundException'{0x000000008689b0a8}: com/android/build/gradle/TestedExtensionBeanInfo> (0x000000008689b0a8) thrown at [./src/hotspot/share/classfile/systemDictionary.cpp, line 231]
Event: 7.481 Thread 0x000001dbb1955800 Exception <a 'java/lang/ClassNotFoundException'{0x00000000868b41c0}: com/android/build/gradle/BaseExtensionBeanInfo> (0x00000000868b41c0) thrown at [./src/hotspot/share/classfile/systemDictionary.cpp, line 231]
Event: 7.481 Thread 0x000001dbb1955800 Exception <a 'java/lang/ClassNotFoundException'{0x00000000868cd350}: com/android/build/gradle/BaseExtensionCustomizer> (0x00000000868cd350) thrown at [./src/hotspot/share/classfile/systemDictionary.cpp, line 231]
Event: 7.483 Thread 0x000001dbb1955800 Exception <a 'java/lang/ClassNotFoundException'{0x000000008673fcd8}: com/android/build/gradle/TestedExtensionCustomizer> (0x000000008673fcd8) thrown at [./src/hotspot/share/classfile/systemDictionary.cpp, line 231]
Event: 7.484 Thread 0x000001dbb1955800 Exception <a 'java/lang/ClassNotFoundException'{0x0000000086774328}: com/android/build/gradle/AbstractAppExtensionCustomizer> (0x0000000086774328) thrown at [./src/hotspot/share/classfile/systemDictionary.cpp, line 231]
Event: 7.485 Thread 0x000001dbb1955800 Exception <a 'java/lang/ClassNotFoundException'{0x00000000867a2b70}: com/android/build/gradle/AppExtensionCustomizer> (0x00000000867a2b70) thrown at [./src/hotspot/share/classfile/systemDictionary.cpp, line 231]
Event: 7.485 Thread 0x000001dbb1955800 Exception <a 'java/lang/ClassNotFoundException'{0x00000000867d3c28}: com/android/build/gradle/internal/dsl/BaseAppModuleExtensionCustomizer> (0x00000000867d3c28) thrown at [./src/hotspot/share/classfile/systemDictionary.cpp, line 231]
Event: 7.489 Thread 0x000001dbb1955800 Exception <a 'java/lang/ClassNotFoundException'{0x00000000866bf840}: com/android/build/gradle/internal/dsl/BaseAppModuleExtension_DecoratedCustomizer> (0x00000000866bf840) thrown at [./src/hotspot/share/classfile/systemDictionary.cpp, line 231]

Events (20 events):
Event: 7.484 loading class com/android/build/gradle/AppExtensionCustomizer
Event: 7.484 loading class com/android/build/gradle/AppExtensionCustomizer done
Event: 7.485 loading class com/android/build/gradle/AppExtensionCustomizer
Event: 7.485 loading class com/android/build/gradle/AppExtensionCustomizer done
Event: 7.485 loading class com/android/build/gradle/internal/dsl/BaseAppModuleExtensionCustomizer
Event: 7.485 loading class com/android/build/gradle/internal/dsl/BaseAppModuleExtensionCustomizer done
Event: 7.485 loading class com/android/build/gradle/internal/dsl/BaseAppModuleExtensionCustomizer
Event: 7.485 loading class com/android/build/gradle/internal/dsl/BaseAppModuleExtensionCustomizer done
Event: 7.488 loading class com/android/build/gradle/internal/dsl/BaseAppModuleExtension_DecoratedCustomizer
Event: 7.488 loading class com/android/build/gradle/internal/dsl/BaseAppModuleExtension_DecoratedCustomizer done
Event: 7.489 loading class com/android/build/gradle/internal/dsl/BaseAppModuleExtension_DecoratedCustomizer
Event: 7.489 loading class com/android/build/gradle/internal/dsl/BaseAppModuleExtension_DecoratedCustomizer done
Event: 7.494 loading class groovy/runtime/metaclass/build_6uxwz10smq9cg5slwwtjg0fw3$_run_closure1$_closure3MetaClass
Event: 7.494 loading class groovy/runtime/metaclass/build_6uxwz10smq9cg5slwwtjg0fw3$_run_closure1$_closure3MetaClass done
Event: 7.495 loading class org/gradle/util/internal/ConfigureUtil
Event: 7.495 loading class org/gradle/util/internal/ConfigureUtil done
Event: 7.495 loading class groovy/runtime/metaclass/com/android/build/gradle/internal/dsl/DefaultConfig$AgpDecorated_DecoratedMetaClass
Event: 7.495 loading class groovy/runtime/metaclass/com/android/build/gradle/internal/dsl/DefaultConfig$AgpDecorated_DecoratedMetaClass done
Event: 7.514 Executing VM operation: G1CollectForAllocation
Event: 7.523 Executing VM operation: G1CollectForAllocation done


Dynamic libraries:
0x00007ff7b99e0000 - 0x00007ff7b99ea000 	C:\Program Files\Android\Android Studio\jre\bin\java.exe
0x00007fff4aa50000 - 0x00007fff4ac64000 	C:\WINDOWS\SYSTEM32\ntdll.dll
0x00007fff48a10000 - 0x00007fff48ad2000 	C:\WINDOWS\System32\KERNEL32.DLL
0x00007fff48480000 - 0x00007fff48823000 	C:\WINDOWS\System32\KERNELBASE.dll
0x00007fff48220000 - 0x00007fff48331000 	C:\WINDOWS\System32\ucrtbase.dll
0x00007fff33290000 - 0x00007fff332a7000 	C:\Program Files\Android\Android Studio\jre\bin\VCRUNTIME140.dll
0x00007fff37ac0000 - 0x00007fff37ad9000 	C:\Program Files\Android\Android Studio\jre\bin\jli.dll
0x00007fff4a860000 - 0x00007fff4aa0a000 	C:\WINDOWS\System32\USER32.dll
0x00007fff48180000 - 0x00007fff481a6000 	C:\WINDOWS\System32\win32u.dll
0x00007fff2c990000 - 0x00007fff2cc1e000 	C:\WINDOWS\WinSxS\amd64_microsoft.windows.common-controls_6595b64144ccf1df_6.0.22621.1635_none_270f70857386168e\COMCTL32.dll
0x00007fff4a170000 - 0x00007fff4a217000 	C:\WINDOWS\System32\msvcrt.dll
0x00007fff49940000 - 0x00007fff49969000 	C:\WINDOWS\System32\GDI32.dll
0x00007fff47e50000 - 0x00007fff47f69000 	C:\WINDOWS\System32\gdi32full.dll
0x00007fff47f70000 - 0x00007fff4800a000 	C:\WINDOWS\System32\msvcp_win.dll
0x00007fff48830000 - 0x00007fff48861000 	C:\WINDOWS\System32\IMM32.DLL
0x00007fff1e150000 - 0x00007fff1e1ed000 	C:\Program Files\Android\Android Studio\jre\bin\msvcp140.dll
0x00007ffef2b50000 - 0x00007ffef3635000 	C:\Program Files\Android\Android Studio\jre\bin\server\jvm.dll
0x00007fff4a220000 - 0x00007fff4a2ce000 	C:\WINDOWS\System32\ADVAPI32.dll
0x00007fff492b0000 - 0x00007fff49354000 	C:\WINDOWS\System32\sechost.dll
0x00007fff4a380000 - 0x00007fff4a497000 	C:\WINDOWS\System32\RPCRT4.dll
0x00007fff492a0000 - 0x00007fff492a8000 	C:\WINDOWS\System32\PSAPI.DLL
0x00007fff42a00000 - 0x00007fff42a09000 	C:\WINDOWS\SYSTEM32\WSOCK32.dll
0x00007fff3ecb0000 - 0x00007fff3ecba000 	C:\WINDOWS\SYSTEM32\VERSION.dll
0x00007fff41400000 - 0x00007fff41434000 	C:\WINDOWS\SYSTEM32\WINMM.dll
0x00007fff4a580000 - 0x00007fff4a5f1000 	C:\WINDOWS\System32\WS2_32.dll
0x00007fff46ef0000 - 0x00007fff46f08000 	C:\WINDOWS\SYSTEM32\kernel.appcore.dll
0x00007fff41fc0000 - 0x00007fff41fd1000 	C:\Program Files\Android\Android Studio\jre\bin\verify.dll
0x00007fff3bd30000 - 0x00007fff3bf5e000 	C:\WINDOWS\SYSTEM32\DBGHELP.DLL
0x00007fff49360000 - 0x00007fff496e9000 	C:\WINDOWS\System32\combase.dll
0x00007fff4a4a0000 - 0x00007fff4a577000 	C:\WINDOWS\System32\OLEAUT32.dll
0x00007fff3bc70000 - 0x00007fff3bca2000 	C:\WINDOWS\SYSTEM32\dbgcore.DLL
0x00007fff48340000 - 0x00007fff483ba000 	C:\WINDOWS\System32\bcryptPrimitives.dll
0x00007fff38070000 - 0x00007fff38099000 	C:\Program Files\Android\Android Studio\jre\bin\java.dll
0x00007fff42170000 - 0x00007fff4217b000 	C:\Program Files\Android\Android Studio\jre\bin\jimage.dll
0x00007fff3db40000 - 0x00007fff3db58000 	C:\Program Files\Android\Android Studio\jre\bin\zip.dll
0x00007fff49970000 - 0x00007fff4a169000 	C:\WINDOWS\System32\SHELL32.dll
0x00007fff45e00000 - 0x00007fff466ce000 	C:\WINDOWS\SYSTEM32\windows.storage.dll
0x00007fff45cc0000 - 0x00007fff45dfe000 	C:\WINDOWS\SYSTEM32\wintypes.dll
0x00007fff49740000 - 0x00007fff49831000 	C:\WINDOWS\System32\SHCORE.dll
0x00007fff48870000 - 0x00007fff488ce000 	C:\WINDOWS\System32\shlwapi.dll
0x00007fff47d80000 - 0x00007fff47da6000 	C:\WINDOWS\SYSTEM32\profapi.dll
0x00007fff38600000 - 0x00007fff3861a000 	C:\Program Files\Android\Android Studio\jre\bin\net.dll
0x00007fff41120000 - 0x00007fff41257000 	C:\WINDOWS\SYSTEM32\WINHTTP.dll
0x00007fff473b0000 - 0x00007fff47419000 	C:\WINDOWS\system32\mswsock.dll
0x00007fff37e50000 - 0x00007fff37e64000 	C:\Program Files\Android\Android Studio\jre\bin\nio.dll
0x00007fff23a20000 - 0x00007fff23a47000 	C:\Users\Mehmet emin\.gradle\native\e1d6ef7f7dcc3fd88c89a11ec53ec762bb8ba0a96d01ffa2cd45eb1d1d8dd5c5\windows-amd64\native-platform.dll
0x00007fff1b2d0000 - 0x00007fff1b414000 	C:\Users\Mehmet emin\.gradle\native\5664cfc778a61ccfe75a443a1ab52a65af34e5dc3c78e0209fed803814484fcb\windows-amd64\native-platform-file-events.dll
0x00007fff3da30000 - 0x00007fff3da3a000 	C:\Program Files\Android\Android Studio\jre\bin\management.dll
0x00007fff38730000 - 0x00007fff3873d000 	C:\Program Files\Android\Android Studio\jre\bin\management_ext.dll
0x00007fff476d0000 - 0x00007fff476eb000 	C:\WINDOWS\SYSTEM32\CRYPTSP.dll
0x00007fff46eb0000 - 0x00007fff46ee5000 	C:\WINDOWS\system32\rsaenh.dll
0x00007fff47450000 - 0x00007fff4747c000 	C:\WINDOWS\SYSTEM32\USERENV.dll
0x00007fff47800000 - 0x00007fff47828000 	C:\WINDOWS\SYSTEM32\bcrypt.dll
0x00007fff476b0000 - 0x00007fff476bc000 	C:\WINDOWS\SYSTEM32\CRYPTBASE.dll
0x00007fff469a0000 - 0x00007fff469cd000 	C:\WINDOWS\SYSTEM32\IPHLPAPI.DLL
0x00007fff498a0000 - 0x00007fff498a9000 	C:\WINDOWS\System32\NSI.dll
0x00007fff40de0000 - 0x00007fff40df9000 	C:\WINDOWS\SYSTEM32\dhcpcsvc6.DLL
0x00007fff40b80000 - 0x00007fff40b9f000 	C:\WINDOWS\SYSTEM32\dhcpcsvc.DLL
0x00007fff46a10000 - 0x00007fff46b03000 	C:\WINDOWS\SYSTEM32\DNSAPI.dll

dbghelp: loaded successfully - version: 4.0.5 - missing functions: none
symbol engine: initialized successfully - sym options: 0x614 - pdb path: .;C:\Program Files\Android\Android Studio\jre\bin;C:\WINDOWS\SYSTEM32;C:\WINDOWS\WinSxS\amd64_microsoft.windows.common-controls_6595b64144ccf1df_6.0.22621.1635_none_270f70857386168e;C:\Program Files\Android\Android Studio\jre\bin\server;C:\Users\Mehmet emin\.gradle\native\e1d6ef7f7dcc3fd88c89a11ec53ec762bb8ba0a96d01ffa2cd45eb1d1d8dd5c5\windows-amd64;C:\Users\Mehmet emin\.gradle\native\5664cfc778a61ccfe75a443a1ab52a65af34e5dc3c78e0209fed803814484fcb\windows-amd64

VM Arguments:
jvm_args: --add-opens=java.base/java.util=ALL-UNNAMED --add-opens=java.base/java.lang=ALL-UNNAMED --add-opens=java.base/java.lang.invoke=ALL-UNNAMED --add-opens=java.base/java.util=ALL-UNNAMED --add-opens=java.prefs/java.util.prefs=ALL-UNNAMED --add-opens=java.prefs/java.util.prefs=ALL-UNNAMED --add-opens=java.base/java.nio.charset=ALL-UNNAMED --add-opens=java.base/java.net=ALL-UNNAMED --add-opens=java.base/java.util.concurrent.atomic=ALL-UNNAMED -Xmx2048m -Dfile.encoding=UTF-8 -Duser.country=TR -Duser.language=tr -Duser.variant 
java_command: org.gradle.launcher.daemon.bootstrap.GradleDaemon 7.3.3
java_class_path (initial): C:\Users\Mehmet emin\.gradle\wrapper\dists\gradle-7.3.3-bin\6a41zxkdtcxs8rphpq6y0069z\gradle-7.3.3\lib\gradle-launcher-7.3.3.jar
Launcher Type: SUN_STANDARD

[Global flags]
     intx CICompilerCount                          = 4                                         {product} {ergonomic}
     uint ConcGCThreads                            = 2                                         {product} {ergonomic}
     uint G1ConcRefinementThreads                  = 8                                         {product} {ergonomic}
   size_t G1HeapRegionSize                         = 1048576                                   {product} {ergonomic}
    uintx GCDrainStackTargetSize                   = 64                                        {product} {ergonomic}
   size_t InitialHeapSize                          = 132120576                                 {product} {ergonomic}
   size_t MarkStackSize                            = 4194304                                   {product} {ergonomic}
   size_t MaxHeapSize                              = 2147483648                                {product} {command line}
   size_t MaxNewSize                               = 1287651328                                {product} {ergonomic}
   size_t MinHeapDeltaBytes                        = 1048576                                   {product} {ergonomic}
    uintx NonNMethodCodeHeapSize                   = 5836300                                {pd product} {ergonomic}
    uintx NonProfiledCodeHeapSize                  = 122910970                              {pd product} {ergonomic}
    uintx ProfiledCodeHeapSize                     = 122910970                              {pd product} {ergonomic}
    uintx ReservedCodeCacheSize                    = 251658240                              {pd product} {ergonomic}
     bool SegmentedCodeCache                       = true                                      {product} {ergonomic}
     bool UseCompressedClassPointers               = true                                 {lp64_product} {ergonomic}
     bool UseCompressedOops                        = true                                 {lp64_product} {ergonomic}
     bool UseG1GC                                  = true                                      {product} {ergonomic}
     bool UseLargePagesIndividualAllocation        = false                                  {pd product} {ergonomic}

Logging:
Log output configuration:
 #0: stdout all=warning uptime,level,tags
 #1: stderr all=off uptime,level,tags

Environment Variables:
JAVA_HOME=C:\Program Files\Java\jdk1.8.0_202
PATH=C:\Program Files (x86)\Common Files\Oracle\Java\javapath;C:\Program Files\Common Files\Oracle\Java\javapath;C:\ProgramData\Oracle\Java\javapath;C:\texlive\2000\bin\win32;C:\Windows\system32;C:\Windows;C:\Windows\System32\Wbem;C:\Windows\System32\WindowsPowerShell\v1.0\;C:\Windows\System32\OpenSSH\;C:\Program Files\NVIDIA Corporation\NVIDIA NvDLISR;C:\Program Files (x86)\NVIDIA Corporation\PhysX\Common;C:\Program Files\dotnet\;C:\Program Files\Microsoft SQL Server\130\Tools\Binn\;C:\Program Files\Microsoft SQL Server\Client SDK\ODBC\170\Tools\Binn\;C:\Program Files\Git\cmd;C:\WINDOWS\system32;C:\WINDOWS;C:\WINDOWS\System32\Wbem;C:\WINDOWS\System32\WindowsPowerShell\v1.0\;C:\WINDOWS\System32\OpenSSH\;C:\Program Files\Cloudflare\Cloudflare WARP;C:\Program Files\Java\jdk1.8.0_202\bin;C:\Users\Mehmet emin\AppData\Local\Programs\Python\Python310\Scripts\;C:\Users\Mehmet emin\AppData\Local\Programs\Python\Python310\;C:\Program Files\MySQL\MySQL Shell 8.0\bin\;C:\Users\Mehmet emin\AppData\Local\Microsoft\WindowsApps;C:\Users\Mehmet emin\.dotnet\tools;C:\Users\Mehmet emin\AppData\Local\Programs\Microsoft VS Code\bin;C:\Users\Mehmet emin\AppData\Local\GitHubDesktop\bin;C:\src\flutter\bin;C:\Program Files\Java\jdk1.8.0_202\bin;
USERNAME=Mehmet emin
OS=Windows_NT
PROCESSOR_IDENTIFIER=Intel64 Family 6 Model 158 Stepping 10, GenuineIntel



---------------  S Y S T E M  ---------------

OS: Windows 10 , 64 bit Build 22621 (10.0.22621.1928)
OS uptime: 1 days 6:13 hours
Hyper-V role detected

CPU:total 8 (initial active 8) (4 cores per cpu, 2 threads per core) family 6 model 158 stepping 10 microcode 0xde, cmov, cx8, fxsr, mmx, sse, sse2, sse3, ssse3, sse4.1, sse4.2, popcnt, avx, avx2, aes, clmul, erms, 3dnowpref, lzcnt, ht, tsc, tscinvbit, bmi1, bmi2, adx, fma

Memory: 4k page, system-wide physical 7992M (637M free)
TotalPageFile size 12088M (AvailPageFile size 5M)
current process WorkingSet (physical memory assigned to process): 425M, peak: 425M
current process commit charge ("private bytes"): 481M, peak: 483M

vm_info: OpenJDK 64-Bit Server VM (11.0.12+7-b1504.28-7817840) for windows-amd64 JRE (11.0.12+7-b1504.28-7817840), built on Oct 13 2021 22:12:33 by "builder" with MS VC++ 14.0 (VS2015)

END.
