#
# There is insufficient memory for the Java Runtime Environment to continue.
# Native memory allocation (malloc) failed to allocate 1946736 bytes for Chunk::new
# Possible reasons:
#   The system is out of physical RAM or swap space
#   The process is running with CompressedOops enabled, and the Java Heap may be blocking the growth of the native heap
# Possible solutions:
#   Reduce memory load on the system
#   Increase physical memory or swap space
#   Check if swap backing store is full
#   Decrease Java heap size (-Xmx/-Xms)
#   Decrease number of Java threads
#   Decrease Java thread stack sizes (-Xss)
#   Set larger code cache with -XX:ReservedCodeCacheSize=
#   JVM is running with Unscaled Compressed Oops mode in which the Java heap is
#     placed in the first 4GB address space. The Java Heap base address is the
#     maximum limit for the native heap growth. Please use -XX:HeapBaseMinAddress
#     to set the Java Heap base and to place the Java Heap above 4GB virtual address.
# This output file may be truncated or incomplete.
#
#  Out of Memory Error (./src/hotspot/share/memory/arena.cpp:197), pid=10328, tid=17000
#
# JRE version: OpenJDK Runtime Environment (11.0.12+7) (build 11.0.12+7-b1504.28-7817840)
# Java VM: OpenJDK 64-Bit Server VM (11.0.12+7-b1504.28-7817840, mixed mode, tiered, compressed oops, g1 gc, windows-amd64)
# No core dump will be written. Minidumps are not enabled by default on client versions of Windows
#

---------------  S U M M A R Y ------------

Command Line: --add-opens=java.base/java.util=ALL-UNNAMED --add-opens=java.base/java.lang=ALL-UNNAMED --add-opens=java.base/java.lang.invoke=ALL-UNNAMED --add-opens=java.base/java.util=ALL-UNNAMED --add-opens=java.prefs/java.util.prefs=ALL-UNNAMED --add-opens=java.prefs/java.util.prefs=ALL-UNNAMED --add-opens=java.base/java.nio.charset=ALL-UNNAMED --add-opens=java.base/java.net=ALL-UNNAMED --add-opens=java.base/java.util.concurrent.atomic=ALL-UNNAMED -Xmx2048m -Dfile.encoding=UTF-8 -Duser.country=TR -Duser.language=tr -Duser.variant org.gradle.launcher.daemon.bootstrap.GradleDaemon 7.3.3

Host: Intel(R) Core(TM) i5-9300H CPU @ 2.40GHz, 8 cores, 7G,  Windows 10 , 64 bit Build 22621 (10.0.22621.1928)
Time: Wed Jul 26 13:52:17 2023 Türkiye Standart Saati elapsed time: 7.526679 seconds (0d 0h 0m 7s)

---------------  T H R E A D  ---------------

Current thread (0x0000018602f8e800):  JavaThread "C2 CompilerThread2" daemon [_thread_in_native, id=17000, stack(0x000000516fc00000,0x000000516fd00000)]


Current CompileTask:
C2:   7526 6861       4       groovy.lang.MetaClassImpl$1MOPIter::methodNameAction (325 bytes)

Stack: [0x000000516fc00000,0x000000516fd00000]
Native frames: (J=compiled Java code, j=interpreted, Vv=VM code, C=native code)
V  [jvm.dll+0x5fbcea]
V  [jvm.dll+0x731905]
V  [jvm.dll+0x732f1d]
V  [jvm.dll+0x7335d3]
V  [jvm.dll+0x247bf8]
V  [jvm.dll+0xc018c]
V  [jvm.dll+0xc06cc]
V  [jvm.dll+0x35b31d]
V  [jvm.dll+0x328803]
V  [jvm.dll+0x327cfa]
V  [jvm.dll+0x200602]
V  [jvm.dll+0x1ff794]
V  [jvm.dll+0x18868c]
V  [jvm.dll+0x20e0d7]
V  [jvm.dll+0x20c901]
V  [jvm.dll+0x6f9b7f]
V  [jvm.dll+0x6f26a5]
V  [jvm.dll+0x5fabf6]
C  [ucrtbase.dll+0x29363]
C  [KERNEL32.DLL+0x126ad]
C  [ntdll.dll+0x5aa68]


---------------  P R O C E S S  ---------------

Threads class SMR info:
_java_thread_list=0x000001860870fc60, length=125, elements={
0x0000018663979800, 0x000001867fdc2800, 0x000001867fdc3800, 0x000001860084c000,
0x000001860084e800, 0x0000018600850800, 0x0000018600851800, 0x0000018600853000,
0x000001867fdda800, 0x00000186009a5800, 0x00000186021e1000, 0x0000018600bb7800,
0x00000186021a0000, 0x0000018600bfd800, 0x000001860287b800, 0x0000018602801000,
0x00000186027d8800, 0x00000186019bb800, 0x0000018602f3e800, 0x0000018602de0800,
0x0000018602de1800, 0x0000018602de0000, 0x0000018602de2800, 0x0000018602aa1000,
0x0000018602dde800, 0x0000018602f8e800, 0x0000018602de5000, 0x0000018602de3000,
0x0000018602ddf000, 0x0000018602de4000, 0x000001860346f800, 0x0000018603470800,
0x0000018603472000, 0x000001860346c800, 0x000001860346e000, 0x0000018603477800,
0x0000018603473800, 0x0000018603477000, 0x0000018603474800, 0x0000018603478800,
0x0000018603479800, 0x000001860347b000, 0x000001860347a000, 0x0000018603475800,
0x0000018603476000, 0x0000018604d8e800, 0x0000018604d8f800, 0x0000018604d90800,
0x0000018604d8e000, 0x0000018604d94800, 0x0000018604d93800, 0x0000018604d91000,
0x0000018604d92000, 0x0000018604d93000, 0x0000018605e85800, 0x0000018605e84800,
0x0000018605e83000, 0x0000018605e81000, 0x0000018605e82000, 0x0000018605e88800,
0x0000018605e87000, 0x0000018605e86000, 0x0000018605e88000, 0x0000018605e83800,
0x0000018605e8b000, 0x0000018605e8a000, 0x0000018605e8c000, 0x0000018605e8f000,
0x0000018605e89800, 0x0000018605e90000, 0x0000018605e8c800, 0x0000018605e8d800,
0x0000018605e8e800, 0x0000018605c79000, 0x0000018605c7d800, 0x0000018605c7c000,
0x0000018605c7e800, 0x0000018605c7d000, 0x0000018605c7f800, 0x0000018605c7a800,
0x0000018605c79800, 0x0000018605c80000, 0x0000018605c81000, 0x0000018605c7b000,
0x0000018605c86800, 0x0000018605c87800, 0x0000018605c86000, 0x0000018605c83800,
0x0000018605c84000, 0x0000018605c81800, 0x0000018605c82800, 0x0000018605c85000,
0x0000018607288800, 0x0000018607284800, 0x000001860728a000, 0x000001860728b000,
0x0000018607285800, 0x0000018607286000, 0x000001860728c800, 0x0000018607287000,
0x000001860728c000, 0x000001860728d800, 0x0000018607288000, 0x000001860728e800,
0x000001860728f000, 0x0000018607289800, 0x0000018607290000, 0x0000018607293000,
0x0000018607292800, 0x0000018607291800, 0x0000018607291000, 0x0000018605cf9800,
0x0000018605cfa800, 0x0000018605cf4800, 0x0000018605cfb800, 0x0000018605cf6800,
0x0000018605cf5800, 0x0000018605cfc000, 0x0000018605cfd000, 0x0000018605cf7000,
0x0000018605cfd800, 0x0000018605cf8000, 0x0000018605cfe800, 0x0000018605cf9000,
0x0000018605d00000
}

Java Threads: ( => current thread )
  0x0000018663979800 JavaThread "main" [_thread_blocked, id=10440, stack(0x000000516d400000,0x000000516d500000)]
  0x000001867fdc2800 JavaThread "Reference Handler" daemon [_thread_blocked, id=12184, stack(0x000000516db00000,0x000000516dc00000)]
  0x000001867fdc3800 JavaThread "Finalizer" daemon [_thread_blocked, id=16600, stack(0x000000516dc00000,0x000000516dd00000)]
  0x000001860084c000 JavaThread "Signal Dispatcher" daemon [_thread_blocked, id=18284, stack(0x000000516dd00000,0x000000516de00000)]
  0x000001860084e800 JavaThread "Attach Listener" daemon [_thread_blocked, id=11944, stack(0x000000516de00000,0x000000516df00000)]
  0x0000018600850800 JavaThread "Service Thread" daemon [_thread_blocked, id=17828, stack(0x000000516df00000,0x000000516e000000)]
  0x0000018600851800 JavaThread "C2 CompilerThread0" daemon [_thread_in_native, id=8304, stack(0x000000516e000000,0x000000516e100000)]
  0x0000018600853000 JavaThread "C1 CompilerThread0" daemon [_thread_in_native, id=11952, stack(0x000000516e100000,0x000000516e200000)]
  0x000001867fdda800 JavaThread "Sweeper thread" daemon [_thread_blocked, id=16080, stack(0x000000516e200000,0x000000516e300000)]
  0x00000186009a5800 JavaThread "Common-Cleaner" daemon [_thread_blocked, id=8108, stack(0x000000516e300000,0x000000516e400000)]
  0x00000186021e1000 JavaThread "Daemon health stats" [_thread_blocked, id=14280, stack(0x000000516e900000,0x000000516ea00000)]
  0x0000018600bb7800 JavaThread "Incoming local TCP Connector on port 60089" [_thread_in_native, id=3144, stack(0x000000516e500000,0x000000516e600000)]
  0x00000186021a0000 JavaThread "Daemon periodic checks" [_thread_blocked, id=1832, stack(0x000000516e600000,0x000000516e700000)]
  0x0000018600bfd800 JavaThread "Daemon" [_thread_blocked, id=6100, stack(0x000000516ea00000,0x000000516eb00000)]
  0x000001860287b800 JavaThread "Handler for socket connection from /127.0.0.1:60089 to /127.0.0.1:60090" [_thread_in_native, id=16340, stack(0x000000516eb00000,0x000000516ec00000)]
  0x0000018602801000 JavaThread "Cancel handler" [_thread_blocked, id=14912, stack(0x000000516ec00000,0x000000516ed00000)]
  0x00000186027d8800 JavaThread "Daemon worker" [_thread_in_vm, id=13444, stack(0x000000516ed00000,0x000000516ee00000)]
  0x00000186019bb800 JavaThread "Asynchronous log dispatcher for DefaultDaemonConnection: socket connection from /127.0.0.1:60089 to /127.0.0.1:60090" [_thread_blocked, id=12128, stack(0x000000516ee00000,0x000000516ef00000)]
  0x0000018602f3e800 JavaThread "Stdin handler" [_thread_blocked, id=1944, stack(0x000000516ef00000,0x000000516f000000)]
  0x0000018602de0800 JavaThread "Daemon client event forwarder" [_thread_blocked, id=12472, stack(0x000000516f000000,0x000000516f100000)]
  0x0000018602de1800 JavaThread "Cache worker for journal cache (C:\Users\Mehmet emin\.gradle\caches\journal-1)" [_thread_blocked, id=15188, stack(0x000000516f600000,0x000000516f700000)]
  0x0000018602de0000 JavaThread "File lock request listener" [_thread_in_native, id=18076, stack(0x000000516f700000,0x000000516f800000)]
  0x0000018602de2800 JavaThread "Cache worker for file hash cache (C:\Users\Mehmet emin\.gradle\caches\7.3.3\fileHashes)" [_thread_blocked, id=11152, stack(0x000000516f800000,0x000000516f900000)]
  0x0000018602aa1000 JavaThread "C2 CompilerThread1" daemon [_thread_in_native, id=17576, stack(0x000000516fa00000,0x000000516fb00000)]
  0x0000018602dde800 JavaThread "Cache worker for file hash cache (C:\Users\Mehmet emin\StudioProjects\UrunTakipOtomasyonQR\.gradle\7.3.3\fileHashes)" [_thread_blocked, id=7500, stack(0x000000516fb00000,0x000000516fc00000)]
=>0x0000018602f8e800 JavaThread "C2 CompilerThread2" daemon [_thread_in_native, id=17000, stack(0x000000516fc00000,0x000000516fd00000)]
  0x0000018602de5000 JavaThread "File watcher server" daemon [_thread_in_native, id=15020, stack(0x000000516fd00000,0x000000516fe00000)]
  0x0000018602de3000 JavaThread "File watcher consumer" daemon [_thread_blocked, id=10096, stack(0x000000516fe00000,0x000000516ff00000)]
  0x0000018602ddf000 JavaThread "Cache worker for checksums cache (C:\Users\Mehmet emin\StudioProjects\UrunTakipOtomasyonQR\.gradle\7.3.3\checksums)" [_thread_blocked, id=7132, stack(0x000000516ff00000,0x0000005170000000)]
  0x0000018602de4000 JavaThread "Cache worker for cache directory md-supplier (C:\Users\Mehmet emin\.gradle\caches\7.3.3\md-supplier)" [_thread_blocked, id=10380, stack(0x0000005170000000,0x0000005170100000)]
  0x000001860346f800 JavaThread "Cache worker for cache directory md-rule (C:\Users\Mehmet emin\.gradle\caches\7.3.3\md-rule)" [_thread_blocked, id=18112, stack(0x0000005170100000,0x0000005170200000)]
  0x0000018603470800 JavaThread "Cache worker for execution history cache (C:\Users\Mehmet emin\.gradle\caches\7.3.3\executionHistory)" [_thread_blocked, id=7608, stack(0x0000005170200000,0x0000005170300000)]
  0x0000018603472000 JavaThread "jar transforms" [_thread_blocked, id=4056, stack(0x0000005170300000,0x0000005170400000)]
  0x000001860346c800 JavaThread "Cache worker for file content cache (C:\Users\Mehmet emin\.gradle\caches\7.3.3\fileContent)" [_thread_blocked, id=17648, stack(0x0000005170400000,0x0000005170500000)]
  0x000001860346e000 JavaThread "jar transforms Thread 2" [_thread_blocked, id=4672, stack(0x0000005170500000,0x0000005170600000)]
  0x0000018603477800 JavaThread "Cache worker for dependencies-accessors (C:\Users\Mehmet emin\StudioProjects\UrunTakipOtomasyonQR\.gradle\7.3.3\dependencies-accessors)" [_thread_blocked, id=14308, stack(0x0000005170600000,0x0000005170700000)]
  0x0000018603473800 JavaThread "jar transforms Thread 3" [_thread_blocked, id=10460, stack(0x0000005170700000,0x0000005170800000)]
  0x0000018603477000 JavaThread "Cache worker for Build Output Cleanup Cache (C:\Users\Mehmet emin\StudioProjects\UrunTakipOtomasyonQR\.gradle\buildOutputCleanup)" [_thread_blocked, id=13232, stack(0x0000005170800000,0x0000005170900000)]
  0x0000018603474800 JavaThread "Unconstrained build operations" [_thread_blocked, id=18300, stack(0x0000005170900000,0x0000005170a00000)]
  0x0000018603478800 JavaThread "Unconstrained build operations Thread 2" [_thread_blocked, id=12500, stack(0x0000005170a00000,0x0000005170b00000)]
  0x0000018603479800 JavaThread "Unconstrained build operations Thread 3" [_thread_blocked, id=16524, stack(0x0000005170b00000,0x0000005170c00000)]
  0x000001860347b000 JavaThread "Unconstrained build operations Thread 4" [_thread_blocked, id=14620, stack(0x0000005170c00000,0x0000005170d00000)]
  0x000001860347a000 JavaThread "Unconstrained build operations Thread 5" [_thread_blocked, id=13152, stack(0x0000005170d00000,0x0000005170e00000)]
  0x0000018603475800 JavaThread "Unconstrained build operations Thread 6" [_thread_blocked, id=10032, stack(0x0000005170e00000,0x0000005170f00000)]
  0x0000018603476000 JavaThread "Unconstrained build operations Thread 7" [_thread_blocked, id=15608, stack(0x0000005170f00000,0x0000005171000000)]
  0x0000018604d8e800 JavaThread "Unconstrained build operations Thread 8" [_thread_blocked, id=10420, stack(0x0000005171000000,0x0000005171100000)]
  0x0000018604d8f800 JavaThread "Unconstrained build operations Thread 9" [_thread_blocked, id=10712, stack(0x0000005171100000,0x0000005171200000)]
  0x0000018604d90800 JavaThread "Unconstrained build operations Thread 10" [_thread_blocked, id=17112, stack(0x0000005171200000,0x0000005171300000)]
  0x0000018604d8e000 JavaThread "Unconstrained build operations Thread 11" [_thread_blocked, id=2084, stack(0x0000005171300000,0x0000005171400000)]
  0x0000018604d94800 JavaThread "Unconstrained build operations Thread 12" [_thread_blocked, id=5280, stack(0x0000005171400000,0x0000005171500000)]
  0x0000018604d93800 JavaThread "Unconstrained build operations Thread 13" [_thread_blocked, id=4320, stack(0x0000005171500000,0x0000005171600000)]
  0x0000018604d91000 JavaThread "Unconstrained build operations Thread 14" [_thread_blocked, id=12000, stack(0x0000005171600000,0x0000005171700000)]
  0x0000018604d92000 JavaThread "Unconstrained build operations Thread 15" [_thread_blocked, id=7204, stack(0x0000005171700000,0x0000005171800000)]
  0x0000018604d93000 JavaThread "Unconstrained build operations Thread 16" [_thread_blocked, id=15696, stack(0x0000005171800000,0x0000005171900000)]
  0x0000018605e85800 JavaThread "Unconstrained build operations Thread 17" [_thread_blocked, id=15604, stack(0x0000005171900000,0x0000005171a00000)]
  0x0000018605e84800 JavaThread "Unconstrained build operations Thread 18" [_thread_blocked, id=9308, stack(0x0000005171a00000,0x0000005171b00000)]
  0x0000018605e83000 JavaThread "Unconstrained build operations Thread 19" [_thread_blocked, id=17324, stack(0x0000005171b00000,0x0000005171c00000)]
  0x0000018605e81000 JavaThread "Unconstrained build operations Thread 20" [_thread_blocked, id=17852, stack(0x0000005171c00000,0x0000005171d00000)]
  0x0000018605e82000 JavaThread "Unconstrained build operations Thread 21" [_thread_blocked, id=12332, stack(0x0000005171d00000,0x0000005171e00000)]
  0x0000018605e88800 JavaThread "Unconstrained build operations Thread 22" [_thread_blocked, id=11356, stack(0x0000005171e00000,0x0000005171f00000)]
  0x0000018605e87000 JavaThread "Unconstrained build operations Thread 23" [_thread_blocked, id=14628, stack(0x0000005171f00000,0x0000005172000000)]
  0x0000018605e86000 JavaThread "Unconstrained build operations Thread 24" [_thread_blocked, id=15688, stack(0x0000005172000000,0x0000005172100000)]
  0x0000018605e88000 JavaThread "Unconstrained build operations Thread 25" [_thread_blocked, id=9324, stack(0x0000005172100000,0x0000005172200000)]
  0x0000018605e83800 JavaThread "Unconstrained build operations Thread 26" [_thread_blocked, id=14484, stack(0x0000005172200000,0x0000005172300000)]
  0x0000018605e8b000 JavaThread "Unconstrained build operations Thread 27" [_thread_blocked, id=12548, stack(0x0000005172300000,0x0000005172400000)]
  0x0000018605e8a000 JavaThread "Unconstrained build operations Thread 28" [_thread_blocked, id=13740, stack(0x0000005172400000,0x0000005172500000)]
  0x0000018605e8c000 JavaThread "Unconstrained build operations Thread 29" [_thread_blocked, id=6212, stack(0x0000005172500000,0x0000005172600000)]
  0x0000018605e8f000 JavaThread "Unconstrained build operations Thread 30" [_thread_blocked, id=3132, stack(0x0000005172600000,0x0000005172700000)]
  0x0000018605e89800 JavaThread "Unconstrained build operations Thread 31" [_thread_blocked, id=5600, stack(0x0000005172700000,0x0000005172800000)]
  0x0000018605e90000 JavaThread "Unconstrained build operations Thread 32" [_thread_blocked, id=7512, stack(0x0000005172800000,0x0000005172900000)]
  0x0000018605e8c800 JavaThread "Unconstrained build operations Thread 33" [_thread_blocked, id=8460, stack(0x0000005172900000,0x0000005172a00000)]
  0x0000018605e8d800 JavaThread "Unconstrained build operations Thread 34" [_thread_blocked, id=13784, stack(0x0000005172a00000,0x0000005172b00000)]
  0x0000018605e8e800 JavaThread "Unconstrained build operations Thread 35" [_thread_blocked, id=13048, stack(0x0000005172b00000,0x0000005172c00000)]
  0x0000018605c79000 JavaThread "Unconstrained build operations Thread 36" [_thread_blocked, id=15944, stack(0x0000005172c00000,0x0000005172d00000)]
  0x0000018605c7d800 JavaThread "Unconstrained build operations Thread 37" [_thread_blocked, id=13392, stack(0x0000005172d00000,0x0000005172e00000)]
  0x0000018605c7c000 JavaThread "Unconstrained build operations Thread 38" [_thread_blocked, id=2476, stack(0x0000005172e00000,0x0000005172f00000)]
  0x0000018605c7e800 JavaThread "Unconstrained build operations Thread 39" [_thread_blocked, id=13240, stack(0x0000005172f00000,0x0000005173000000)]
  0x0000018605c7d000 JavaThread "Unconstrained build operations Thread 40" [_thread_blocked, id=8952, stack(0x0000005173000000,0x0000005173100000)]
  0x0000018605c7f800 JavaThread "Unconstrained build operations Thread 41" [_thread_blocked, id=9204, stack(0x0000005173100000,0x0000005173200000)]
  0x0000018605c7a800 JavaThread "Unconstrained build operations Thread 42" [_thread_blocked, id=500, stack(0x0000005173200000,0x0000005173300000)]
  0x0000018605c79800 JavaThread "Unconstrained build operations Thread 43" [_thread_blocked, id=5332, stack(0x0000005173300000,0x0000005173400000)]
  0x0000018605c80000 JavaThread "Unconstrained build operations Thread 44" [_thread_blocked, id=12756, stack(0x0000005173400000,0x0000005173500000)]
  0x0000018605c81000 JavaThread "Unconstrained build operations Thread 45" [_thread_blocked, id=12384, stack(0x0000005173500000,0x0000005173600000)]
  0x0000018605c7b000 JavaThread "Unconstrained build operations Thread 46" [_thread_blocked, id=1332, stack(0x0000005173600000,0x0000005173700000)]
  0x0000018605c86800 JavaThread "Unconstrained build operations Thread 47" [_thread_blocked, id=16324, stack(0x0000005173700000,0x0000005173800000)]
  0x0000018605c87800 JavaThread "Unconstrained build operations Thread 48" [_thread_blocked, id=2888, stack(0x0000005173800000,0x0000005173900000)]
  0x0000018605c86000 JavaThread "Unconstrained build operations Thread 49" [_thread_blocked, id=16752, stack(0x0000005173900000,0x0000005173a00000)]
  0x0000018605c83800 JavaThread "Unconstrained build operations Thread 50" [_thread_blocked, id=15384, stack(0x0000005173a00000,0x0000005173b00000)]
  0x0000018605c84000 JavaThread "Unconstrained build operations Thread 51" [_thread_blocked, id=11664, stack(0x0000005173b00000,0x0000005173c00000)]
  0x0000018605c81800 JavaThread "Unconstrained build operations Thread 52" [_thread_blocked, id=11428, stack(0x0000005173c00000,0x0000005173d00000)]
  0x0000018605c82800 JavaThread "Unconstrained build operations Thread 53" [_thread_blocked, id=14352, stack(0x0000005173d00000,0x0000005173e00000)]
  0x0000018605c85000 JavaThread "Unconstrained build operations Thread 54" [_thread_blocked, id=3200, stack(0x0000005173e00000,0x0000005173f00000)]
  0x0000018607288800 JavaThread "Unconstrained build operations Thread 55" [_thread_blocked, id=11688, stack(0x0000005173f00000,0x0000005174000000)]
  0x0000018607284800 JavaThread "Unconstrained build operations Thread 56" [_thread_blocked, id=11404, stack(0x0000005174000000,0x0000005174100000)]
  0x000001860728a000 JavaThread "Unconstrained build operations Thread 57" [_thread_blocked, id=16452, stack(0x0000005174100000,0x0000005174200000)]
  0x000001860728b000 JavaThread "Unconstrained build operations Thread 58" [_thread_blocked, id=2392, stack(0x0000005174200000,0x0000005174300000)]
  0x0000018607285800 JavaThread "Unconstrained build operations Thread 59" [_thread_blocked, id=16504, stack(0x0000005174300000,0x0000005174400000)]
  0x0000018607286000 JavaThread "Unconstrained build operations Thread 60" [_thread_blocked, id=13864, stack(0x0000005174400000,0x0000005174500000)]
  0x000001860728c800 JavaThread "Unconstrained build operations Thread 61" [_thread_blocked, id=12340, stack(0x0000005174500000,0x0000005174600000)]
  0x0000018607287000 JavaThread "Unconstrained build operations Thread 62" [_thread_blocked, id=18368, stack(0x0000005174600000,0x0000005174700000)]
  0x000001860728c000 JavaThread "Unconstrained build operations Thread 63" [_thread_blocked, id=14584, stack(0x0000005174700000,0x0000005174800000)]
  0x000001860728d800 JavaThread "Unconstrained build operations Thread 64" [_thread_blocked, id=18144, stack(0x0000005174800000,0x0000005174900000)]
  0x0000018607288000 JavaThread "Unconstrained build operations Thread 65" [_thread_blocked, id=12984, stack(0x0000005174900000,0x0000005174a00000)]
  0x000001860728e800 JavaThread "Unconstrained build operations Thread 66" [_thread_blocked, id=14592, stack(0x0000005174a00000,0x0000005174b00000)]
  0x000001860728f000 JavaThread "Unconstrained build operations Thread 67" [_thread_blocked, id=9872, stack(0x0000005174b00000,0x0000005174c00000)]
  0x0000018607289800 JavaThread "Unconstrained build operations Thread 68" [_thread_blocked, id=4904, stack(0x0000005174c00000,0x0000005174d00000)]
  0x0000018607290000 JavaThread "Unconstrained build operations Thread 69" [_thread_blocked, id=15996, stack(0x0000005174d00000,0x0000005174e00000)]
  0x0000018607293000 JavaThread "Unconstrained build operations Thread 70" [_thread_blocked, id=2024, stack(0x0000005174e00000,0x0000005174f00000)]
  0x0000018607292800 JavaThread "Unconstrained build operations Thread 71" [_thread_blocked, id=17632, stack(0x0000005174f00000,0x0000005175000000)]
  0x0000018607291800 JavaThread "Unconstrained build operations Thread 72" [_thread_blocked, id=10200, stack(0x0000005175000000,0x0000005175100000)]
  0x0000018607291000 JavaThread "Unconstrained build operations Thread 73" [_thread_blocked, id=4588, stack(0x0000005175100000,0x0000005175200000)]
  0x0000018605cf9800 JavaThread "Unconstrained build operations Thread 74" [_thread_blocked, id=1512, stack(0x0000005175200000,0x0000005175300000)]
  0x0000018605cfa800 JavaThread "Unconstrained build operations Thread 75" [_thread_blocked, id=14532, stack(0x0000005175300000,0x0000005175400000)]
  0x0000018605cf4800 JavaThread "Unconstrained build operations Thread 76" [_thread_blocked, id=9380, stack(0x0000005175400000,0x0000005175500000)]
  0x0000018605cfb800 JavaThread "Unconstrained build operations Thread 77" [_thread_blocked, id=12388, stack(0x0000005175500000,0x0000005175600000)]
  0x0000018605cf6800 JavaThread "Unconstrained build operations Thread 78" [_thread_blocked, id=16748, stack(0x0000005175600000,0x0000005175700000)]
  0x0000018605cf5800 JavaThread "Unconstrained build operations Thread 79" [_thread_blocked, id=5852, stack(0x0000005175700000,0x0000005175800000)]
  0x0000018605cfc000 JavaThread "Unconstrained build operations Thread 80" [_thread_blocked, id=9120, stack(0x0000005175800000,0x0000005175900000)]
  0x0000018605cfd000 JavaThread "jar transforms Thread 4" [_thread_blocked, id=12876, stack(0x0000005175900000,0x0000005175a00000)]
  0x0000018605cf7000 JavaThread "jar transforms Thread 5" [_thread_blocked, id=9984, stack(0x0000005175a00000,0x0000005175b00000)]
  0x0000018605cfd800 JavaThread "jar transforms Thread 6" [_thread_blocked, id=16364, stack(0x0000005175b00000,0x0000005175c00000)]
  0x0000018605cf8000 JavaThread "jar transforms Thread 7" [_thread_blocked, id=17260, stack(0x0000005175c00000,0x0000005175d00000)]
  0x0000018605cfe800 JavaThread "jar transforms Thread 8" [_thread_blocked, id=10716, stack(0x0000005175d00000,0x0000005175e00000)]
  0x0000018605cf9000 JavaThread "Memory manager" [_thread_blocked, id=18064, stack(0x0000005175e00000,0x0000005175f00000)]
  0x0000018605d00000 JavaThread "build event listener" [_thread_blocked, id=3588, stack(0x0000005175f00000,0x0000005176000000)]

Other Threads:
  0x000001867fdbf800 VMThread "VM Thread" [stack: 0x000000516da00000,0x000000516db00000] [id=3164]
  0x00000186009d8000 WatcherThread [stack: 0x000000516e400000,0x000000516e500000] [id=13756]
  0x0000018663993800 GCTaskThread "GC Thread#0" [stack: 0x000000516d500000,0x000000516d600000] [id=7916]
  0x0000018601d71000 GCTaskThread "GC Thread#1" [stack: 0x000000516e700000,0x000000516e800000] [id=6904]
  0x0000018601c40800 GCTaskThread "GC Thread#2" [stack: 0x000000516e800000,0x000000516e900000] [id=12860]
  0x0000018602de8800 GCTaskThread "GC Thread#3" [stack: 0x000000516f100000,0x000000516f200000] [id=10680]
  0x0000018602de7000 GCTaskThread "GC Thread#4" [stack: 0x000000516f200000,0x000000516f300000] [id=8824]
  0x0000018602de9000 GCTaskThread "GC Thread#5" [stack: 0x000000516f300000,0x000000516f400000] [id=3772]
  0x0000018602dec000 GCTaskThread "GC Thread#6" [stack: 0x000000516f400000,0x000000516f500000] [id=2300]
  0x0000018602dea000 GCTaskThread "GC Thread#7" [stack: 0x000000516f500000,0x000000516f600000] [id=11968]
  0x00000186639c4800 ConcurrentGCThread "G1 Main Marker" [stack: 0x000000516d600000,0x000000516d700000] [id=16320]
  0x00000186639c7800 ConcurrentGCThread "G1 Conc#0" [stack: 0x000000516d700000,0x000000516d800000] [id=8168]
  0x0000018602ded000 ConcurrentGCThread "G1 Conc#1" [stack: 0x000000516f900000,0x000000516fa00000] [id=7660]
  0x0000018663a4d000 ConcurrentGCThread "G1 Refine#0" [stack: 0x000000516d800000,0x000000516d900000] [id=9196]
  0x000001867fc12800 ConcurrentGCThread "G1 Young RemSet Sampling" [stack: 0x000000516d900000,0x000000516da00000] [id=12260]

Threads with active compile tasks:
C2 CompilerThread0   7549 6647   !   4       java.net.URLClassLoader$1::run (63 bytes)
C2 CompilerThread1   7549 6860       4       groovy.lang.MetaMethod::getMopName (105 bytes)
C2 CompilerThread2   7549 6861       4       groovy.lang.MetaClassImpl$1MOPIter::methodNameAction (325 bytes)

VM state:not at safepoint (normal execution)

VM Mutex/Monitor currently owned by a thread: None

Heap address: 0x0000000080000000, size: 2048 MB, Compressed Oops mode: 32-bit
Narrow klass base: 0x0000000000000000, Narrow klass shift: 3
Compressed class space size: 1073741824 Address: 0x0000000100000000

Heap:
 garbage-first heap   total 187392K, used 113790K [0x0000000080000000, 0x0000000100000000)
  region size 1024K, 64 young (65536K), 8 survivors (8192K)
 Metaspace       used 67795K, capacity 69348K, committed 69488K, reserved 1110016K
  class space    used 8624K, capacity 9216K, committed 9292K, reserved 1048576K
Heap Regions: E=young(eden), S=young(survivor), O=old, HS=humongous(starts), HC=humongous(continues), CS=collection set, F=free, A=archive, TAMS=top-at-mark-start (previous, next)
|   0|0x0000000080000000, 0x0000000080100000, 0x0000000080100000|100%| O|  |TAMS 0x0000000080100000, 0x0000000080000000| Untracked 
|   1|0x0000000080100000, 0x0000000080200000, 0x0000000080200000|100%| O|  |TAMS 0x0000000080200000, 0x0000000080100000| Untracked 
|   2|0x0000000080200000, 0x0000000080300000, 0x0000000080300000|100%| O|  |TAMS 0x0000000080300000, 0x0000000080200000| Untracked 
|   3|0x0000000080300000, 0x0000000080400000, 0x0000000080400000|100%|HS|  |TAMS 0x0000000080400000, 0x0000000080300000| Complete 
|   4|0x0000000080400000, 0x0000000080500000, 0x0000000080500000|100%|HC|  |TAMS 0x0000000080500000, 0x0000000080400000| Complete 
|   5|0x0000000080500000, 0x0000000080600000, 0x0000000080600000|100%|HC|  |TAMS 0x0000000080600000, 0x0000000080500000| Complete 
|   6|0x0000000080600000, 0x0000000080700000, 0x0000000080700000|100%| O|  |TAMS 0x0000000080700000, 0x0000000080600000| Untracked 
|   7|0x0000000080700000, 0x0000000080800000, 0x0000000080800000|100%| O|  |TAMS 0x0000000080800000, 0x0000000080700000| Untracked 
|   8|0x0000000080800000, 0x0000000080900000, 0x0000000080900000|100%| O|  |TAMS 0x0000000080900000, 0x0000000080800000| Untracked 
|   9|0x0000000080900000, 0x0000000080a00000, 0x0000000080a00000|100%| O|  |TAMS 0x0000000080a00000, 0x0000000080900000| Untracked 
|  10|0x0000000080a00000, 0x0000000080b00000, 0x0000000080b00000|100%| O|  |TAMS 0x0000000080b00000, 0x0000000080a00000| Untracked 
|  11|0x0000000080b00000, 0x0000000080c00000, 0x0000000080c00000|100%| O|  |TAMS 0x0000000080c00000, 0x0000000080b00000| Untracked 
|  12|0x0000000080c00000, 0x0000000080d00000, 0x0000000080d00000|100%| O|  |TAMS 0x0000000080d00000, 0x0000000080c00000| Untracked 
|  13|0x0000000080d00000, 0x0000000080e00000, 0x0000000080e00000|100%| O|  |TAMS 0x0000000080e00000, 0x0000000080d00000| Untracked 
|  14|0x0000000080e00000, 0x0000000080f00000, 0x0000000080f00000|100%| O|  |TAMS 0x0000000080f00000, 0x0000000080e00000| Untracked 
|  15|0x0000000080f00000, 0x0000000081000000, 0x0000000081000000|100%| O|  |TAMS 0x0000000081000000, 0x0000000080f00000| Untracked 
|  16|0x0000000081000000, 0x0000000081100000, 0x0000000081100000|100%| O|  |TAMS 0x0000000081100000, 0x0000000081000000| Untracked 
|  17|0x0000000081100000, 0x0000000081200000, 0x0000000081200000|100%|HS|  |TAMS 0x0000000081200000, 0x0000000081100000| Complete 
|  18|0x0000000081200000, 0x0000000081300000, 0x0000000081300000|100%| O|  |TAMS 0x0000000081300000, 0x0000000081200000| Untracked 
|  19|0x0000000081300000, 0x0000000081400000, 0x0000000081400000|100%| O|  |TAMS 0x0000000081400000, 0x0000000081300000| Untracked 
|  20|0x0000000081400000, 0x0000000081500000, 0x0000000081500000|100%| O|  |TAMS 0x0000000081500000, 0x0000000081400000| Untracked 
|  21|0x0000000081500000, 0x0000000081600000, 0x0000000081600000|100%| O|  |TAMS 0x0000000081600000, 0x0000000081500000| Untracked 
|  22|0x0000000081600000, 0x0000000081700000, 0x0000000081700000|100%| O|  |TAMS 0x0000000081700000, 0x0000000081600000| Untracked 
|  23|0x0000000081700000, 0x0000000081800000, 0x0000000081800000|100%| O|  |TAMS 0x0000000081800000, 0x0000000081700000| Untracked 
|  24|0x0000000081800000, 0x0000000081900000, 0x0000000081900000|100%|HS|  |TAMS 0x0000000081900000, 0x0000000081800000| Complete 
|  25|0x0000000081900000, 0x0000000081a00000, 0x0000000081a00000|100%|HS|  |TAMS 0x0000000081a00000, 0x0000000081900000| Complete 
|  26|0x0000000081a00000, 0x0000000081b00000, 0x0000000081b00000|100%|HS|  |TAMS 0x0000000081b00000, 0x0000000081a00000| Complete 
|  27|0x0000000081b00000, 0x0000000081c00000, 0x0000000081c00000|100%|HC|  |TAMS 0x0000000081c00000, 0x0000000081b00000| Complete 
|  28|0x0000000081c00000, 0x0000000081d00000, 0x0000000081d00000|100%|HC|  |TAMS 0x0000000081d00000, 0x0000000081c00000| Complete 
|  29|0x0000000081d00000, 0x0000000081e00000, 0x0000000081e00000|100%|HS|  |TAMS 0x0000000081e00000, 0x0000000081d00000| Complete 
|  30|0x0000000081e00000, 0x0000000081f00000, 0x0000000081f00000|100%|HC|  |TAMS 0x0000000081f00000, 0x0000000081e00000| Complete 
|  31|0x0000000081f00000, 0x0000000082000000, 0x0000000082000000|100%| O|  |TAMS 0x0000000082000000, 0x0000000081f00000| Untracked 
|  32|0x0000000082000000, 0x0000000082100000, 0x0000000082100000|100%| O|  |TAMS 0x0000000082100000, 0x0000000082000000| Untracked 
|  33|0x0000000082100000, 0x0000000082200000, 0x0000000082200000|100%| O|  |TAMS 0x0000000082200000, 0x0000000082100000| Untracked 
|  34|0x0000000082200000, 0x0000000082300000, 0x0000000082300000|100%| O|  |TAMS 0x0000000082300000, 0x0000000082200000| Untracked 
|  35|0x0000000082300000, 0x0000000082400000, 0x0000000082400000|100%| O|  |TAMS 0x0000000082400000, 0x0000000082300000| Untracked 
|  36|0x0000000082400000, 0x0000000082500000, 0x0000000082500000|100%| O|  |TAMS 0x0000000082500000, 0x0000000082400000| Untracked 
|  37|0x0000000082500000, 0x0000000082600000, 0x0000000082600000|100%| O|  |TAMS 0x0000000082600000, 0x0000000082500000| Untracked 
|  38|0x0000000082600000, 0x0000000082700000, 0x0000000082700000|100%| O|  |TAMS 0x0000000082700000, 0x0000000082600000| Untracked 
|  39|0x0000000082700000, 0x0000000082800000, 0x0000000082800000|100%| O|  |TAMS 0x0000000082800000, 0x0000000082700000| Untracked 
|  40|0x0000000082800000, 0x0000000082900000, 0x0000000082900000|100%| O|  |TAMS 0x0000000082900000, 0x0000000082800000| Untracked 
|  41|0x0000000082900000, 0x0000000082a00000, 0x0000000082a00000|100%| O|  |TAMS 0x0000000082a00000, 0x0000000082900000| Untracked 
|  42|0x0000000082a00000, 0x0000000082b00000, 0x0000000082b00000|100%| O|  |TAMS 0x0000000082b00000, 0x0000000082a00000| Untracked 
|  43|0x0000000082b00000, 0x0000000082c00000, 0x0000000082c00000|100%| O|  |TAMS 0x0000000082c00000, 0x0000000082b00000| Untracked 
|  44|0x0000000082c00000, 0x0000000082d00000, 0x0000000082d00000|100%| O|  |TAMS 0x0000000082d00000, 0x0000000082c00000| Untracked 
|  45|0x0000000082d00000, 0x0000000082e00000, 0x0000000082e00000|100%| O|  |TAMS 0x0000000082e00000, 0x0000000082d00000| Untracked 
|  46|0x0000000082e00000, 0x0000000082f00000, 0x0000000082f00000|100%| O|  |TAMS 0x0000000082f00000, 0x0000000082e00000| Untracked 
|  47|0x0000000082f00000, 0x0000000083000000, 0x0000000083000000|100%| O|  |TAMS 0x0000000083000000, 0x0000000082f00000| Untracked 
|  48|0x0000000083000000, 0x00000000830f8400, 0x0000000083100000| 96%| O|  |TAMS 0x00000000830f8400, 0x0000000083000000| Untracked 
|  49|0x0000000083100000, 0x0000000083100000, 0x0000000083200000|  0%| F|  |TAMS 0x0000000083100000, 0x0000000083100000| Untracked 
|  50|0x0000000083200000, 0x0000000083200000, 0x0000000083300000|  0%| F|  |TAMS 0x0000000083200000, 0x0000000083200000| Untracked 
|  51|0x0000000083300000, 0x0000000083300000, 0x0000000083400000|  0%| F|  |TAMS 0x0000000083300000, 0x0000000083300000| Untracked 
|  52|0x0000000083400000, 0x0000000083400000, 0x0000000083500000|  0%| F|  |TAMS 0x0000000083400000, 0x0000000083400000| Untracked 
|  53|0x0000000083500000, 0x0000000083500000, 0x0000000083600000|  0%| F|  |TAMS 0x0000000083500000, 0x0000000083500000| Untracked 
|  54|0x0000000083600000, 0x0000000083600000, 0x0000000083700000|  0%| F|  |TAMS 0x0000000083600000, 0x0000000083600000| Untracked 
|  55|0x0000000083700000, 0x0000000083700000, 0x0000000083800000|  0%| F|  |TAMS 0x0000000083700000, 0x0000000083700000| Untracked 
|  56|0x0000000083800000, 0x0000000083800000, 0x0000000083900000|  0%| F|  |TAMS 0x0000000083800000, 0x0000000083800000| Untracked 
|  57|0x0000000083900000, 0x0000000083900000, 0x0000000083a00000|  0%| F|  |TAMS 0x0000000083900000, 0x0000000083900000| Untracked 
|  58|0x0000000083a00000, 0x0000000083a00000, 0x0000000083b00000|  0%| F|  |TAMS 0x0000000083a00000, 0x0000000083a00000| Untracked 
|  59|0x0000000083b00000, 0x0000000083b00000, 0x0000000083c00000|  0%| F|  |TAMS 0x0000000083b00000, 0x0000000083b00000| Untracked 
|  60|0x0000000083c00000, 0x0000000083c00000, 0x0000000083d00000|  0%| F|  |TAMS 0x0000000083c00000, 0x0000000083c00000| Untracked 
|  61|0x0000000083d00000, 0x0000000083d00000, 0x0000000083e00000|  0%| F|  |TAMS 0x0000000083d00000, 0x0000000083d00000| Untracked 
|  62|0x0000000083e00000, 0x0000000083e00000, 0x0000000083f00000|  0%| F|  |TAMS 0x0000000083e00000, 0x0000000083e00000| Untracked 
|  63|0x0000000083f00000, 0x0000000083f00000, 0x0000000084000000|  0%| F|  |TAMS 0x0000000083f00000, 0x0000000083f00000| Untracked 
|  64|0x0000000084000000, 0x0000000084000000, 0x0000000084100000|  0%| F|  |TAMS 0x0000000084000000, 0x0000000084000000| Untracked 
|  65|0x0000000084100000, 0x0000000084100000, 0x0000000084200000|  0%| F|  |TAMS 0x0000000084100000, 0x0000000084100000| Untracked 
|  66|0x0000000084200000, 0x0000000084200000, 0x0000000084300000|  0%| F|  |TAMS 0x0000000084200000, 0x0000000084200000| Untracked 
|  67|0x0000000084300000, 0x0000000084300000, 0x0000000084400000|  0%| F|  |TAMS 0x0000000084300000, 0x0000000084300000| Untracked 
|  68|0x0000000084400000, 0x0000000084400000, 0x0000000084500000|  0%| F|  |TAMS 0x0000000084400000, 0x0000000084400000| Untracked 
|  69|0x0000000084500000, 0x0000000084500000, 0x0000000084600000|  0%| F|  |TAMS 0x0000000084500000, 0x0000000084500000| Untracked 
|  70|0x0000000084600000, 0x0000000084600000, 0x0000000084700000|  0%| F|  |TAMS 0x0000000084600000, 0x0000000084600000| Untracked 
|  71|0x0000000084700000, 0x0000000084700000, 0x0000000084800000|  0%| F|  |TAMS 0x0000000084700000, 0x0000000084700000| Untracked 
|  72|0x0000000084800000, 0x0000000084800000, 0x0000000084900000|  0%| F|  |TAMS 0x0000000084800000, 0x0000000084800000| Untracked 
|  73|0x0000000084900000, 0x0000000084900000, 0x0000000084a00000|  0%| F|  |TAMS 0x0000000084900000, 0x0000000084900000| Untracked 
|  74|0x0000000084a00000, 0x0000000084a00000, 0x0000000084b00000|  0%| F|  |TAMS 0x0000000084a00000, 0x0000000084a00000| Untracked 
|  75|0x0000000084b00000, 0x0000000084b00000, 0x0000000084c00000|  0%| F|  |TAMS 0x0000000084b00000, 0x0000000084b00000| Untracked 
|  76|0x0000000084c00000, 0x0000000084c00000, 0x0000000084d00000|  0%| F|  |TAMS 0x0000000084c00000, 0x0000000084c00000| Untracked 
|  77|0x0000000084d00000, 0x0000000084d00000, 0x0000000084e00000|  0%| F|  |TAMS 0x0000000084d00000, 0x0000000084d00000| Untracked 
|  78|0x0000000084e00000, 0x0000000084e00000, 0x0000000084f00000|  0%| F|  |TAMS 0x0000000084e00000, 0x0000000084e00000| Untracked 
|  79|0x0000000084f00000, 0x0000000084f00000, 0x0000000085000000|  0%| F|  |TAMS 0x0000000084f00000, 0x0000000084f00000| Untracked 
|  80|0x0000000085000000, 0x0000000085000000, 0x0000000085100000|  0%| F|  |TAMS 0x0000000085000000, 0x0000000085000000| Untracked 
|  81|0x0000000085100000, 0x0000000085100000, 0x0000000085200000|  0%| F|  |TAMS 0x0000000085100000, 0x0000000085100000| Untracked 
|  82|0x0000000085200000, 0x0000000085200000, 0x0000000085300000|  0%| F|  |TAMS 0x0000000085200000, 0x0000000085200000| Untracked 
|  83|0x0000000085300000, 0x0000000085300000, 0x0000000085400000|  0%| F|  |TAMS 0x0000000085300000, 0x0000000085300000| Untracked 
|  84|0x0000000085400000, 0x0000000085400000, 0x0000000085500000|  0%| F|  |TAMS 0x0000000085400000, 0x0000000085400000| Untracked 
|  85|0x0000000085500000, 0x0000000085500000, 0x0000000085600000|  0%| F|  |TAMS 0x0000000085500000, 0x0000000085500000| Untracked 
|  86|0x0000000085600000, 0x0000000085600000, 0x0000000085700000|  0%| F|  |TAMS 0x0000000085600000, 0x0000000085600000| Untracked 
|  87|0x0000000085700000, 0x0000000085700000, 0x0000000085800000|  0%| F|  |TAMS 0x0000000085700000, 0x0000000085700000| Untracked 
|  88|0x0000000085800000, 0x0000000085800000, 0x0000000085900000|  0%| F|  |TAMS 0x0000000085800000, 0x0000000085800000| Untracked 
|  89|0x0000000085900000, 0x0000000085900000, 0x0000000085a00000|  0%| F|  |TAMS 0x0000000085900000, 0x0000000085900000| Untracked 
|  90|0x0000000085a00000, 0x0000000085a00000, 0x0000000085b00000|  0%| F|  |TAMS 0x0000000085a00000, 0x0000000085a00000| Untracked 
|  91|0x0000000085b00000, 0x0000000085b00000, 0x0000000085c00000|  0%| F|  |TAMS 0x0000000085b00000, 0x0000000085b00000| Untracked 
|  92|0x0000000085c00000, 0x0000000085c00000, 0x0000000085d00000|  0%| F|  |TAMS 0x0000000085c00000, 0x0000000085c00000| Untracked 
|  93|0x0000000085d00000, 0x0000000085d00000, 0x0000000085e00000|  0%| F|  |TAMS 0x0000000085d00000, 0x0000000085d00000| Untracked 
|  94|0x0000000085e00000, 0x0000000085e00000, 0x0000000085f00000|  0%| F|  |TAMS 0x0000000085e00000, 0x0000000085e00000| Untracked 
|  95|0x0000000085f00000, 0x0000000085f00000, 0x0000000086000000|  0%| F|  |TAMS 0x0000000085f00000, 0x0000000085f00000| Untracked 
|  96|0x0000000086000000, 0x0000000086000000, 0x0000000086100000|  0%| F|  |TAMS 0x0000000086000000, 0x0000000086000000| Untracked 
|  97|0x0000000086100000, 0x0000000086100000, 0x0000000086200000|  0%| F|  |TAMS 0x0000000086100000, 0x0000000086100000| Untracked 
|  98|0x0000000086200000, 0x0000000086200000, 0x0000000086300000|  0%| F|  |TAMS 0x0000000086200000, 0x0000000086200000| Untracked 
|  99|0x0000000086300000, 0x0000000086300000, 0x0000000086400000|  0%| F|  |TAMS 0x0000000086300000, 0x0000000086300000| Untracked 
| 100|0x0000000086400000, 0x0000000086400000, 0x0000000086500000|  0%| F|  |TAMS 0x0000000086400000, 0x0000000086400000| Untracked 
| 101|0x0000000086500000, 0x0000000086500000, 0x0000000086600000|  0%| F|  |TAMS 0x0000000086500000, 0x0000000086500000| Untracked 
| 102|0x0000000086600000, 0x0000000086600000, 0x0000000086700000|  0%| F|  |TAMS 0x0000000086600000, 0x0000000086600000| Untracked 
| 103|0x0000000086700000, 0x0000000086700000, 0x0000000086800000|  0%| F|  |TAMS 0x0000000086700000, 0x0000000086700000| Untracked 
| 104|0x0000000086800000, 0x00000000868277e0, 0x0000000086900000| 15%| S|CS|TAMS 0x0000000086800000, 0x0000000086800000| Complete 
| 105|0x0000000086900000, 0x0000000086a00000, 0x0000000086a00000|100%| S|CS|TAMS 0x0000000086900000, 0x0000000086900000| Complete 
| 106|0x0000000086a00000, 0x0000000086b00000, 0x0000000086b00000|100%| S|CS|TAMS 0x0000000086a00000, 0x0000000086a00000| Complete 
| 107|0x0000000086b00000, 0x0000000086c00000, 0x0000000086c00000|100%| S|CS|TAMS 0x0000000086b00000, 0x0000000086b00000| Complete 
| 108|0x0000000086c00000, 0x0000000086d00000, 0x0000000086d00000|100%| S|CS|TAMS 0x0000000086c00000, 0x0000000086c00000| Complete 
| 109|0x0000000086d00000, 0x0000000086e00000, 0x0000000086e00000|100%| S|CS|TAMS 0x0000000086d00000, 0x0000000086d00000| Complete 
| 110|0x0000000086e00000, 0x0000000086f00000, 0x0000000086f00000|100%| S|CS|TAMS 0x0000000086e00000, 0x0000000086e00000| Complete 
| 111|0x0000000086f00000, 0x0000000087000000, 0x0000000087000000|100%| S|CS|TAMS 0x0000000086f00000, 0x0000000086f00000| Complete 
| 112|0x0000000087000000, 0x0000000087000000, 0x0000000087100000|  0%| F|  |TAMS 0x0000000087000000, 0x0000000087000000| Untracked 
| 113|0x0000000087100000, 0x0000000087100000, 0x0000000087200000|  0%| F|  |TAMS 0x0000000087100000, 0x0000000087100000| Untracked 
| 114|0x0000000087200000, 0x0000000087200000, 0x0000000087300000|  0%| F|  |TAMS 0x0000000087200000, 0x0000000087200000| Untracked 
| 115|0x0000000087300000, 0x0000000087300000, 0x0000000087400000|  0%| F|  |TAMS 0x0000000087300000, 0x0000000087300000| Untracked 
| 116|0x0000000087400000, 0x0000000087400000, 0x0000000087500000|  0%| F|  |TAMS 0x0000000087400000, 0x0000000087400000| Untracked 
| 117|0x0000000087500000, 0x0000000087500000, 0x0000000087600000|  0%| F|  |TAMS 0x0000000087500000, 0x0000000087500000| Untracked 
| 118|0x0000000087600000, 0x0000000087600000, 0x0000000087700000|  0%| F|  |TAMS 0x0000000087600000, 0x0000000087600000| Untracked 
| 119|0x0000000087700000, 0x0000000087700000, 0x0000000087800000|  0%| F|  |TAMS 0x0000000087700000, 0x0000000087700000| Untracked 
| 120|0x0000000087800000, 0x0000000087800000, 0x0000000087900000|  0%| F|  |TAMS 0x0000000087800000, 0x0000000087800000| Untracked 
| 121|0x0000000087900000, 0x0000000087900000, 0x0000000087a00000|  0%| F|  |TAMS 0x0000000087900000, 0x0000000087900000| Untracked 
| 122|0x0000000087a00000, 0x0000000087a00000, 0x0000000087b00000|  0%| F|  |TAMS 0x0000000087a00000, 0x0000000087a00000| Untracked 
| 123|0x0000000087b00000, 0x0000000087b00000, 0x0000000087c00000|  0%| F|  |TAMS 0x0000000087b00000, 0x0000000087b00000| Untracked 
| 124|0x0000000087c00000, 0x0000000087c00000, 0x0000000087d00000|  0%| F|  |TAMS 0x0000000087c00000, 0x0000000087c00000| Untracked 
| 125|0x0000000087d00000, 0x0000000087d00000, 0x0000000087e00000|  0%| F|  |TAMS 0x0000000087d00000, 0x0000000087d00000| Untracked 
| 126|0x0000000087e00000, 0x0000000087e80800, 0x0000000087f00000| 50%| E|  |TAMS 0x0000000087e00000, 0x0000000087e00000| Complete 
| 127|0x0000000087f00000, 0x0000000088000000, 0x0000000088000000|100%| E|CS|TAMS 0x0000000087f00000, 0x0000000087f00000| Complete 
| 128|0x0000000088000000, 0x0000000088100000, 0x0000000088100000|100%| E|CS|TAMS 0x0000000088000000, 0x0000000088000000| Complete 
| 129|0x0000000088100000, 0x0000000088200000, 0x0000000088200000|100%| E|CS|TAMS 0x0000000088100000, 0x0000000088100000| Complete 
| 130|0x0000000088200000, 0x0000000088300000, 0x0000000088300000|100%| E|CS|TAMS 0x0000000088200000, 0x0000000088200000| Complete 
| 131|0x0000000088300000, 0x0000000088400000, 0x0000000088400000|100%| E|CS|TAMS 0x0000000088300000, 0x0000000088300000| Complete 
| 132|0x0000000088400000, 0x0000000088500000, 0x0000000088500000|100%| E|CS|TAMS 0x0000000088400000, 0x0000000088400000| Complete 
| 133|0x0000000088500000, 0x0000000088600000, 0x0000000088600000|100%| E|CS|TAMS 0x0000000088500000, 0x0000000088500000| Complete 
| 134|0x0000000088600000, 0x0000000088700000, 0x0000000088700000|100%| E|CS|TAMS 0x0000000088600000, 0x0000000088600000| Complete 
| 135|0x0000000088700000, 0x0000000088800000, 0x0000000088800000|100%| E|CS|TAMS 0x0000000088700000, 0x0000000088700000| Complete 
| 136|0x0000000088800000, 0x0000000088900000, 0x0000000088900000|100%| E|CS|TAMS 0x0000000088800000, 0x0000000088800000| Complete 
| 137|0x0000000088900000, 0x0000000088a00000, 0x0000000088a00000|100%| E|CS|TAMS 0x0000000088900000, 0x0000000088900000| Complete 
| 138|0x0000000088a00000, 0x0000000088b00000, 0x0000000088b00000|100%| E|CS|TAMS 0x0000000088a00000, 0x0000000088a00000| Complete 
| 139|0x0000000088b00000, 0x0000000088c00000, 0x0000000088c00000|100%| E|CS|TAMS 0x0000000088b00000, 0x0000000088b00000| Complete 
| 140|0x0000000088c00000, 0x0000000088d00000, 0x0000000088d00000|100%| E|CS|TAMS 0x0000000088c00000, 0x0000000088c00000| Complete 
| 141|0x0000000088d00000, 0x0000000088e00000, 0x0000000088e00000|100%| E|CS|TAMS 0x0000000088d00000, 0x0000000088d00000| Complete 
| 142|0x0000000088e00000, 0x0000000088f00000, 0x0000000088f00000|100%| E|CS|TAMS 0x0000000088e00000, 0x0000000088e00000| Complete 
| 143|0x0000000088f00000, 0x0000000089000000, 0x0000000089000000|100%| E|CS|TAMS 0x0000000088f00000, 0x0000000088f00000| Complete 
| 144|0x0000000089000000, 0x0000000089100000, 0x0000000089100000|100%| E|CS|TAMS 0x0000000089000000, 0x0000000089000000| Complete 
| 145|0x0000000089100000, 0x0000000089200000, 0x0000000089200000|100%| E|CS|TAMS 0x0000000089100000, 0x0000000089100000| Complete 
| 146|0x0000000089200000, 0x0000000089300000, 0x0000000089300000|100%| E|CS|TAMS 0x0000000089200000, 0x0000000089200000| Complete 
| 147|0x0000000089300000, 0x0000000089400000, 0x0000000089400000|100%| E|CS|TAMS 0x0000000089300000, 0x0000000089300000| Complete 
| 148|0x0000000089400000, 0x0000000089500000, 0x0000000089500000|100%| E|CS|TAMS 0x0000000089400000, 0x0000000089400000| Complete 
| 149|0x0000000089500000, 0x0000000089600000, 0x0000000089600000|100%| E|CS|TAMS 0x0000000089500000, 0x0000000089500000| Complete 
| 150|0x0000000089600000, 0x0000000089700000, 0x0000000089700000|100%| E|CS|TAMS 0x0000000089600000, 0x0000000089600000| Complete 
| 151|0x0000000089700000, 0x0000000089800000, 0x0000000089800000|100%| E|CS|TAMS 0x0000000089700000, 0x0000000089700000| Complete 
| 152|0x0000000089800000, 0x0000000089900000, 0x0000000089900000|100%| E|CS|TAMS 0x0000000089800000, 0x0000000089800000| Complete 
| 153|0x0000000089900000, 0x0000000089a00000, 0x0000000089a00000|100%| E|CS|TAMS 0x0000000089900000, 0x0000000089900000| Complete 
| 154|0x0000000089a00000, 0x0000000089b00000, 0x0000000089b00000|100%| E|CS|TAMS 0x0000000089a00000, 0x0000000089a00000| Complete 
| 155|0x0000000089b00000, 0x0000000089c00000, 0x0000000089c00000|100%| E|CS|TAMS 0x0000000089b00000, 0x0000000089b00000| Complete 
| 156|0x0000000089c00000, 0x0000000089d00000, 0x0000000089d00000|100%| E|CS|TAMS 0x0000000089c00000, 0x0000000089c00000| Complete 
| 157|0x0000000089d00000, 0x0000000089e00000, 0x0000000089e00000|100%| E|CS|TAMS 0x0000000089d00000, 0x0000000089d00000| Complete 
| 158|0x0000000089e00000, 0x0000000089f00000, 0x0000000089f00000|100%| E|CS|TAMS 0x0000000089e00000, 0x0000000089e00000| Complete 
| 159|0x0000000089f00000, 0x000000008a000000, 0x000000008a000000|100%| E|CS|TAMS 0x0000000089f00000, 0x0000000089f00000| Complete 
| 160|0x000000008a000000, 0x000000008a100000, 0x000000008a100000|100%| E|CS|TAMS 0x000000008a000000, 0x000000008a000000| Complete 
| 161|0x000000008a100000, 0x000000008a200000, 0x000000008a200000|100%| E|CS|TAMS 0x000000008a100000, 0x000000008a100000| Complete 
| 162|0x000000008a200000, 0x000000008a300000, 0x000000008a300000|100%| E|CS|TAMS 0x000000008a200000, 0x000000008a200000| Complete 
| 163|0x000000008a300000, 0x000000008a400000, 0x000000008a400000|100%| E|CS|TAMS 0x000000008a300000, 0x000000008a300000| Complete 
| 164|0x000000008a400000, 0x000000008a500000, 0x000000008a500000|100%| E|CS|TAMS 0x000000008a400000, 0x000000008a400000| Complete 
| 165|0x000000008a500000, 0x000000008a600000, 0x000000008a600000|100%| E|CS|TAMS 0x000000008a500000, 0x000000008a500000| Complete 
| 166|0x000000008a600000, 0x000000008a700000, 0x000000008a700000|100%| E|CS|TAMS 0x000000008a600000, 0x000000008a600000| Complete 
| 167|0x000000008a700000, 0x000000008a800000, 0x000000008a800000|100%| E|CS|TAMS 0x000000008a700000, 0x000000008a700000| Complete 
| 168|0x000000008a800000, 0x000000008a900000, 0x000000008a900000|100%| E|CS|TAMS 0x000000008a800000, 0x000000008a800000| Complete 
| 169|0x000000008a900000, 0x000000008aa00000, 0x000000008aa00000|100%| E|CS|TAMS 0x000000008a900000, 0x000000008a900000| Complete 
| 170|0x000000008aa00000, 0x000000008ab00000, 0x000000008ab00000|100%| E|CS|TAMS 0x000000008aa00000, 0x000000008aa00000| Complete 
| 171|0x000000008ab00000, 0x000000008ac00000, 0x000000008ac00000|100%| E|CS|TAMS 0x000000008ab00000, 0x000000008ab00000| Complete 
| 172|0x000000008ac00000, 0x000000008ad00000, 0x000000008ad00000|100%| E|CS|TAMS 0x000000008ac00000, 0x000000008ac00000| Complete 
| 173|0x000000008ad00000, 0x000000008ae00000, 0x000000008ae00000|100%| E|CS|TAMS 0x000000008ad00000, 0x000000008ad00000| Complete 
| 174|0x000000008ae00000, 0x000000008af00000, 0x000000008af00000|100%| E|CS|TAMS 0x000000008ae00000, 0x000000008ae00000| Complete 
| 175|0x000000008af00000, 0x000000008b000000, 0x000000008b000000|100%| E|CS|TAMS 0x000000008af00000, 0x000000008af00000| Complete 
| 176|0x000000008b000000, 0x000000008b100000, 0x000000008b100000|100%| E|CS|TAMS 0x000000008b000000, 0x000000008b000000| Complete 
| 177|0x000000008b100000, 0x000000008b200000, 0x000000008b200000|100%| E|CS|TAMS 0x000000008b100000, 0x000000008b100000| Complete 
| 178|0x000000008b200000, 0x000000008b300000, 0x000000008b300000|100%| E|CS|TAMS 0x000000008b200000, 0x000000008b200000| Complete 
| 179|0x000000008b300000, 0x000000008b400000, 0x000000008b400000|100%| E|CS|TAMS 0x000000008b300000, 0x000000008b300000| Complete 
| 180|0x000000008b400000, 0x000000008b500000, 0x000000008b500000|100%| E|CS|TAMS 0x000000008b400000, 0x000000008b400000| Complete 
| 181|0x000000008b500000, 0x000000008b600000, 0x000000008b600000|100%| E|CS|TAMS 0x000000008b500000, 0x000000008b500000| Complete 
| 182|0x000000008b600000, 0x000000008b700000, 0x000000008b700000|100%| E|CS|TAMS 0x000000008b600000, 0x000000008b600000| Complete 

Card table byte_map: [0x0000018678ae0000,0x0000018678ee0000] _byte_map_base: 0x00000186786e0000

Marking Bits (Prev, Next): (CMBitMap*) 0x00000186639bbc68, (CMBitMap*) 0x00000186639bbca0
 Prev Bits: [0x00000186792e0000, 0x000001867b2e0000)
 Next Bits: [0x000001867b2e0000, 0x000001867d2e0000)

Polling page: 0x0000018663a50000

Metaspace:

Usage:
  Non-class:     58.72 MB capacity,    57.79 MB ( 98%) used,   787.95 KB (  1%) free+waste,   172.13 KB ( <1%) overhead. 
      Class:      9.00 MB capacity,     8.42 MB ( 94%) used,   511.40 KB (  6%) free+waste,    80.13 KB ( <1%) overhead. 
       Both:     67.72 MB capacity,    66.21 MB ( 98%) used,     1.27 MB (  2%) free+waste,   252.25 KB ( <1%) overhead. 

Virtual space:
  Non-class space:       60.00 MB reserved,      58.79 MB ( 98%) committed 
      Class space:        1.00 GB reserved,       9.07 MB ( <1%) committed 
             Both:        1.06 GB reserved,      67.86 MB (  6%) committed 

Chunk freelists:
   Non-Class:  0 bytes
       Class:  0 bytes
        Both:  0 bytes

MaxMetaspaceSize: 17179869184.00 GB
CompressedClassSpaceSize: 1.00 GB
Initial GC threshold: 20.80 MB
Current GC threshold: 109.77 MB
CDS: off

CodeHeap 'non-profiled nmethods': size=120000Kb used=4499Kb max_used=4499Kb free=115501Kb
 bounds [0x0000018670740000, 0x0000018670bb0000, 0x0000018677c70000]
CodeHeap 'profiled nmethods': size=120000Kb used=14670Kb max_used=14670Kb free=105329Kb
 bounds [0x0000018669210000, 0x000001866a070000, 0x0000018670740000]
CodeHeap 'non-nmethods': size=5760Kb used=2343Kb max_used=2386Kb free=3416Kb
 bounds [0x0000018668c70000, 0x0000018668ee0000, 0x0000018669210000]
 total_blobs=7768 nmethods=6913 adapters=765
 compilation: enabled
              stopped_count=0, restarted_count=0
 full_count=0

Compilation events (20 events):
Event: 7.498 Thread 0x0000018600853000 6917   !   3       java.beans.PropertyDescriptor::updateGenericsFor (37 bytes)
Event: 7.499 Thread 0x0000018600853000 nmethod 6917 0x000001866a059490 code [0x000001866a059760, 0x000001866a05a7b8]
Event: 7.502 Thread 0x0000018600853000 6919       3       java.util.LinkedList$ListItr::set (28 bytes)
Event: 7.502 Thread 0x0000018600853000 nmethod 6919 0x000001866a05ad10 code [0x000001866a05af00, 0x000001866a05b2f8]
Event: 7.503 Thread 0x0000018600853000 6920       3       groovy.lang.MetaClassImpl$$Lambda$301/0x00000001004d1c40::apply (12 bytes)
Event: 7.503 Thread 0x0000018600853000 nmethod 6920 0x000001866a05b510 code [0x000001866a05b720, 0x000001866a05bb18]
Event: 7.503 Thread 0x0000018600853000 6921       3       groovy.lang.MetaClassImpl::lambda$getPropName$5 (27 bytes)
Event: 7.503 Thread 0x0000018600853000 nmethod 6921 0x000001866a05bc90 code [0x000001866a05be80, 0x000001866a05c0f8]
Event: 7.503 Thread 0x0000018600853000 6923       3       java.lang.StringLatin1::toUpperCaseEx (239 bytes)
Event: 7.505 Thread 0x0000018600853000 nmethod 6923 0x000001866a05c290 code [0x000001866a05c5e0, 0x000001866a05d728]
Event: 7.505 Thread 0x0000018600853000 6922       3       org.apache.groovy.util.BeanUtils::decapitalize (68 bytes)
Event: 7.506 Thread 0x0000018600853000 nmethod 6922 0x000001866a05de90 code [0x000001866a05e280, 0x000001866a05fd68]
Event: 7.506 Thread 0x0000018600853000 6924       3       org.codehaus.groovy.reflection.CachedField::isStatic (8 bytes)
Event: 7.506 Thread 0x0000018600853000 nmethod 6924 0x000001866a060690 code [0x000001866a060860, 0x000001866a060a98]
Event: 7.510 Thread 0x0000018600853000 6925       1       org.gradle.internal.extensibility.DefaultConvention::getExtraProperties (5 bytes)
Event: 7.510 Thread 0x0000018600853000 nmethod 6925 0x0000018670b9f690 code [0x0000018670b9f840, 0x0000018670b9f8f8]
Event: 7.512 Thread 0x0000018600853000 6926       3       org.codehaus.groovy.runtime.metaclass.MetaMethodIndex$Header::<init> (26 bytes)
Event: 7.512 Thread 0x0000018600853000 nmethod 6926 0x000001866a060b90 code [0x000001866a060d60, 0x000001866a061048]
Event: 7.523 Thread 0x0000018600853000 6927       3       sun.reflect.generics.reflectiveObjects.TypeVariableImpl::toString (5 bytes)
Event: 7.523 Thread 0x0000018600853000 nmethod 6927 0x000001866a061190 code [0x000001866a061340, 0x000001866a061458]

GC Heap History (20 events):
Event: 2.006 GC heap before
{Heap before GC invocations=2 (full 0):
 garbage-first heap   total 129024K, used 53072K [0x0000000080000000, 0x0000000100000000)
  region size 1024K, 43 young (44032K), 1 survivors (1024K)
 Metaspace       used 17247K, capacity 17690K, committed 17792K, reserved 1064960K
  class space    used 1999K, capacity 2135K, committed 2176K, reserved 1048576K
}
Event: 2.010 GC heap after
{Heap after GC invocations=3 (full 0):
 garbage-first heap   total 129024K, used 16191K [0x0000000080000000, 0x0000000100000000)
  region size 1024K, 6 young (6144K), 6 survivors (6144K)
 Metaspace       used 17247K, capacity 17690K, committed 17792K, reserved 1064960K
  class space    used 1999K, capacity 2135K, committed 2176K, reserved 1048576K
}
Event: 2.243 GC heap before
{Heap before GC invocations=3 (full 0):
 garbage-first heap   total 129024K, used 49983K [0x0000000080000000, 0x0000000100000000)
  region size 1024K, 40 young (40960K), 6 survivors (6144K)
 Metaspace       used 20688K, capacity 21178K, committed 21296K, reserved 1069056K
  class space    used 2548K, capacity 2682K, committed 2688K, reserved 1048576K
}
Event: 2.249 GC heap after
{Heap after GC invocations=4 (full 0):
 garbage-first heap   total 129024K, used 17455K [0x0000000080000000, 0x0000000100000000)
  region size 1024K, 2 young (2048K), 2 survivors (2048K)
 Metaspace       used 20688K, capacity 21178K, committed 21296K, reserved 1069056K
  class space    used 2548K, capacity 2682K, committed 2688K, reserved 1048576K
}
Event: 2.679 GC heap before
{Heap before GC invocations=5 (full 0):
 garbage-first heap   total 129024K, used 67631K [0x0000000080000000, 0x0000000100000000)
  region size 1024K, 51 young (52224K), 2 survivors (2048K)
 Metaspace       used 25938K, capacity 26526K, committed 26800K, reserved 1073152K
  class space    used 3356K, capacity 3555K, committed 3584K, reserved 1048576K
}
Event: 2.683 GC heap after
{Heap after GC invocations=6 (full 0):
 garbage-first heap   total 129024K, used 19084K [0x0000000080000000, 0x0000000100000000)
  region size 1024K, 4 young (4096K), 4 survivors (4096K)
 Metaspace       used 25938K, capacity 26526K, committed 26800K, reserved 1073152K
  class space    used 3356K, capacity 3555K, committed 3584K, reserved 1048576K
}
Event: 3.304 GC heap before
{Heap before GC invocations=6 (full 0):
 garbage-first heap   total 129024K, used 78476K [0x0000000080000000, 0x0000000100000000)
  region size 1024K, 62 young (63488K), 4 survivors (4096K)
 Metaspace       used 32650K, capacity 33437K, committed 33584K, reserved 1079296K
  class space    used 4317K, capacity 4610K, committed 4736K, reserved 1048576K
}
Event: 3.310 GC heap after
{Heap after GC invocations=7 (full 0):
 garbage-first heap   total 129024K, used 21600K [0x0000000080000000, 0x0000000100000000)
  region size 1024K, 6 young (6144K), 6 survivors (6144K)
 Metaspace       used 32650K, capacity 33437K, committed 33584K, reserved 1079296K
  class space    used 4317K, capacity 4610K, committed 4736K, reserved 1048576K
}
Event: 3.384 GC heap before
{Heap before GC invocations=7 (full 0):
 garbage-first heap   total 129024K, used 24672K [0x0000000080000000, 0x0000000100000000)
  region size 1024K, 10 young (10240K), 6 survivors (6144K)
 Metaspace       used 34860K, capacity 35659K, committed 35708K, reserved 1081344K
  class space    used 4520K, capacity 4841K, committed 4864K, reserved 1048576K
}
Event: 3.391 GC heap after
{Heap after GC invocations=8 (full 0):
 garbage-first heap   total 155648K, used 22663K [0x0000000080000000, 0x0000000100000000)
  region size 1024K, 6 young (6144K), 6 survivors (6144K)
 Metaspace       used 34860K, capacity 35659K, committed 35708K, reserved 1081344K
  class space    used 4520K, capacity 4841K, committed 4864K, reserved 1048576K
}
Event: 4.184 GC heap before
{Heap before GC invocations=9 (full 0):
 garbage-first heap   total 155648K, used 100487K [0x0000000080000000, 0x0000000100000000)
  region size 1024K, 80 young (81920K), 6 survivors (6144K)
 Metaspace       used 41068K, capacity 42024K, committed 42184K, reserved 1085440K
  class space    used 5264K, capacity 5614K, committed 5708K, reserved 1048576K
}
Event: 4.194 GC heap after
{Heap after GC invocations=10 (full 0):
 garbage-first heap   total 155648K, used 28119K [0x0000000080000000, 0x0000000100000000)
  region size 1024K, 10 young (10240K), 10 survivors (10240K)
 Metaspace       used 41068K, capacity 42024K, committed 42184K, reserved 1085440K
  class space    used 5264K, capacity 5614K, committed 5708K, reserved 1048576K
}
Event: 4.879 GC heap before
{Heap before GC invocations=10 (full 0):
 garbage-first heap   total 155648K, used 102871K [0x0000000080000000, 0x0000000100000000)
  region size 1024K, 83 young (84992K), 10 survivors (10240K)
 Metaspace       used 47425K, capacity 48493K, committed 48712K, reserved 1091584K
  class space    used 6122K, capacity 6550K, committed 6604K, reserved 1048576K
}
Event: 4.888 GC heap after
{Heap after GC invocations=11 (full 0):
 garbage-first heap   total 155648K, used 31633K [0x0000000080000000, 0x0000000100000000)
  region size 1024K, 9 young (9216K), 9 survivors (9216K)
 Metaspace       used 47425K, capacity 48493K, committed 48712K, reserved 1091584K
  class space    used 6122K, capacity 6550K, committed 6604K, reserved 1048576K
}
Event: 5.729 GC heap before
{Heap before GC invocations=11 (full 0):
 garbage-first heap   total 155648K, used 114577K [0x0000000080000000, 0x0000000100000000)
  region size 1024K, 83 young (84992K), 9 survivors (9216K)
 Metaspace       used 51068K, capacity 52334K, committed 52552K, reserved 1095680K
  class space    used 6526K, capacity 7000K, committed 7116K, reserved 1048576K
}
Event: 5.740 GC heap after
{Heap after GC invocations=12 (full 0):
 garbage-first heap   total 155648K, used 49687K [0x0000000080000000, 0x0000000100000000)
  region size 1024K, 11 young (11264K), 11 survivors (11264K)
 Metaspace       used 51068K, capacity 52334K, committed 52552K, reserved 1095680K
  class space    used 6526K, capacity 7000K, committed 7116K, reserved 1048576K
}
Event: 6.341 GC heap before
{Heap before GC invocations=12 (full 0):
 garbage-first heap   total 155648K, used 102935K [0x0000000080000000, 0x0000000100000000)
  region size 1024K, 64 young (65536K), 11 survivors (11264K)
 Metaspace       used 58403K, capacity 59869K, committed 59976K, reserved 1101824K
  class space    used 7449K, capacity 8035K, committed 8140K, reserved 1048576K
}
Event: 6.359 GC heap after
{Heap after GC invocations=13 (full 0):
 garbage-first heap   total 187392K, used 52574K [0x0000000080000000, 0x0000000100000000)
  region size 1024K, 3 young (3072K), 3 survivors (3072K)
 Metaspace       used 58403K, capacity 59869K, committed 59976K, reserved 1101824K
  class space    used 7449K, capacity 8035K, committed 8140K, reserved 1048576K
}
Event: 7.073 GC heap before
{Heap before GC invocations=14 (full 0):
 garbage-first heap   total 187392K, used 125278K [0x0000000080000000, 0x0000000100000000)
  region size 1024K, 74 young (75776K), 3 survivors (3072K)
 Metaspace       used 65214K, capacity 66745K, committed 66928K, reserved 1107968K
  class space    used 8312K, capacity 8907K, committed 9036K, reserved 1048576K
}
Event: 7.082 GC heap after
{Heap after GC invocations=15 (full 0):
 garbage-first heap   total 187392K, used 57470K [0x0000000080000000, 0x0000000100000000)
  region size 1024K, 8 young (8192K), 8 survivors (8192K)
 Metaspace       used 65214K, capacity 66745K, committed 66928K, reserved 1107968K
  class space    used 8312K, capacity 8907K, committed 9036K, reserved 1048576K
}

Deoptimization events (20 events):
Event: 7.156 Thread 0x00000186027d8800 DEOPT PACKING pc=0x0000018670801684 sp=0x000000516edf7f60
Event: 7.156 Thread 0x00000186027d8800 DEOPT UNPACKING pc=0x0000018668cba1af sp=0x000000516edf7f10 mode 2
Event: 7.183 Thread 0x00000186027d8800 Uncommon trap: trap_request=0xffffffde fr.pc=0x0000018670b518f8 relative=0x0000000000002cd8
Event: 7.183 Thread 0x00000186027d8800 Uncommon trap: reason=class_check action=maybe_recompile pc=0x0000018670b518f8 method=java.util.TreeMap.put(Ljava/lang/Object;Ljava/lang/Object;)Ljava/lang/Object; @ 127 c2
Event: 7.183 Thread 0x00000186027d8800 DEOPT PACKING pc=0x0000018670b518f8 sp=0x000000516edf8270
Event: 7.183 Thread 0x00000186027d8800 DEOPT UNPACKING pc=0x0000018668cba1af sp=0x000000516edf8238 mode 2
Event: 7.267 Thread 0x00000186027d8800 Uncommon trap: trap_request=0xffffff4d fr.pc=0x0000018670b7b6dc relative=0x0000000000002f3c
Event: 7.267 Thread 0x00000186027d8800 Uncommon trap: reason=unstable_if action=reinterpret pc=0x0000018670b7b6dc method=sun.net.www.protocol.jar.Handler.parseURL(Ljava/net/URL;Ljava/lang/String;II)V @ 116 c2
Event: 7.267 Thread 0x00000186027d8800 DEOPT PACKING pc=0x0000018670b7b6dc sp=0x000000516edf8100
Event: 7.267 Thread 0x00000186027d8800 DEOPT UNPACKING pc=0x0000018668cba1af sp=0x000000516edf80c0 mode 2
Event: 7.285 Thread 0x00000186027d8800 Uncommon trap: trap_request=0xffffff4d fr.pc=0x0000018670a93344 relative=0x0000000000000424
Event: 7.285 Thread 0x00000186027d8800 Uncommon trap: reason=unstable_if action=reinterpret pc=0x0000018670a93344 method=java.lang.String.compareTo(Ljava/lang/String;)I @ 25 c2
Event: 7.285 Thread 0x00000186027d8800 DEOPT PACKING pc=0x0000018670a93344 sp=0x000000516edf73e0
Event: 7.285 Thread 0x00000186027d8800 DEOPT UNPACKING pc=0x0000018668cba1af sp=0x000000516edf7360 mode 2
Event: 7.298 Thread 0x00000186027d8800 DEOPT PACKING pc=0x0000018669ce06b1 sp=0x000000516edf6c70
Event: 7.298 Thread 0x00000186027d8800 DEOPT UNPACKING pc=0x0000018668cba95e sp=0x000000516edf6140 mode 0
Event: 7.434 Thread 0x00000186027d8800 Uncommon trap: trap_request=0xffffff4d fr.pc=0x00000186708fb36c relative=0x000000000000032c
Event: 7.434 Thread 0x00000186027d8800 Uncommon trap: reason=unstable_if action=reinterpret pc=0x00000186708fb36c method=java.util.StringJoiner.add(Ljava/lang/CharSequence;)Ljava/util/StringJoiner; @ 33 c2
Event: 7.434 Thread 0x00000186027d8800 DEOPT PACKING pc=0x00000186708fb36c sp=0x000000516edf5ba0
Event: 7.434 Thread 0x00000186027d8800 DEOPT UNPACKING pc=0x0000018668cba1af sp=0x000000516edf5b50 mode 2

Classes redefined (0 events):
No events

Internal exceptions (20 events):
Event: 7.489 Thread 0x00000186027d8800 Exception <a 'java/lang/ClassNotFoundException'{0x0000000088c58d10}: com/android/build/gradle/internal/dsl/DefaultConfig$AgpDecorated_DecoratedBeanInfo> (0x0000000088c58d10) thrown at [./src/hotspot/share/classfile/systemDictionary.cpp, line 231]
Event: 7.489 Thread 0x00000186027d8800 Exception <a 'java/lang/ClassNotFoundException'{0x0000000088c76d10}: com/android/build/gradle/internal/dsl/DefaultConfig$AgpDecoratedBeanInfo> (0x0000000088c76d10) thrown at [./src/hotspot/share/classfile/systemDictionary.cpp, line 231]
Event: 7.490 Thread 0x00000186027d8800 Exception <a 'java/lang/ClassNotFoundException'{0x0000000088c93d80}: com/android/build/gradle/internal/dsl/DefaultConfigBeanInfo> (0x0000000088c93d80) thrown at [./src/hotspot/share/classfile/systemDictionary.cpp, line 231]
Event: 7.490 Thread 0x00000186027d8800 Exception <a 'java/lang/ClassNotFoundException'{0x0000000088caf760}: com/android/build/gradle/internal/dsl/BaseFlavorBeanInfo> (0x0000000088caf760) thrown at [./src/hotspot/share/classfile/systemDictionary.cpp, line 231]
Event: 7.491 Thread 0x00000186027d8800 Exception <a 'java/lang/ClassNotFoundException'{0x0000000088ccb210}: com/android/builder/core/AbstractProductFlavorBeanInfo> (0x0000000088ccb210) thrown at [./src/hotspot/share/classfile/systemDictionary.cpp, line 231]
Event: 7.491 Thread 0x00000186027d8800 Exception <a 'java/lang/ClassNotFoundException'{0x0000000088ce6b20}: com/android/builder/internal/BaseConfigImplBeanInfo> (0x0000000088ce6b20) thrown at [./src/hotspot/share/classfile/systemDictionary.cpp, line 231]
Event: 7.491 Thread 0x00000186027d8800 Exception <a 'java/lang/ClassNotFoundException'{0x0000000088b02960}: com/android/builder/internal/BaseConfigImplCustomizer> (0x0000000088b02960) thrown at [./src/hotspot/share/classfile/systemDictionary.cpp, line 231]
Event: 7.492 Thread 0x00000186027d8800 Exception <a 'java/lang/ClassNotFoundException'{0x0000000088b3ce28}: com/android/builder/core/AbstractProductFlavorCustomizer> (0x0000000088b3ce28) thrown at [./src/hotspot/share/classfile/systemDictionary.cpp, line 231]
Event: 7.494 Thread 0x00000186027d8800 Exception <a 'java/lang/ClassNotFoundException'{0x0000000088b93d40}: com/android/build/gradle/internal/dsl/BaseFlavorCustomizer> (0x0000000088b93d40) thrown at [./src/hotspot/share/classfile/systemDictionary.cpp, line 231]
Event: 7.497 Thread 0x00000186027d8800 Exception <a 'java/lang/ClassNotFoundException'{0x0000000088a0fff0}: com/android/build/gradle/internal/dsl/DefaultConfigCustomizer> (0x0000000088a0fff0) thrown at [./src/hotspot/share/classfile/systemDictionary.cpp, line 231]
Event: 7.499 Thread 0x00000186027d8800 Exception <a 'java/lang/ClassNotFoundException'{0x0000000088a46108}: com/android/build/gradle/internal/dsl/DefaultConfig$AgpDecoratedCustomizer> (0x0000000088a46108) thrown at [./src/hotspot/share/classfile/systemDictionary.cpp, line 231]
Event: 7.500 Thread 0x00000186027d8800 Exception <a 'java/lang/ClassNotFoundException'{0x0000000088aa4f60}: com/android/build/gradle/internal/dsl/DefaultConfig$AgpDecorated_DecoratedCustomizer> (0x0000000088aa4f60) thrown at [./src/hotspot/share/classfile/systemDictionary.cpp, line 231]
Event: 7.508 Thread 0x00000186027d8800 Exception <a 'java/lang/ClassNotFoundException'{0x00000000889fbc70}: org/gradle/api/internal/NamedDomainObjectContainerConfigureDelegateBeanInfo> (0x00000000889fbc70) thrown at [./src/hotspot/share/classfile/systemDictionary.cpp, line 231]
Event: 7.509 Thread 0x00000186027d8800 Exception <a 'java/lang/ClassNotFoundException'{0x0000000088835770}: org/gradle/api/internal/NamedDomainObjectContainerConfigureDelegateCustomizer> (0x0000000088835770) thrown at [./src/hotspot/share/classfile/systemDictionary.cpp, line 231]
Event: 7.518 Thread 0x00000186027d8800 Exception <a 'java/lang/ClassNotFoundException'{0x00000000886b2ef0}: org/gradle/api/internal/FactoryNamedDomainObjectContainer_DecoratedBeanInfo> (0x00000000886b2ef0) thrown at [./src/hotspot/share/classfile/systemDictionary.cpp, line 231]
Event: 7.519 Thread 0x00000186027d8800 Exception <a 'java/lang/ClassNotFoundException'{0x00000000886e91a8}: org/gradle/api/internal/FactoryNamedDomainObjectContainerBeanInfo> (0x00000000886e91a8) thrown at [./src/hotspot/share/classfile/systemDictionary.cpp, line 231]
Event: 7.521 Thread 0x00000186027d8800 Exception <a 'java/lang/ClassNotFoundException'{0x0000000088520b28}: org/gradle/api/internal/AbstractNamedDomainObjectContainerBeanInfo> (0x0000000088520b28) thrown at [./src/hotspot/share/classfile/systemDictionary.cpp, line 231]
Event: 7.522 Thread 0x00000186027d8800 Exception <a 'java/lang/ClassNotFoundException'{0x0000000088556908}: org/gradle/api/internal/DefaultNamedDomainObjectSetBeanInfo> (0x0000000088556908) thrown at [./src/hotspot/share/classfile/systemDictionary.cpp, line 231]
Event: 7.522 Thread 0x00000186027d8800 Exception <a 'java/lang/ClassNotFoundException'{0x000000008858ca88}: org/gradle/api/internal/DefaultNamedDomainObjectSetCustomizer> (0x000000008858ca88) thrown at [./src/hotspot/share/classfile/systemDictionary.cpp, line 231]
Event: 7.524 Thread 0x00000186027d8800 Exception <a 'java/lang/ClassNotFoundException'{0x00000000885d9948}: org/gradle/api/internal/AbstractNamedDomainObjectContainerCustomizer> (0x00000000885d9948) thrown at [./src/hotspot/share/classfile/systemDictionary.cpp, line 231]

Events (20 events):
Event: 7.522 loading class org/gradle/api/internal/DefaultNamedDomainObjectSetCustomizer
Event: 7.522 loading class org/gradle/api/internal/DefaultNamedDomainObjectSetCustomizer done
Event: 7.522 loading class org/gradle/api/internal/DefaultNamedDomainObjectSetCustomizer
Event: 7.522 loading class org/gradle/api/internal/DefaultNamedDomainObjectSetCustomizer done
Event: 7.522 loading class org/gradle/api/internal/DefaultNamedDomainObjectSetCustomizer
Event: 7.522 loading class org/gradle/api/internal/DefaultNamedDomainObjectSetCustomizer done
Event: 7.523 loading class org/gradle/api/internal/AbstractNamedDomainObjectContainerCustomizer
Event: 7.523 loading class org/gradle/api/internal/AbstractNamedDomainObjectContainerCustomizer done
Event: 7.523 loading class org/gradle/api/internal/AbstractNamedDomainObjectContainerCustomizer
Event: 7.523 loading class org/gradle/api/internal/AbstractNamedDomainObjectContainerCustomizer done
Event: 7.524 loading class org/gradle/api/internal/AbstractNamedDomainObjectContainerCustomizer
Event: 7.524 loading class org/gradle/api/internal/AbstractNamedDomainObjectContainerCustomizer done
Event: 7.524 loading class org/gradle/api/internal/AbstractNamedDomainObjectContainerCustomizer
Event: 7.524 loading class org/gradle/api/internal/AbstractNamedDomainObjectContainerCustomizer done
Event: 7.525 loading class org/gradle/api/internal/FactoryNamedDomainObjectContainerCustomizer
Event: 7.525 loading class org/gradle/api/internal/FactoryNamedDomainObjectContainerCustomizer done
Event: 7.525 loading class org/gradle/api/internal/FactoryNamedDomainObjectContainerCustomizer
Event: 7.525 loading class org/gradle/api/internal/FactoryNamedDomainObjectContainerCustomizer done
Event: 7.525 loading class org/gradle/api/internal/FactoryNamedDomainObjectContainerCustomizer
Event: 7.525 loading class org/gradle/api/internal/FactoryNamedDomainObjectContainerCustomizer done


Dynamic libraries:
0x00007ff7b99e0000 - 0x00007ff7b99ea000 	C:\Program Files\Android\Android Studio\jre\bin\java.exe
0x00007fff4aa50000 - 0x00007fff4ac64000 	C:\WINDOWS\SYSTEM32\ntdll.dll
0x00007fff48a10000 - 0x00007fff48ad2000 	C:\WINDOWS\System32\KERNEL32.DLL
0x00007fff48480000 - 0x00007fff48823000 	C:\WINDOWS\System32\KERNELBASE.dll
0x00007fff48220000 - 0x00007fff48331000 	C:\WINDOWS\System32\ucrtbase.dll
0x00007fff23a00000 - 0x00007fff23a17000 	C:\Program Files\Android\Android Studio\jre\bin\VCRUNTIME140.dll
0x00007fff37ac0000 - 0x00007fff37ad9000 	C:\Program Files\Android\Android Studio\jre\bin\jli.dll
0x00007fff4a860000 - 0x00007fff4aa0a000 	C:\WINDOWS\System32\USER32.dll
0x00007fff48180000 - 0x00007fff481a6000 	C:\WINDOWS\System32\win32u.dll
0x00007fff2c990000 - 0x00007fff2cc1e000 	C:\WINDOWS\WinSxS\amd64_microsoft.windows.common-controls_6595b64144ccf1df_6.0.22621.1635_none_270f70857386168e\COMCTL32.dll
0x00007fff49940000 - 0x00007fff49969000 	C:\WINDOWS\System32\GDI32.dll
0x00007fff4a170000 - 0x00007fff4a217000 	C:\WINDOWS\System32\msvcrt.dll
0x00007fff47e50000 - 0x00007fff47f69000 	C:\WINDOWS\System32\gdi32full.dll
0x00007fff47f70000 - 0x00007fff4800a000 	C:\WINDOWS\System32\msvcp_win.dll
0x00007fff48830000 - 0x00007fff48861000 	C:\WINDOWS\System32\IMM32.DLL
0x00007fff1e150000 - 0x00007fff1e1ed000 	C:\Program Files\Android\Android Studio\jre\bin\msvcp140.dll
0x00007ffef2b50000 - 0x00007ffef3635000 	C:\Program Files\Android\Android Studio\jre\bin\server\jvm.dll
0x00007fff4a220000 - 0x00007fff4a2ce000 	C:\WINDOWS\System32\ADVAPI32.dll
0x00007fff492b0000 - 0x00007fff49354000 	C:\WINDOWS\System32\sechost.dll
0x00007fff4a380000 - 0x00007fff4a497000 	C:\WINDOWS\System32\RPCRT4.dll
0x00007fff492a0000 - 0x00007fff492a8000 	C:\WINDOWS\System32\PSAPI.DLL
0x00007fff42a00000 - 0x00007fff42a09000 	C:\WINDOWS\SYSTEM32\WSOCK32.dll
0x00007fff3ecb0000 - 0x00007fff3ecba000 	C:\WINDOWS\SYSTEM32\VERSION.dll
0x00007fff41400000 - 0x00007fff41434000 	C:\WINDOWS\SYSTEM32\WINMM.dll
0x00007fff4a580000 - 0x00007fff4a5f1000 	C:\WINDOWS\System32\WS2_32.dll
0x00007fff46ef0000 - 0x00007fff46f08000 	C:\WINDOWS\SYSTEM32\kernel.appcore.dll
0x00007fff41fc0000 - 0x00007fff41fd1000 	C:\Program Files\Android\Android Studio\jre\bin\verify.dll
0x00007fff3bd30000 - 0x00007fff3bf5e000 	C:\WINDOWS\SYSTEM32\DBGHELP.DLL
0x00007fff49360000 - 0x00007fff496e9000 	C:\WINDOWS\System32\combase.dll
0x00007fff4a4a0000 - 0x00007fff4a577000 	C:\WINDOWS\System32\OLEAUT32.dll
0x00007fff3bc70000 - 0x00007fff3bca2000 	C:\WINDOWS\SYSTEM32\dbgcore.DLL
0x00007fff48340000 - 0x00007fff483ba000 	C:\WINDOWS\System32\bcryptPrimitives.dll
0x00007fff38070000 - 0x00007fff38099000 	C:\Program Files\Android\Android Studio\jre\bin\java.dll
0x00007fff42170000 - 0x00007fff4217b000 	C:\Program Files\Android\Android Studio\jre\bin\jimage.dll
0x00007fff3db40000 - 0x00007fff3db58000 	C:\Program Files\Android\Android Studio\jre\bin\zip.dll
0x00007fff49970000 - 0x00007fff4a169000 	C:\WINDOWS\System32\SHELL32.dll
0x00007fff45e00000 - 0x00007fff466ce000 	C:\WINDOWS\SYSTEM32\windows.storage.dll
0x00007fff45cc0000 - 0x00007fff45dfe000 	C:\WINDOWS\SYSTEM32\wintypes.dll
0x00007fff49740000 - 0x00007fff49831000 	C:\WINDOWS\System32\SHCORE.dll
0x00007fff48870000 - 0x00007fff488ce000 	C:\WINDOWS\System32\shlwapi.dll
0x00007fff47d80000 - 0x00007fff47da6000 	C:\WINDOWS\SYSTEM32\profapi.dll
0x00007fff38600000 - 0x00007fff3861a000 	C:\Program Files\Android\Android Studio\jre\bin\net.dll
0x00007fff41120000 - 0x00007fff41257000 	C:\WINDOWS\SYSTEM32\WINHTTP.dll
0x00007fff473b0000 - 0x00007fff47419000 	C:\WINDOWS\system32\mswsock.dll
0x00007fff37e50000 - 0x00007fff37e64000 	C:\Program Files\Android\Android Studio\jre\bin\nio.dll
0x00007fff23a20000 - 0x00007fff23a47000 	C:\Users\Mehmet emin\.gradle\native\e1d6ef7f7dcc3fd88c89a11ec53ec762bb8ba0a96d01ffa2cd45eb1d1d8dd5c5\windows-amd64\native-platform.dll
0x00007fff1b2d0000 - 0x00007fff1b414000 	C:\Users\Mehmet emin\.gradle\native\5664cfc778a61ccfe75a443a1ab52a65af34e5dc3c78e0209fed803814484fcb\windows-amd64\native-platform-file-events.dll
0x00007fff3da30000 - 0x00007fff3da3a000 	C:\Program Files\Android\Android Studio\jre\bin\management.dll
0x00007fff38730000 - 0x00007fff3873d000 	C:\Program Files\Android\Android Studio\jre\bin\management_ext.dll
0x00007fff476d0000 - 0x00007fff476eb000 	C:\WINDOWS\SYSTEM32\CRYPTSP.dll
0x00007fff46eb0000 - 0x00007fff46ee5000 	C:\WINDOWS\system32\rsaenh.dll
0x00007fff47450000 - 0x00007fff4747c000 	C:\WINDOWS\SYSTEM32\USERENV.dll
0x00007fff47800000 - 0x00007fff47828000 	C:\WINDOWS\SYSTEM32\bcrypt.dll
0x00007fff476b0000 - 0x00007fff476bc000 	C:\WINDOWS\SYSTEM32\CRYPTBASE.dll
0x00007fff469a0000 - 0x00007fff469cd000 	C:\WINDOWS\SYSTEM32\IPHLPAPI.DLL
0x00007fff498a0000 - 0x00007fff498a9000 	C:\WINDOWS\System32\NSI.dll
0x00007fff40de0000 - 0x00007fff40df9000 	C:\WINDOWS\SYSTEM32\dhcpcsvc6.DLL
0x00007fff40b80000 - 0x00007fff40b9f000 	C:\WINDOWS\SYSTEM32\dhcpcsvc.DLL
0x00007fff46a10000 - 0x00007fff46b03000 	C:\WINDOWS\SYSTEM32\DNSAPI.dll

dbghelp: loaded successfully - version: 4.0.5 - missing functions: none
symbol engine: initialized successfully - sym options: 0x614 - pdb path: .;C:\Program Files\Android\Android Studio\jre\bin;C:\WINDOWS\SYSTEM32;C:\WINDOWS\WinSxS\amd64_microsoft.windows.common-controls_6595b64144ccf1df_6.0.22621.1635_none_270f70857386168e;C:\Program Files\Android\Android Studio\jre\bin\server;C:\Users\Mehmet emin\.gradle\native\e1d6ef7f7dcc3fd88c89a11ec53ec762bb8ba0a96d01ffa2cd45eb1d1d8dd5c5\windows-amd64;C:\Users\Mehmet emin\.gradle\native\5664cfc778a61ccfe75a443a1ab52a65af34e5dc3c78e0209fed803814484fcb\windows-amd64

VM Arguments:
jvm_args: --add-opens=java.base/java.util=ALL-UNNAMED --add-opens=java.base/java.lang=ALL-UNNAMED --add-opens=java.base/java.lang.invoke=ALL-UNNAMED --add-opens=java.base/java.util=ALL-UNNAMED --add-opens=java.prefs/java.util.prefs=ALL-UNNAMED --add-opens=java.prefs/java.util.prefs=ALL-UNNAMED --add-opens=java.base/java.nio.charset=ALL-UNNAMED --add-opens=java.base/java.net=ALL-UNNAMED --add-opens=java.base/java.util.concurrent.atomic=ALL-UNNAMED -Xmx2048m -Dfile.encoding=UTF-8 -Duser.country=TR -Duser.language=tr -Duser.variant 
java_command: org.gradle.launcher.daemon.bootstrap.GradleDaemon 7.3.3
java_class_path (initial): C:\Users\Mehmet emin\.gradle\wrapper\dists\gradle-7.3.3-bin\6a41zxkdtcxs8rphpq6y0069z\gradle-7.3.3\lib\gradle-launcher-7.3.3.jar
Launcher Type: SUN_STANDARD

[Global flags]
     intx CICompilerCount                          = 4                                         {product} {ergonomic}
     uint ConcGCThreads                            = 2                                         {product} {ergonomic}
     uint G1ConcRefinementThreads                  = 8                                         {product} {ergonomic}
   size_t G1HeapRegionSize                         = 1048576                                   {product} {ergonomic}
    uintx GCDrainStackTargetSize                   = 64                                        {product} {ergonomic}
   size_t InitialHeapSize                          = 132120576                                 {product} {ergonomic}
   size_t MarkStackSize                            = 4194304                                   {product} {ergonomic}
   size_t MaxHeapSize                              = 2147483648                                {product} {command line}
   size_t MaxNewSize                               = 1287651328                                {product} {ergonomic}
   size_t MinHeapDeltaBytes                        = 1048576                                   {product} {ergonomic}
    uintx NonNMethodCodeHeapSize                   = 5836300                                {pd product} {ergonomic}
    uintx NonProfiledCodeHeapSize                  = 122910970                              {pd product} {ergonomic}
    uintx ProfiledCodeHeapSize                     = 122910970                              {pd product} {ergonomic}
    uintx ReservedCodeCacheSize                    = 251658240                              {pd product} {ergonomic}
     bool SegmentedCodeCache                       = true                                      {product} {ergonomic}
     bool UseCompressedClassPointers               = true                                 {lp64_product} {ergonomic}
     bool UseCompressedOops                        = true                                 {lp64_product} {ergonomic}
     bool UseG1GC                                  = true                                      {product} {ergonomic}
     bool UseLargePagesIndividualAllocation        = false                                  {pd product} {ergonomic}

Logging:
Log output configuration:
 #0: stdout all=warning uptime,level,tags
 #1: stderr all=off uptime,level,tags

Environment Variables:
JAVA_HOME=C:\Program Files\Java\jdk1.8.0_202
PATH=C:\Program Files (x86)\Common Files\Oracle\Java\javapath;C:\Program Files\Common Files\Oracle\Java\javapath;C:\ProgramData\Oracle\Java\javapath;C:\texlive\2000\bin\win32;C:\Windows\system32;C:\Windows;C:\Windows\System32\Wbem;C:\Windows\System32\WindowsPowerShell\v1.0\;C:\Windows\System32\OpenSSH\;C:\Program Files\NVIDIA Corporation\NVIDIA NvDLISR;C:\Program Files (x86)\NVIDIA Corporation\PhysX\Common;C:\Program Files\dotnet\;C:\Program Files\Microsoft SQL Server\130\Tools\Binn\;C:\Program Files\Microsoft SQL Server\Client SDK\ODBC\170\Tools\Binn\;C:\Program Files\Git\cmd;C:\WINDOWS\system32;C:\WINDOWS;C:\WINDOWS\System32\Wbem;C:\WINDOWS\System32\WindowsPowerShell\v1.0\;C:\WINDOWS\System32\OpenSSH\;C:\Program Files\Cloudflare\Cloudflare WARP;C:\Program Files\Java\jdk1.8.0_202\bin;C:\Users\Mehmet emin\AppData\Local\Programs\Python\Python310\Scripts\;C:\Users\Mehmet emin\AppData\Local\Programs\Python\Python310\;C:\Program Files\MySQL\MySQL Shell 8.0\bin\;C:\Users\Mehmet emin\AppData\Local\Microsoft\WindowsApps;C:\Users\Mehmet emin\.dotnet\tools;C:\Users\Mehmet emin\AppData\Local\Programs\Microsoft VS Code\bin;C:\Users\Mehmet emin\AppData\Local\GitHubDesktop\bin;C:\src\flutter\bin;C:\Program Files\Java\jdk1.8.0_202\bin;
USERNAME=Mehmet emin
OS=Windows_NT
PROCESSOR_IDENTIFIER=Intel64 Family 6 Model 158 Stepping 10, GenuineIntel



---------------  S Y S T E M  ---------------

OS: Windows 10 , 64 bit Build 22621 (10.0.22621.1928)
OS uptime: 1 days 6:19 hours
Hyper-V role detected

CPU:total 8 (initial active 8) (4 cores per cpu, 2 threads per core) family 6 model 158 stepping 10 microcode 0xde, cmov, cx8, fxsr, mmx, sse, sse2, sse3, ssse3, sse4.1, sse4.2, popcnt, avx, avx2, aes, clmul, erms, 3dnowpref, lzcnt, ht, tsc, tscinvbit, bmi1, bmi2, adx, fma

Memory: 4k page, system-wide physical 7992M (564M free)
TotalPageFile size 12088M (AvailPageFile size 5M)
current process WorkingSet (physical memory assigned to process): 400M, peak: 400M
current process commit charge ("private bytes"): 450M, peak: 452M

vm_info: OpenJDK 64-Bit Server VM (11.0.12+7-b1504.28-7817840) for windows-amd64 JRE (11.0.12+7-b1504.28-7817840), built on Oct 13 2021 22:12:33 by "builder" with MS VC++ 14.0 (VS2015)

END.
