#
# There is insufficient memory for the Java Runtime Environment to continue.
# Native memory allocation (malloc) failed to allocate 1567696 bytes for Chunk::new
# Possible reasons:
#   The system is out of physical RAM or swap space
#   The process is running with CompressedOops enabled, and the Java Heap may be blocking the growth of the native heap
# Possible solutions:
#   Reduce memory load on the system
#   Increase physical memory or swap space
#   Check if swap backing store is full
#   Decrease Java heap size (-Xmx/-Xms)
#   Decrease number of Java threads
#   Decrease Java thread stack sizes (-Xss)
#   Set larger code cache with -XX:ReservedCodeCacheSize=
#   JVM is running with Zero Based Compressed Oops mode in which the Java heap is
#     placed in the first 32GB address space. The Java Heap base address is the
#     maximum limit for the native heap growth. Please use -XX:HeapBaseMinAddress
#     to set the Java Heap base and to place the Java Heap above 32GB virtual address.
# This output file may be truncated or incomplete.
#
#  Out of Memory Error (arena.cpp:189), pid=13608, tid=12976
#
# JRE version: OpenJDK Runtime Environment (17.0.6) (build 17.0.6+0-b2043.56-10027231)
# Java VM: OpenJDK 64-Bit Server VM (17.0.6+0-b2043.56-10027231, mixed mode, tiered, compressed oops, compressed class ptrs, g1 gc, windows-amd64)
# No core dump will be written. Minidumps are not enabled by default on client versions of Windows
#

---------------  S U M M A R Y ------------

Command Line: --add-opens=java.base/java.util=ALL-UNNAMED --add-opens=java.base/java.lang=ALL-UNNAMED --add-opens=java.base/java.lang.invoke=ALL-UNNAMED --add-opens=java.base/java.util=ALL-UNNAMED --add-opens=java.prefs/java.util.prefs=ALL-UNNAMED --add-opens=java.prefs/java.util.prefs=ALL-UNNAMED --add-opens=java.base/java.nio.charset=ALL-UNNAMED --add-opens=java.base/java.net=ALL-UNNAMED --add-opens=java.base/java.util.concurrent.atomic=ALL-UNNAMED -Xmx4608m -Dfile.encoding=UTF-8 -Duser.country=TR -Duser.language=tr -Duser.variant org.gradle.launcher.daemon.bootstrap.GradleDaemon 7.5

Host: Intel(R) Core(TM) i5-9300H CPU @ 2.40GHz, 8 cores, 7G,  Windows 11 , 64 bit Build 22621 (10.0.22621.1928)
Time: Thu Jul 27 14:24:48 2023 Türkiye Standart Saati elapsed time: 6.024283 seconds (0d 0h 0m 6s)

---------------  T H R E A D  ---------------

Current thread (0x000001b95a115800):  JavaThread "C2 CompilerThread1" daemon [_thread_in_native, id=12976, stack(0x0000009461500000,0x0000009461600000)]


Current CompileTask:
C2:   6024 3494       4       jdk.internal.loader.BuiltinClassLoader::loadClass (22 bytes)

Stack: [0x0000009461500000,0x0000009461600000]
Native frames: (J=compiled Java code, j=interpreted, Vv=VM code, C=native code)
V  [jvm.dll+0x683c9a]
V  [jvm.dll+0x8427a4]
V  [jvm.dll+0x843f9e]
V  [jvm.dll+0x844603]
V  [jvm.dll+0x249b75]
V  [jvm.dll+0xabcac]
V  [jvm.dll+0xac27c]
V  [jvm.dll+0x368802]
V  [jvm.dll+0x332f31]
V  [jvm.dll+0x3323da]
V  [jvm.dll+0x21c201]
V  [jvm.dll+0x21b621]
V  [jvm.dll+0x1a4fdd]
V  [jvm.dll+0x22b098]
V  [jvm.dll+0x229159]
V  [jvm.dll+0x7f81ec]
V  [jvm.dll+0x7f274a]
V  [jvm.dll+0x682ad5]
C  [ucrtbase.dll+0x29363]
C  [KERNEL32.DLL+0x126ad]
C  [ntdll.dll+0x5aa68]


---------------  P R O C E S S  ---------------

Threads class SMR info:
_java_thread_list=0x000001b95c284220, length=43, elements={
0x000001b9391fc9c0, 0x000001b958f7e480, 0x000001b95982fd80, 0x000001b959861c00,
0x000001b9598620d0, 0x000001b9598647a0, 0x000001b959868d70, 0x000001b959871fc0,
0x000001b9598724d0, 0x000001b95987f710, 0x000001b9599e8ec0, 0x000001b9599eb3a0,
0x000001b95c15a890, 0x000001b95b2eac20, 0x000001b95cb80350, 0x000001b95c8fc250,
0x000001b95c2953a0, 0x000001b959ffb8d0, 0x000001b95ad6cb80, 0x000001b959ff9de0,
0x000001b959ffa2b0, 0x000001b959ffa780, 0x000001b959ffac50, 0x000001b959ffb120,
0x000001b959ff9910, 0x000001b95dc25780, 0x000001b95dc24440, 0x000001b95dc252b0,
0x000001b95dc23f70, 0x000001b95dc24de0, 0x000001b95dc265f0, 0x000001b95dc25c50,
0x000001b95dc24910, 0x000001b95dc26120, 0x000001b95dc26ac0, 0x000001b95a115800,
0x000001b95a115d10, 0x000001b95dc22c30, 0x000001b95dc20a80, 0x000001b95dc218f0,
0x000001b95dc23aa0, 0x000001b95dc23100, 0x000001b95dc200e0
}

Java Threads: ( => current thread )
  0x000001b9391fc9c0 JavaThread "main" [_thread_blocked, id=5112, stack(0x000000945e300000,0x000000945e400000)]
  0x000001b958f7e480 JavaThread "Reference Handler" daemon [_thread_blocked, id=7804, stack(0x000000945ea00000,0x000000945eb00000)]
  0x000001b95982fd80 JavaThread "Finalizer" daemon [_thread_blocked, id=10600, stack(0x000000945eb00000,0x000000945ec00000)]
  0x000001b959861c00 JavaThread "Signal Dispatcher" daemon [_thread_blocked, id=2408, stack(0x000000945ec00000,0x000000945ed00000)]
  0x000001b9598620d0 JavaThread "Attach Listener" daemon [_thread_blocked, id=9716, stack(0x000000945ed00000,0x000000945ee00000)]
  0x000001b9598647a0 JavaThread "Service Thread" daemon [_thread_blocked, id=9696, stack(0x000000945ee00000,0x000000945ef00000)]
  0x000001b959868d70 JavaThread "Monitor Deflation Thread" daemon [_thread_blocked, id=13012, stack(0x000000945ef00000,0x000000945f000000)]
  0x000001b959871fc0 JavaThread "C2 CompilerThread0" daemon [_thread_in_native, id=1756, stack(0x000000945f000000,0x000000945f100000)]
  0x000001b9598724d0 JavaThread "C1 CompilerThread0" daemon [_thread_blocked, id=8284, stack(0x000000945f100000,0x000000945f200000)]
  0x000001b95987f710 JavaThread "Sweeper thread" daemon [_thread_blocked, id=6500, stack(0x000000945f200000,0x000000945f300000)]
  0x000001b9599e8ec0 JavaThread "Common-Cleaner" daemon [_thread_blocked, id=15888, stack(0x000000945f300000,0x000000945f400000)]
  0x000001b9599eb3a0 JavaThread "Notification Thread" daemon [_thread_blocked, id=5416, stack(0x000000945f400000,0x000000945f500000)]
  0x000001b95c15a890 JavaThread "Daemon health stats" [_thread_blocked, id=12836, stack(0x000000945fc00000,0x000000945fd00000)]
  0x000001b95b2eac20 JavaThread "Incoming local TCP Connector on port 60703" [_thread_in_native, id=13548, stack(0x000000945fd00000,0x000000945fe00000)]
  0x000001b95cb80350 JavaThread "Daemon periodic checks" [_thread_blocked, id=9724, stack(0x000000945fe00000,0x000000945ff00000)]
  0x000001b95c8fc250 JavaThread "Daemon" [_thread_blocked, id=6620, stack(0x000000945ff00000,0x0000009460000000)]
  0x000001b95c2953a0 JavaThread "Handler for socket connection from /127.0.0.1:60703 to /127.0.0.1:60704" [_thread_in_native, id=12680, stack(0x0000009460000000,0x0000009460100000)]
  0x000001b959ffb8d0 JavaThread "Cancel handler" [_thread_blocked, id=17180, stack(0x0000009460100000,0x0000009460200000)]
  0x000001b95ad6cb80 JavaThread "Daemon worker" [_thread_in_native, id=8376, stack(0x0000009460200000,0x0000009460300000)]
  0x000001b959ff9de0 JavaThread "Asynchronous log dispatcher for DefaultDaemonConnection: socket connection from /127.0.0.1:60703 to /127.0.0.1:60704" [_thread_blocked, id=17132, stack(0x0000009460300000,0x0000009460400000)]
  0x000001b959ffa2b0 JavaThread "Stdin handler" [_thread_blocked, id=11788, stack(0x0000009460400000,0x0000009460500000)]
  0x000001b959ffa780 JavaThread "Daemon client event forwarder" [_thread_blocked, id=11480, stack(0x0000009460500000,0x0000009460600000)]
  0x000001b959ffac50 JavaThread "Cache worker for journal cache (C:\Users\Mehmet emin\.gradle\caches\journal-1)" [_thread_blocked, id=6948, stack(0x0000009460900000,0x0000009460a00000)]
  0x000001b959ffb120 JavaThread "File lock request listener" [_thread_in_native, id=13492, stack(0x0000009460a00000,0x0000009460b00000)]
  0x000001b959ff9910 JavaThread "Cache worker for file hash cache (C:\Users\Mehmet emin\.gradle\caches\7.5\fileHashes)" [_thread_blocked, id=2364, stack(0x000000945f700000,0x000000945f800000)]
  0x000001b95dc25780 JavaThread "File watcher server" daemon [_thread_in_native, id=12992, stack(0x0000009460c00000,0x0000009460d00000)]
  0x000001b95dc24440 JavaThread "File watcher consumer" daemon [_thread_blocked, id=11208, stack(0x0000009460d00000,0x0000009460e00000)]
  0x000001b95dc252b0 JavaThread "jar transforms" [_thread_blocked, id=13360, stack(0x0000009460b00000,0x0000009460c00000)]
  0x000001b95dc23f70 JavaThread "jar transforms Thread 2" [_thread_blocked, id=15272, stack(0x0000009460e00000,0x0000009460f00000)]
  0x000001b95dc24de0 JavaThread "jar transforms Thread 3" [_thread_blocked, id=12420, stack(0x0000009460f00000,0x0000009461000000)]
  0x000001b95dc265f0 JavaThread "jar transforms Thread 4" [_thread_blocked, id=6876, stack(0x0000009461000000,0x0000009461100000)]
  0x000001b95dc25c50 JavaThread "jar transforms Thread 5" [_thread_blocked, id=5452, stack(0x0000009461100000,0x0000009461200000)]
  0x000001b95dc24910 JavaThread "jar transforms Thread 6" [_thread_blocked, id=5940, stack(0x0000009461200000,0x0000009461300000)]
  0x000001b95dc26120 JavaThread "jar transforms Thread 7" [_thread_blocked, id=13956, stack(0x0000009461300000,0x0000009461400000)]
  0x000001b95dc26ac0 JavaThread "jar transforms Thread 8" [_thread_blocked, id=9124, stack(0x0000009461400000,0x0000009461500000)]
=>0x000001b95a115800 JavaThread "C2 CompilerThread1" daemon [_thread_in_native, id=12976, stack(0x0000009461500000,0x0000009461600000)]
  0x000001b95a115d10 JavaThread "C2 CompilerThread2" daemon [_thread_in_native, id=9720, stack(0x0000009461600000,0x0000009461700000)]
  0x000001b95dc22c30 JavaThread "Cache worker for checksums cache (C:\Users\Mehmet emin\StudioProjects\UrunTakipOtomasyonQR\.gradle\7.5\checksums)" [_thread_blocked, id=9108, stack(0x0000009461700000,0x0000009461800000)]
  0x000001b95dc20a80 JavaThread "Cache worker for cache directory md-rule (C:\Users\Mehmet emin\.gradle\caches\7.5\md-rule)" [_thread_blocked, id=11344, stack(0x0000009461800000,0x0000009461900000)]
  0x000001b95dc218f0 JavaThread "Cache worker for file content cache (C:\Users\Mehmet emin\.gradle\caches\7.5\fileContent)" [_thread_blocked, id=8948, stack(0x0000009461900000,0x0000009461a00000)]
  0x000001b95dc23aa0 JavaThread "Cache worker for file hash cache (C:\Users\Mehmet emin\StudioProjects\UrunTakipOtomasyonQR\.gradle\7.5\fileHashes)" [_thread_blocked, id=6360, stack(0x0000009461a00000,0x0000009461b00000)]
  0x000001b95dc23100 JavaThread "Cache worker for cache directory md-supplier (C:\Users\Mehmet emin\.gradle\caches\7.5\md-supplier)" [_thread_blocked, id=2264, stack(0x0000009461b00000,0x0000009461c00000)]
  0x000001b95dc200e0 JavaThread "Cache worker for execution history cache (C:\Users\Mehmet emin\.gradle\caches\7.5\executionHistory)" [_thread_blocked, id=5236, stack(0x0000009461c00000,0x0000009461d00000)]

Other Threads:
  0x000001b958f2db00 VMThread "VM Thread" [stack: 0x000000945e900000,0x000000945ea00000] [id=12672]
  0x000001b9598d2960 WatcherThread [stack: 0x000000945f500000,0x000000945f600000] [id=10632]
  0x000001b93926d050 GCTaskThread "GC Thread#0" [stack: 0x000000945e400000,0x000000945e500000] [id=12504]
  0x000001b95ad6d770 GCTaskThread "GC Thread#1" [stack: 0x000000945f800000,0x000000945f900000] [id=3088]
  0x000001b95ad6da20 GCTaskThread "GC Thread#2" [stack: 0x000000945f900000,0x000000945fa00000] [id=12340]
  0x000001b959faf070 GCTaskThread "GC Thread#3" [stack: 0x000000945fa00000,0x000000945fb00000] [id=13940]
  0x000001b95a033a50 GCTaskThread "GC Thread#4" [stack: 0x000000945fb00000,0x000000945fc00000] [id=16280]
  0x000001b95c559f00 GCTaskThread "GC Thread#5" [stack: 0x0000009460600000,0x0000009460700000] [id=7476]
  0x000001b95aea54d0 GCTaskThread "GC Thread#6" [stack: 0x0000009460700000,0x0000009460800000] [id=14788]
  0x000001b95aea5780 GCTaskThread "GC Thread#7" [stack: 0x0000009460800000,0x0000009460900000] [id=10560]
  0x000001b939276f90 ConcurrentGCThread "G1 Main Marker" [stack: 0x000000945e500000,0x000000945e600000] [id=16740]
  0x000001b9392789b0 ConcurrentGCThread "G1 Conc#0" [stack: 0x000000945e600000,0x000000945e700000] [id=4256]
  0x000001b959bcef20 ConcurrentGCThread "G1 Conc#1" [stack: 0x000000945f600000,0x000000945f700000] [id=3612]
  0x000001b9392af7b0 ConcurrentGCThread "G1 Refine#0" [stack: 0x000000945e700000,0x000000945e800000] [id=6404]
  0x000001b9392afc80 ConcurrentGCThread "G1 Service" [stack: 0x000000945e800000,0x000000945e900000] [id=17236]

Threads with active compile tasks:
C2 CompilerThread0     6050 3637       4       groovyjarjarantlr4.v4.runtime.atn.ParserATNSimulator::closure (784 bytes)
C2 CompilerThread1     6050 3494       4       jdk.internal.loader.BuiltinClassLoader::loadClass (22 bytes)
C2 CompilerThread2     6050 3675       4       groovyjarjarantlr4.v4.runtime.atn.PredictionContext::join (569 bytes)

VM state: not at safepoint (normal execution)

VM Mutex/Monitor currently owned by a thread: None

Heap address: 0x00000006e0000000, size: 4608 MB, Compressed Oops mode: Zero based, Oop shift amount: 3

CDS archive(s) not mapped
Compressed class space mapped at: 0x0000000800000000-0x0000000840000000, reserved size: 1073741824
Narrow klass base: 0x0000000800000000, Narrow klass shift: 0, Narrow klass range: 0x40000000

GC Precious Log:
 CPUs: 8 total, 8 available
 Memory: 7992M
 Large Page Support: Disabled
 NUMA Support: Disabled
 Compressed Oops: Enabled (Zero based)
 Heap Region Size: 4M
 Heap Min Capacity: 8M
 Heap Initial Capacity: 128M
 Heap Max Capacity: 4608M
 Pre-touch: Disabled
 Parallel Workers: 8
 Concurrent Workers: 2
 Concurrent Refinement Workers: 8
 Periodic GC: Disabled

Heap:
 garbage-first heap   total 135168K, used 80250K [0x00000006e0000000, 0x0000000800000000)
  region size 4096K, 9 young (36864K), 1 survivors (4096K)
 Metaspace       used 40816K, committed 41216K, reserved 1089536K
  class space    used 5627K, committed 5824K, reserved 1048576K

Heap Regions: E=young(eden), S=young(survivor), O=old, HS=humongous(starts), HC=humongous(continues), CS=collection set, F=free, OA=open archive, CA=closed archive, TAMS=top-at-mark-start (previous, next)
|   0|0x00000006e0000000, 0x00000006e0400000, 0x00000006e0400000|100%| O|  |TAMS 0x00000006e0400000, 0x00000006e0000000| Untracked 
|   1|0x00000006e0400000, 0x00000006e0800000, 0x00000006e0800000|100%|HS|  |TAMS 0x00000006e0800000, 0x00000006e0400000| Complete 
|   2|0x00000006e0800000, 0x00000006e0c00000, 0x00000006e0c00000|100%| O|  |TAMS 0x00000006e0c00000, 0x00000006e0800000| Untracked 
|   3|0x00000006e0c00000, 0x00000006e1000000, 0x00000006e1000000|100%| O|  |TAMS 0x00000006e1000000, 0x00000006e0c00000| Untracked 
|   4|0x00000006e1000000, 0x00000006e1364e00, 0x00000006e1400000| 84%| O|  |TAMS 0x00000006e1364e00, 0x00000006e1000000| Untracked 
|   5|0x00000006e1400000, 0x00000006e1800000, 0x00000006e1800000|100%|HS|  |TAMS 0x00000006e1800000, 0x00000006e1400000| Complete 
|   6|0x00000006e1800000, 0x00000006e1c00000, 0x00000006e1c00000|100%|HS|  |TAMS 0x00000006e1c00000, 0x00000006e1800000| Complete 
|   7|0x00000006e1c00000, 0x00000006e1c00000, 0x00000006e2000000|  0%| F|  |TAMS 0x00000006e1c00000, 0x00000006e1c00000| Untracked 
|   8|0x00000006e2000000, 0x00000006e2000000, 0x00000006e2400000|  0%| F|  |TAMS 0x00000006e2000000, 0x00000006e2000000| Untracked 
|   9|0x00000006e2400000, 0x00000006e2400000, 0x00000006e2800000|  0%| F|  |TAMS 0x00000006e2400000, 0x00000006e2400000| Untracked 
|  10|0x00000006e2800000, 0x00000006e2c00000, 0x00000006e2c00000|100%|HS|  |TAMS 0x00000006e2c00000, 0x00000006e2800000| Complete 
|  11|0x00000006e2c00000, 0x00000006e3000000, 0x00000006e3000000|100%|HC|  |TAMS 0x00000006e3000000, 0x00000006e2c00000| Complete 
|  12|0x00000006e3000000, 0x00000006e3400000, 0x00000006e3400000|100%|HC|  |TAMS 0x00000006e3400000, 0x00000006e3000000| Complete 
|  13|0x00000006e3400000, 0x00000006e3800000, 0x00000006e3800000|100%| O|  |TAMS 0x00000006e3800000, 0x00000006e3400000| Untracked 
|  14|0x00000006e3800000, 0x00000006e3c00000, 0x00000006e3c00000|100%| O|  |TAMS 0x00000006e3c00000, 0x00000006e3800000| Untracked 
|  15|0x00000006e3c00000, 0x00000006e3c00000, 0x00000006e4000000|  0%| F|  |TAMS 0x00000006e3c00000, 0x00000006e3c00000| Untracked 
|  16|0x00000006e4000000, 0x00000006e4000000, 0x00000006e4400000|  0%| F|  |TAMS 0x00000006e4000000, 0x00000006e4000000| Untracked 
|  17|0x00000006e4400000, 0x00000006e46f9d78, 0x00000006e4800000| 74%| S|CS|TAMS 0x00000006e4400000, 0x00000006e4400000| Complete 
|  18|0x00000006e4800000, 0x00000006e4800000, 0x00000006e4c00000|  0%| F|  |TAMS 0x00000006e4800000, 0x00000006e4800000| Untracked 
|  19|0x00000006e4c00000, 0x00000006e4c00000, 0x00000006e5000000|  0%| F|  |TAMS 0x00000006e4c00000, 0x00000006e4c00000| Untracked 
|  20|0x00000006e5000000, 0x00000006e5000000, 0x00000006e5400000|  0%| F|  |TAMS 0x00000006e5000000, 0x00000006e5000000| Untracked 
|  21|0x00000006e5400000, 0x00000006e5400000, 0x00000006e5800000|  0%| F|  |TAMS 0x00000006e5400000, 0x00000006e5400000| Untracked 
|  22|0x00000006e5800000, 0x00000006e5800000, 0x00000006e5c00000|  0%| F|  |TAMS 0x00000006e5800000, 0x00000006e5800000| Untracked 
|  23|0x00000006e5c00000, 0x00000006e5c00000, 0x00000006e6000000|  0%| F|  |TAMS 0x00000006e5c00000, 0x00000006e5c00000| Untracked 
|  24|0x00000006e6000000, 0x00000006e6000000, 0x00000006e6400000|  0%| F|  |TAMS 0x00000006e6000000, 0x00000006e6000000| Untracked 
|  25|0x00000006e6400000, 0x00000006e6400800, 0x00000006e6800000|  0%| E|  |TAMS 0x00000006e6400000, 0x00000006e6400000| Complete 
|  26|0x00000006e6800000, 0x00000006e6c00000, 0x00000006e6c00000|100%| E|CS|TAMS 0x00000006e6800000, 0x00000006e6800000| Complete 
|  27|0x00000006e6c00000, 0x00000006e7000000, 0x00000006e7000000|100%| E|CS|TAMS 0x00000006e6c00000, 0x00000006e6c00000| Complete 
|  28|0x00000006e7000000, 0x00000006e7400000, 0x00000006e7400000|100%| E|CS|TAMS 0x00000006e7000000, 0x00000006e7000000| Complete 
|  29|0x00000006e7400000, 0x00000006e7800000, 0x00000006e7800000|100%| E|CS|TAMS 0x00000006e7400000, 0x00000006e7400000| Complete 
|  30|0x00000006e7800000, 0x00000006e7c00000, 0x00000006e7c00000|100%| E|CS|TAMS 0x00000006e7800000, 0x00000006e7800000| Complete 
|  31|0x00000006e7c00000, 0x00000006e8000000, 0x00000006e8000000|100%| E|CS|TAMS 0x00000006e7c00000, 0x00000006e7c00000| Complete 
|  32|0x00000006e8000000, 0x00000006e8400000, 0x00000006e8400000|100%| E|CS|TAMS 0x00000006e8000000, 0x00000006e8000000| Complete 

Card table byte_map: [0x000001b94c2f0000,0x000001b94cbf0000] _byte_map_base: 0x000001b948bf0000

Marking Bits (Prev, Next): (CMBitMap*) 0x000001b93926d6a0, (CMBitMap*) 0x000001b93926d660
 Prev Bits: [0x000001b951cf0000, 0x000001b9564f0000)
 Next Bits: [0x000001b94d4f0000, 0x000001b951cf0000)

Polling page: 0x000001b937150000

Metaspace:

Usage:
  Non-class:     34.37 MB used.
      Class:      5.50 MB used.
       Both:     39.87 MB used.

Virtual space:
  Non-class space:       40.00 MB reserved,      34.56 MB ( 86%) committed,  5 nodes.
      Class space:        1.00 GB reserved,       5.69 MB ( <1%) committed,  1 nodes.
             Both:        1.04 GB reserved,      40.25 MB (  4%) committed. 

Chunk freelists:
   Non-Class:  1.42 MB
       Class:  2.33 MB
        Both:  3.75 MB

MaxMetaspaceSize: unlimited
CompressedClassSpaceSize: 1.00 GB
Initial GC threshold: 21.00 MB
Current GC threshold: 62.12 MB
CDS: off
MetaspaceReclaimPolicy: balanced
 - commit_granule_bytes: 65536.
 - commit_granule_words: 8192.
 - virtual_space_node_default_size: 1048576.
 - enlarge_chunks_in_place: 1.
 - new_chunks_are_fully_committed: 0.
 - uncommit_free_chunks: 1.
 - use_allocation_guard: 0.
 - handle_deallocations: 1.


Internal statistics:

num_allocs_failed_limit: 3.
num_arena_births: 348.
num_arena_deaths: 0.
num_vsnodes_births: 6.
num_vsnodes_deaths: 0.
num_space_committed: 644.
num_space_uncommitted: 0.
num_chunks_returned_to_freelist: 3.
num_chunks_taken_from_freelist: 1546.
num_chunk_merges: 3.
num_chunk_splits: 1025.
num_chunks_enlarged: 716.
num_purges: 0.
num_inconsistent_stats: 0.

CodeHeap 'non-profiled nmethods': size=120000Kb used=2366Kb max_used=2366Kb free=117634Kb
 bounds [0x000001b944190000, 0x000001b944400000, 0x000001b94b6c0000]
CodeHeap 'profiled nmethods': size=120000Kb used=7481Kb max_used=7481Kb free=112519Kb
 bounds [0x000001b93c6c0000, 0x000001b93ce10000, 0x000001b943bf0000]
CodeHeap 'non-nmethods': size=5760Kb used=1592Kb max_used=1658Kb free=4167Kb
 bounds [0x000001b943bf0000, 0x000001b943e60000, 0x000001b944190000]
 total_blobs=4378 nmethods=3718 adapters=572
 compilation: enabled
              stopped_count=0, restarted_count=0
 full_count=0

Compilation events (20 events):
Event: 6.005 Thread 0x000001b9598724d0 nmethod 3720 0x000001b93ce08510 code [0x000001b93ce086a0, 0x000001b93ce08818]
Event: 6.005 Thread 0x000001b9598724d0 3717       1       groovyjarjarantlr4.v4.runtime.BufferedTokenStream::index (5 bytes)
Event: 6.005 Thread 0x000001b9598724d0 nmethod 3717 0x000001b9443d5390 code [0x000001b9443d5520, 0x000001b9443d55f8]
Event: 6.005 Thread 0x000001b9598724d0 3722       2       groovyjarjarantlr4.v4.runtime.atn.ArrayPredictionContext::equals (244 bytes)
Event: 6.006 Thread 0x000001b9598724d0 nmethod 3722 0x000001b93ce08890 code [0x000001b93ce08b60, 0x000001b93ce09818]
Event: 6.006 Thread 0x000001b9598724d0 3723       2       groovyjarjarantlr4.v4.runtime.atn.ParserATNSimulator::isAcceptState (45 bytes)
Event: 6.006 Thread 0x000001b9598724d0 nmethod 3723 0x000001b93ce09e10 code [0x000001b93ce09fc0, 0x000001b93ce0a218]
Event: 6.006 Thread 0x000001b9598724d0 3724       1       groovyjarjarantlr4.v4.runtime.atn.ATNConfigSet::getConflictInfo (5 bytes)
Event: 6.007 Thread 0x000001b9598724d0 nmethod 3724 0x000001b9443d5690 code [0x000001b9443d5820, 0x000001b9443d58f8]
Event: 6.007 Thread 0x000001b9598724d0 3726       2       groovyjarjarantlr4.v4.runtime.atn.ArrayPredictionContext::equals (47 bytes)
Event: 6.007 Thread 0x000001b9598724d0 nmethod 3726 0x000001b93ce0a390 code [0x000001b93ce0a560, 0x000001b93ce0a938]
Event: 6.007 Thread 0x000001b9598724d0 3727       2       groovyjarjarantlr4.v4.runtime.dfa.DFAState::getTarget (12 bytes)
Event: 6.007 Thread 0x000001b9598724d0 nmethod 3727 0x000001b93ce0aa90 code [0x000001b93ce0ac40, 0x000001b93ce0ada8]
Event: 6.019 Thread 0x000001b9598724d0 3728       2       java.util.ArrayList::spliterator (12 bytes)
Event: 6.020 Thread 0x000001b9598724d0 nmethod 3728 0x000001b93ce0ae90 code [0x000001b93ce0b020, 0x000001b93ce0b1d8]
Event: 6.020 Thread 0x000001b9598724d0 3729       2       java.util.ArrayList$ArrayListSpliterator::<init> (26 bytes)
Event: 6.020 Thread 0x000001b9598724d0 nmethod 3729 0x000001b93ce0b290 code [0x000001b93ce0b420, 0x000001b93ce0b578]
Event: 6.020 Thread 0x000001b95a115d10 nmethod 3491 0x000001b9443d5990 code [0x000001b9443d5ec0, 0x000001b9443db7d8]
Event: 6.021 Thread 0x000001b95a115d10 3725       4       java.util.HashMap::getNode (150 bytes)
Event: 6.022 Thread 0x000001b9598724d0 3731       2       java.util.stream.ReduceOps$ReduceOp::<init> (10 bytes)

GC Heap History (20 events):
Event: 0.641 GC heap before
{Heap before GC invocations=0 (full 0):
 garbage-first heap   total 131072K, used 28672K [0x00000006e0000000, 0x0000000800000000)
  region size 4096K, 5 young (20480K), 0 survivors (0K)
 Metaspace       used 9810K, committed 9920K, reserved 1064960K
  class space    used 984K, committed 1024K, reserved 1048576K
}
Event: 0.646 GC heap after
{Heap after GC invocations=1 (full 0):
 garbage-first heap   total 131072K, used 9946K [0x00000006e0000000, 0x0000000800000000)
  region size 4096K, 1 young (4096K), 1 survivors (4096K)
 Metaspace       used 9810K, committed 9920K, reserved 1064960K
  class space    used 984K, committed 1024K, reserved 1048576K
}
Event: 0.959 GC heap before
{Heap before GC invocations=1 (full 0):
 garbage-first heap   total 131072K, used 26330K [0x00000006e0000000, 0x0000000800000000)
  region size 4096K, 5 young (20480K), 1 survivors (4096K)
 Metaspace       used 11161K, committed 11328K, reserved 1064960K
  class space    used 1165K, committed 1280K, reserved 1048576K
}
Event: 0.962 GC heap after
{Heap after GC invocations=2 (full 0):
 garbage-first heap   total 131072K, used 10538K [0x00000006e0000000, 0x0000000800000000)
  region size 4096K, 1 young (4096K), 1 survivors (4096K)
 Metaspace       used 11161K, committed 11328K, reserved 1064960K
  class space    used 1165K, committed 1280K, reserved 1048576K
}
Event: 2.008 GC heap before
{Heap before GC invocations=2 (full 0):
 garbage-first heap   total 131072K, used 59690K [0x00000006e0000000, 0x0000000800000000)
  region size 4096K, 13 young (53248K), 1 survivors (4096K)
 Metaspace       used 19669K, committed 19968K, reserved 1073152K
  class space    used 2356K, committed 2496K, reserved 1048576K
}
Event: 2.015 GC heap after
{Heap after GC invocations=3 (full 0):
 garbage-first heap   total 131072K, used 17857K [0x00000006e0000000, 0x0000000800000000)
  region size 4096K, 2 young (8192K), 2 survivors (8192K)
 Metaspace       used 19669K, committed 19968K, reserved 1073152K
  class space    used 2356K, committed 2496K, reserved 1048576K
}
Event: 2.154 GC heap before
{Heap before GC invocations=3 (full 0):
 garbage-first heap   total 131072K, used 21953K [0x00000006e0000000, 0x0000000800000000)
  region size 4096K, 4 young (16384K), 2 survivors (8192K)
 Metaspace       used 21290K, committed 21504K, reserved 1073152K
  class space    used 2583K, committed 2688K, reserved 1048576K
}
Event: 2.159 GC heap after
{Heap after GC invocations=4 (full 0):
 garbage-first heap   total 131072K, used 18661K [0x00000006e0000000, 0x0000000800000000)
  region size 4096K, 1 young (4096K), 1 survivors (4096K)
 Metaspace       used 21290K, committed 21504K, reserved 1073152K
  class space    used 2583K, committed 2688K, reserved 1048576K
}
Event: 4.805 GC heap before
{Heap before GC invocations=5 (full 0):
 garbage-first heap   total 98304K, used 67813K [0x00000006e0000000, 0x0000000800000000)
  region size 4096K, 14 young (57344K), 1 survivors (4096K)
 Metaspace       used 28932K, committed 29312K, reserved 1081344K
  class space    used 3919K, committed 4096K, reserved 1048576K
}
Event: 4.809 GC heap after
{Heap after GC invocations=6 (full 0):
 garbage-first heap   total 98304K, used 27929K [0x00000006e0000000, 0x0000000800000000)
  region size 4096K, 2 young (8192K), 2 survivors (8192K)
 Metaspace       used 28932K, committed 29312K, reserved 1081344K
  class space    used 3919K, committed 4096K, reserved 1048576K
}
Event: 4.893 GC heap before
{Heap before GC invocations=6 (full 0):
 garbage-first heap   total 98304K, used 44313K [0x00000006e0000000, 0x0000000800000000)
  region size 4096K, 3 young (12288K), 2 survivors (8192K)
 Metaspace       used 29095K, committed 29440K, reserved 1081344K
  class space    used 3947K, committed 4096K, reserved 1048576K
}
Event: 4.897 GC heap after
{Heap after GC invocations=7 (full 0):
 garbage-first heap   total 98304K, used 48347K [0x00000006e0000000, 0x0000000800000000)
  region size 4096K, 1 young (4096K), 1 survivors (4096K)
 Metaspace       used 29095K, committed 29440K, reserved 1081344K
  class space    used 3947K, committed 4096K, reserved 1048576K
}
Event: 5.124 GC heap before
{Heap before GC invocations=7 (full 0):
 garbage-first heap   total 98304K, used 64731K [0x00000006e0000000, 0x0000000800000000)
  region size 4096K, 5 young (20480K), 1 survivors (4096K)
 Metaspace       used 31193K, committed 31488K, reserved 1081344K
  class space    used 4281K, committed 4416K, reserved 1048576K
}
Event: 5.126 GC heap after
{Heap after GC invocations=8 (full 0):
 garbage-first heap   total 98304K, used 49945K [0x00000006e0000000, 0x0000000800000000)
  region size 4096K, 1 young (4096K), 1 survivors (4096K)
 Metaspace       used 31193K, committed 31488K, reserved 1081344K
  class space    used 4281K, committed 4416K, reserved 1048576K
}
Event: 5.364 GC heap before
{Heap before GC invocations=9 (full 0):
 garbage-first heap   total 98304K, used 66329K [0x00000006e0000000, 0x0000000800000000)
  region size 4096K, 5 young (20480K), 1 survivors (4096K)
 Metaspace       used 33459K, committed 33792K, reserved 1081344K
  class space    used 4663K, committed 4800K, reserved 1048576K
}
Event: 5.366 GC heap after
{Heap after GC invocations=10 (full 0):
 garbage-first heap   total 98304K, used 50722K [0x00000006e0000000, 0x0000000800000000)
  region size 4096K, 1 young (4096K), 1 survivors (4096K)
 Metaspace       used 33459K, committed 33792K, reserved 1081344K
  class space    used 4663K, committed 4800K, reserved 1048576K
}
Event: 5.426 GC heap before
{Heap before GC invocations=10 (full 0):
 garbage-first heap   total 98304K, used 54818K [0x00000006e0000000, 0x0000000800000000)
  region size 4096K, 2 young (8192K), 1 survivors (4096K)
 Metaspace       used 34087K, committed 34496K, reserved 1081344K
  class space    used 4762K, committed 4928K, reserved 1048576K
}
Event: 5.430 GC heap after
{Heap after GC invocations=11 (full 0):
 garbage-first heap   total 98304K, used 49637K [0x00000006e0000000, 0x0000000800000000)
  region size 4096K, 1 young (4096K), 1 survivors (4096K)
 Metaspace       used 34087K, committed 34496K, reserved 1081344K
  class space    used 4762K, committed 4928K, reserved 1048576K
}
Event: 5.734 GC heap before
{Heap before GC invocations=11 (full 0):
 garbage-first heap   total 98304K, used 70117K [0x00000006e0000000, 0x0000000800000000)
  region size 4096K, 6 young (24576K), 1 survivors (4096K)
 Metaspace       used 37767K, committed 38144K, reserved 1089536K
  class space    used 5132K, committed 5248K, reserved 1048576K
}
Event: 5.737 GC heap after
{Heap after GC invocations=12 (full 0):
 garbage-first heap   total 135168K, used 51578K [0x00000006e0000000, 0x0000000800000000)
  region size 4096K, 1 young (4096K), 1 survivors (4096K)
 Metaspace       used 37767K, committed 38144K, reserved 1089536K
  class space    used 5132K, committed 5248K, reserved 1048576K
}

Dll operation events (2 events):
Event: 0.006 Loaded shared library C:\Program Files\Android\Android Studio\jbr\bin\java.dll
Event: 0.365 Loaded shared library C:\Program Files\Android\Android Studio\jbr\bin\verify.dll

Deoptimization events (20 events):
Event: 5.972 Thread 0x000001b95ad6cb80 Uncommon trap: trap_request=0xffffff45 fr.pc=0x000001b9443ce80c relative=0x00000000000006ec
Event: 5.972 Thread 0x000001b95ad6cb80 Uncommon trap: reason=unstable_if action=reinterpret pc=0x000001b9443ce80c method=groovyjarjarantlr4.v4.runtime.atn.ParserATNSimulator.getEpsilonTarget(Lgroovyjarjarantlr4/v4/runtime/atn/ATNConfig;Lgroovyjarjarantlr4/v4/runtime/atn/Transition;ZZLgroovyjar
Event: 5.972 Thread 0x000001b95ad6cb80 DEOPT PACKING pc=0x000001b9443ce80c sp=0x00000094602f4f80
Event: 5.972 Thread 0x000001b95ad6cb80 DEOPT UNPACKING pc=0x000001b943c469a3 sp=0x00000094602f4f28 mode 2
Event: 5.980 Thread 0x000001b95ad6cb80 Uncommon trap: trap_request=0xffffff45 fr.pc=0x000001b9443a6504 relative=0x0000000000000264
Event: 5.980 Thread 0x000001b95ad6cb80 Uncommon trap: reason=unstable_if action=reinterpret pc=0x000001b9443a6504 method=java.util.HashMap.getNode(Ljava/lang/Object;)Ljava/util/HashMap$Node; @ 85 c2
Event: 5.980 Thread 0x000001b95ad6cb80 DEOPT PACKING pc=0x000001b9443a6504 sp=0x00000094602f7cb0
Event: 5.980 Thread 0x000001b95ad6cb80 DEOPT UNPACKING pc=0x000001b943c469a3 sp=0x00000094602f7bb0 mode 2
Event: 5.980 Thread 0x000001b95ad6cb80 Uncommon trap: trap_request=0xffffff45 fr.pc=0x000001b9443965f8 relative=0x0000000000000258
Event: 5.980 Thread 0x000001b95ad6cb80 Uncommon trap: reason=unstable_if action=reinterpret pc=0x000001b9443965f8 method=java.util.HashMap.getNode(Ljava/lang/Object;)Ljava/util/HashMap$Node; @ 85 c2
Event: 5.980 Thread 0x000001b95ad6cb80 DEOPT PACKING pc=0x000001b9443965f8 sp=0x00000094602f7c20
Event: 5.980 Thread 0x000001b95ad6cb80 DEOPT UNPACKING pc=0x000001b943c469a3 sp=0x00000094602f7ba0 mode 2
Event: 5.980 Thread 0x000001b95ad6cb80 Uncommon trap: trap_request=0xffffff45 fr.pc=0x000001b944355814 relative=0x00000000000007b4
Event: 5.980 Thread 0x000001b95ad6cb80 Uncommon trap: reason=unstable_if action=reinterpret pc=0x000001b944355814 method=java.util.HashMap.putVal(ILjava/lang/Object;Ljava/lang/Object;ZZ)Ljava/lang/Object; @ 109 c2
Event: 5.980 Thread 0x000001b95ad6cb80 DEOPT PACKING pc=0x000001b944355814 sp=0x00000094602f7c70
Event: 5.980 Thread 0x000001b95ad6cb80 DEOPT UNPACKING pc=0x000001b943c469a3 sp=0x00000094602f7b88 mode 2
Event: 5.980 Thread 0x000001b95ad6cb80 Uncommon trap: trap_request=0xffffff45 fr.pc=0x000001b94434d4f8 relative=0x0000000000000718
Event: 5.980 Thread 0x000001b95ad6cb80 Uncommon trap: reason=unstable_if action=reinterpret pc=0x000001b94434d4f8 method=java.util.HashMap.putVal(ILjava/lang/Object;Ljava/lang/Object;ZZ)Ljava/lang/Object; @ 109 c2
Event: 5.980 Thread 0x000001b95ad6cb80 DEOPT PACKING pc=0x000001b94434d4f8 sp=0x00000094602f7bc0
Event: 5.980 Thread 0x000001b95ad6cb80 DEOPT UNPACKING pc=0x000001b943c469a3 sp=0x00000094602f7b78 mode 2

Classes unloaded (0 events):
No events

Classes redefined (0 events):
No events

Internal exceptions (20 events):
Event: 4.931 Thread 0x000001b95ad6cb80 Exception <a 'java/lang/NoSuchMethodError'{0x00000006e7eec190}: static Lorg/gradle/tooling/internal/consumer/versioning/VersionDetails$R51VersionDetails;.<clinit>()V> (0x00000006e7eec190) 
thrown [s\src\hotspot\share\prims\jni.cpp, line 1108]
Event: 4.954 Thread 0x000001b95ad6cb80 Exception <a 'java/lang/NoSuchMethodError'{0x00000006e7fe8540}: 'java.lang.Object java.lang.invoke.DirectMethodHandle$Holder.newInvokeSpecial(java.lang.Object, java.lang.Object, int)'> (0x00000006e7fe8540) 
thrown [s\src\hotspot\share\interpreter\linkResolver.cpp, line 771]
Event: 5.100 Thread 0x000001b95ad6cb80 Exception <a 'java/lang/NoSuchMethodError'{0x00000006e4e050a0}: 'java.lang.Object java.lang.invoke.DirectMethodHandle$Holder.invokeSpecialIFC(java.lang.Object, java.lang.Object, java.lang.Object, java.lang.Object)'> (0x00000006e4e050a0) 
thrown [s\src\hotspot\share\interpreter\linkResolver.cpp, line 771]
Event: 5.194 Thread 0x000001b95ad6cb80 Implicit null exception at 0x000001b9441e5414 to 0x000001b9441e5888
Event: 5.235 Thread 0x000001b95ad6cb80 Exception <a 'java/lang/NoSuchMethodError'{0x00000006e75f8178}: 'java.lang.Object java.lang.invoke.DirectMethodHandle$Holder.invokeSpecial(java.lang.Object, java.lang.Object, java.lang.Object, java.lang.Object, java.lang.Object, java.lang.Object, java.lang.Object, java.lang.Object, java.lang.Object, java.lang.Object, java.lang.Object, java.lang.Object, java.lang.Object)'> (0x00000006e75f8178) 
thrown [s\src\hotspot\share\interpreter\linkResolver.cpp, line 771]
Event: 5.236 Thread 0x000001b95ad6cb80 Exception <a 'java/lang/NoSuchMethodError'{0x00000006e7609c48}: 'java.lang.Object java.lang.invoke.DirectMethodHandle$Holder.newInvokeSpecial(java.lang.Object, java.lang.Object, java.lang.Object, java.lang.Object, java.lang.Object, java.lang.Object, java.lang.Object, java.lang.Object, java.lang.Object, java.lang.Object, java.lang.Object)'> (0x00000006e7609c48) 
thrown [s\src\hotspot\share\interpreter\linkResolver.cpp, line 771]
Event: 5.236 Thread 0x000001b95ad6cb80 Exception <a 'java/lang/NoSuchMethodError'{0x00000006e760fb20}: 'java.lang.Object java.lang.invoke.DirectMethodHandle$Holder.invokeSpecial(java.lang.Object, java.lang.Object, java.lang.Object, java.lang.Object, java.lang.Object, java.lang.Object, java.lang.Object, java.lang.Object, java.lang.Object, java.lang.Object, java.lang.Object, java.lang.Object)'> (0x00000006e760fb20) 
thrown [s\src\hotspot\share\interpreter\linkResolver.cpp, line 771]
Event: 5.236 Thread 0x000001b95ad6cb80 Exception <a 'java/lang/NoSuchMethodError'{0x00000006e76154f0}: 'java.lang.Object java.lang.invoke.Invokers$Holder.linkToTargetMethod(java.lang.Object, java.lang.Object, java.lang.Object, java.lang.Object, java.lang.Object, java.lang.Object, java.lang.Object, java.lang.Object, java.lang.Object, java.lang.Object, java.lang.Object)'> (0x00000006e76154f0) 
thrown [s\src\hotspot\share\interpreter\linkResolver.cpp, line 771]
Event: 5.239 Thread 0x000001b95ad6cb80 Exception <a 'java/lang/NoSuchMethodError'{0x00000006e765dd90}: 'java.lang.Object java.lang.invoke.DirectMethodHandle$Holder.invokeSpecial(java.lang.Object, java.lang.Object, java.lang.Object, java.lang.Object, java.lang.Object, java.lang.Object, java.lang.Object, java.lang.Object, java.lang.Object, java.lang.Object, java.lang.Object, java.lang.Object, java.lang.Object, java.lang.Object)'> (0x00000006e765dd90) 
thrown [s\src\hotspot\share\interpreter\linkResolver.cpp, line 771]
Event: 5.240 Thread 0x000001b95ad6cb80 Exception <a 'java/lang/NoSuchMethodError'{0x00000006e7670408}: 'java.lang.Object java.lang.invoke.DirectMethodHandle$Holder.newInvokeSpecial(java.lang.Object, java.lang.Object, java.lang.Object, java.lang.Object, java.lang.Object, java.lang.Object, java.lang.Object, java.lang.Object, java.lang.Object, java.lang.Object, java.lang.Object, java.lang.Object)'> (0x00000006e7670408) 
thrown [s\src\hotspot\share\interpreter\linkResolver.cpp, line 771]
Event: 5.240 Thread 0x000001b95ad6cb80 Exception <a 'java/lang/NoSuchMethodError'{0x00000006e7675da0}: 'java.lang.Object java.lang.invoke.Invokers$Holder.linkToTargetMethod(java.lang.Object, java.lang.Object, java.lang.Object, java.lang.Object, java.lang.Object, java.lang.Object, java.lang.Object, java.lang.Object, java.lang.Object, java.lang.Object, java.lang.Object, java.lang.Object)'> (0x00000006e7675da0) 
thrown [s\src\hotspot\share\interpreter\linkResolver.cpp, line 771]
Event: 5.249 Thread 0x000001b95ad6cb80 Exception <a 'java/lang/NoSuchMethodError'{0x00000006e7709c70}: 'java.lang.Object java.lang.invoke.DirectMethodHandle$Holder.invokeStaticInit(java.lang.Object, java.lang.Object, java.lang.Object, java.lang.Object)'> (0x00000006e7709c70) 
thrown [s\src\hotspot\share\interpreter\linkResolver.cpp, line 771]
Event: 5.324 Thread 0x000001b95ad6cb80 Exception <a 'java/lang/NoSuchMethodError'{0x00000006e507d518}: 'java.lang.Object java.lang.invoke.DirectMethodHandle$Holder.newInvokeSpecial(java.lang.Object, java.lang.Object, java.lang.Object, java.lang.Object, java.lang.Object, java.lang.Object, java.lang.Object, java.lang.Object)'> (0x00000006e507d518) 
thrown [s\src\hotspot\share\interpreter\linkResolver.cpp, line 771]
Event: 5.324 Thread 0x000001b95ad6cb80 Exception <a 'java/lang/NoSuchMethodError'{0x00000006e50837f8}: 'java.lang.Object java.lang.invoke.Invokers$Holder.linkToTargetMethod(java.lang.Object, java.lang.Object, java.lang.Object, java.lang.Object, java.lang.Object, java.lang.Object, java.lang.Object, java.lang.Object)'> (0x00000006e50837f8) 
thrown [s\src\hotspot\share\interpreter\linkResolver.cpp, line 771]
Event: 5.330 Thread 0x000001b95ad6cb80 Exception <a 'java/lang/IncompatibleClassChangeError'{0x00000006e50f60d0}: Found class java.lang.Object, but interface was expected> (0x00000006e50f60d0) 
thrown [s\src\hotspot\share\interpreter\linkResolver.cpp, line 838]
Event: 5.575 Thread 0x000001b95ad6cb80 Exception <a 'java/lang/NoSuchMethodError'{0x00000006e570dc18}: 'void java.lang.invoke.DirectMethodHandle$Holder.invokeStaticInit(java.lang.Object, java.lang.Object, java.lang.Object)'> (0x00000006e570dc18) 
thrown [s\src\hotspot\share\interpreter\linkResolver.cpp, line 771]
Event: 5.576 Thread 0x000001b95ad6cb80 Exception <a 'java/lang/NoSuchMethodError'{0x00000006e57153c0}: 'void java.lang.invoke.DirectMethodHandle$Holder.invokeStaticInit(java.lang.Object, java.lang.Object, java.lang.Object, java.lang.Object)'> (0x00000006e57153c0) 
thrown [s\src\hotspot\share\interpreter\linkResolver.cpp, line 771]
Event: 5.578 Thread 0x000001b95ad6cb80 Exception <a 'java/lang/NoSuchMethodError'{0x00000006e57379f8}: 'void java.lang.invoke.DirectMethodHandle$Holder.invokeStaticInit(java.lang.Object, java.lang.Object, java.lang.Object, java.lang.Object, java.lang.Object)'> (0x00000006e57379f8) 
thrown [s\src\hotspot\share\interpreter\linkResolver.cpp, line 771]
Event: 5.783 Thread 0x000001b95ad6cb80 Exception <a 'java/lang/NoSuchMethodError'{0x00000006e797c0b8}: 'void java.lang.invoke.DirectMethodHandle$Holder.invokeVirtual(java.lang.Object, java.lang.Object)'> (0x00000006e797c0b8) 
thrown [s\src\hotspot\share\interpreter\linkResolver.cpp, line 771]
Event: 5.791 Thread 0x000001b95ad6cb80 Exception <a 'java/lang/NoSuchMethodError'{0x00000006e79c6018}: 'void java.lang.invoke.DirectMethodHandle$Holder.invokeStatic(java.lang.Object, java.lang.Object, java.lang.Object, java.lang.Object, java.lang.Object, java.lang.Object)'> (0x00000006e79c6018) 
thrown [s\src\hotspot\share\interpreter\linkResolver.cpp, line 771]

VM Operations (20 events):
Event: 5.645 Executing VM operation: HandshakeAllThreads
Event: 5.645 Executing VM operation: HandshakeAllThreads done
Event: 5.705 Executing VM operation: HandshakeAllThreads
Event: 5.705 Executing VM operation: HandshakeAllThreads done
Event: 5.734 Executing VM operation: G1CollectForAllocation
Event: 5.737 Executing VM operation: G1CollectForAllocation done
Event: 5.753 Executing VM operation: G1Concurrent
Event: 5.755 Executing VM operation: G1Concurrent done
Event: 5.762 Executing VM operation: G1Concurrent
Event: 5.762 Executing VM operation: G1Concurrent done
Event: 5.870 Executing VM operation: HandshakeAllThreads
Event: 5.870 Executing VM operation: HandshakeAllThreads done
Event: 5.946 Executing VM operation: HandshakeAllThreads
Event: 5.946 Executing VM operation: HandshakeAllThreads done
Event: 5.969 Executing VM operation: HandshakeAllThreads
Event: 5.969 Executing VM operation: HandshakeAllThreads done
Event: 5.971 Executing VM operation: HandshakeAllThreads
Event: 5.972 Executing VM operation: HandshakeAllThreads done
Event: 5.976 Executing VM operation: ICBufferFull
Event: 5.976 Executing VM operation: ICBufferFull done

Events (20 events):
Event: 5.855 loading class java/io/InvalidClassException
Event: 5.855 loading class java/io/InvalidClassException done
Event: 5.870 loading class java/util/ArrayList$ListItr
Event: 5.870 loading class java/util/ArrayList$ListItr done
Event: 5.878 loading class java/util/BitSet
Event: 5.878 loading class java/util/BitSet done
Event: 5.882 loading class java/util/concurrent/locks/ReentrantReadWriteLock$FairSync
Event: 5.882 loading class java/util/concurrent/locks/ReentrantReadWriteLock$FairSync done
Event: 5.966 loading class java/util/concurrent/atomic/AtomicIntegerArray
Event: 5.967 loading class java/util/concurrent/atomic/AtomicIntegerArray done
Event: 5.967 loading class java/lang/invoke/VarHandleInts$Array
Event: 5.967 loading class java/lang/invoke/VarHandleInts$Array done
Event: 5.991 loading class java/util/Collections$SingletonMap
Event: 5.991 loading class java/util/Collections$SingletonMap done
Event: 6.017 loading class java/util/stream/ReduceOps$9
Event: 6.017 loading class java/util/stream/ReduceOps$9 done
Event: 6.017 loading class java/util/stream/ReduceOps$CountingSink$OfInt
Event: 6.017 loading class java/util/stream/ReduceOps$CountingSink
Event: 6.017 loading class java/util/stream/ReduceOps$CountingSink done
Event: 6.017 loading class java/util/stream/ReduceOps$CountingSink$OfInt done


Dynamic libraries:
0x00007ff7682c0000 - 0x00007ff7682ca000 	C:\Program Files\Android\Android Studio\jbr\bin\java.exe
0x00007ff9f2cb0000 - 0x00007ff9f2ec4000 	C:\WINDOWS\SYSTEM32\ntdll.dll
0x00007ff9f1900000 - 0x00007ff9f19c2000 	C:\WINDOWS\System32\KERNEL32.DLL
0x00007ff9f0500000 - 0x00007ff9f08a3000 	C:\WINDOWS\System32\KERNELBASE.dll
0x00007ff9f02d0000 - 0x00007ff9f03e1000 	C:\WINDOWS\System32\ucrtbase.dll
0x00007ff9ddda0000 - 0x00007ff9dddb7000 	C:\Program Files\Android\Android Studio\jbr\bin\jli.dll
0x00007ff9e9f00000 - 0x00007ff9e9f1b000 	C:\Program Files\Android\Android Studio\jbr\bin\VCRUNTIME140.dll
0x00007ff9f16b0000 - 0x00007ff9f185a000 	C:\WINDOWS\System32\USER32.dll
0x00007ff9f00b0000 - 0x00007ff9f00d6000 	C:\WINDOWS\System32\win32u.dll
0x00007ff9d5e40000 - 0x00007ff9d60ce000 	C:\WINDOWS\WinSxS\amd64_microsoft.windows.common-controls_6595b64144ccf1df_6.0.22621.1635_none_270f70857386168e\COMCTL32.dll
0x00007ff9f1f40000 - 0x00007ff9f1f69000 	C:\WINDOWS\System32\GDI32.dll
0x00007ff9f1520000 - 0x00007ff9f15c7000 	C:\WINDOWS\System32\msvcrt.dll
0x00007ff9f0970000 - 0x00007ff9f0a89000 	C:\WINDOWS\System32\gdi32full.dll
0x00007ff9f03f0000 - 0x00007ff9f048a000 	C:\WINDOWS\System32\msvcp_win.dll
0x00007ff9f1f00000 - 0x00007ff9f1f31000 	C:\WINDOWS\System32\IMM32.DLL
0x00007ff9ddd70000 - 0x00007ff9ddd7c000 	C:\Program Files\Android\Android Studio\jbr\bin\vcruntime140_1.dll
0x00007ff9c2e40000 - 0x00007ff9c2ecd000 	C:\Program Files\Android\Android Studio\jbr\bin\msvcp140.dll
0x00007ff998100000 - 0x00007ff998d6e000 	C:\Program Files\Android\Android Studio\jbr\bin\server\jvm.dll
0x00007ff9f1090000 - 0x00007ff9f113e000 	C:\WINDOWS\System32\ADVAPI32.dll
0x00007ff9f0fd0000 - 0x00007ff9f1074000 	C:\WINDOWS\System32\sechost.dll
0x00007ff9f1dd0000 - 0x00007ff9f1ee7000 	C:\WINDOWS\System32\RPCRT4.dll
0x00007ff9ec190000 - 0x00007ff9ec199000 	C:\WINDOWS\SYSTEM32\WSOCK32.dll
0x00007ff9e91b0000 - 0x00007ff9e91e4000 	C:\WINDOWS\SYSTEM32\WINMM.dll
0x00007ff9e3840000 - 0x00007ff9e384a000 	C:\WINDOWS\SYSTEM32\VERSION.dll
0x00007ff9f15d0000 - 0x00007ff9f1641000 	C:\WINDOWS\System32\WS2_32.dll
0x00007ff9ef150000 - 0x00007ff9ef168000 	C:\WINDOWS\SYSTEM32\kernel.appcore.dll
0x00007ff9ea9a0000 - 0x00007ff9ea9aa000 	C:\Program Files\Android\Android Studio\jbr\bin\jimage.dll
0x00007ff9dbc50000 - 0x00007ff9dbe7e000 	C:\WINDOWS\SYSTEM32\DBGHELP.DLL
0x00007ff9f1f70000 - 0x00007ff9f22f9000 	C:\WINDOWS\System32\combase.dll
0x00007ff9f2b00000 - 0x00007ff9f2bd7000 	C:\WINDOWS\System32\OLEAUT32.dll
0x00007ff9de6c0000 - 0x00007ff9de6f2000 	C:\WINDOWS\SYSTEM32\dbgcore.DLL
0x00007ff9f0250000 - 0x00007ff9f02ca000 	C:\WINDOWS\System32\bcryptPrimitives.dll
0x00007ff9de0d0000 - 0x00007ff9de0f5000 	C:\Program Files\Android\Android Studio\jbr\bin\java.dll
0x00007ff9ea8e0000 - 0x00007ff9ea8f8000 	C:\Program Files\Android\Android Studio\jbr\bin\zip.dll
0x00007ff9f2300000 - 0x00007ff9f2af9000 	C:\WINDOWS\System32\SHELL32.dll
0x00007ff9ee060000 - 0x00007ff9ee92e000 	C:\WINDOWS\SYSTEM32\windows.storage.dll
0x00007ff9edf20000 - 0x00007ff9ee05e000 	C:\WINDOWS\SYSTEM32\wintypes.dll
0x00007ff9f1c70000 - 0x00007ff9f1d61000 	C:\WINDOWS\System32\SHCORE.dll
0x00007ff9f1650000 - 0x00007ff9f16ae000 	C:\WINDOWS\System32\shlwapi.dll
0x00007ff9effe0000 - 0x00007ff9f0006000 	C:\WINDOWS\SYSTEM32\profapi.dll
0x00007ff9e69d0000 - 0x00007ff9e69e9000 	C:\Program Files\Android\Android Studio\jbr\bin\net.dll
0x00007ff9e8d40000 - 0x00007ff9e8e77000 	C:\WINDOWS\SYSTEM32\WINHTTP.dll
0x00007ff9ef610000 - 0x00007ff9ef679000 	C:\WINDOWS\system32\mswsock.dll
0x00007ff9de110000 - 0x00007ff9de126000 	C:\Program Files\Android\Android Studio\jbr\bin\nio.dll
0x00007ff9ea990000 - 0x00007ff9ea9a0000 	C:\Program Files\Android\Android Studio\jbr\bin\verify.dll
0x00007ff9d3640000 - 0x00007ff9d3667000 	C:\Users\Mehmet emin\.gradle\native\e1d6ef7f7dcc3fd88c89a11ec53ec762bb8ba0a96d01ffa2cd45eb1d1d8dd5c5\windows-amd64\native-platform.dll
0x00007ff9be840000 - 0x00007ff9be984000 	C:\Users\Mehmet emin\.gradle\native\0d407fdbe67a94daf76414ababcb853783967236a71b16ec16e742cd7a986fd3\windows-amd64\native-platform-file-events.dll
0x00007ff9e85e0000 - 0x00007ff9e85e9000 	C:\Program Files\Android\Android Studio\jbr\bin\management.dll
0x00007ff9e84a0000 - 0x00007ff9e84ab000 	C:\Program Files\Android\Android Studio\jbr\bin\management_ext.dll
0x00007ff9f1370000 - 0x00007ff9f1378000 	C:\WINDOWS\System32\PSAPI.DLL
0x00007ff9ef930000 - 0x00007ff9ef94b000 	C:\WINDOWS\SYSTEM32\CRYPTSP.dll
0x00007ff9ef110000 - 0x00007ff9ef145000 	C:\WINDOWS\system32\rsaenh.dll
0x00007ff9ef6b0000 - 0x00007ff9ef6dc000 	C:\WINDOWS\SYSTEM32\USERENV.dll
0x00007ff9efa60000 - 0x00007ff9efa88000 	C:\WINDOWS\SYSTEM32\bcrypt.dll
0x00007ff9ef910000 - 0x00007ff9ef91c000 	C:\WINDOWS\SYSTEM32\CRYPTBASE.dll
0x00007ff9eec00000 - 0x00007ff9eec2d000 	C:\WINDOWS\SYSTEM32\IPHLPAPI.DLL
0x00007ff9f1ef0000 - 0x00007ff9f1ef9000 	C:\WINDOWS\System32\NSI.dll
0x00007ff9e84b0000 - 0x00007ff9e84c9000 	C:\WINDOWS\SYSTEM32\dhcpcsvc6.DLL
0x00007ff9e8c40000 - 0x00007ff9e8c5f000 	C:\WINDOWS\SYSTEM32\dhcpcsvc.DLL
0x00007ff9eec70000 - 0x00007ff9eed63000 	C:\WINDOWS\SYSTEM32\DNSAPI.dll
0x00007ff9a9a10000 - 0x00007ff9a9a18000 	C:\WINDOWS\system32\wshunix.dll

dbghelp: loaded successfully - version: 4.0.5 - missing functions: none
symbol engine: initialized successfully - sym options: 0x614 - pdb path: .;C:\Program Files\Android\Android Studio\jbr\bin;C:\WINDOWS\SYSTEM32;C:\WINDOWS\WinSxS\amd64_microsoft.windows.common-controls_6595b64144ccf1df_6.0.22621.1635_none_270f70857386168e;C:\Program Files\Android\Android Studio\jbr\bin\server;C:\Users\Mehmet emin\.gradle\native\e1d6ef7f7dcc3fd88c89a11ec53ec762bb8ba0a96d01ffa2cd45eb1d1d8dd5c5\windows-amd64;C:\Users\Mehmet emin\.gradle\native\0d407fdbe67a94daf76414ababcb853783967236a71b16ec16e742cd7a986fd3\windows-amd64

VM Arguments:
jvm_args: --add-opens=java.base/java.util=ALL-UNNAMED --add-opens=java.base/java.lang=ALL-UNNAMED --add-opens=java.base/java.lang.invoke=ALL-UNNAMED --add-opens=java.base/java.util=ALL-UNNAMED --add-opens=java.prefs/java.util.prefs=ALL-UNNAMED --add-opens=java.prefs/java.util.prefs=ALL-UNNAMED --add-opens=java.base/java.nio.charset=ALL-UNNAMED --add-opens=java.base/java.net=ALL-UNNAMED --add-opens=java.base/java.util.concurrent.atomic=ALL-UNNAMED -Xmx4608m -Dfile.encoding=UTF-8 -Duser.country=TR -Duser.language=tr -Duser.variant 
java_command: org.gradle.launcher.daemon.bootstrap.GradleDaemon 7.5
java_class_path (initial): C:\Users\Mehmet emin\.gradle\wrapper\dists\gradle-7.5-bin\f1w0cc9nuo0eivz97x2xlu9sv\gradle-7.5\lib\gradle-launcher-7.5.jar
Launcher Type: SUN_STANDARD

[Global flags]
     intx CICompilerCount                          = 4                                         {product} {ergonomic}
     uint ConcGCThreads                            = 2                                         {product} {ergonomic}
     uint G1ConcRefinementThreads                  = 8                                         {product} {ergonomic}
   size_t G1HeapRegionSize                         = 4194304                                   {product} {ergonomic}
    uintx GCDrainStackTargetSize                   = 64                                        {product} {ergonomic}
   size_t InitialHeapSize                          = 134217728                                 {product} {ergonomic}
   size_t MarkStackSize                            = 4194304                                   {product} {ergonomic}
   size_t MaxHeapSize                              = 4831838208                                {product} {command line}
   size_t MaxNewSize                               = 2898264064                                {product} {ergonomic}
   size_t MinHeapDeltaBytes                        = 4194304                                   {product} {ergonomic}
   size_t MinHeapSize                              = 8388608                                   {product} {ergonomic}
    uintx NonNMethodCodeHeapSize                   = 5839372                                {pd product} {ergonomic}
    uintx NonProfiledCodeHeapSize                  = 122909434                              {pd product} {ergonomic}
    uintx ProfiledCodeHeapSize                     = 122909434                              {pd product} {ergonomic}
    uintx ReservedCodeCacheSize                    = 251658240                              {pd product} {ergonomic}
     bool SegmentedCodeCache                       = true                                      {product} {ergonomic}
   size_t SoftMaxHeapSize                          = 4831838208                             {manageable} {ergonomic}
     bool UseCompressedClassPointers               = true                           {product lp64_product} {ergonomic}
     bool UseCompressedOops                        = true                           {product lp64_product} {ergonomic}
     bool UseG1GC                                  = true                                      {product} {ergonomic}
     bool UseLargePagesIndividualAllocation        = false                                  {pd product} {ergonomic}

Logging:
Log output configuration:
 #0: stdout all=warning uptime,level,tags
 #1: stderr all=off uptime,level,tags

Environment Variables:
JAVA_HOME=C:\Program Files\Java\jdk1.8.0_202
PATH=C:\Program Files (x86)\Common Files\Oracle\Java\javapath;C:\Program Files\Common Files\Oracle\Java\javapath;C:\ProgramData\Oracle\Java\javapath;C:\texlive\2000\bin\win32;C:\Windows\system32;C:\Windows;C:\Windows\System32\Wbem;C:\Windows\System32\WindowsPowerShell\v1.0\;C:\Windows\System32\OpenSSH\;C:\Program Files\NVIDIA Corporation\NVIDIA NvDLISR;C:\Program Files (x86)\NVIDIA Corporation\PhysX\Common;C:\Program Files\dotnet\;C:\Program Files\Microsoft SQL Server\130\Tools\Binn\;C:\Program Files\Microsoft SQL Server\Client SDK\ODBC\170\Tools\Binn\;C:\Program Files\Git\cmd;C:\WINDOWS\system32;C:\WINDOWS;C:\WINDOWS\System32\Wbem;C:\WINDOWS\System32\WindowsPowerShell\v1.0\;C:\WINDOWS\System32\OpenSSH\;C:\Program Files\Cloudflare\Cloudflare WARP;C:\Program Files\Java\jdk1.8.0_202\bin;C:\Users\Mehmet emin\AppData\Local\Programs\Python\Python310\Scripts\;C:\Users\Mehmet emin\AppData\Local\Programs\Python\Python310\;C:\Program Files\MySQL\MySQL Shell 8.0\bin\;C:\Users\Mehmet emin\AppData\Local\Microsoft\WindowsApps;C:\Users\Mehmet emin\.dotnet\tools;C:\Users\Mehmet emin\AppData\Local\Programs\Microsoft VS Code\bin;C:\Users\Mehmet emin\AppData\Local\GitHubDesktop\bin;C:\src\flutter\bin;C:\Program Files\Java\jdk1.8.0_202\bin;
USERNAME=Mehmet emin
OS=Windows_NT
PROCESSOR_IDENTIFIER=Intel64 Family 6 Model 158 Stepping 10, GenuineIntel
TMP=C:\Users\MEHMET~1\AppData\Local\Temp
TEMP=C:\Users\MEHMET~1\AppData\Local\Temp


JNI global refs:
JNI global refs: 27, weak refs: 10

JNI global refs memory usage: 843, weak refs: 841


---------------  S Y S T E M  ---------------

OS:
 Windows 11 , 64 bit Build 22621 (10.0.22621.1928)
OS uptime: 1 days 0:16 hours
Hyper-V role detected

CPU: total 8 (initial active 8) (4 cores per cpu, 2 threads per core) family 6 model 158 stepping 10 microcode 0xde, cx8, cmov, fxsr, ht, mmx, 3dnowpref, sse, sse2, sse3, ssse3, sse4.1, sse4.2, popcnt, lzcnt, tsc, tscinvbit, avx, avx2, aes, erms, clmul, bmi1, bmi2, adx, fma, vzeroupper, clflush, clflushopt, hv

Memory: 4k page, system-wide physical 7992M (691M free)
TotalPageFile size 12088M (AvailPageFile size 4M)
current process WorkingSet (physical memory assigned to process): 260M, peak: 260M
current process commit charge ("private bytes"): 318M, peak: 318M

vm_info: OpenJDK 64-Bit Server VM (17.0.6+0-b2043.56-10027231) for windows-amd64 JRE (17.0.6+0-b2043.56-10027231), built on Apr 28 2023 00:43:19 by "androidbuild" with MS VC++ 16.10 / 16.11 (VS2019)

END.
