#
# There is insufficient memory for the Java Runtime Environment to continue.
# Native memory allocation (malloc) failed to allocate 1962240 bytes for Chunk::new
# Possible reasons:
#   The system is out of physical RAM or swap space
#   The process is running with CompressedOops enabled, and the Java Heap may be blocking the growth of the native heap
# Possible solutions:
#   Reduce memory load on the system
#   Increase physical memory or swap space
#   Check if swap backing store is full
#   Decrease Java heap size (-Xmx/-Xms)
#   Decrease number of Java threads
#   Decrease Java thread stack sizes (-Xss)
#   Set larger code cache with -XX:ReservedCodeCacheSize=
#   JVM is running with Zero Based Compressed Oops mode in which the Java heap is
#     placed in the first 32GB address space. The Java Heap base address is the
#     maximum limit for the native heap growth. Please use -XX:HeapBaseMinAddress
#     to set the Java Heap base and to place the Java Heap above 32GB virtual address.
# This output file may be truncated or incomplete.
#
#  Out of Memory Error (arena.cpp:189), pid=9444, tid=9516
#
# JRE version: OpenJDK Runtime Environment (17.0.6) (build 17.0.6+0-b2043.56-10027231)
# Java VM: OpenJDK 64-Bit Server VM (17.0.6+0-b2043.56-10027231, mixed mode, tiered, compressed oops, compressed class ptrs, g1 gc, windows-amd64)
# No core dump will be written. Minidumps are not enabled by default on client versions of Windows
#

---------------  S U M M A R Y ------------

Command Line: --add-opens=java.base/java.util=ALL-UNNAMED --add-opens=java.base/java.lang=ALL-UNNAMED --add-opens=java.base/java.lang.invoke=ALL-UNNAMED --add-opens=java.base/java.util=ALL-UNNAMED --add-opens=java.prefs/java.util.prefs=ALL-UNNAMED --add-opens=java.prefs/java.util.prefs=ALL-UNNAMED --add-opens=java.base/java.nio.charset=ALL-UNNAMED --add-opens=java.base/java.net=ALL-UNNAMED --add-opens=java.base/java.util.concurrent.atomic=ALL-UNNAMED -Xmx4608m -Dfile.encoding=UTF-8 -Duser.country=TR -Duser.language=tr -Duser.variant org.gradle.launcher.daemon.bootstrap.GradleDaemon 7.5

Host: Intel(R) Core(TM) i5-9300H CPU @ 2.40GHz, 8 cores, 7G,  Windows 11 , 64 bit Build 22621 (10.0.22621.1928)
Time: Thu Jul 27 14:42:49 2023 Türkiye Standart Saati elapsed time: 5.875097 seconds (0d 0h 0m 5s)

---------------  T H R E A D  ---------------

Current thread (0x0000025655231a80):  JavaThread "C2 CompilerThread2" daemon [_thread_in_native, id=9516, stack(0x000000ecbfc00000,0x000000ecbfd00000)]


Current CompileTask:
C2:   5875 4589   !   4       java.net.URLClassLoader$1::run (81 bytes)

Stack: [0x000000ecbfc00000,0x000000ecbfd00000]
Native frames: (J=compiled Java code, j=interpreted, Vv=VM code, C=native code)
V  [jvm.dll+0x683c9a]
V  [jvm.dll+0x8427a4]
V  [jvm.dll+0x843f9e]
V  [jvm.dll+0x844603]
V  [jvm.dll+0x249b75]
V  [jvm.dll+0xabcac]
V  [jvm.dll+0xac27c]
V  [jvm.dll+0x368857]
V  [jvm.dll+0x332f31]
V  [jvm.dll+0x3323da]
V  [jvm.dll+0x21c201]
V  [jvm.dll+0x21b621]
V  [jvm.dll+0x1a4fdd]
V  [jvm.dll+0x22b098]
V  [jvm.dll+0x229159]
V  [jvm.dll+0x7f81ec]
V  [jvm.dll+0x7f274a]
V  [jvm.dll+0x682ad5]
C  [ucrtbase.dll+0x29363]
C  [KERNEL32.DLL+0x126ad]
C  [ntdll.dll+0x5aa68]


---------------  P R O C E S S  ---------------

Threads class SMR info:
_java_thread_list=0x000002565331aa40, length=44, elements={
0x0000025631c1d250, 0x000002565195a860, 0x000002565195b410, 0x0000025652427b10,
0x00000256524285d0, 0x0000025652429080, 0x000002565242a040, 0x000002565242afe0,
0x000002565242d8d0, 0x000002565242e8d0, 0x00000256525a5ed0, 0x00000256525a63a0,
0x00000256527d6930, 0x00000256551750d0, 0x0000025655295490, 0x0000025655204dd0,
0x0000025655003c60, 0x0000025653e503f0, 0x0000025654bd9270, 0x0000025654bd7590,
0x0000025654bd9c10, 0x0000025654bda5b0, 0x0000025654bd7a60, 0x0000025654bdaa80,
0x0000025654bd7f30, 0x0000025654bda0e0, 0x0000025655231a80, 0x0000025654bd8400,
0x0000025654bd9740, 0x0000025654bd70c0, 0x0000025654bd88d0, 0x0000025654bd8da0,
0x0000025656fb6720, 0x0000025656fb4f10, 0x0000025656fb6bf0, 0x0000025656fb6250,
0x0000025656fb2890, 0x0000025656fb40a0, 0x0000025656fb4570, 0x0000025656fb53e0,
0x0000025656fb7590, 0x0000025656fb7a60, 0x0000025656fb70c0, 0x0000025656fb4a40
}

Java Threads: ( => current thread )
  0x0000025631c1d250 JavaThread "main" [_thread_blocked, id=7708, stack(0x000000ecbd300000,0x000000ecbd400000)]
  0x000002565195a860 JavaThread "Reference Handler" daemon [_thread_blocked, id=16192, stack(0x000000ecbda00000,0x000000ecbdb00000)]
  0x000002565195b410 JavaThread "Finalizer" daemon [_thread_blocked, id=16112, stack(0x000000ecbdb00000,0x000000ecbdc00000)]
  0x0000025652427b10 JavaThread "Signal Dispatcher" daemon [_thread_blocked, id=16836, stack(0x000000ecbdc00000,0x000000ecbdd00000)]
  0x00000256524285d0 JavaThread "Attach Listener" daemon [_thread_blocked, id=5264, stack(0x000000ecbdd00000,0x000000ecbde00000)]
  0x0000025652429080 JavaThread "Service Thread" daemon [_thread_blocked, id=16292, stack(0x000000ecbde00000,0x000000ecbdf00000)]
  0x000002565242a040 JavaThread "Monitor Deflation Thread" daemon [_thread_blocked, id=12116, stack(0x000000ecbdf00000,0x000000ecbe000000)]
  0x000002565242afe0 JavaThread "C2 CompilerThread0" daemon [_thread_in_native, id=8784, stack(0x000000ecbe000000,0x000000ecbe100000)]
  0x000002565242d8d0 JavaThread "C1 CompilerThread0" daemon [_thread_blocked, id=2016, stack(0x000000ecbe100000,0x000000ecbe200000)]
  0x000002565242e8d0 JavaThread "Sweeper thread" daemon [_thread_blocked, id=9908, stack(0x000000ecbe200000,0x000000ecbe300000)]
  0x00000256525a5ed0 JavaThread "Common-Cleaner" daemon [_thread_blocked, id=9564, stack(0x000000ecbe300000,0x000000ecbe400000)]
  0x00000256525a63a0 JavaThread "Notification Thread" daemon [_thread_blocked, id=8160, stack(0x000000ecbe400000,0x000000ecbe500000)]
  0x00000256527d6930 JavaThread "C2 CompilerThread1" daemon [_thread_in_native, id=9964, stack(0x000000ecbe600000,0x000000ecbe700000)]
  0x00000256551750d0 JavaThread "Daemon health stats" [_thread_blocked, id=14180, stack(0x000000ecbec00000,0x000000ecbed00000)]
  0x0000025655295490 JavaThread "Incoming local TCP Connector on port 62140" [_thread_in_native, id=4388, stack(0x000000ecbe700000,0x000000ecbe800000)]
  0x0000025655204dd0 JavaThread "Daemon periodic checks" [_thread_blocked, id=10308, stack(0x000000ecbed00000,0x000000ecbee00000)]
  0x0000025655003c60 JavaThread "Daemon" [_thread_blocked, id=8560, stack(0x000000ecbee00000,0x000000ecbef00000)]
  0x0000025653e503f0 JavaThread "Handler for socket connection from /127.0.0.1:62140 to /127.0.0.1:62141" [_thread_in_native, id=14540, stack(0x000000ecbef00000,0x000000ecbf000000)]
  0x0000025654bd9270 JavaThread "Cancel handler" [_thread_blocked, id=16084, stack(0x000000ecbf000000,0x000000ecbf100000)]
  0x0000025654bd7590 JavaThread "Daemon worker" [_thread_blocked, id=14940, stack(0x000000ecbf100000,0x000000ecbf200000)]
  0x0000025654bd9c10 JavaThread "Asynchronous log dispatcher for DefaultDaemonConnection: socket connection from /127.0.0.1:62140 to /127.0.0.1:62141" [_thread_blocked, id=10144, stack(0x000000ecbf200000,0x000000ecbf300000)]
  0x0000025654bda5b0 JavaThread "Stdin handler" [_thread_blocked, id=13380, stack(0x000000ecbf300000,0x000000ecbf400000)]
  0x0000025654bd7a60 JavaThread "Daemon client event forwarder" [_thread_blocked, id=8816, stack(0x000000ecbf400000,0x000000ecbf500000)]
  0x0000025654bdaa80 JavaThread "Cache worker for journal cache (C:\Users\Mehmet emin\.gradle\caches\journal-1)" [_thread_blocked, id=7396, stack(0x000000ecbf800000,0x000000ecbf900000)]
  0x0000025654bd7f30 JavaThread "File lock request listener" [_thread_in_native, id=9552, stack(0x000000ecbf900000,0x000000ecbfa00000)]
  0x0000025654bda0e0 JavaThread "Cache worker for file hash cache (C:\Users\Mehmet emin\.gradle\caches\7.5\fileHashes)" [_thread_blocked, id=10204, stack(0x000000ecbfb00000,0x000000ecbfc00000)]
=>0x0000025655231a80 JavaThread "C2 CompilerThread2" daemon [_thread_in_native, id=9516, stack(0x000000ecbfc00000,0x000000ecbfd00000)]
  0x0000025654bd8400 JavaThread "File watcher server" daemon [_thread_in_native, id=7368, stack(0x000000ecbfd00000,0x000000ecbfe00000)]
  0x0000025654bd9740 JavaThread "File watcher consumer" daemon [_thread_blocked, id=11644, stack(0x000000ecbfe00000,0x000000ecbff00000)]
  0x0000025654bd70c0 JavaThread "jar transforms" [_thread_blocked, id=9672, stack(0x000000ecbff00000,0x000000ecc0000000)]
  0x0000025654bd88d0 JavaThread "jar transforms Thread 2" [_thread_blocked, id=9012, stack(0x000000ecc0000000,0x000000ecc0100000)]
  0x0000025654bd8da0 JavaThread "jar transforms Thread 3" [_thread_blocked, id=5372, stack(0x000000ecc0100000,0x000000ecc0200000)]
  0x0000025656fb6720 JavaThread "jar transforms Thread 4" [_thread_blocked, id=13504, stack(0x000000ecc0200000,0x000000ecc0300000)]
  0x0000025656fb4f10 JavaThread "jar transforms Thread 5" [_thread_blocked, id=7948, stack(0x000000ecc0300000,0x000000ecc0400000)]
  0x0000025656fb6bf0 JavaThread "jar transforms Thread 6" [_thread_blocked, id=1992, stack(0x000000ecc0400000,0x000000ecc0500000)]
  0x0000025656fb6250 JavaThread "jar transforms Thread 7" [_thread_blocked, id=11880, stack(0x000000ecc0500000,0x000000ecc0600000)]
  0x0000025656fb2890 JavaThread "jar transforms Thread 8" [_thread_blocked, id=4516, stack(0x000000ecc0600000,0x000000ecc0700000)]
  0x0000025656fb40a0 JavaThread "Cache worker for checksums cache (C:\Users\Mehmet emin\StudioProjects\UrunTakipOtomasyonQR\.gradle\7.5\checksums)" [_thread_blocked, id=11104, stack(0x000000ecc0700000,0x000000ecc0800000)]
  0x0000025656fb4570 JavaThread "Cache worker for cache directory md-rule (C:\Users\Mehmet emin\.gradle\caches\7.5\md-rule)" [_thread_blocked, id=16116, stack(0x000000ecc0800000,0x000000ecc0900000)]
  0x0000025656fb53e0 JavaThread "Cache worker for file content cache (C:\Users\Mehmet emin\.gradle\caches\7.5\fileContent)" [_thread_blocked, id=15956, stack(0x000000ecc0900000,0x000000ecc0a00000)]
  0x0000025656fb7590 JavaThread "Cache worker for file hash cache (C:\Users\Mehmet emin\StudioProjects\UrunTakipOtomasyonQR\.gradle\7.5\fileHashes)" [_thread_blocked, id=16420, stack(0x000000ecc0a00000,0x000000ecc0b00000)]
  0x0000025656fb7a60 JavaThread "Cache worker for cache directory md-supplier (C:\Users\Mehmet emin\.gradle\caches\7.5\md-supplier)" [_thread_blocked, id=3308, stack(0x000000ecc0b00000,0x000000ecc0c00000)]
  0x0000025656fb70c0 JavaThread "Cache worker for execution history cache (C:\Users\Mehmet emin\.gradle\caches\7.5\executionHistory)" [_thread_blocked, id=9648, stack(0x000000ecc0c00000,0x000000ecc0d00000)]
  0x0000025656fb4a40 JavaThread "Cache worker for dependencies-accessors (C:\Users\Mehmet emin\StudioProjects\UrunTakipOtomasyonQR\.gradle\7.5\dependencies-accessors)" [_thread_blocked, id=9680, stack(0x000000ecc0d00000,0x000000ecc0e00000)]

Other Threads:
  0x0000025651910950 VMThread "VM Thread" [stack: 0x000000ecbd900000,0x000000ecbda00000] [id=4736]
  0x0000025631c9ca60 WatcherThread [stack: 0x000000ecbe500000,0x000000ecbe600000] [id=12524]
  0x0000025631c8b650 GCTaskThread "GC Thread#0" [stack: 0x000000ecbd400000,0x000000ecbd500000] [id=17392]
  0x0000025652dd5e60 GCTaskThread "GC Thread#1" [stack: 0x000000ecbe800000,0x000000ecbe900000] [id=11316]
  0x0000025652dd6670 GCTaskThread "GC Thread#2" [stack: 0x000000ecbe900000,0x000000ecbea00000] [id=16852]
  0x0000025652dd6110 GCTaskThread "GC Thread#3" [stack: 0x000000ecbea00000,0x000000ecbeb00000] [id=10848]
  0x0000025652dd5900 GCTaskThread "GC Thread#4" [stack: 0x000000ecbeb00000,0x000000ecbec00000] [id=12100]
  0x0000025652dd5650 GCTaskThread "GC Thread#5" [stack: 0x000000ecbf500000,0x000000ecbf600000] [id=11984]
  0x0000025652dd5bb0 GCTaskThread "GC Thread#6" [stack: 0x000000ecbf600000,0x000000ecbf700000] [id=16048]
  0x0000025654ab9a30 GCTaskThread "GC Thread#7" [stack: 0x000000ecbf700000,0x000000ecbf800000] [id=12876]
  0x0000025631c95590 ConcurrentGCThread "G1 Main Marker" [stack: 0x000000ecbd500000,0x000000ecbd600000] [id=12412]
  0x0000025631c96100 ConcurrentGCThread "G1 Conc#0" [stack: 0x000000ecbd600000,0x000000ecbd700000] [id=4680]
  0x0000025654ab8cc0 ConcurrentGCThread "G1 Conc#1" [stack: 0x000000ecbfa00000,0x000000ecbfb00000] [id=11540]
  0x00000256517d04a0 ConcurrentGCThread "G1 Refine#0" [stack: 0x000000ecbd700000,0x000000ecbd800000] [id=13292]
  0x00000256517d1d70 ConcurrentGCThread "G1 Service" [stack: 0x000000ecbd800000,0x000000ecbd900000] [id=8764]

Threads with active compile tasks:
C2 CompilerThread0     5899 4588       4       java.net.URLClassLoader$1::run (5 bytes)
C2 CompilerThread1     5899 4570   !   4       java.net.URLClassLoader::findClass (47 bytes)
C2 CompilerThread2     5899 4589   !   4       java.net.URLClassLoader$1::run (81 bytes)

VM state: not at safepoint (normal execution)

VM Mutex/Monitor currently owned by a thread:  ([mutex/lock_event])
[0x0000025631c17ec0] Heap_lock - owner thread: 0x0000025654bd7590

Heap address: 0x00000006e0000000, size: 4608 MB, Compressed Oops mode: Zero based, Oop shift amount: 3

CDS archive(s) not mapped
Compressed class space mapped at: 0x0000000800000000-0x0000000840000000, reserved size: 1073741824
Narrow klass base: 0x0000000800000000, Narrow klass shift: 0, Narrow klass range: 0x40000000

GC Precious Log:
 CPUs: 8 total, 8 available
 Memory: 7992M
 Large Page Support: Disabled
 NUMA Support: Disabled
 Compressed Oops: Enabled (Zero based)
 Heap Region Size: 4M
 Heap Min Capacity: 8M
 Heap Initial Capacity: 128M
 Heap Max Capacity: 4608M
 Pre-touch: Disabled
 Parallel Workers: 8
 Concurrent Workers: 2
 Concurrent Refinement Workers: 8
 Periodic GC: Disabled

Heap:
 garbage-first heap   total 122880K, used 71671K [0x00000006e0000000, 0x0000000800000000)
  region size 4096K, 2 young (8192K), 1 survivors (4096K)
 Metaspace       used 50690K, committed 51136K, reserved 1097728K
  class space    used 6737K, committed 6912K, reserved 1048576K

Heap Regions: E=young(eden), S=young(survivor), O=old, HS=humongous(starts), HC=humongous(continues), CS=collection set, F=free, OA=open archive, CA=closed archive, TAMS=top-at-mark-start (previous, next)
|   0|0x00000006e0000000, 0x00000006e0400000, 0x00000006e0400000|100%| O|  |TAMS 0x00000006e0400000, 0x00000006e0400000| Untracked 
|   1|0x00000006e0400000, 0x00000006e0800000, 0x00000006e0800000|100%|HS|  |TAMS 0x00000006e0800000, 0x00000006e0800000| Complete 
|   2|0x00000006e0800000, 0x00000006e0c00000, 0x00000006e0c00000|100%| O|  |TAMS 0x00000006e0c00000, 0x00000006e0c00000| Untracked 
|   3|0x00000006e0c00000, 0x00000006e1000000, 0x00000006e1000000|100%| O|  |TAMS 0x00000006e1000000, 0x00000006e1000000| Untracked 
|   4|0x00000006e1000000, 0x00000006e1400000, 0x00000006e1400000|100%| O|  |TAMS 0x00000006e1400000, 0x00000006e1400000| Untracked 
|   5|0x00000006e1400000, 0x00000006e1800000, 0x00000006e1800000|100%|HS|  |TAMS 0x00000006e1800000, 0x00000006e1800000| Complete 
|   6|0x00000006e1800000, 0x00000006e1c00000, 0x00000006e1c00000|100%|HS|  |TAMS 0x00000006e1c00000, 0x00000006e1c00000| Complete 
|   7|0x00000006e1c00000, 0x00000006e2000000, 0x00000006e2000000|100%| O|  |TAMS 0x00000006e2000000, 0x00000006e2000000| Untracked 
|   8|0x00000006e2000000, 0x00000006e2400000, 0x00000006e2400000|100%| O|  |TAMS 0x00000006e2400000, 0x00000006e2400000| Untracked 
|   9|0x00000006e2400000, 0x00000006e2800000, 0x00000006e2800000|100%| O|  |TAMS 0x00000006e2800000, 0x00000006e2800000| Untracked 
|  10|0x00000006e2800000, 0x00000006e2c00000, 0x00000006e2c00000|100%|HS|  |TAMS 0x00000006e2c00000, 0x00000006e2c00000| Complete 
|  11|0x00000006e2c00000, 0x00000006e3000000, 0x00000006e3000000|100%|HC|  |TAMS 0x00000006e3000000, 0x00000006e3000000| Complete 
|  12|0x00000006e3000000, 0x00000006e3400000, 0x00000006e3400000|100%|HC|  |TAMS 0x00000006e3400000, 0x00000006e3400000| Complete 
|  13|0x00000006e3400000, 0x00000006e3800000, 0x00000006e3800000|100%|HS|  |TAMS 0x00000006e3400000, 0x00000006e3800000| Complete 
|  14|0x00000006e3800000, 0x00000006e3c00000, 0x00000006e3c00000|100%| O|  |TAMS 0x00000006e3954000, 0x00000006e3954000| Untracked 
|  15|0x00000006e3c00000, 0x00000006e4000000, 0x00000006e4000000|100%|HS|  |TAMS 0x00000006e3c00000, 0x00000006e4000000| Complete 
|  16|0x00000006e4000000, 0x00000006e438d200, 0x00000006e4400000| 88%| O|  |TAMS 0x00000006e4000000, 0x00000006e4000000| Untracked 
|  17|0x00000006e4400000, 0x00000006e4400000, 0x00000006e4800000|  0%| F|  |TAMS 0x00000006e4400000, 0x00000006e4400000| Untracked 
|  18|0x00000006e4800000, 0x00000006e4800000, 0x00000006e4c00000|  0%| F|  |TAMS 0x00000006e4800000, 0x00000006e4800000| Untracked 
|  19|0x00000006e4c00000, 0x00000006e4c00000, 0x00000006e5000000|  0%| F|  |TAMS 0x00000006e4c00000, 0x00000006e4c00000| Untracked 
|  20|0x00000006e5000000, 0x00000006e5000000, 0x00000006e5400000|  0%| F|  |TAMS 0x00000006e5000000, 0x00000006e5000000| Untracked 
|  21|0x00000006e5400000, 0x00000006e5400000, 0x00000006e5800000|  0%| F|  |TAMS 0x00000006e5400000, 0x00000006e5400000| Untracked 
|  22|0x00000006e5800000, 0x00000006e5800000, 0x00000006e5c00000|  0%| F|  |TAMS 0x00000006e5800000, 0x00000006e5800000| Untracked 
|  23|0x00000006e5c00000, 0x00000006e5e70a38, 0x00000006e6000000| 60%| S|CS|TAMS 0x00000006e5c00000, 0x00000006e5c00000| Complete 
|  24|0x00000006e6000000, 0x00000006e6000000, 0x00000006e6400000|  0%| F|  |TAMS 0x00000006e6000000, 0x00000006e6000000| Untracked 
|  25|0x00000006e6400000, 0x00000006e6400000, 0x00000006e6800000|  0%| F|  |TAMS 0x00000006e6400000, 0x00000006e6400000| Untracked 
|  26|0x00000006e6800000, 0x00000006e6800000, 0x00000006e6c00000|  0%| F|  |TAMS 0x00000006e6800000, 0x00000006e6800000| Untracked 
|  27|0x00000006e6c00000, 0x00000006e6c00000, 0x00000006e7000000|  0%| F|  |TAMS 0x00000006e6c00000, 0x00000006e6c00000| Untracked 
|  29|0x00000006e7400000, 0x00000006e7400000, 0x00000006e7800000|  0%| F|  |TAMS 0x00000006e7400000, 0x00000006e7400000| Untracked 
|  31|0x00000006e7c00000, 0x00000006e7c75228, 0x00000006e8000000| 11%| E|  |TAMS 0x00000006e7c00000, 0x00000006e7c00000| Complete 

Card table byte_map: [0x0000025644d10000,0x0000025645610000] _byte_map_base: 0x0000025641610000

Marking Bits (Prev, Next): (CMBitMap*) 0x0000025631c8bc60, (CMBitMap*) 0x0000025631c8bca0
 Prev Bits: [0x0000025645f10000, 0x000002564a710000)
 Next Bits: [0x000002564a710000, 0x000002564ef10000)

Polling page: 0x00000256313e0000

Metaspace:

Usage:
  Non-class:     42.92 MB used.
      Class:      6.58 MB used.
       Both:     49.50 MB used.

Virtual space:
  Non-class space:       48.00 MB reserved,      43.19 MB ( 90%) committed,  6 nodes.
      Class space:        1.00 GB reserved,       6.75 MB ( <1%) committed,  1 nodes.
             Both:        1.05 GB reserved,      49.94 MB (  5%) committed. 

Chunk freelists:
   Non-Class:  464.00 KB
       Class:  1.20 MB
        Both:  1.66 MB

MaxMetaspaceSize: unlimited
CompressedClassSpaceSize: 1.00 GB
Initial GC threshold: 21.00 MB
Current GC threshold: 75.31 MB
CDS: off
MetaspaceReclaimPolicy: balanced
 - commit_granule_bytes: 65536.
 - commit_granule_words: 8192.
 - virtual_space_node_default_size: 1048576.
 - enlarge_chunks_in_place: 1.
 - new_chunks_are_fully_committed: 0.
 - uncommit_free_chunks: 1.
 - use_allocation_guard: 0.
 - handle_deallocations: 1.


Internal statistics:

num_allocs_failed_limit: 3.
num_arena_births: 458.
num_arena_deaths: 0.
num_vsnodes_births: 7.
num_vsnodes_deaths: 0.
num_space_committed: 799.
num_space_uncommitted: 0.
num_chunks_returned_to_freelist: 3.
num_chunks_taken_from_freelist: 2080.
num_chunk_merges: 0.
num_chunk_splits: 1329.
num_chunks_enlarged: 898.
num_purges: 0.
num_inconsistent_stats: 0.

CodeHeap 'non-profiled nmethods': size=120000Kb used=1996Kb max_used=3020Kb free=118003Kb
 bounds [0x000002563cbb0000, 0x000002563ceb0000, 0x00000256440e0000]
CodeHeap 'profiled nmethods': size=120000Kb used=7945Kb max_used=9853Kb free=112054Kb
 bounds [0x00000256350e0000, 0x0000025635a80000, 0x000002563c610000]
CodeHeap 'non-nmethods': size=5760Kb used=2310Kb max_used=2378Kb free=3449Kb
 bounds [0x000002563c610000, 0x000002563c880000, 0x000002563cbb0000]
 total_blobs=4762 nmethods=3942 adapters=731
 compilation: enabled
              stopped_count=0, restarted_count=0
 full_count=0

Compilation events (20 events):
Event: 5.828 Thread 0x000002565242d8d0 4654       3       com.google.common.cache.LocalCache::usesWriteQueue (5 bytes)
Event: 5.828 Thread 0x000002565242d8d0 nmethod 4654 0x0000025635201110 code [0x00000256352012a0, 0x0000025635201498]
Event: 5.828 Thread 0x000002565242d8d0 4655       3       sun.misc.Unsafe::compareAndSwapObject (13 bytes)
Event: 5.829 Thread 0x000002565242d8d0 nmethod 4655 0x000002563517eb90 code [0x000002563517ed20, 0x000002563517ee98]
Event: 5.829 Thread 0x000002565242d8d0 4656       3       jdk.internal.reflect.AccessorGenerator::add (5 bytes)
Event: 5.829 Thread 0x000002565242d8d0 nmethod 4656 0x0000025635154910 code [0x0000025635154aa0, 0x0000025635154b98]
Event: 5.829 Thread 0x000002565242d8d0 4657       3       org.gradle.internal.logging.slf4j.OutputEventListenerBackedLogger::debug (7 bytes)
Event: 5.829 Thread 0x000002565242d8d0 nmethod 4657 0x0000025635181f10 code [0x00000256351820a0, 0x00000256351821e8]
Event: 5.829 Thread 0x000002565242d8d0 4658       3       org.gradle.internal.logging.slf4j.BuildOperationAwareLogger::debug (18 bytes)
Event: 5.830 Thread 0x000002565242d8d0 nmethod 4658 0x00000256352b4010 code [0x00000256352b41e0, 0x00000256352b4538]
Event: 5.832 Thread 0x000002565242d8d0 4659       3       java.util.concurrent.ConcurrentHashMap$Traverser::<init> (36 bytes)
Event: 5.832 Thread 0x000002565242d8d0 nmethod 4659 0x000002563523c290 code [0x000002563523c420, 0x000002563523c638]
Event: 5.832 Thread 0x000002565242d8d0 4660       3       java.util.HashSet::remove (20 bytes)
Event: 5.833 Thread 0x000002565242d8d0 nmethod 4660 0x000002563523cc10 code [0x000002563523cdc0, 0x000002563523d008]
Event: 5.847 Thread 0x000002565242d8d0 4662   !   3       jdk.internal.reflect.GeneratedMethodAccessor1::invoke (68 bytes)
Event: 5.847 Thread 0x000002565242d8d0 nmethod 4662 0x0000025635346c90 code [0x0000025635346ec0, 0x00000256353476d8]
Event: 5.853 Thread 0x000002565242d8d0 4663       3       java.util.concurrent.ConcurrentHashMap$BaseIterator::<init> (21 bytes)
Event: 5.853 Thread 0x000002565242d8d0 nmethod 4663 0x0000025635186410 code [0x00000256351865c0, 0x00000256351867b8]
Event: 5.858 Thread 0x000002565242d8d0 4664       3       com.esotericsoftware.kryo.io.Output::require (209 bytes)
Event: 5.859 Thread 0x000002565242d8d0 nmethod 4664 0x0000025635201b90 code [0x0000025635201e60, 0x00000256352028d8]

GC Heap History (20 events):
Event: 2.118 GC heap before
{Heap before GC invocations=3 (full 0):
 garbage-first heap   total 131072K, used 21884K [0x00000006e0000000, 0x0000000800000000)
  region size 4096K, 4 young (16384K), 2 survivors (8192K)
 Metaspace       used 21275K, committed 21504K, reserved 1073152K
  class space    used 2582K, committed 2688K, reserved 1048576K
}
Event: 2.123 GC heap after
{Heap after GC invocations=4 (full 0):
 garbage-first heap   total 131072K, used 18558K [0x00000006e0000000, 0x0000000800000000)
  region size 4096K, 1 young (4096K), 1 survivors (4096K)
 Metaspace       used 21275K, committed 21504K, reserved 1073152K
  class space    used 2582K, committed 2688K, reserved 1048576K
}
Event: 3.019 GC heap before
{Heap before GC invocations=5 (full 0):
 garbage-first heap   total 98304K, used 71806K [0x00000006e0000000, 0x0000000800000000)
  region size 4096K, 14 young (57344K), 1 survivors (4096K)
 Metaspace       used 28865K, committed 29120K, reserved 1081344K
  class space    used 3905K, committed 4032K, reserved 1048576K
}
Event: 3.026 GC heap after
{Heap after GC invocations=6 (full 0):
 garbage-first heap   total 98304K, used 28079K [0x00000006e0000000, 0x0000000800000000)
  region size 4096K, 2 young (8192K), 2 survivors (8192K)
 Metaspace       used 28865K, committed 29120K, reserved 1081344K
  class space    used 3905K, committed 4032K, reserved 1048576K
}
Event: 3.104 GC heap before
{Heap before GC invocations=6 (full 0):
 garbage-first heap   total 98304K, used 44463K [0x00000006e0000000, 0x0000000800000000)
  region size 4096K, 3 young (12288K), 2 survivors (8192K)
 Metaspace       used 29034K, committed 29376K, reserved 1081344K
  class space    used 3934K, committed 4096K, reserved 1048576K
}
Event: 3.110 GC heap after
{Heap after GC invocations=7 (full 0):
 garbage-first heap   total 98304K, used 47176K [0x00000006e0000000, 0x0000000800000000)
  region size 4096K, 1 young (4096K), 1 survivors (4096K)
 Metaspace       used 29034K, committed 29376K, reserved 1081344K
  class space    used 3934K, committed 4096K, reserved 1048576K
}
Event: 3.402 GC heap before
{Heap before GC invocations=7 (full 0):
 garbage-first heap   total 98304K, used 67656K [0x00000006e0000000, 0x0000000800000000)
  region size 4096K, 6 young (24576K), 1 survivors (4096K)
 Metaspace       used 31693K, committed 32064K, reserved 1081344K
  class space    used 4362K, committed 4544K, reserved 1048576K
}
Event: 3.405 GC heap after
{Heap after GC invocations=8 (full 0):
 garbage-first heap   total 98304K, used 49607K [0x00000006e0000000, 0x0000000800000000)
  region size 4096K, 1 young (4096K), 1 survivors (4096K)
 Metaspace       used 31693K, committed 32064K, reserved 1081344K
  class space    used 4362K, committed 4544K, reserved 1048576K
}
Event: 3.647 GC heap before
{Heap before GC invocations=9 (full 0):
 garbage-first heap   total 98304K, used 65991K [0x00000006e0000000, 0x0000000800000000)
  region size 4096K, 5 young (20480K), 1 survivors (4096K)
 Metaspace       used 33929K, committed 34304K, reserved 1081344K
  class space    used 4745K, committed 4928K, reserved 1048576K
}
Event: 3.649 GC heap after
{Heap after GC invocations=10 (full 0):
 garbage-first heap   total 98304K, used 50209K [0x00000006e0000000, 0x0000000800000000)
  region size 4096K, 1 young (4096K), 1 survivors (4096K)
 Metaspace       used 33929K, committed 34304K, reserved 1081344K
  class space    used 4745K, committed 4928K, reserved 1048576K
}
Event: 4.102 GC heap before
{Heap before GC invocations=10 (full 0):
 garbage-first heap   total 98304K, used 70689K [0x00000006e0000000, 0x0000000800000000)
  region size 4096K, 6 young (24576K), 1 survivors (4096K)
 Metaspace       used 39899K, committed 40320K, reserved 1089536K
  class space    used 5405K, committed 5568K, reserved 1048576K
}
Event: 4.106 GC heap after
{Heap after GC invocations=11 (full 0):
 garbage-first heap   total 118784K, used 52842K [0x00000006e0000000, 0x0000000800000000)
  region size 4096K, 1 young (4096K), 1 survivors (4096K)
 Metaspace       used 39899K, committed 40320K, reserved 1089536K
  class space    used 5405K, committed 5568K, reserved 1048576K
}
Event: 4.503 GC heap before
{Heap before GC invocations=12 (full 0):
 garbage-first heap   total 118784K, used 81514K [0x00000006e0000000, 0x0000000800000000)
  region size 4096K, 9 young (36864K), 1 survivors (4096K)
 Metaspace       used 42554K, committed 42944K, reserved 1089536K
  class space    used 5585K, committed 5760K, reserved 1048576K
}
Event: 4.508 GC heap after
{Heap after GC invocations=13 (full 0):
 garbage-first heap   total 118784K, used 55915K [0x00000006e0000000, 0x0000000800000000)
  region size 4096K, 2 young (8192K), 2 survivors (8192K)
 Metaspace       used 42554K, committed 42944K, reserved 1089536K
  class space    used 5585K, committed 5760K, reserved 1048576K
}
Event: 4.613 GC heap before
{Heap before GC invocations=13 (full 0):
 garbage-first heap   total 118784K, used 60011K [0x00000006e0000000, 0x0000000800000000)
  region size 4096K, 3 young (12288K), 2 survivors (8192K)
 Metaspace       used 43222K, committed 43584K, reserved 1089536K
  class space    used 5668K, committed 5824K, reserved 1048576K
}
Event: 4.619 GC heap after
{Heap after GC invocations=14 (full 0):
 garbage-first heap   total 118784K, used 55830K [0x00000006e0000000, 0x0000000800000000)
  region size 4096K, 1 young (4096K), 1 survivors (4096K)
 Metaspace       used 43222K, committed 43584K, reserved 1089536K
  class space    used 5668K, committed 5824K, reserved 1048576K
}
Event: 5.004 GC heap before
{Heap before GC invocations=14 (full 0):
 garbage-first heap   total 118784K, used 76310K [0x00000006e0000000, 0x0000000800000000)
  region size 4096K, 7 young (28672K), 1 survivors (4096K)
 Metaspace       used 45857K, committed 46272K, reserved 1089536K
  class space    used 6087K, committed 6272K, reserved 1048576K
}
Event: 5.007 GC heap after
{Heap after GC invocations=15 (full 0):
 garbage-first heap   total 118784K, used 57153K [0x00000006e0000000, 0x0000000800000000)
  region size 4096K, 1 young (4096K), 1 survivors (4096K)
 Metaspace       used 45857K, committed 46272K, reserved 1089536K
  class space    used 6087K, committed 6272K, reserved 1048576K
}
Event: 5.495 GC heap before
{Heap before GC invocations=16 (full 0):
 garbage-first heap   total 122880K, used 98113K [0x00000006e0000000, 0x0000000800000000)
  region size 4096K, 9 young (36864K), 1 survivors (4096K)
 Metaspace       used 48318K, committed 48768K, reserved 1097728K
  class space    used 6308K, committed 6464K, reserved 1048576K
}
Event: 5.501 GC heap after
{Heap after GC invocations=17 (full 0):
 garbage-first heap   total 122880K, used 69322K [0x00000006e0000000, 0x0000000800000000)
  region size 4096K, 2 young (8192K), 2 survivors (8192K)
 Metaspace       used 48318K, committed 48768K, reserved 1097728K
  class space    used 6308K, committed 6464K, reserved 1048576K
}

Dll operation events (2 events):
Event: 0.007 Loaded shared library C:\Program Files\Android\Android Studio\jbr\bin\java.dll
Event: 0.370 Loaded shared library C:\Program Files\Android\Android Studio\jbr\bin\verify.dll

Deoptimization events (20 events):
Event: 5.731 Thread 0x0000025654bd7590 Uncommon trap: trap_request=0xffffff45 fr.pc=0x000002563ce98354 relative=0x00000000000064d4
Event: 5.731 Thread 0x0000025654bd7590 Uncommon trap: reason=unstable_if action=reinterpret pc=0x000002563ce98354 method=java.lang.String.substring(II)Ljava/lang/String; @ 31 c2
Event: 5.731 Thread 0x0000025654bd7590 DEOPT PACKING pc=0x000002563ce98354 sp=0x000000ecbf1f60b0
Event: 5.731 Thread 0x0000025654bd7590 DEOPT UNPACKING pc=0x000002563c6669a3 sp=0x000000ecbf1f5fa0 mode 2
Event: 5.731 Thread 0x0000025654bd7590 Uncommon trap: trap_request=0xffffff45 fr.pc=0x000002563cbe60d0 relative=0x00000000000004b0
Event: 5.731 Thread 0x0000025654bd7590 Uncommon trap: reason=unstable_if action=reinterpret pc=0x000002563cbe60d0 method=java.lang.String.substring(II)Ljava/lang/String; @ 31 c2
Event: 5.731 Thread 0x0000025654bd7590 DEOPT PACKING pc=0x000002563cbe60d0 sp=0x000000ecbf1f5fc0
Event: 5.731 Thread 0x0000025654bd7590 DEOPT UNPACKING pc=0x000002563c6669a3 sp=0x000000ecbf1f5f90 mode 2
Event: 5.731 Thread 0x0000025654bd7590 Uncommon trap: trap_request=0xffffff45 fr.pc=0x000002563ccac488 relative=0x0000000000000468
Event: 5.731 Thread 0x0000025654bd7590 Uncommon trap: reason=unstable_if action=reinterpret pc=0x000002563ccac488 method=java.lang.String.substring(II)Ljava/lang/String; @ 31 c2
Event: 5.732 Thread 0x0000025654bd7590 DEOPT PACKING pc=0x000002563ccac488 sp=0x000000ecbf1f5fd0
Event: 5.732 Thread 0x0000025654bd7590 DEOPT UNPACKING pc=0x000002563c6669a3 sp=0x000000ecbf1f5f30 mode 2
Event: 5.740 Thread 0x0000025654bd7590 Uncommon trap: trap_request=0xffffff45 fr.pc=0x000002563ce111ec relative=0x00000000000001cc
Event: 5.740 Thread 0x0000025654bd7590 Uncommon trap: reason=unstable_if action=reinterpret pc=0x000002563ce111ec method=java.lang.String.compareTo(Ljava/lang/String;)I @ 22 c2
Event: 5.740 Thread 0x0000025654bd7590 DEOPT PACKING pc=0x000002563ce111ec sp=0x000000ecbf1f5c80
Event: 5.740 Thread 0x0000025654bd7590 DEOPT UNPACKING pc=0x000002563c6669a3 sp=0x000000ecbf1f5b88 mode 2
Event: 5.744 Thread 0x0000025654bd7590 Uncommon trap: trap_request=0xffffff45 fr.pc=0x000002563ccb2f2c relative=0x000000000000020c
Event: 5.744 Thread 0x0000025654bd7590 Uncommon trap: reason=unstable_if action=reinterpret pc=0x000002563ccb2f2c method=java.lang.String.startsWith(Ljava/lang/String;I)Z @ 50 c2
Event: 5.744 Thread 0x0000025654bd7590 DEOPT PACKING pc=0x000002563ccb2f2c sp=0x000000ecbf1f6050
Event: 5.744 Thread 0x0000025654bd7590 DEOPT UNPACKING pc=0x000002563c6669a3 sp=0x000000ecbf1f5f58 mode 2

Classes unloaded (0 events):
No events

Classes redefined (0 events):
No events

Internal exceptions (20 events):
Event: 5.559 Thread 0x0000025654bd7590 Exception <a 'java/lang/ClassNotFoundException'{0x00000006e7419dd8}: java/lang/EnumCustomizer> (0x00000006e7419dd8) 
thrown [s\src\hotspot\share\classfile\systemDictionary.cpp, line 256]
Event: 5.561 Thread 0x0000025654bd7590 Exception <a 'java/lang/ClassNotFoundException'{0x00000006e7434200}: org/gradle/api/initialization/resolve/RepositoriesModeCustomizer> (0x00000006e7434200) 
thrown [s\src\hotspot\share\classfile\systemDictionary.cpp, line 256]
Event: 5.564 Thread 0x0000025654bd7590 Exception <a 'java/lang/ClassNotFoundException'{0x00000006e749abf0}: org/gradle/api/internal/provider/DefaultPropertyBeanInfo> (0x00000006e749abf0) 
thrown [s\src\hotspot\share\classfile\systemDictionary.cpp, line 256]
Event: 5.565 Thread 0x0000025654bd7590 Exception <a 'java/lang/ClassNotFoundException'{0x00000006e74acb50}: org/gradle/api/internal/provider/AbstractPropertyBeanInfo> (0x00000006e74acb50) 
thrown [s\src\hotspot\share\classfile\systemDictionary.cpp, line 256]
Event: 5.565 Thread 0x0000025654bd7590 Exception <a 'java/lang/ClassNotFoundException'{0x00000006e74beb90}: org/gradle/api/internal/provider/AbstractMinimalProviderBeanInfo> (0x00000006e74beb90) 
thrown [s\src\hotspot\share\classfile\systemDictionary.cpp, line 256]
Event: 5.565 Thread 0x0000025654bd7590 Exception <a 'java/lang/ClassNotFoundException'{0x00000006e74d0c00}: org/gradle/api/internal/provider/AbstractMinimalProviderCustomizer> (0x00000006e74d0c00) 
thrown [s\src\hotspot\share\classfile\systemDictionary.cpp, line 256]
Event: 5.566 Thread 0x0000025654bd7590 Exception <a 'java/lang/ClassNotFoundException'{0x00000006e74fc190}: org/gradle/api/internal/provider/AbstractPropertyCustomizer> (0x00000006e74fc190) 
thrown [s\src\hotspot\share\classfile\systemDictionary.cpp, line 256]
Event: 5.567 Thread 0x0000025654bd7590 Exception <a 'java/lang/ClassNotFoundException'{0x00000006e7519fe8}: org/gradle/api/internal/provider/DefaultPropertyCustomizer> (0x00000006e7519fe8) 
thrown [s\src\hotspot\share\classfile\systemDictionary.cpp, line 256]
Event: 5.572 Thread 0x0000025654bd7590 Exception <a 'java/lang/ClassNotFoundException'{0x00000006e7566870}: org/gradle/initialization/DefaultProjectDescriptorBeanInfo> (0x00000006e7566870) 
thrown [s\src\hotspot\share\classfile\systemDictionary.cpp, line 256]
Event: 5.573 Thread 0x0000025654bd7590 Exception <a 'java/lang/ClassNotFoundException'{0x00000006e7576a98}: org/gradle/initialization/DefaultProjectDescriptorCustomizer> (0x00000006e7576a98) 
thrown [s\src\hotspot\share\classfile\systemDictionary.cpp, line 256]
Event: 5.626 Thread 0x0000025654bd7590 Exception <a 'java/lang/ClassNotFoundException'{0x00000006e6c87e98}: org/jetbrains/plugins/gradle/model/web/WebConfigurationBeanInfo> (0x00000006e6c87e98) 
thrown [s\src\hotspot\share\classfile\systemDictionary.cpp, line 256]
Event: 5.627 Thread 0x0000025654bd7590 Exception <a 'java/lang/ClassNotFoundException'{0x00000006e6c90220}: org/jetbrains/plugins/gradle/model/web/WebConfigurationCustomizer> (0x00000006e6c90220) 
thrown [s\src\hotspot\share\classfile\systemDictionary.cpp, line 256]
Event: 5.628 Thread 0x0000025654bd7590 Exception <a 'java/lang/ClassNotFoundException'{0x00000006e6caf9d0}: org/jetbrains/plugins/gradle/model/scala/ScalaModelBeanInfo> (0x00000006e6caf9d0) 
thrown [s\src\hotspot\share\classfile\systemDictionary.cpp, line 256]
Event: 5.628 Thread 0x0000025654bd7590 Exception <a 'java/lang/ClassNotFoundException'{0x00000006e6cb7cd8}: org/jetbrains/plugins/gradle/model/scala/ScalaModelCustomizer> (0x00000006e6cb7cd8) 
thrown [s\src\hotspot\share\classfile\systemDictionary.cpp, line 256]
Event: 5.630 Thread 0x0000025654bd7590 Exception <a 'java/lang/ClassNotFoundException'{0x00000006e6ceace8}: org/jetbrains/plugins/gradle/model/DependencyAccessorsModelBeanInfo> (0x00000006e6ceace8) 
thrown [s\src\hotspot\share\classfile\systemDictionary.cpp, line 256]
Event: 5.631 Thread 0x0000025654bd7590 Exception <a 'java/lang/ClassNotFoundException'{0x00000006e6cf3098}: org/jetbrains/plugins/gradle/model/DependencyAccessorsModelCustomizer> (0x00000006e6cf3098) 
thrown [s\src\hotspot\share\classfile\systemDictionary.cpp, line 256]
Event: 5.732 Thread 0x0000025654bd7590 Exception <a 'java/lang/ClassNotFoundException'{0x00000006e6412a40}: org/gradle/api/internal/project/DefaultProject_DecoratedBeanInfo> (0x00000006e6412a40) 
thrown [s\src\hotspot\share\classfile\systemDictionary.cpp, line 256]
Event: 5.733 Thread 0x0000025654bd7590 Exception <a 'java/lang/ClassNotFoundException'{0x00000006e641f598}: org/gradle/api/internal/project/DefaultProjectBeanInfo> (0x00000006e641f598) 
thrown [s\src\hotspot\share\classfile\systemDictionary.cpp, line 256]
Event: 5.734 Thread 0x0000025654bd7590 Exception <a 'java/lang/ClassNotFoundException'{0x00000006e642c0f8}: org/gradle/api/internal/project/DefaultProjectCustomizer> (0x00000006e642c0f8) 
thrown [s\src\hotspot\share\classfile\systemDictionary.cpp, line 256]
Event: 5.739 Thread 0x0000025654bd7590 Exception <a 'java/lang/ClassNotFoundException'{0x00000006e64d0a60}: org/gradle/api/internal/project/DefaultProject_DecoratedCustomizer> (0x00000006e64d0a60) 
thrown [s\src\hotspot\share\classfile\systemDictionary.cpp, line 256]

VM Operations (20 events):
Event: 5.004 Executing VM operation: G1TryInitiateConcMark
Event: 5.007 Executing VM operation: G1TryInitiateConcMark done
Event: 5.033 Executing VM operation: G1Concurrent
Event: 5.036 Executing VM operation: G1Concurrent done
Event: 5.046 Executing VM operation: G1Concurrent
Event: 5.046 Executing VM operation: G1Concurrent done
Event: 5.100 Executing VM operation: HandshakeAllThreads
Event: 5.100 Executing VM operation: HandshakeAllThreads done
Event: 5.495 Executing VM operation: G1CollectForAllocation
Event: 5.501 Executing VM operation: G1CollectForAllocation done
Event: 5.679 Executing VM operation: HandshakeAllThreads
Event: 5.679 Executing VM operation: HandshakeAllThreads done
Event: 5.731 Executing VM operation: HandshakeAllThreads
Event: 5.732 Executing VM operation: HandshakeAllThreads done
Event: 5.744 Executing VM operation: HandshakeAllThreads
Event: 5.745 Executing VM operation: HandshakeAllThreads done
Event: 5.832 Executing VM operation: HandshakeAllThreads
Event: 5.832 Executing VM operation: HandshakeAllThreads done
Event: 5.832 Executing VM operation: HandshakeAllThreads
Event: 5.832 Executing VM operation: HandshakeAllThreads done

Events (20 events):
Event: 5.838 Thread 0x000002565242e8d0 flushing nmethod 0x00000256357a6490
Event: 5.838 Thread 0x000002565242e8d0 flushing nmethod 0x00000256357a7590
Event: 5.838 Thread 0x000002565242e8d0 flushing nmethod 0x00000256357a8990
Event: 5.838 Thread 0x000002565242e8d0 flushing nmethod 0x00000256357a8f10
Event: 5.838 Thread 0x000002565242e8d0 flushing nmethod 0x00000256357ae190
Event: 5.838 Thread 0x000002565242e8d0 flushing nmethod 0x00000256357c3190
Event: 5.839 Thread 0x000002565242e8d0 flushing nmethod 0x00000256357d0510
Event: 5.839 Thread 0x000002565242e8d0 flushing nmethod 0x00000256357d0910
Event: 5.839 Thread 0x000002565242e8d0 flushing nmethod 0x00000256357d5110
Event: 5.839 Thread 0x000002565242e8d0 flushing nmethod 0x00000256357d5d10
Event: 5.839 Thread 0x000002565242e8d0 flushing nmethod 0x00000256357d6510
Event: 5.839 Thread 0x000002565242e8d0 flushing nmethod 0x00000256357d6f90
Event: 5.839 Thread 0x000002565242e8d0 flushing nmethod 0x00000256357d7c10
Event: 5.839 Thread 0x000002565242e8d0 flushing nmethod 0x00000256357e3190
Event: 5.839 Thread 0x000002565242e8d0 flushing nmethod 0x00000256357f7310
Event: 5.839 Thread 0x000002565242e8d0 flushing nmethod 0x000002563581dc10
Event: 5.839 Thread 0x000002565242e8d0 flushing nmethod 0x0000025635824510
Event: 5.839 Thread 0x000002565242e8d0 flushing nmethod 0x0000025635826890
Event: 5.839 Thread 0x000002565242e8d0 flushing nmethod 0x0000025635827f10
Event: 5.839 Thread 0x000002565242e8d0 flushing nmethod 0x0000025635855c10


Dynamic libraries:
0x00007ff6eb330000 - 0x00007ff6eb33a000 	C:\Program Files\Android\Android Studio\jbr\bin\java.exe
0x00007ff9f2cb0000 - 0x00007ff9f2ec4000 	C:\WINDOWS\SYSTEM32\ntdll.dll
0x00007ff9f1900000 - 0x00007ff9f19c2000 	C:\WINDOWS\System32\KERNEL32.DLL
0x00007ff9f0500000 - 0x00007ff9f08a3000 	C:\WINDOWS\System32\KERNELBASE.dll
0x00007ff9f02d0000 - 0x00007ff9f03e1000 	C:\WINDOWS\System32\ucrtbase.dll
0x00007ff97e6b0000 - 0x00007ff97e6c7000 	C:\Program Files\Android\Android Studio\jbr\bin\jli.dll
0x00007ff9daf20000 - 0x00007ff9daf3b000 	C:\Program Files\Android\Android Studio\jbr\bin\VCRUNTIME140.dll
0x00007ff9f16b0000 - 0x00007ff9f185a000 	C:\WINDOWS\System32\USER32.dll
0x00007ff9d5e40000 - 0x00007ff9d60ce000 	C:\WINDOWS\WinSxS\amd64_microsoft.windows.common-controls_6595b64144ccf1df_6.0.22621.1635_none_270f70857386168e\COMCTL32.dll
0x00007ff9f00b0000 - 0x00007ff9f00d6000 	C:\WINDOWS\System32\win32u.dll
0x00007ff9f1520000 - 0x00007ff9f15c7000 	C:\WINDOWS\System32\msvcrt.dll
0x00007ff9f1f40000 - 0x00007ff9f1f69000 	C:\WINDOWS\System32\GDI32.dll
0x00007ff9f0970000 - 0x00007ff9f0a89000 	C:\WINDOWS\System32\gdi32full.dll
0x00007ff9f03f0000 - 0x00007ff9f048a000 	C:\WINDOWS\System32\msvcp_win.dll
0x00007ff9f1f00000 - 0x00007ff9f1f31000 	C:\WINDOWS\System32\IMM32.DLL
0x00007ff9ec1d0000 - 0x00007ff9ec1dc000 	C:\Program Files\Android\Android Studio\jbr\bin\vcruntime140_1.dll
0x00007ff9c5c10000 - 0x00007ff9c5c9d000 	C:\Program Files\Android\Android Studio\jbr\bin\msvcp140.dll
0x00007ff967300000 - 0x00007ff967f6e000 	C:\Program Files\Android\Android Studio\jbr\bin\server\jvm.dll
0x00007ff9f1090000 - 0x00007ff9f113e000 	C:\WINDOWS\System32\ADVAPI32.dll
0x00007ff9f0fd0000 - 0x00007ff9f1074000 	C:\WINDOWS\System32\sechost.dll
0x00007ff9f1dd0000 - 0x00007ff9f1ee7000 	C:\WINDOWS\System32\RPCRT4.dll
0x00007ff9ddf00000 - 0x00007ff9ddf09000 	C:\WINDOWS\SYSTEM32\WSOCK32.dll
0x00007ff9e91b0000 - 0x00007ff9e91e4000 	C:\WINDOWS\SYSTEM32\WINMM.dll
0x00007ff9e3840000 - 0x00007ff9e384a000 	C:\WINDOWS\SYSTEM32\VERSION.dll
0x00007ff9f15d0000 - 0x00007ff9f1641000 	C:\WINDOWS\System32\WS2_32.dll
0x00007ff9ef150000 - 0x00007ff9ef168000 	C:\WINDOWS\SYSTEM32\kernel.appcore.dll
0x00007ff9ddef0000 - 0x00007ff9ddefa000 	C:\Program Files\Android\Android Studio\jbr\bin\jimage.dll
0x00007ff9dbc50000 - 0x00007ff9dbe7e000 	C:\WINDOWS\SYSTEM32\DBGHELP.DLL
0x00007ff9f1f70000 - 0x00007ff9f22f9000 	C:\WINDOWS\System32\combase.dll
0x00007ff9f2b00000 - 0x00007ff9f2bd7000 	C:\WINDOWS\System32\OLEAUT32.dll
0x00007ff9de6c0000 - 0x00007ff9de6f2000 	C:\WINDOWS\SYSTEM32\dbgcore.DLL
0x00007ff9f0250000 - 0x00007ff9f02ca000 	C:\WINDOWS\System32\bcryptPrimitives.dll
0x00007ff9ddec0000 - 0x00007ff9ddee5000 	C:\Program Files\Android\Android Studio\jbr\bin\java.dll
0x00007ff9ddb60000 - 0x00007ff9ddb78000 	C:\Program Files\Android\Android Studio\jbr\bin\zip.dll
0x00007ff9f2300000 - 0x00007ff9f2af9000 	C:\WINDOWS\System32\SHELL32.dll
0x00007ff9ee060000 - 0x00007ff9ee92e000 	C:\WINDOWS\SYSTEM32\windows.storage.dll
0x00007ff9edf20000 - 0x00007ff9ee05e000 	C:\WINDOWS\SYSTEM32\wintypes.dll
0x00007ff9f1c70000 - 0x00007ff9f1d61000 	C:\WINDOWS\System32\SHCORE.dll
0x00007ff9f1650000 - 0x00007ff9f16ae000 	C:\WINDOWS\System32\shlwapi.dll
0x00007ff9effe0000 - 0x00007ff9f0006000 	C:\WINDOWS\SYSTEM32\profapi.dll
0x00007ff9ddb40000 - 0x00007ff9ddb59000 	C:\Program Files\Android\Android Studio\jbr\bin\net.dll
0x00007ff9e8d40000 - 0x00007ff9e8e77000 	C:\WINDOWS\SYSTEM32\WINHTTP.dll
0x00007ff9ef610000 - 0x00007ff9ef679000 	C:\WINDOWS\system32\mswsock.dll
0x00007ff9dd120000 - 0x00007ff9dd136000 	C:\Program Files\Android\Android Studio\jbr\bin\nio.dll
0x00007ff9dd110000 - 0x00007ff9dd120000 	C:\Program Files\Android\Android Studio\jbr\bin\verify.dll
0x00007ff9dda90000 - 0x00007ff9ddab7000 	C:\Users\Mehmet emin\.gradle\native\e1d6ef7f7dcc3fd88c89a11ec53ec762bb8ba0a96d01ffa2cd45eb1d1d8dd5c5\windows-amd64\native-platform.dll
0x00007ff9be2d0000 - 0x00007ff9be414000 	C:\Users\Mehmet emin\.gradle\native\0d407fdbe67a94daf76414ababcb853783967236a71b16ec16e742cd7a986fd3\windows-amd64\native-platform-file-events.dll
0x00007ff9a4720000 - 0x00007ff9a4729000 	C:\Program Files\Android\Android Studio\jbr\bin\management.dll
0x00007ff98dee0000 - 0x00007ff98deeb000 	C:\Program Files\Android\Android Studio\jbr\bin\management_ext.dll
0x00007ff9f1370000 - 0x00007ff9f1378000 	C:\WINDOWS\System32\PSAPI.DLL
0x00007ff9ef930000 - 0x00007ff9ef94b000 	C:\WINDOWS\SYSTEM32\CRYPTSP.dll
0x00007ff9ef110000 - 0x00007ff9ef145000 	C:\WINDOWS\system32\rsaenh.dll
0x00007ff9ef6b0000 - 0x00007ff9ef6dc000 	C:\WINDOWS\SYSTEM32\USERENV.dll
0x00007ff9efa60000 - 0x00007ff9efa88000 	C:\WINDOWS\SYSTEM32\bcrypt.dll
0x00007ff9ef910000 - 0x00007ff9ef91c000 	C:\WINDOWS\SYSTEM32\CRYPTBASE.dll
0x00007ff9eec00000 - 0x00007ff9eec2d000 	C:\WINDOWS\SYSTEM32\IPHLPAPI.DLL
0x00007ff9f1ef0000 - 0x00007ff9f1ef9000 	C:\WINDOWS\System32\NSI.dll
0x00007ff9e84b0000 - 0x00007ff9e84c9000 	C:\WINDOWS\SYSTEM32\dhcpcsvc6.DLL
0x00007ff9e8c40000 - 0x00007ff9e8c5f000 	C:\WINDOWS\SYSTEM32\dhcpcsvc.DLL
0x00007ff9eec70000 - 0x00007ff9eed63000 	C:\WINDOWS\SYSTEM32\DNSAPI.dll
0x00007ff9d3760000 - 0x00007ff9d3768000 	C:\WINDOWS\system32\wshunix.dll

dbghelp: loaded successfully - version: 4.0.5 - missing functions: none
symbol engine: initialized successfully - sym options: 0x614 - pdb path: .;C:\Program Files\Android\Android Studio\jbr\bin;C:\WINDOWS\SYSTEM32;C:\WINDOWS\WinSxS\amd64_microsoft.windows.common-controls_6595b64144ccf1df_6.0.22621.1635_none_270f70857386168e;C:\Program Files\Android\Android Studio\jbr\bin\server;C:\Users\Mehmet emin\.gradle\native\e1d6ef7f7dcc3fd88c89a11ec53ec762bb8ba0a96d01ffa2cd45eb1d1d8dd5c5\windows-amd64;C:\Users\Mehmet emin\.gradle\native\0d407fdbe67a94daf76414ababcb853783967236a71b16ec16e742cd7a986fd3\windows-amd64

VM Arguments:
jvm_args: --add-opens=java.base/java.util=ALL-UNNAMED --add-opens=java.base/java.lang=ALL-UNNAMED --add-opens=java.base/java.lang.invoke=ALL-UNNAMED --add-opens=java.base/java.util=ALL-UNNAMED --add-opens=java.prefs/java.util.prefs=ALL-UNNAMED --add-opens=java.prefs/java.util.prefs=ALL-UNNAMED --add-opens=java.base/java.nio.charset=ALL-UNNAMED --add-opens=java.base/java.net=ALL-UNNAMED --add-opens=java.base/java.util.concurrent.atomic=ALL-UNNAMED -Xmx4608m -Dfile.encoding=UTF-8 -Duser.country=TR -Duser.language=tr -Duser.variant 
java_command: org.gradle.launcher.daemon.bootstrap.GradleDaemon 7.5
java_class_path (initial): C:\Users\Mehmet emin\.gradle\wrapper\dists\gradle-7.5-bin\f1w0cc9nuo0eivz97x2xlu9sv\gradle-7.5\lib\gradle-launcher-7.5.jar
Launcher Type: SUN_STANDARD

[Global flags]
     intx CICompilerCount                          = 4                                         {product} {ergonomic}
     uint ConcGCThreads                            = 2                                         {product} {ergonomic}
     uint G1ConcRefinementThreads                  = 8                                         {product} {ergonomic}
   size_t G1HeapRegionSize                         = 4194304                                   {product} {ergonomic}
    uintx GCDrainStackTargetSize                   = 64                                        {product} {ergonomic}
   size_t InitialHeapSize                          = 134217728                                 {product} {ergonomic}
   size_t MarkStackSize                            = 4194304                                   {product} {ergonomic}
   size_t MaxHeapSize                              = 4831838208                                {product} {command line}
   size_t MaxNewSize                               = 2898264064                                {product} {ergonomic}
   size_t MinHeapDeltaBytes                        = 4194304                                   {product} {ergonomic}
   size_t MinHeapSize                              = 8388608                                   {product} {ergonomic}
    uintx NonNMethodCodeHeapSize                   = 5839372                                {pd product} {ergonomic}
    uintx NonProfiledCodeHeapSize                  = 122909434                              {pd product} {ergonomic}
    uintx ProfiledCodeHeapSize                     = 122909434                              {pd product} {ergonomic}
    uintx ReservedCodeCacheSize                    = 251658240                              {pd product} {ergonomic}
     bool SegmentedCodeCache                       = true                                      {product} {ergonomic}
   size_t SoftMaxHeapSize                          = 4831838208                             {manageable} {ergonomic}
     bool UseCompressedClassPointers               = true                           {product lp64_product} {ergonomic}
     bool UseCompressedOops                        = true                           {product lp64_product} {ergonomic}
     bool UseG1GC                                  = true                                      {product} {ergonomic}
     bool UseLargePagesIndividualAllocation        = false                                  {pd product} {ergonomic}

Logging:
Log output configuration:
 #0: stdout all=warning uptime,level,tags
 #1: stderr all=off uptime,level,tags

Environment Variables:
JAVA_HOME=C:\Program Files\Java\jdk1.8.0_202
PATH=C:\Program Files (x86)\Common Files\Oracle\Java\javapath;C:\Program Files\Common Files\Oracle\Java\javapath;C:\ProgramData\Oracle\Java\javapath;C:\texlive\2000\bin\win32;C:\Windows\system32;C:\Windows;C:\Windows\System32\Wbem;C:\Windows\System32\WindowsPowerShell\v1.0\;C:\Windows\System32\OpenSSH\;C:\Program Files\NVIDIA Corporation\NVIDIA NvDLISR;C:\Program Files (x86)\NVIDIA Corporation\PhysX\Common;C:\Program Files\dotnet\;C:\Program Files\Microsoft SQL Server\130\Tools\Binn\;C:\Program Files\Microsoft SQL Server\Client SDK\ODBC\170\Tools\Binn\;C:\Program Files\Git\cmd;C:\WINDOWS\system32;C:\WINDOWS;C:\WINDOWS\System32\Wbem;C:\WINDOWS\System32\WindowsPowerShell\v1.0\;C:\WINDOWS\System32\OpenSSH\;C:\Program Files\Cloudflare\Cloudflare WARP;C:\Program Files\Java\jdk1.8.0_202\bin;C:\Users\Mehmet emin\AppData\Local\Programs\Python\Python310\Scripts\;C:\Users\Mehmet emin\AppData\Local\Programs\Python\Python310\;C:\Program Files\MySQL\MySQL Shell 8.0\bin\;C:\Users\Mehmet emin\AppData\Local\Microsoft\WindowsApps;C:\Users\Mehmet emin\.dotnet\tools;C:\Users\Mehmet emin\AppData\Local\Programs\Microsoft VS Code\bin;C:\Users\Mehmet emin\AppData\Local\GitHubDesktop\bin;C:\src\flutter\bin;C:\Program Files\Java\jdk1.8.0_202\bin;
USERNAME=Mehmet emin
OS=Windows_NT
PROCESSOR_IDENTIFIER=Intel64 Family 6 Model 158 Stepping 10, GenuineIntel
TMP=C:\Users\MEHMET~1\AppData\Local\Temp
TEMP=C:\Users\MEHMET~1\AppData\Local\Temp


JNI global refs:
JNI global refs: 25, weak refs: 2

JNI global refs memory usage: 843, weak refs: 841


---------------  S Y S T E M  ---------------

OS:
 Windows 11 , 64 bit Build 22621 (10.0.22621.1928)
OS uptime: 1 days 0:34 hours
Hyper-V role detected

CPU: total 8 (initial active 8) (4 cores per cpu, 2 threads per core) family 6 model 158 stepping 10 microcode 0xde, cx8, cmov, fxsr, ht, mmx, 3dnowpref, sse, sse2, sse3, ssse3, sse4.1, sse4.2, popcnt, lzcnt, tsc, tscinvbit, avx, avx2, aes, erms, clmul, bmi1, bmi2, adx, fma, vzeroupper, clflush, clflushopt, hv

Memory: 4k page, system-wide physical 7992M (457M free)
TotalPageFile size 12088M (AvailPageFile size 5M)
current process WorkingSet (physical memory assigned to process): 305M, peak: 305M
current process commit charge ("private bytes"): 343M, peak: 345M

vm_info: OpenJDK 64-Bit Server VM (17.0.6+0-b2043.56-10027231) for windows-amd64 JRE (17.0.6+0-b2043.56-10027231), built on Apr 28 2023 00:43:19 by "androidbuild" with MS VC++ 16.10 / 16.11 (VS2019)

END.
